Last Complete  |Cut Mode|  Elapsed: 00:01:16  ConsoleMvSpeed 10  FileEndSpeed 10    15:55:56  01-08-2021
 File Completed:Yes Ln:148 Max: 80.00, 150.00, 10.00  Min: 7.50, 4.09,- 20.00  Offset:no  Brks=0  TBCs: 388.024, 229.800, 9.395  Props: 1.000, 1.000, 1.000
Last Complete  |Cut Mode|  Elapsed: 00:01:11  ConsoleMvSpeed 10  FileEndSpeed 10    16:15:05  01-08-2021
 File Completed:Yes Ln:136 Max: 80.00, 150.00, 10.00  Min: 7.50, 5.00,- 20.00  Offset:no  Brks=0  TBCs: 388.024, 229.800, 9.395  Props: 1.000, 1.000, 1.000
Last Not Complete Stopped@Line 22 |Cut Mode|  Elapsed: 00:00:16  ConsoleMvSpeed 10  FileEndSpeed 10    11:31:25  01-13-2021
 File Completed:No  Ln:22 Max: 12.50, 10.91, 0.00  Min: 0.00, 0.00,- 20.00  Offset:no  Brks=1  TBCs: 388.355, 226.625, 10.335  Props: 1.000, 1.000, 1.000
Last Not Complete Stopped@Line 24 |Cut Mode|  Elapsed: 00:00:14  ConsoleMvSpeed 10  FileEndSpeed 10    11:33:18  01-13-2021
 File Completed:No  Ln:24 Max: 12.50, 11.82, 0.00  Min: 0.02, 0.00,- 20.00  Offset:no  Brks=1  TBCs: 388.355, 226.625, 10.335  Props: 1.000, 1.000, 1.000
Last Not Complete Stopped@Line 16 |Cut Mode|  Elapsed: 00:00:10  ConsoleMvSpeed 10  FileEndSpeed 10    11:34:33  01-13-2021
 File Completed:No  Ln:16 Max: 12.50, 5.00, 0.00  Min: 0.00, 0.00,- 20.00  Offset:no  Brks=1  TBCs: 388.355, 226.625, 10.335  Props: 1.000, 1.000, 1.000
Last Complete  |Cut Mode|  Elapsed: 00:01:11  ConsoleMvSpeed 10  FileEndSpeed 10    11:38:34  01-13-2021
 File Completed:Yes Ln:139 Max: 80.00, 150.00, 10.00  Min: 5.00, 5.00,- 20.00  Offset:no  Brks=0  TBCs: 389.637, 227.432, 10.335  Props: 1.000, 1.000, 1.000
Last Not Complete Stopped@Line 1 |Cut Mode|  Elapsed: 00:00:04  ConsoleMvSpeed 10  FileEndSpeed 10    12:47:14  01-13-2021
 File Completed:No  Ln:1 Max: 80.00, 150.00, 10.00  Min: 5.00, 5.00, 10.00  Offset:no  Brks=1  TBCs: 389.567, 229.095, 10.075  Props: 1.000, 1.000, 1.000
Last Complete  |Cut Mode|  Elapsed: 00:01:12  ConsoleMvSpeed 10  FileEndSpeed 10    12:49:00  01-13-2021
 File Completed:Yes Ln:205 Max: 80.00, 150.00, 10.00  Min: 5.00, 5.00,- 20.00  Offset:no  Brks=0  TBCs: 389.364, 229.032, 9.910  Props: 1.000, 1.000, 1.000
Last Complete  |Cut Mode|  Elapsed: 00:01:11  ConsoleMvSpeed 10  FileEndSpeed 10    10:19:45  02-10-2021
 File Completed:Yes Ln:205 Max: 80.00, 150.00, 10.00  Min: 5.00, 5.00,- 20.00  Offset:no  Brks=0  TBCs: 388.761, 227.806, 11.053  Props: 1.000, 1.000, 1.000
Last Not Complete Stopped@Line 51 |Cut Mode|  Elapsed: 00:00:23  ConsoleMvSpeed 10  FileEndSpeed 10    11:02:53  02-10-2021
 File Completed:No  Ln:51 Max: 12.50, 23.64, 0.00  Min: 5.00, 5.00,- 20.00  Offset:no  Brks=1  TBCs: 388.107, 227.806, 11.694  Props: 1.000, 1.000, 1.000
Last Not Complete Stopped@Line 115 |Cut Mode|  Elapsed: 00:00:35  ConsoleMvSpeed 10  FileEndSpeed 10    11:03:37  02-10-2021
 File Completed:No  Ln:115 Max: 12.50, 64.10, 0.00  Min: 5.00, 5.00,- 20.00  Offset:no  Brks=1  TBCs: 388.107, 227.806, 11.694  Props: 1.000, 1.000, 1.000
Last Complete  |Cut Mode|  Elapsed: 00:01:16  ConsoleMvSpeed 10  FileEndSpeed 10    11:05:05  02-10-2021
 File Completed:Yes Ln:205 Max: 80.00, 150.00, 10.00  Min: 5.00, 5.00,- 20.00  Offset:no  Brks=0  TBCs: 388.107, 227.806, 11.694  Props: 1.000, 1.000, 1.000
Last Complete  |Cut Mode|  Elapsed: 00:01:10  ConsoleMvSpeed 10  FileEndSpeed 10    11:15:28  02-10-2021
 File Completed:Yes Ln:205 Max: 80.00, 150.00, 10.00  Min: 5.00, 5.00,- 20.00  Offset:no  Brks=0  TBCs: 388.107, 227.806, 10.697  Props: 1.000, 1.000, 1.000
Last Not Complete Stopped@Line 16 |Cut Mode|  Elapsed: 00:00:07  ConsoleMvSpeed 10  FileEndSpeed 10    13:11:36  02-16-2021
 File Completed:No  Ln:16 Max: 12.50, 5.00, 0.00  Min: 5.00, 5.00,- 20.00  Offset:no  Brks=0  TBCs: 395.968, 228.822, 12.196  Props: 1.000, 1.000, 1.000
Last Complete  |Cut Mode|  Elapsed: 00:01:12  ConsoleMvSpeed 10  FileEndSpeed 10    13:13:05  02-16-2021
 File Completed:Yes Ln:205 Max: 80.00, 150.00, 10.00  Min: 5.00, 5.00,- 20.00  Offset:no  Brks=0  TBCs: 395.968, 228.822, 12.196  Props: 1.000, 1.000, 1.000
Last Complete  |Cut Mode|  Elapsed: 00:01:42  ConsoleMvSpeed 10  FileEndSpeed 5    17:06:19  02-19-2021
 File Completed:Yes Ln:205 Max: 80.00, 150.00, 10.00  Min: 5.00, 5.00,- 20.00  Offset:no  Brks=0  TBCs: 402.280, 228.010, 12.196  Props: 1.000, 1.000, 1.000
Last Complete  |Cut Mode|  Elapsed: 00:01:42  ConsoleMvSpeed 10  FileEndSpeed 5    17:11:08  02-19-2021
 File Completed:Yes Ln:205 Max: 80.00, 150.00, 10.00  Min: 5.00, 5.00,- 20.00  Offset:no  Brks=0  TBCs: 403.722, 228.010, 12.196  Props: 1.000, 1.000, 1.000
Last Complete  |Cut Mode|  Elapsed: 00:01:42  ConsoleMvSpeed 10  FileEndSpeed 5    17:59:35  02-22-2021
 File Completed:Yes Ln:205 Max: 80.00, 150.00, 10.00  Min: 5.00, 5.00,- 20.00  Offset:no  Brks=0  TBCs: 402.013, 227.692, 10.196  Props: 1.000, 1.000, 1.000
Last Complete  |Cut Mode|  Elapsed: 00:01:42  ConsoleMvSpeed 10  FileEndSpeed 5    18:18:59  02-22-2021
 File Completed:Yes Ln:205 Max: 80.00, 150.00, 10.00  Min: 5.00, 5.00,- 20.00  Offset:no  Brks=0  TBCs: 403.017, 227.229, 10.196  Props: 1.000, 1.000, 1.000
Last Complete  |Cut Mode|  Elapsed: 00:01:42  ConsoleMvSpeed 10  FileEndSpeed 5    18:24:26  02-22-2021
 File Completed:Yes Ln:205 Max: 80.00, 150.00, 10.00  Min: 5.00, 5.00,- 20.00  Offset:no  Brks=0  TBCs: 403.017, 227.229, 12.196  Props: 1.000, 1.000, 1.000
Last Not Complete Stopped@Line 11 |Cut Mode|  Elapsed: 00:00:12  ConsoleMvSpeed 10  FileEndSpeed 5    15:22:12  01-24-2022
 File Completed:No  Ln:11 Max: 74.75, 139.86, 10.00  Min: 5.00, 5.00, 10.00  Offset:no  Brks=1  TBCs: 411.215, 253.537, -28.762  Props: 1.000, 1.000, 1.000
Last Complete  |Cut Mode|  Elapsed: 00:02:26  ConsoleMvSpeed 10  FileEndSpeed 5    15:25:54  01-24-2022
 File Completed:Yes Ln:205 Max: 80.00, 150.00, 10.00  Min: 5.00, 5.00,- 20.00  Offset:no  Brks=0  TBCs: 411.215, 253.537, -28.762  Props: 1.000, 1.000, 1.000
