Last Not Complete Stopped@Line 1 |Cut Mode|  Elapsed: 00:00:06  ConsoleMvSpeed 10  FileEndSpeed 7.5    10:34:10  08-24-2021
 File Completed:No  Ln:1 Max: 80.00, 150.00, 10.00  Min: 5.00, 5.00, 10.00  Offset:no  Brks=1  TBCs: 422.835, 230.003, -26.088  Props: 1.000, 1.000, 1.000
Last Not Complete Stopped@Line 22 |Cut Mode|  Elapsed: 00:00:16  ConsoleMvSpeed 10  FileEndSpeed 7.5    10:34:49  08-24-2021
 File Completed:No  Ln:22 Max: 20.00, 10.00, 10.00  Min: 5.00, 5.00,- 12.50  Offset:no  Brks=1  TBCs: 422.835, 230.003, -26.088  Props: 1.000, 1.000, 1.000
Last Complete  |Cut Mode|  Elapsed: 00:00:48  ConsoleMvSpeed 10  FileEndSpeed 7.5    10:39:34  08-24-2021
 File Completed:Yes Ln:71 Max: 20.00, 72.50, 10.00  Min: 5.00, 5.00,- 20.00  Offset:no  Brks=0  TBCs: 422.835, 230.003, -26.088  Props: 1.000, 1.000, 1.000
Last Complete  |Cut Mode|  Elapsed: 00:00:47  ConsoleMvSpeed 10  FileEndSpeed 7.5    11:06:03  08-24-2021
 File Completed:Yes Ln:71 Max: 20.00, 72.50, 10.00  Min: 5.00, 5.00,- 20.00  Offset:no  Brks=0  TBCs: 422.835, 230.003, -26.088  Props: 1.000, 1.000, 1.000
Last Complete  |Cut Mode|  Elapsed: 00:00:48  ConsoleMvSpeed 10  FileEndSpeed 7.5    11:30:40  08-24-2021
 File Completed:Yes Ln:71 Max: 20.00, 72.50, 10.00  Min: 5.00, 5.00,- 20.00  Offset:no  Brks=0  TBCs: 422.835, 230.003, -26.088  Props: 1.000, 1.000, 1.000
Last Complete  |Cut Mode|  Elapsed: 00:00:48  ConsoleMvSpeed 10  FileEndSpeed 7.5    11:55:23  08-24-2021
 File Completed:Yes Ln:71 Max: 20.00, 72.50, 10.00  Min: 5.00, 5.00,- 20.00  Offset:no  Brks=0  TBCs: 422.835, 230.003, -26.088  Props: 1.000, 1.000, 1.000
Last Complete  |Cut Mode|  Elapsed: 00:00:48  ConsoleMvSpeed 10  FileEndSpeed 7.5    13:45:59  08-24-2021
 File Completed:Yes Ln:71 Max: 20.00, 72.50, 10.00  Min: 5.00, 5.00,- 20.00  Offset:no  Brks=0  TBCs: 422.835, 230.003, -26.088  Props: 1.000, 1.000, 1.000
Last Complete  |Cut Mode|  Elapsed: 00:00:48  ConsoleMvSpeed 10  FileEndSpeed 7.5    14:36:34  08-24-2021
 File Completed:Yes Ln:71 Max: 20.00, 72.50, 10.00  Min: 5.00, 5.00,- 20.00  Offset:no  Brks=0  TBCs: 424.619, 225.349, -26.088  Props: 1.000, 1.000, 1.000
Last Complete  |Cut Mode|  Elapsed: 00:00:48  ConsoleMvSpeed 10  FileEndSpeed 7.5    15:01:11  08-24-2021
 File Completed:Yes Ln:71 Max: 20.00, 72.50, 10.00  Min: 5.00, 5.00,- 20.00  Offset:no  Brks=0  TBCs: 424.619, 225.349, -26.088  Props: 1.000, 1.000, 1.000
Last Complete  |Cut Mode|  Elapsed: 00:00:48  ConsoleMvSpeed 10  FileEndSpeed 7.5    15:25:33  08-24-2021
 File Completed:Yes Ln:71 Max: 20.00, 72.50, 10.00  Min: 5.00, 5.00,- 20.00  Offset:no  Brks=0  TBCs: 424.619, 225.349, -26.088  Props: 1.000, 1.000, 1.000
Last Complete  |Cut Mode|  Elapsed: 00:00:48  ConsoleMvSpeed 10  FileEndSpeed 7.5    17:37:18  09-21-2021
 File Completed:Yes Ln:71 Max: 20.00, 72.50, 10.00  Min: 5.00, 5.00,- 20.00  Offset:no  Brks=0  TBCs: 423.318, 227.076, -26.088  Props: 1.000, 1.000, 1.000
Last Complete  |Cut Mode|  Elapsed: 00:00:48  ConsoleMvSpeed 10  FileEndSpeed 7.5    10:44:43  09-29-2021
 File Completed:Yes Ln:71 Max: 20.00, 72.50, 10.00  Min: 5.00, 5.00,- 20.00  Offset:no  Brks=0  TBCs: 422.524, 228.505, -25.625  Props: 1.000, 1.000, 1.000
Last Complete  |Cut Mode|  Elapsed: 00:00:48  ConsoleMvSpeed 10  FileEndSpeed 7.5    11:11:05  09-29-2021
 File Completed:Yes Ln:71 Max: 20.00, 72.50, 10.00  Min: 5.00, 5.00,- 20.00  Offset:no  Brks=0  TBCs: 422.524, 228.505, -25.625  Props: 1.000, 1.000, 1.000
Last Complete  |Cut Mode|  Elapsed: 00:00:49  ConsoleMvSpeed 10  FileEndSpeed 7.5    14:40:19  09-29-2021
 File Completed:Yes Ln:95 Max: 20.00, 72.50, 10.00  Min: 5.00, 5.00,- 20.00  Offset:no  Brks=0  TBCs: 422.524, 228.505, -25.625  Props: 1.000, 1.000, 1.000
Last Complete  |Cut Mode|  Elapsed: 00:00:48  ConsoleMvSpeed 10  FileEndSpeed 7.5    15:05:11  09-29-2021
 File Completed:Yes Ln:95 Max: 20.00, 72.50, 10.00  Min: 5.00, 5.00,- 20.00  Offset:no  Brks=0  TBCs: 423.965, 227.711, -25.625  Props: 1.000, 1.000, 1.000
Last Complete  |Cut Mode|  Elapsed: 00:00:48  ConsoleMvSpeed 10  FileEndSpeed 7.5    15:23:01  09-29-2021
 File Completed:Yes Ln:95 Max: 20.00, 72.50, 10.00  Min: 5.00, 5.00,- 20.00  Offset:no  Brks=0  TBCs: 423.965, 227.711, -25.625  Props: 1.000, 1.000, 1.000
Last Complete  |Cut Mode|  Elapsed: 00:00:44  ConsoleMvSpeed 10  FileEndSpeed 7.5    14:08:39  10-05-2021
 File Completed:Yes Ln:95 Max: 20.00, 72.50, 10.00  Min: 5.00, 5.00,- 20.00  Offset:no  Brks=0  TBCs: 423.616, 226.905, -25.625  Props: 1.000, 1.000, 1.000
Last Complete  |Cut Mode|  Elapsed: 00:00:43  ConsoleMvSpeed 10  FileEndSpeed 7.5    14:40:26  10-05-2021
 File Completed:Yes Ln:95 Max: 20.00, 72.50, 10.00  Min: 5.00, 5.00,- 20.00  Offset:no  Brks=0  TBCs: 423.616, 226.905, -25.625  Props: 1.000, 1.000, 1.000
Last Complete  |Cut Mode|  Elapsed: 00:00:43  ConsoleMvSpeed 10  FileEndSpeed 7.5    15:08:53  10-05-2021
 File Completed:Yes Ln:95 Max: 20.00, 72.50, 10.00  Min: 5.00, 5.00,- 20.00  Offset:no  Brks=0  TBCs: 423.616, 226.905, -25.625  Props: 1.000, 1.000, 1.000
Last Not Complete Stopped@Line 1 |Cut Mode|  Elapsed: 00:00:06  ConsoleMvSpeed 10  FileEndSpeed 7.5    15:49:52  10-05-2021
 File Completed:No  Ln:1 Max: 5.00, 5.00, 10.00  Min: 0.00, 0.00, 10.00  Offset:no  Brks=1  TBCs: 423.616, 226.905, -25.625  Props: 1.000, 1.000, 1.000
Last Complete  |Cut Mode|  Elapsed: 00:00:44  ConsoleMvSpeed 10  FileEndSpeed 7.5    15:51:15  10-05-2021
 File Completed:Yes Ln:95 Max: 20.00, 72.50, 10.00  Min: 5.00, 5.00,- 20.00  Offset:no  Brks=0  TBCs: 423.616, 226.905, -25.625  Props: 1.000, 1.000, 1.000
Last Complete  |Cut Mode|  Elapsed: 00:00:44  ConsoleMvSpeed 10  FileEndSpeed 7.5    16:15:16  10-05-2021
 File Completed:Yes Ln:95 Max: 20.00, 72.50, 10.00  Min: 5.00, 5.00,- 20.00  Offset:no  Brks=0  TBCs: 423.616, 226.905, -25.625  Props: 1.000, 1.000, 1.000
