Last Complete  |Cut Mode|  Elapsed: 00:00:54  ConsoleMvSpeed 10  FileEndSpeed 5    09:28:04  05-17-2021
 File Completed:Yes Ln:68 Max: 20.00, 72.50, 0.00  Min: 5.00, 5.00,- 20.00  Offset:no  Brks=0  TBCs: 422.880, 229.972, -23.536  Props: 1.000, 1.000, 1.000
Last Complete  |Cut Mode|  Elapsed: 00:00:54  ConsoleMvSpeed 10  FileEndSpeed 5    09:33:58  05-17-2021
 File Completed:Yes Ln:68 Max: 20.00, 72.50, 10.00  Min: 5.00, 5.00,- 20.00  Offset:no  Brks=0  TBCs: 422.880, 229.972, -23.536  Props: 1.000, 1.000, 1.000
Last Complete  |Cut Mode|  Elapsed: 00:00:58  ConsoleMvSpeed 10  FileEndSpeed 5    09:42:36  05-17-2021
 File Completed:Yes Ln:69 Max: 20.00, 72.50, 10.00  Min: 5.00, 5.00,- 20.00  Offset:no  Brks=0  TBCs: 422.880, 229.972, -23.536  Props: 1.000, 1.000, 1.000
Last Complete  |Cut Mode|  Elapsed: 00:00:58  ConsoleMvSpeed 10  FileEndSpeed 5    10:26:13  05-17-2021
 File Completed:Yes Ln:69 Max: 20.00, 72.50, 10.00  Min: 5.00, 5.00,- 20.00  Offset:no  Brks=0  TBCs: 422.880, 229.972, -23.536  Props: 1.000, 1.000, 1.000
Last Complete  |Cut Mode|  Elapsed: 00:00:58  ConsoleMvSpeed 10  FileEndSpeed 5    10:31:28  05-17-2021
 File Completed:Yes Ln:69 Max: 20.00, 72.50, 10.00  Min: 5.00, 5.00,- 20.00  Offset:no  Brks=0  TBCs: 422.880, 229.972, -23.536  Props: 1.000, 1.000, 1.000
Last Complete  |Cut Mode|  Elapsed: 00:00:58  ConsoleMvSpeed 10  FileEndSpeed 5    10:37:15  05-17-2021
 File Completed:Yes Ln:69 Max: 20.00, 72.50, 10.00  Min: 5.00, 5.00,- 20.00  Offset:no  Brks=0  TBCs: 422.880, 229.972, -23.536  Props: 1.000, 1.000, 1.000
Last Complete  |Cut Mode|  Elapsed: 00:01:00  ConsoleMvSpeed 10  FileEndSpeed 5    10:42:10  05-17-2021
 File Completed:Yes Ln:69 Max: 20.00, 72.50, 10.00  Min: 5.00, 5.00,- 20.00  Offset:no  Brks=0  TBCs: 422.880, 229.972, -23.536  Props: 1.000, 1.000, 1.000
Last Complete  |Cut Mode|  Elapsed: 00:00:58  ConsoleMvSpeed 10  FileEndSpeed 5    11:09:59  05-17-2021
 File Completed:Yes Ln:69 Max: 20.00, 72.50, 10.00  Min: 5.00, 5.00,- 20.00  Offset:no  Brks=0  TBCs: 422.880, 229.972, -23.536  Props: 1.000, 1.000, 1.000
Last Complete  |Cut Mode|  Elapsed: 00:00:58  ConsoleMvSpeed 10  FileEndSpeed 5    11:15:04  05-17-2021
 File Completed:Yes Ln:69 Max: 20.00, 72.50, 10.00  Min: 5.00, 5.00,- 20.00  Offset:no  Brks=0  TBCs: 422.880, 229.972, -23.536  Props: 1.000, 1.000, 1.000
Last Complete  |Cut Mode|  Elapsed: 00:00:58  ConsoleMvSpeed 10  FileEndSpeed 5    11:20:05  05-17-2021
 File Completed:Yes Ln:69 Max: 20.00, 72.50, 10.00  Min: 5.00, 5.00,- 20.00  Offset:no  Brks=0  TBCs: 422.880, 229.972, -23.536  Props: 1.000, 1.000, 1.000
Last Complete  |Cut Mode|  Elapsed: 00:00:58  ConsoleMvSpeed 10  FileEndSpeed 5    11:25:14  05-17-2021
 File Completed:Yes Ln:69 Max: 20.00, 72.50, 10.00  Min: 5.00, 5.00,- 20.00  Offset:no  Brks=0  TBCs: 422.880, 229.972, -23.536  Props: 1.000, 1.000, 1.000
Last Complete  |Cut Mode|  Elapsed: 00:00:58  ConsoleMvSpeed 10  FileEndSpeed 5    11:30:40  05-17-2021
 File Completed:Yes Ln:69 Max: 20.00, 72.50, 10.00  Min: 5.00, 5.00,- 20.00  Offset:no  Brks=0  TBCs: 422.880, 229.972, -23.536  Props: 1.000, 1.000, 1.000
Last Complete  |Cut Mode|  Elapsed: 00:00:58  ConsoleMvSpeed 10  FileEndSpeed 5    11:55:56  05-17-2021
 File Completed:Yes Ln:69 Max: 20.00, 72.50, 10.00  Min: 5.00, 5.00,- 20.00  Offset:no  Brks=0  TBCs: 423.832, 229.972, -23.536  Props: 1.000, 1.000, 1.000
Last Complete  |Cut Mode|  Elapsed: 00:00:58  ConsoleMvSpeed 10  FileEndSpeed 5    12:01:06  05-17-2021
 File Completed:Yes Ln:69 Max: 20.00, 72.50, 10.00  Min: 5.00, 5.00,- 20.00  Offset:no  Brks=0  TBCs: 423.832, 229.972, -23.536  Props: 1.000, 1.000, 1.000
Last Complete  |Cut Mode|  Elapsed: 00:00:59  ConsoleMvSpeed 10  FileEndSpeed 5    12:06:59  05-17-2021
 File Completed:Yes Ln:69 Max: 20.00, 72.50, 10.00  Min: 5.00, 5.00,- 20.00  Offset:no  Brks=0  TBCs: 423.832, 229.972, -23.536  Props: 1.000, 1.000, 1.000
Last Complete  |Cut Mode|  Elapsed: 00:00:58  ConsoleMvSpeed 10  FileEndSpeed 5    12:12:01  05-17-2021
 File Completed:Yes Ln:69 Max: 20.00, 72.50, 10.00  Min: 5.00, 5.00,- 20.00  Offset:no  Brks=0  TBCs: 423.832, 229.972, -23.536  Props: 1.000, 1.000, 1.000
Last Complete  |Cut Mode|  Elapsed: 00:00:58  ConsoleMvSpeed 10  FileEndSpeed 5    12:17:29  05-17-2021
 File Completed:Yes Ln:69 Max: 20.00, 72.50, 10.00  Min: 5.00, 5.00,- 20.00  Offset:no  Brks=0  TBCs: 423.832, 229.972, -23.536  Props: 1.000, 1.000, 1.000
Last Complete  |Cut Mode|  Elapsed: 00:00:58  ConsoleMvSpeed 10  FileEndSpeed 5    12:38:10  05-17-2021
 File Completed:Yes Ln:69 Max: 20.00, 72.50, 10.00  Min: 5.00, 5.00,- 20.00  Offset:no  Brks=0  TBCs: 423.832, 229.972, -23.536  Props: 1.000, 1.000, 1.000
Last Complete  |Cut Mode|  Elapsed: 00:00:58  ConsoleMvSpeed 10  FileEndSpeed 5    12:43:24  05-17-2021
 File Completed:Yes Ln:69 Max: 20.00, 72.50, 10.00  Min: 5.00, 5.00,- 20.00  Offset:no  Brks=0  TBCs: 423.832, 229.972, -23.536  Props: 1.000, 1.000, 1.000
Last Complete  |Cut Mode|  Elapsed: 00:00:58  ConsoleMvSpeed 10  FileEndSpeed 5    12:50:03  05-17-2021
 File Completed:Yes Ln:69 Max: 20.00, 72.50, 10.00  Min: 5.00, 5.00,- 20.00  Offset:no  Brks=0  TBCs: 423.832, 229.972, -23.536  Props: 1.000, 1.000, 1.000
Last Complete  |Cut Mode|  Elapsed: 00:00:58  ConsoleMvSpeed 10  FileEndSpeed 5    12:55:08  05-17-2021
 File Completed:Yes Ln:69 Max: 20.00, 72.50, 10.00  Min: 5.00, 5.00,- 20.00  Offset:no  Brks=0  TBCs: 423.832, 229.972, -23.536  Props: 1.000, 1.000, 1.000
Last Complete  |Cut Mode|  Elapsed: 00:00:58  ConsoleMvSpeed 10  FileEndSpeed 5    13:16:38  05-17-2021
 File Completed:Yes Ln:69 Max: 20.00, 72.50, 10.00  Min: 5.00, 5.00,- 20.00  Offset:no  Brks=0  TBCs: 423.832, 229.972, -23.536  Props: 1.000, 1.000, 1.000
Last Complete  |Cut Mode|  Elapsed: 00:00:58  ConsoleMvSpeed 10  FileEndSpeed 5    13:21:40  05-17-2021
 File Completed:Yes Ln:69 Max: 20.00, 72.50, 10.00  Min: 5.00, 5.00,- 20.00  Offset:no  Brks=0  TBCs: 423.832, 229.972, -23.536  Props: 1.000, 1.000, 1.000
Last Complete  |Cut Mode|  Elapsed: 00:00:58  ConsoleMvSpeed 10  FileEndSpeed 5    13:26:49  05-17-2021
 File Completed:Yes Ln:69 Max: 20.00, 72.50, 10.00  Min: 5.00, 5.00,- 20.00  Offset:no  Brks=0  TBCs: 423.832, 229.972, -23.536  Props: 1.000, 1.000, 1.000
Last Complete  |Cut Mode|  Elapsed: 00:00:57  ConsoleMvSpeed 10  FileEndSpeed 5    09:43:44  05-18-2021
 File Completed:Yes Ln:69 Max: 20.00, 72.50, 10.00  Min: 5.00, 5.00,- 20.00  Offset:no  Brks=0  TBCs: 421.610, 229.019, -23.536  Props: 1.000, 1.000, 1.000
Last Complete  |Cut Mode|  Elapsed: 00:01:10  ConsoleMvSpeed 10  FileEndSpeed 5    09:45:50  05-18-2021
 File Completed:Yes Ln:69 Max: 20.00, 72.50, 10.00  Min: 5.00, 5.00,- 20.00  Offset:no  Brks=0  TBCs: 421.610, 229.019, -23.536  Props: 1.000, 1.000, 1.000
Last Complete  |Cut Mode|  Elapsed: 00:00:58  ConsoleMvSpeed 10  FileEndSpeed 5    09:51:16  05-18-2021
 File Completed:Yes Ln:69 Max: 20.00, 72.50, 10.00  Min: 5.00, 5.00,- 20.00  Offset:no  Brks=0  TBCs: 421.610, 229.019, -23.536  Props: 1.000, 1.000, 1.000
Last Complete  |Cut Mode|  Elapsed: 00:00:58  ConsoleMvSpeed 10  FileEndSpeed 5    10:03:16  05-18-2021
 File Completed:Yes Ln:69 Max: 20.00, 72.50, 10.00  Min: 5.00, 5.00,- 20.00  Offset:no  Brks=0  TBCs: 423.222, 229.019, -23.536  Props: 1.000, 1.000, 1.000
Last Complete  |Cut Mode|  Elapsed: 00:00:58  ConsoleMvSpeed 10  FileEndSpeed 5    10:08:21  05-18-2021
 File Completed:Yes Ln:69 Max: 20.00, 72.50, 10.00  Min: 5.00, 5.00,- 20.00  Offset:no  Brks=0  TBCs: 423.222, 229.019, -23.536  Props: 1.000, 1.000, 1.000
Last Complete  |Cut Mode|  Elapsed: 00:00:59  ConsoleMvSpeed 10  FileEndSpeed 5    10:13:55  05-18-2021
 File Completed:Yes Ln:69 Max: 20.00, 72.50, 10.00  Min: 5.00, 5.00,- 20.00  Offset:no  Brks=0  TBCs: 423.222, 229.019, -23.536  Props: 1.000, 1.000, 1.000
Last Complete  |Cut Mode|  Elapsed: 00:01:00  ConsoleMvSpeed 10  FileEndSpeed 5    10:19:35  05-18-2021
 File Completed:Yes Ln:69 Max: 20.00, 72.50, 10.00  Min: 5.00, 5.00,- 20.00  Offset:no  Brks=0  TBCs: 423.222, 229.019, -23.536  Props: 1.000, 1.000, 1.000
Last Complete  |Cut Mode|  Elapsed: 00:01:00  ConsoleMvSpeed 10  FileEndSpeed 5    10:34:42  05-18-2021
 File Completed:Yes Ln:69 Max: 20.00, 72.50, 10.00  Min: 5.00, 5.00,- 20.00  Offset:no  Brks=0  TBCs: 421.635, 229.019, -23.536  Props: 1.000, 1.000, 1.000
Last Complete  |Cut Mode|  Elapsed: 00:01:02  ConsoleMvSpeed 10  FileEndSpeed 5    10:37:45  05-18-2021
 File Completed:Yes Ln:69 Max: 20.00, 72.50, 10.00  Min: 5.00, 5.00,- 20.00  Offset:no  Brks=0  TBCs: 421.635, 229.019, -23.536  Props: 1.000, 1.000, 1.000
Last Complete  |Cut Mode|  Elapsed: 00:00:58  ConsoleMvSpeed 10  FileEndSpeed 5    10:43:40  05-18-2021
 File Completed:Yes Ln:69 Max: 20.00, 72.50, 10.00  Min: 5.00, 5.00,- 20.00  Offset:no  Brks=0  TBCs: 421.635, 229.019, -23.536  Props: 1.000, 1.000, 1.000
Last Complete  |Cut Mode|  Elapsed: 00:00:58  ConsoleMvSpeed 10  FileEndSpeed 5    10:49:07  05-18-2021
 File Completed:Yes Ln:69 Max: 20.00, 72.50, 10.00  Min: 5.00, 5.00,- 20.00  Offset:no  Brks=0  TBCs: 421.635, 229.019, -23.536  Props: 1.000, 1.000, 1.000
Last Complete  |Cut Mode|  Elapsed: 00:00:59  ConsoleMvSpeed 10  FileEndSpeed 5    10:56:23  05-18-2021
 File Completed:Yes Ln:69 Max: 20.00, 72.50, 10.00  Min: 5.00, 5.00,- 20.00  Offset:no  Brks=0  TBCs: 421.635, 229.019, -23.536  Props: 1.000, 1.000, 1.000
Last Complete  |Cut Mode|  Elapsed: 00:00:59  ConsoleMvSpeed 10  FileEndSpeed 5    11:10:31  05-18-2021
 File Completed:Yes Ln:69 Max: 20.00, 72.50, 10.00  Min: 5.00, 5.00,- 20.00  Offset:no  Brks=0  TBCs: 421.635, 229.019, -23.536  Props: 1.000, 1.000, 1.000
Last Complete  |Cut Mode|  Elapsed: 00:00:58  ConsoleMvSpeed 10  FileEndSpeed 5    11:16:08  05-18-2021
 File Completed:Yes Ln:69 Max: 20.00, 72.50, 10.00  Min: 5.00, 5.00,- 20.00  Offset:no  Brks=0  TBCs: 421.635, 229.019, -23.536  Props: 1.000, 1.000, 1.000
Last Complete  |Cut Mode|  Elapsed: 00:00:58  ConsoleMvSpeed 10  FileEndSpeed 5    11:21:27  05-18-2021
 File Completed:Yes Ln:69 Max: 20.00, 72.50, 10.00  Min: 5.00, 5.00,- 20.00  Offset:no  Brks=0  TBCs: 421.635, 229.019, -23.536  Props: 1.000, 1.000, 1.000
Last Complete  |Cut Mode|  Elapsed: 00:00:59  ConsoleMvSpeed 10  FileEndSpeed 5    11:26:52  05-18-2021
 File Completed:Yes Ln:69 Max: 20.00, 72.50, 10.00  Min: 5.00, 5.00,- 20.00  Offset:no  Brks=0  TBCs: 421.635, 229.019, -23.536  Props: 1.000, 1.000, 1.000
Last Complete  |Cut Mode|  Elapsed: 00:00:57  ConsoleMvSpeed 10  FileEndSpeed 5    11:32:46  05-18-2021
 File Completed:Yes Ln:69 Max: 20.00, 72.50, 10.00  Min: 5.00, 5.00,- 20.00  Offset:no  Brks=0  TBCs: 421.635, 229.019, -23.536  Props: 1.000, 1.000, 1.000
Last Complete  |Cut Mode|  Elapsed: 00:00:58  ConsoleMvSpeed 10  FileEndSpeed 5    11:44:54  05-18-2021
 File Completed:Yes Ln:69 Max: 20.00, 72.50, 10.00  Min: 5.00, 5.00,- 20.00  Offset:no  Brks=0  TBCs: 421.635, 229.019, -23.536  Props: 1.000, 1.000, 1.000
Last Complete  |Cut Mode|  Elapsed: 00:00:57  ConsoleMvSpeed 10  FileEndSpeed 5    11:50:13  05-18-2021
 File Completed:Yes Ln:69 Max: 20.00, 72.50, 10.00  Min: 5.00, 5.00,- 20.00  Offset:no  Brks=0  TBCs: 421.635, 229.019, -23.536  Props: 1.000, 1.000, 1.000
Last Complete  |Cut Mode|  Elapsed: 00:00:57  ConsoleMvSpeed 10  FileEndSpeed 5    11:55:45  05-18-2021
 File Completed:Yes Ln:69 Max: 20.00, 72.50, 10.00  Min: 5.00, 5.00,- 20.00  Offset:no  Brks=0  TBCs: 421.635, 229.019, -23.536  Props: 1.000, 1.000, 1.000
Last Complete  |Cut Mode|  Elapsed: 00:00:58  ConsoleMvSpeed 10  FileEndSpeed 5    12:01:05  05-18-2021
 File Completed:Yes Ln:69 Max: 20.00, 72.50, 10.00  Min: 5.00, 5.00,- 20.00  Offset:no  Brks=0  TBCs: 421.635, 229.019, -23.536  Props: 1.000, 1.000, 1.000
Last Complete  |Cut Mode|  Elapsed: 00:00:57  ConsoleMvSpeed 10  FileEndSpeed 5    13:32:59  05-18-2021
 File Completed:Yes Ln:69 Max: 20.00, 72.50, 10.00  Min: 5.00, 5.00,- 20.00  Offset:no  Brks=0  TBCs: 422.848, 228.403, -26.088  Props: 1.000, 1.000, 1.000
Last Complete  |Cut Mode|  Elapsed: 00:00:58  ConsoleMvSpeed 10  FileEndSpeed 5    13:38:09  05-18-2021
 File Completed:Yes Ln:69 Max: 20.00, 72.50, 10.00  Min: 5.00, 5.00,- 20.00  Offset:no  Brks=0  TBCs: 422.848, 228.403, -26.088  Props: 1.000, 1.000, 1.000
Last Complete  |Cut Mode|  Elapsed: 00:00:58  ConsoleMvSpeed 10  FileEndSpeed 5    13:44:13  05-18-2021
 File Completed:Yes Ln:69 Max: 20.00, 72.50, 10.00  Min: 5.00, 5.00,- 20.00  Offset:no  Brks=0  TBCs: 422.848, 228.403, -26.088  Props: 1.000, 1.000, 1.000
Last Complete  |Cut Mode|  Elapsed: 00:00:58  ConsoleMvSpeed 10  FileEndSpeed 5    09:15:30  05-19-2021
 File Completed:Yes Ln:69 Max: 20.00, 72.50, 10.00  Min: 5.00, 5.00,- 20.00  Offset:no  Brks=0  TBCs: 422.848, 228.403, -26.088  Props: 1.000, 1.000, 1.000
Last Complete  |Cut Mode|  Elapsed: 00:00:59  ConsoleMvSpeed 10  FileEndSpeed 5    09:20:48  05-19-2021
 File Completed:Yes Ln:69 Max: 20.00, 72.50, 10.00  Min: 5.00, 5.00,- 20.00  Offset:no  Brks=0  TBCs: 422.848, 228.403, -26.088  Props: 1.000, 1.000, 1.000
Last Complete  |Cut Mode|  Elapsed: 00:00:57  ConsoleMvSpeed 10  FileEndSpeed 5    09:26:09  05-19-2021
 File Completed:Yes Ln:69 Max: 20.00, 72.50, 10.00  Min: 5.00, 5.00,- 20.00  Offset:no  Brks=0  TBCs: 423.800, 230.651, -26.088  Props: 1.000, 1.000, 1.000
Last Complete  |Cut Mode|  Elapsed: 00:00:58  ConsoleMvSpeed 10  FileEndSpeed 5    09:36:01  05-19-2021
 File Completed:Yes Ln:69 Max: 20.00, 72.50, 10.00  Min: 5.00, 5.00,- 20.00  Offset:no  Brks=0  TBCs: 422.359, 230.003, -26.088  Props: 1.000, 1.000, 1.000
Last Complete  |Cut Mode|  Elapsed: 00:00:58  ConsoleMvSpeed 10  FileEndSpeed 5    09:41:10  05-19-2021
 File Completed:Yes Ln:69 Max: 20.00, 72.50, 10.00  Min: 5.00, 5.00,- 20.00  Offset:no  Brks=0  TBCs: 422.359, 230.003, -26.088  Props: 1.000, 1.000, 1.000
Last Complete  |Cut Mode|  Elapsed: 00:00:58  ConsoleMvSpeed 10  FileEndSpeed 5    09:46:17  05-19-2021
 File Completed:Yes Ln:69 Max: 20.00, 72.50, 10.00  Min: 5.00, 5.00,- 20.00  Offset:no  Brks=0  TBCs: 422.359, 230.003, -26.088  Props: 1.000, 1.000, 1.000
Last Complete  |Cut Mode|  Elapsed: 00:00:59  ConsoleMvSpeed 10  FileEndSpeed 5    09:51:27  05-19-2021
 File Completed:Yes Ln:69 Max: 20.00, 72.50, 10.00  Min: 5.00, 5.00,- 20.00  Offset:no  Brks=0  TBCs: 422.359, 230.003, -26.088  Props: 1.000, 1.000, 1.000
Last Complete  |Cut Mode|  Elapsed: 00:00:58  ConsoleMvSpeed 10  FileEndSpeed 5    10:03:16  05-19-2021
 File Completed:Yes Ln:69 Max: 20.00, 72.50, 10.00  Min: 5.00, 5.00,- 20.00  Offset:no  Brks=0  TBCs: 422.359, 230.003, -26.088  Props: 1.000, 1.000, 1.000
Last Complete  |Cut Mode|  Elapsed: 00:00:58  ConsoleMvSpeed 10  FileEndSpeed 5    10:08:25  05-19-2021
 File Completed:Yes Ln:69 Max: 20.00, 72.50, 10.00  Min: 5.00, 5.00,- 20.00  Offset:no  Brks=0  TBCs: 422.359, 230.003, -26.088  Props: 1.000, 1.000, 1.000
Last Complete  |Cut Mode|  Elapsed: 00:00:58  ConsoleMvSpeed 10  FileEndSpeed 5    10:17:37  05-19-2021
 File Completed:Yes Ln:69 Max: 20.00, 72.50, 10.00  Min: 5.00, 5.00,- 20.00  Offset:no  Brks=0  TBCs: 422.359, 230.003, -26.088  Props: 1.000, 1.000, 1.000
Last Complete  |Cut Mode|  Elapsed: 00:00:58  ConsoleMvSpeed 10  FileEndSpeed 5    10:21:57  05-19-2021
 File Completed:Yes Ln:69 Max: 20.00, 72.50, 10.00  Min: 5.00, 5.00,- 20.00  Offset:no  Brks=0  TBCs: 422.359, 230.003, -26.088  Props: 1.000, 1.000, 1.000
Last Complete  |Cut Mode|  Elapsed: 00:00:58  ConsoleMvSpeed 10  FileEndSpeed 5    10:26:25  05-19-2021
 File Completed:Yes Ln:69 Max: 20.00, 72.50, 10.00  Min: 5.00, 5.00,- 20.00  Offset:no  Brks=0  TBCs: 422.359, 230.003, -26.088  Props: 1.000, 1.000, 1.000
Last Complete  |Cut Mode|  Elapsed: 00:00:58  ConsoleMvSpeed 10  FileEndSpeed 5    11:27:15  05-19-2021
 File Completed:Yes Ln:69 Max: 20.00, 72.50, 10.00  Min: 5.00, 5.00,- 20.00  Offset:no  Brks=0  TBCs: 422.359, 230.003, -26.088  Props: 1.000, 1.000, 1.000
Last Complete  |Cut Mode|  Elapsed: 00:00:58  ConsoleMvSpeed 10  FileEndSpeed 5    11:30:50  05-19-2021
 File Completed:Yes Ln:69 Max: 20.00, 72.50, 10.00  Min: 5.00, 5.00,- 20.00  Offset:no  Brks=0  TBCs: 422.359, 230.003, -26.088  Props: 1.000, 1.000, 1.000
Last Complete  |Cut Mode|  Elapsed: 00:00:58  ConsoleMvSpeed 10  FileEndSpeed 5    11:34:46  05-19-2021
 File Completed:Yes Ln:69 Max: 20.00, 72.50, 10.00  Min: 5.00, 5.00,- 20.00  Offset:no  Brks=0  TBCs: 422.359, 230.003, -26.088  Props: 1.000, 1.000, 1.000
Last Complete  |Cut Mode|  Elapsed: 00:00:58  ConsoleMvSpeed 10  FileEndSpeed 5    11:38:45  05-19-2021
 File Completed:Yes Ln:69 Max: 20.00, 72.50, 10.00  Min: 5.00, 5.00,- 20.00  Offset:no  Brks=0  TBCs: 422.359, 230.003, -26.088  Props: 1.000, 1.000, 1.000
Last Complete  |Cut Mode|  Elapsed: 00:00:58  ConsoleMvSpeed 10  FileEndSpeed 5    11:56:53  05-19-2021
 File Completed:Yes Ln:69 Max: 20.00, 72.50, 10.00  Min: 5.00, 5.00,- 20.00  Offset:no  Brks=0  TBCs: 423.946, 230.003, -26.088  Props: 1.000, 1.000, 1.000
Last Complete  |Cut Mode|  Elapsed: 00:00:58  ConsoleMvSpeed 10  FileEndSpeed 5    12:00:38  05-19-2021
 File Completed:Yes Ln:69 Max: 20.00, 72.50, 10.00  Min: 5.00, 5.00,- 20.00  Offset:no  Brks=0  TBCs: 423.946, 230.003, -26.088  Props: 1.000, 1.000, 1.000
Last Complete  |Cut Mode|  Elapsed: 00:00:58  ConsoleMvSpeed 10  FileEndSpeed 5    12:04:16  05-19-2021
 File Completed:Yes Ln:69 Max: 20.00, 72.50, 10.00  Min: 5.00, 5.00,- 20.00  Offset:no  Brks=0  TBCs: 423.946, 230.003, -26.088  Props: 1.000, 1.000, 1.000
Last Complete  |Cut Mode|  Elapsed: 00:00:58  ConsoleMvSpeed 10  FileEndSpeed 5    12:12:24  05-19-2021
 File Completed:Yes Ln:69 Max: 20.00, 72.50, 10.00  Min: 5.00, 5.00,- 20.00  Offset:no  Brks=0  TBCs: 423.946, 230.003, -26.088  Props: 1.000, 1.000, 1.000
Last Complete  |Cut Mode|  Elapsed: 00:00:58  ConsoleMvSpeed 10  FileEndSpeed 5    12:16:11  05-19-2021
 File Completed:Yes Ln:69 Max: 20.00, 72.50, 10.00  Min: 5.00, 5.00,- 20.00  Offset:no  Brks=0  TBCs: 423.946, 230.003, -26.088  Props: 1.000, 1.000, 1.000
Last Complete  |Cut Mode|  Elapsed: 00:00:57  ConsoleMvSpeed 10  FileEndSpeed 5    12:20:09  05-19-2021
 File Completed:Yes Ln:69 Max: 20.00, 72.50, 10.00  Min: 5.00, 5.00,- 20.00  Offset:no  Brks=0  TBCs: 422.835, 230.003, -26.088  Props: 1.000, 1.000, 1.000
Last Complete  |Cut Mode|  Elapsed: 00:00:58  ConsoleMvSpeed 10  FileEndSpeed 5    12:23:46  05-19-2021
 File Completed:Yes Ln:69 Max: 20.00, 72.50, 10.00  Min: 5.00, 5.00,- 20.00  Offset:no  Brks=0  TBCs: 422.835, 230.003, -26.088  Props: 1.000, 1.000, 1.000
Last Complete  |Cut Mode|  Elapsed: 00:00:58  ConsoleMvSpeed 10  FileEndSpeed 5    12:27:27  05-19-2021
 File Completed:Yes Ln:69 Max: 20.00, 72.50, 10.00  Min: 5.00, 5.00,- 20.00  Offset:no  Brks=0  TBCs: 422.835, 230.003, -26.088  Props: 1.000, 1.000, 1.000
Last Not Complete Stopped@Line 25 |Cut Mode|  Elapsed: 00:00:28  ConsoleMvSpeed 10  FileEndSpeed 5    14:47:06  06-30-2021
 File Completed:No  Ln:25 Max: 20.00, 15.00, 0.00  Min: 5.00, 5.00,- 13.79  Offset:no  Brks=1  TBCs: 422.835, 230.003, -26.088  Props: 1.000, 1.000, 1.000
Last Complete  |Cut Mode|  Elapsed: 00:01:01  ConsoleMvSpeed 10  FileEndSpeed 5    14:48:42  06-30-2021
 File Completed:Yes Ln:71 Max: 20.00, 72.50, 10.00  Min: 5.00, 5.00,- 20.00  Offset:no  Brks=0  TBCs: 422.835, 230.003, -26.088  Props: 1.000, 1.000, 1.000
Last Complete  |Cut Mode|  Elapsed: 00:00:58  ConsoleMvSpeed 10  FileEndSpeed 5    14:59:14  06-30-2021
 File Completed:Yes Ln:71 Max: 20.00, 72.50, 10.00  Min: 5.00, 5.00,- 20.00  Offset:no  Brks=0  TBCs: 422.835, 230.003, -26.088  Props: 1.000, 1.000, 1.000
Last Complete  |Cut Mode|  Elapsed: 00:00:58  ConsoleMvSpeed 10  FileEndSpeed 5    15:08:40  06-30-2021
 File Completed:Yes Ln:71 Max: 20.00, 72.50, 10.00  Min: 5.00, 5.00,- 20.00  Offset:no  Brks=0  TBCs: 422.835, 230.003, -26.088  Props: 1.000, 1.000, 1.000
Last Complete  |Cut Mode|  Elapsed: 00:00:59  ConsoleMvSpeed 10  FileEndSpeed 5    15:15:30  06-30-2021
 File Completed:Yes Ln:71 Max: 20.00, 72.50, 10.00  Min: 5.00, 5.00,- 20.00  Offset:no  Brks=0  TBCs: 422.835, 230.003, -26.088  Props: 1.000, 1.000, 1.000
Last Complete  |Cut Mode|  Elapsed: 00:00:59  ConsoleMvSpeed 10  FileEndSpeed 5    15:29:31  06-30-2021
 File Completed:Yes Ln:71 Max: 20.00, 72.50, 10.00  Min: 5.00, 5.00,- 20.00  Offset:no  Brks=0  TBCs: 422.835, 230.003, -26.088  Props: 1.000, 1.000, 1.000
Last Complete  |Cut Mode|  Elapsed: 00:00:59  ConsoleMvSpeed 10  FileEndSpeed 5    15:36:29  06-30-2021
 File Completed:Yes Ln:71 Max: 20.00, 72.50, 10.00  Min: 5.00, 5.00,- 20.00  Offset:no  Brks=0  TBCs: 422.835, 230.003, -26.088  Props: 1.000, 1.000, 1.000
Last Complete  |Cut Mode|  Elapsed: 00:00:58  ConsoleMvSpeed 10  FileEndSpeed 5    15:43:13  06-30-2021
 File Completed:Yes Ln:71 Max: 20.00, 72.50, 10.00  Min: 5.00, 5.00,- 20.00  Offset:no  Brks=0  TBCs: 422.835, 230.003, -26.088  Props: 1.000, 1.000, 1.000
Last Complete  |Cut Mode|  Elapsed: 00:00:59  ConsoleMvSpeed 10  FileEndSpeed 5    15:50:35  06-30-2021
 File Completed:Yes Ln:71 Max: 20.00, 72.50, 10.00  Min: 5.00, 5.00,- 20.00  Offset:no  Brks=0  TBCs: 422.835, 230.003, -26.088  Props: 1.000, 1.000, 1.000
Last Complete  |Cut Mode|  Elapsed: 00:00:59  ConsoleMvSpeed 10  FileEndSpeed 5    15:57:24  06-30-2021
 File Completed:Yes Ln:71 Max: 20.00, 72.50, 10.00  Min: 5.00, 5.00,- 20.00  Offset:no  Brks=0  TBCs: 422.835, 230.003, -26.088  Props: 1.000, 1.000, 1.000
Last Complete  |Cut Mode|  Elapsed: 00:00:59  ConsoleMvSpeed 10  FileEndSpeed 5    16:06:10  06-30-2021
 File Completed:Yes Ln:71 Max: 20.00, 72.50, 10.00  Min: 5.00, 5.00,- 20.00  Offset:no  Brks=0  TBCs: 422.835, 230.003, -26.088  Props: 1.000, 1.000, 1.000
Last Complete  |Cut Mode|  Elapsed: 00:00:58  ConsoleMvSpeed 10  FileEndSpeed 5    16:22:15  06-30-2021
 File Completed:Yes Ln:71 Max: 20.00, 72.50, 10.00  Min: 5.00, 5.00,- 20.00  Offset:no  Brks=0  TBCs: 422.835, 230.003, -26.088  Props: 1.000, 1.000, 1.000
Last Complete  |Cut Mode|  Elapsed: 00:00:59  ConsoleMvSpeed 10  FileEndSpeed 5    16:51:15  06-30-2021
 File Completed:Yes Ln:71 Max: 20.00, 72.50, 10.00  Min: 5.00, 5.00,- 20.00  Offset:no  Brks=0  TBCs: 422.835, 230.003, -26.088  Props: 1.000, 1.000, 1.000
Last Complete  |Cut Mode|  Elapsed: 00:00:59  ConsoleMvSpeed 10  FileEndSpeed 5    16:56:58  06-30-2021
 File Completed:Yes Ln:71 Max: 20.00, 72.50, 10.00  Min: 5.00, 5.00,- 20.00  Offset:no  Brks=0  TBCs: 422.835, 230.003, -26.088  Props: 1.000, 1.000, 1.000
Last Complete  |Cut Mode|  Elapsed: 00:00:59  ConsoleMvSpeed 10  FileEndSpeed 5    17:02:25  06-30-2021
 File Completed:Yes Ln:71 Max: 20.00, 72.50, 10.00  Min: 5.00, 5.00,- 20.00  Offset:no  Brks=0  TBCs: 422.835, 230.003, -26.088  Props: 1.000, 1.000, 1.000
Last Complete  |Cut Mode|  Elapsed: 00:00:59  ConsoleMvSpeed 10  FileEndSpeed 5    17:07:47  06-30-2021
 File Completed:Yes Ln:71 Max: 20.00, 72.50, 10.00  Min: 5.00, 5.00,- 20.00  Offset:no  Brks=0  TBCs: 422.835, 230.003, -26.088  Props: 1.000, 1.000, 1.000
Last Complete  |Cut Mode|  Elapsed: 00:00:58  ConsoleMvSpeed 10  FileEndSpeed 5    17:13:32  06-30-2021
 File Completed:Yes Ln:71 Max: 20.00, 72.50, 10.00  Min: 5.00, 5.00,- 20.00  Offset:no  Brks=0  TBCs: 422.835, 230.003, -26.088  Props: 1.000, 1.000, 1.000
Last Complete  |Cut Mode|  Elapsed: 00:00:58  ConsoleMvSpeed 10  FileEndSpeed 5    17:31:59  06-30-2021
 File Completed:Yes Ln:71 Max: 20.00, 72.50, 10.00  Min: 5.00, 5.00,- 20.00  Offset:no  Brks=0  TBCs: 422.835, 230.003, -26.088  Props: 1.000, 1.000, 1.000
Last Complete  |Cut Mode|  Elapsed: 00:00:59  ConsoleMvSpeed 10  FileEndSpeed 5    17:37:46  06-30-2021
 File Completed:Yes Ln:71 Max: 20.00, 72.50, 10.00  Min: 5.00, 5.00,- 20.00  Offset:no  Brks=0  TBCs: 422.835, 230.003, -26.088  Props: 1.000, 1.000, 1.000
Last Complete  |Cut Mode|  Elapsed: 00:00:59  ConsoleMvSpeed 10  FileEndSpeed 5    17:42:52  06-30-2021
 File Completed:Yes Ln:71 Max: 20.00, 72.50, 10.00  Min: 5.00, 5.00,- 20.00  Offset:no  Brks=0  TBCs: 422.835, 230.003, -26.088  Props: 1.000, 1.000, 1.000
Last Complete  |Cut Mode|  Elapsed: 00:00:58  ConsoleMvSpeed 10  FileEndSpeed 5    17:47:54  06-30-2021
 File Completed:Yes Ln:71 Max: 20.00, 72.50, 10.00  Min: 5.00, 5.00,- 20.00  Offset:no  Brks=0  TBCs: 422.835, 230.003, -26.088  Props: 1.000, 1.000, 1.000
Last Complete  |Cut Mode|  Elapsed: 00:00:58  ConsoleMvSpeed 10  FileEndSpeed 5    18:00:30  06-30-2021
 File Completed:Yes Ln:71 Max: 20.00, 72.50, 10.00  Min: 5.00, 5.00,- 20.00  Offset:no  Brks=0  TBCs: 422.835, 230.003, -26.088  Props: 1.000, 1.000, 1.000
Last Complete  |Cut Mode|  Elapsed: 00:00:59  ConsoleMvSpeed 10  FileEndSpeed 5    18:05:54  06-30-2021
 File Completed:Yes Ln:71 Max: 20.00, 72.50, 10.00  Min: 5.00, 5.00,- 20.00  Offset:no  Brks=0  TBCs: 422.835, 230.003, -26.088  Props: 1.000, 1.000, 1.000
Last Complete  |Cut Mode|  Elapsed: 00:00:59  ConsoleMvSpeed 10  FileEndSpeed 5    18:11:08  06-30-2021
 File Completed:Yes Ln:71 Max: 20.00, 72.50, 10.00  Min: 5.00, 5.00,- 20.00  Offset:no  Brks=0  TBCs: 422.835, 230.003, -26.088  Props: 1.000, 1.000, 1.000
Last Complete  |Cut Mode|  Elapsed: 00:00:59  ConsoleMvSpeed 10  FileEndSpeed 5    18:16:30  06-30-2021
 File Completed:Yes Ln:71 Max: 20.00, 72.50, 10.00  Min: 5.00, 5.00,- 20.00  Offset:no  Brks=0  TBCs: 422.835, 230.003, -26.088  Props: 1.000, 1.000, 1.000
Last Complete  |Cut Mode|  Elapsed: 00:00:59  ConsoleMvSpeed 10  FileEndSpeed 5    18:27:28  06-30-2021
 File Completed:Yes Ln:71 Max: 20.00, 72.50, 10.00  Min: 5.00, 5.00,- 20.00  Offset:no  Brks=0  TBCs: 422.835, 230.003, -26.088  Props: 1.000, 1.000, 1.000
Last Complete  |Cut Mode|  Elapsed: 00:00:59  ConsoleMvSpeed 10  FileEndSpeed 5    18:32:44  06-30-2021
 File Completed:Yes Ln:71 Max: 20.00, 72.50, 10.00  Min: 5.00, 5.00,- 20.00  Offset:no  Brks=0  TBCs: 422.835, 230.003, -26.088  Props: 1.000, 1.000, 1.000
Last Complete  |Cut Mode|  Elapsed: 00:00:58  ConsoleMvSpeed 10  FileEndSpeed 5    18:38:25  06-30-2021
 File Completed:Yes Ln:71 Max: 20.00, 72.50, 10.00  Min: 5.00, 5.00,- 20.00  Offset:no  Brks=0  TBCs: 422.835, 230.003, -26.088  Props: 1.000, 1.000, 1.000
Last Complete  |Cut Mode|  Elapsed: 00:00:59  ConsoleMvSpeed 10  FileEndSpeed 5    18:43:51  06-30-2021
 File Completed:Yes Ln:71 Max: 20.00, 72.50, 10.00  Min: 5.00, 5.00,- 20.00  Offset:no  Brks=0  TBCs: 422.835, 230.003, -26.088  Props: 1.000, 1.000, 1.000
Last Complete  |Cut Mode|  Elapsed: 00:00:58  ConsoleMvSpeed 10  FileEndSpeed 5    18:49:05  06-30-2021
 File Completed:Yes Ln:71 Max: 20.00, 72.50, 10.00  Min: 5.00, 5.00,- 20.00  Offset:no  Brks=0  TBCs: 422.835, 230.003, -26.088  Props: 1.000, 1.000, 1.000
Last Complete  |Cut Mode|  Elapsed: 00:00:58  ConsoleMvSpeed 10  FileEndSpeed 5    18:54:10  06-30-2021
 File Completed:Yes Ln:71 Max: 20.00, 72.50, 10.00  Min: 5.00, 5.00,- 20.00  Offset:no  Brks=0  TBCs: 422.835, 230.003, -26.088  Props: 1.000, 1.000, 1.000
Last Complete  |Cut Mode|  Elapsed: 00:00:59  ConsoleMvSpeed 10  FileEndSpeed 5    19:05:07  06-30-2021
 File Completed:Yes Ln:71 Max: 20.00, 72.50, 10.00  Min: 5.00, 5.00,- 20.00  Offset:no  Brks=0  TBCs: 422.835, 230.003, -26.088  Props: 1.000, 1.000, 1.000
Last Complete  |Cut Mode|  Elapsed: 00:00:58  ConsoleMvSpeed 10  FileEndSpeed 5    19:10:28  06-30-2021
 File Completed:Yes Ln:71 Max: 20.00, 72.50, 10.00  Min: 5.00, 5.00,- 20.00  Offset:no  Brks=0  TBCs: 422.835, 230.003, -26.088  Props: 1.000, 1.000, 1.000
Last Complete  |Cut Mode|  Elapsed: 00:00:59  ConsoleMvSpeed 10  FileEndSpeed 5    19:15:49  06-30-2021
 File Completed:Yes Ln:71 Max: 20.00, 72.50, 10.00  Min: 5.00, 5.00,- 20.00  Offset:no  Brks=0  TBCs: 422.835, 230.003, -26.088  Props: 1.000, 1.000, 1.000
Last Complete  |Cut Mode|  Elapsed: 00:00:59  ConsoleMvSpeed 10  FileEndSpeed 5    19:21:03  06-30-2021
 File Completed:Yes Ln:71 Max: 20.00, 72.50, 10.00  Min: 5.00, 5.00,- 20.00  Offset:no  Brks=0  TBCs: 422.835, 230.003, -26.088  Props: 1.000, 1.000, 1.000
Last Complete  |Cut Mode|  Elapsed: 00:00:59  ConsoleMvSpeed 10  FileEndSpeed 5    19:26:08  06-30-2021
 File Completed:Yes Ln:71 Max: 20.00, 72.50, 10.00  Min: 5.00, 5.00,- 20.00  Offset:no  Brks=0  TBCs: 422.835, 230.003, -26.088  Props: 1.000, 1.000, 1.000
Last Complete  |Cut Mode|  Elapsed: 00:00:59  ConsoleMvSpeed 10  FileEndSpeed 5    19:31:22  06-30-2021
 File Completed:Yes Ln:71 Max: 20.00, 72.50, 10.00  Min: 5.00, 5.00,- 20.00  Offset:no  Brks=0  TBCs: 422.835, 230.003, -26.088  Props: 1.000, 1.000, 1.000
Last Complete  |Cut Mode|  Elapsed: 00:00:59  ConsoleMvSpeed 10  FileEndSpeed 5    19:42:54  06-30-2021
 File Completed:Yes Ln:71 Max: 20.00, 72.50, 10.00  Min: 5.00, 5.00,- 20.00  Offset:no  Brks=0  TBCs: 422.835, 230.003, -26.088  Props: 1.000, 1.000, 1.000
Last Complete  |Cut Mode|  Elapsed: 00:00:59  ConsoleMvSpeed 10  FileEndSpeed 5    19:48:04  06-30-2021
 File Completed:Yes Ln:71 Max: 20.00, 72.50, 10.00  Min: 5.00, 5.00,- 20.00  Offset:no  Brks=0  TBCs: 422.835, 230.003, -26.088  Props: 1.000, 1.000, 1.000
Last Complete  |Cut Mode|  Elapsed: 00:00:59  ConsoleMvSpeed 10  FileEndSpeed 5    19:53:11  06-30-2021
 File Completed:Yes Ln:71 Max: 20.00, 72.50, 10.00  Min: 5.00, 5.00,- 20.00  Offset:no  Brks=0  TBCs: 422.835, 230.003, -26.088  Props: 1.000, 1.000, 1.000
Last Complete  |Cut Mode|  Elapsed: 00:00:58  ConsoleMvSpeed 10  FileEndSpeed 5    19:58:13  06-30-2021
 File Completed:Yes Ln:71 Max: 20.00, 72.50, 10.00  Min: 5.00, 5.00,- 20.00  Offset:no  Brks=0  TBCs: 422.835, 230.003, -26.088  Props: 1.000, 1.000, 1.000
Last Complete  |Cut Mode|  Elapsed: 00:01:01  ConsoleMvSpeed 10  FileEndSpeed 5    11:15:46  07-13-2021
 File Completed:Yes Ln:71 Max: 20.00, 72.50, 10.00  Min: 5.00, 5.00,- 20.00  Offset:no  Brks=0  TBCs: 422.835, 230.003, -26.088  Props: 1.000, 1.000, 1.000
Last Complete  |Cut Mode|  Elapsed: 00:00:59  ConsoleMvSpeed 10  FileEndSpeed 5    11:23:18  07-13-2021
 File Completed:Yes Ln:71 Max: 20.00, 72.50, 10.00  Min: 5.00, 5.00,- 20.00  Offset:no  Brks=0  TBCs: 422.835, 230.003, -26.088  Props: 1.000, 1.000, 1.000
Last Complete  |Cut Mode|  Elapsed: 00:00:58  ConsoleMvSpeed 10  FileEndSpeed 5    11:29:29  07-13-2021
 File Completed:Yes Ln:71 Max: 20.00, 72.50, 10.00  Min: 5.00, 5.00,- 20.00  Offset:no  Brks=0  TBCs: 422.835, 230.003, -26.088  Props: 1.000, 1.000, 1.000
Last Not Complete Stopped@Line 1 |Cut Mode|  Elapsed: 00:00:02  ConsoleMvSpeed 10  FileEndSpeed 5    11:34:38  07-13-2021
 File Completed:No  Ln:1 Max: 80.00, 150.00, 10.00  Min: 5.00, 5.00, 10.00  Offset:no  Brks=1  TBCs: 422.835, 230.003, -26.088  Props: 1.000, 1.000, 1.000
Last Complete  |Cut Mode|  Elapsed: 00:00:58  ConsoleMvSpeed 10  FileEndSpeed 5    11:35:58  07-13-2021
 File Completed:Yes Ln:71 Max: 20.00, 72.50, 10.00  Min: 5.00, 5.00,- 20.00  Offset:no  Brks=0  TBCs: 422.835, 230.003, -26.088  Props: 1.000, 1.000, 1.000
Last Complete  |Cut Mode|  Elapsed: 00:00:59  ConsoleMvSpeed 10  FileEndSpeed 5    11:48:56  07-13-2021
 File Completed:Yes Ln:71 Max: 20.00, 72.50, 10.00  Min: 5.00, 5.00,- 20.00  Offset:no  Brks=0  TBCs: 422.835, 230.003, -26.088  Props: 1.000, 1.000, 1.000
Last Complete  |Cut Mode|  Elapsed: 00:00:59  ConsoleMvSpeed 10  FileEndSpeed 5    11:55:09  07-13-2021
 File Completed:Yes Ln:71 Max: 20.00, 72.50, 10.00  Min: 5.00, 5.00,- 20.00  Offset:no  Brks=0  TBCs: 422.835, 230.003, -26.088  Props: 1.000, 1.000, 1.000
Last Complete  |Cut Mode|  Elapsed: 00:00:58  ConsoleMvSpeed 10  FileEndSpeed 5    12:01:06  07-13-2021
 File Completed:Yes Ln:71 Max: 20.00, 72.50, 10.00  Min: 5.00, 5.00,- 20.00  Offset:no  Brks=0  TBCs: 422.835, 230.003, -26.088  Props: 1.000, 1.000, 1.000
Last Complete  |Cut Mode|  Elapsed: 00:00:58  ConsoleMvSpeed 10  FileEndSpeed 5    12:07:23  07-13-2021
 File Completed:Yes Ln:71 Max: 20.00, 72.50, 10.00  Min: 5.00, 5.00,- 20.00  Offset:no  Brks=0  TBCs: 422.835, 230.003, -26.088  Props: 1.000, 1.000, 1.000
Last Complete  |Cut Mode|  Elapsed: 00:00:58  ConsoleMvSpeed 10  FileEndSpeed 5    12:13:17  07-13-2021
 File Completed:Yes Ln:71 Max: 20.00, 72.50, 10.00  Min: 5.00, 5.00,- 20.00  Offset:no  Brks=0  TBCs: 422.835, 230.003, -26.088  Props: 1.000, 1.000, 1.000
Last Complete  |Cut Mode|  Elapsed: 00:00:59  ConsoleMvSpeed 10  FileEndSpeed 5    12:19:34  07-13-2021
 File Completed:Yes Ln:71 Max: 20.00, 72.50, 10.00  Min: 5.00, 5.00,- 20.00  Offset:no  Brks=0  TBCs: 422.835, 230.003, -26.088  Props: 1.000, 1.000, 1.000
Last Complete  |Cut Mode|  Elapsed: 00:00:59  ConsoleMvSpeed 10  FileEndSpeed 5    13:18:23  07-13-2021
 File Completed:Yes Ln:71 Max: 20.00, 72.50, 10.00  Min: 5.00, 5.00,- 20.00  Offset:no  Brks=0  TBCs: 422.835, 230.003, -26.088  Props: 1.000, 1.000, 1.000
Last Complete  |Cut Mode|  Elapsed: 00:00:59  ConsoleMvSpeed 10  FileEndSpeed 5    13:24:28  07-13-2021
 File Completed:Yes Ln:71 Max: 20.00, 72.50, 10.00  Min: 5.00, 5.00,- 20.00  Offset:no  Brks=0  TBCs: 422.835, 230.003, -26.088  Props: 1.000, 1.000, 1.000
Last Complete  |Cut Mode|  Elapsed: 00:00:59  ConsoleMvSpeed 10  FileEndSpeed 5    13:30:44  07-13-2021
 File Completed:Yes Ln:71 Max: 20.00, 72.50, 10.00  Min: 5.00, 5.00,- 20.00  Offset:no  Brks=0  TBCs: 422.835, 230.003, -26.088  Props: 1.000, 1.000, 1.000
Last Complete  |Cut Mode|  Elapsed: 00:00:59  ConsoleMvSpeed 10  FileEndSpeed 5    13:37:05  07-13-2021
 File Completed:Yes Ln:71 Max: 20.00, 72.50, 10.00  Min: 5.00, 5.00,- 20.00  Offset:no  Brks=0  TBCs: 422.835, 230.003, -26.088  Props: 1.000, 1.000, 1.000
Last Complete  |Cut Mode|  Elapsed: 00:00:59  ConsoleMvSpeed 10  FileEndSpeed 5    13:43:19  07-13-2021
 File Completed:Yes Ln:71 Max: 20.00, 72.50, 10.00  Min: 5.00, 5.00,- 20.00  Offset:no  Brks=0  TBCs: 422.835, 230.003, -26.088  Props: 1.000, 1.000, 1.000
Last Complete  |Cut Mode|  Elapsed: 00:00:59  ConsoleMvSpeed 10  FileEndSpeed 5    13:49:21  07-13-2021
 File Completed:Yes Ln:71 Max: 20.00, 72.50, 10.00  Min: 5.00, 5.00,- 20.00  Offset:no  Brks=0  TBCs: 422.835, 230.003, -26.088  Props: 1.000, 1.000, 1.000
Last Complete  |Cut Mode|  Elapsed: 00:00:58  ConsoleMvSpeed 10  FileEndSpeed 5    14:05:13  07-13-2021
 File Completed:Yes Ln:71 Max: 20.00, 72.50, 10.00  Min: 5.00, 5.00,- 20.00  Offset:no  Brks=0  TBCs: 422.835, 230.003, -26.088  Props: 1.000, 1.000, 1.000
Last Complete  |Cut Mode|  Elapsed: 00:00:59  ConsoleMvSpeed 10  FileEndSpeed 5    14:10:58  07-13-2021
 File Completed:Yes Ln:71 Max: 20.00, 72.50, 10.00  Min: 5.00, 5.00,- 20.00  Offset:no  Brks=0  TBCs: 422.835, 230.003, -26.088  Props: 1.000, 1.000, 1.000
Last Complete  |Cut Mode|  Elapsed: 00:00:58  ConsoleMvSpeed 10  FileEndSpeed 5    14:16:54  07-13-2021
 File Completed:Yes Ln:71 Max: 20.00, 72.50, 10.00  Min: 5.00, 5.00,- 20.00  Offset:no  Brks=0  TBCs: 422.835, 230.003, -26.088  Props: 1.000, 1.000, 1.000
Last Complete  |Cut Mode|  Elapsed: 00:00:58  ConsoleMvSpeed 10  FileEndSpeed 5    14:22:51  07-13-2021
 File Completed:Yes Ln:71 Max: 20.00, 72.50, 10.00  Min: 5.00, 5.00,- 20.00  Offset:no  Brks=0  TBCs: 422.835, 230.003, -26.088  Props: 1.000, 1.000, 1.000
Last Complete  |Cut Mode|  Elapsed: 00:00:57  ConsoleMvSpeed 10  FileEndSpeed 5    09:34:32  07-27-2021
 File Completed:Yes Ln:71 Max: 20.00, 72.50, 10.00  Min: 5.00, 5.00,- 20.00  Offset:no  Brks=0  TBCs: 422.835, 230.003, -26.088  Props: 1.000, 1.000, 1.000
Last Complete  |Cut Mode|  Elapsed: 00:01:07  ConsoleMvSpeed 10  FileEndSpeed 5    10:07:27  07-27-2021
 File Completed:Yes Ln:71 Max: 20.00, 72.50, 10.00  Min: 5.00, 5.00,- 24.00  Offset:no  Brks=0  TBCs: 422.835, 230.003, -26.088  Props: 1.000, 1.000, 1.000
Last Complete  |Cut Mode|  Elapsed: 00:01:17  ConsoleMvSpeed 10  FileEndSpeed 5    10:19:53  07-27-2021
 File Completed:Yes Ln:71 Max: 20.00, 72.50, 10.00  Min: 5.00, 5.00,- 20.00  Offset:no  Brks=0  TBCs: 422.835, 230.003, -26.088  Props: 1.000, 1.000, 1.000
Last Not Complete Stopped@Line 25 |Cut Mode|  Elapsed: 00:00:29  ConsoleMvSpeed 10  FileEndSpeed 5    10:27:52  07-27-2021
 File Completed:No  Ln:25 Max: 20.00, 15.00, 10.00  Min: 5.00, 5.00,- 12.50  Offset:no  Brks=1  TBCs: 422.835, 230.003, -26.088  Props: 1.000, 1.000, 1.000
Last Complete  |Cut Mode|  Elapsed: 00:01:00  ConsoleMvSpeed 10  FileEndSpeed 5    10:34:28  07-27-2021
 File Completed:Yes Ln:71 Max: 20.00, 72.50, 13.20  Min: 5.00, 5.00,- 20.00  Offset:no  Brks=0  TBCs: 422.835, 230.003, -26.088  Props: 1.000, 1.000, 1.000
Last Complete  |Cut Mode|  Elapsed: 00:00:59  ConsoleMvSpeed 10  FileEndSpeed 5    10:41:24  07-27-2021
 File Completed:Yes Ln:71 Max: 20.00, 72.50, 10.00  Min: 5.00, 5.00,- 20.00  Offset:no  Brks=0  TBCs: 422.835, 230.003, -26.088  Props: 1.000, 1.000, 1.000
Last Not Complete Stopped@Line 26 |Cut Mode|  Elapsed: 00:00:20  ConsoleMvSpeed 10  FileEndSpeed 5    10:46:58  07-27-2021
 File Completed:No  Ln:26 Max: 20.00, 15.00, 10.00  Min: 5.00, 5.00,- 12.50  Offset:no  Brks=1  TBCs: 422.835, 230.003, -26.088  Props: 1.000, 1.000, 1.000
Last Not Complete Stopped@Line 65 |Cut Mode|  Elapsed: 00:01:03  ConsoleMvSpeed 10  FileEndSpeed 5    10:48:15  07-27-2021
 File Completed:No  Ln:65 Max: 20.00, 72.50, 5.17  Min: 5.00, 5.00,- 20.00  Offset:no  Brks=1  TBCs: 422.835, 230.003, -26.088  Props: 1.000, 1.000, 1.000
Last Complete  |Cut Mode|  Elapsed: 00:00:58  ConsoleMvSpeed 10  FileEndSpeed 5    10:51:45  07-27-2021
 File Completed:Yes Ln:71 Max: 20.00, 72.50, 10.00  Min: 5.00, 5.00,- 20.00  Offset:no  Brks=0  TBCs: 422.835, 230.003, -26.088  Props: 1.000, 1.000, 1.000
Last Complete  |Cut Mode|  Elapsed: 00:00:59  ConsoleMvSpeed 10  FileEndSpeed 5    11:10:34  07-27-2021
 File Completed:Yes Ln:71 Max: 20.00, 72.50, 10.00  Min: 5.00, 5.00,- 20.00  Offset:no  Brks=0  TBCs: 422.835, 230.003, -26.088  Props: 1.000, 1.000, 1.000
Last Complete  |Cut Mode|  Elapsed: 00:00:58  ConsoleMvSpeed 10  FileEndSpeed 5    11:16:21  07-27-2021
 File Completed:Yes Ln:71 Max: 20.00, 72.50, 10.00  Min: 5.00, 5.00,- 20.00  Offset:no  Brks=0  TBCs: 422.835, 230.003, -26.088  Props: 1.000, 1.000, 1.000
Last Complete  |Cut Mode|  Elapsed: 00:01:00  ConsoleMvSpeed 10  FileEndSpeed 5    11:22:14  07-27-2021
 File Completed:Yes Ln:71 Max: 20.00, 72.50, 10.00  Min: 5.00, 5.00,- 20.00  Offset:no  Brks=0  TBCs: 422.835, 230.003, -26.088  Props: 1.000, 1.000, 1.000
Last Complete  |Cut Mode|  Elapsed: 00:00:58  ConsoleMvSpeed 10  FileEndSpeed 5    11:27:58  07-27-2021
 File Completed:Yes Ln:71 Max: 20.00, 72.50, 10.00  Min: 5.00, 5.00,- 20.00  Offset:no  Brks=0  TBCs: 422.835, 230.003, -26.088  Props: 1.000, 1.000, 1.000
Last Complete  |Cut Mode|  Elapsed: 00:00:58  ConsoleMvSpeed 10  FileEndSpeed 5    11:33:38  07-27-2021
 File Completed:Yes Ln:71 Max: 20.00, 72.50, 10.00  Min: 5.00, 5.00,- 20.00  Offset:no  Brks=0  TBCs: 422.835, 230.003, -26.088  Props: 1.000, 1.000, 1.000
Last Complete  |Cut Mode|  Elapsed: 00:00:58  ConsoleMvSpeed 10  FileEndSpeed 5    11:40:28  07-27-2021
 File Completed:Yes Ln:71 Max: 20.00, 72.50, 10.00  Min: 5.00, 5.00,- 20.00  Offset:no  Brks=0  TBCs: 422.835, 230.003, -26.088  Props: 1.000, 1.000, 1.000
Last Complete  |Cut Mode|  Elapsed: 00:00:58  ConsoleMvSpeed 10  FileEndSpeed 5    11:57:29  07-27-2021
 File Completed:Yes Ln:71 Max: 20.00, 72.50, 10.00  Min: 5.00, 5.00,- 20.00  Offset:no  Brks=0  TBCs: 422.835, 230.003, -26.088  Props: 1.000, 1.000, 1.000
Last Complete  |Cut Mode|  Elapsed: 00:00:58  ConsoleMvSpeed 10  FileEndSpeed 5    12:03:29  07-27-2021
 File Completed:Yes Ln:71 Max: 20.00, 72.50, 10.00  Min: 5.00, 5.00,- 20.00  Offset:no  Brks=0  TBCs: 422.835, 230.003, -26.088  Props: 1.000, 1.000, 1.000
Last Complete  |Cut Mode|  Elapsed: 00:00:58  ConsoleMvSpeed 10  FileEndSpeed 5    12:09:18  07-27-2021
 File Completed:Yes Ln:71 Max: 20.00, 72.50, 10.00  Min: 5.00, 5.00,- 20.00  Offset:no  Brks=0  TBCs: 422.835, 230.003, -26.088  Props: 1.000, 1.000, 1.000
Last Complete  |Cut Mode|  Elapsed: 00:00:59  ConsoleMvSpeed 10  FileEndSpeed 5    12:15:30  07-27-2021
 File Completed:Yes Ln:71 Max: 20.00, 72.50, 10.00  Min: 5.00, 5.00,- 20.00  Offset:no  Brks=0  TBCs: 422.835, 230.003, -26.088  Props: 1.000, 1.000, 1.000
Last Complete  |Cut Mode|  Elapsed: 00:00:59  ConsoleMvSpeed 10  FileEndSpeed 5    12:21:23  07-27-2021
 File Completed:Yes Ln:71 Max: 20.00, 72.50, 10.00  Min: 5.00, 5.00,- 20.00  Offset:no  Brks=0  TBCs: 422.835, 230.003, -26.088  Props: 1.000, 1.000, 1.000
Last Complete  |Cut Mode|  Elapsed: 00:00:58  ConsoleMvSpeed 10  FileEndSpeed 5    12:27:14  07-27-2021
 File Completed:Yes Ln:71 Max: 20.00, 72.50, 10.00  Min: 5.00, 5.00,- 20.00  Offset:no  Brks=0  TBCs: 422.835, 230.003, -26.088  Props: 1.000, 1.000, 1.000
Last Complete  |Cut Mode|  Elapsed: 00:00:59  ConsoleMvSpeed 10  FileEndSpeed 5    13:32:08  07-27-2021
 File Completed:Yes Ln:71 Max: 20.00, 72.50, 10.00  Min: 5.00, 5.00,- 20.00  Offset:no  Brks=0  TBCs: 422.835, 230.003, -26.088  Props: 1.000, 1.000, 1.000
Last Complete  |Cut Mode|  Elapsed: 00:00:58  ConsoleMvSpeed 10  FileEndSpeed 5    13:38:03  07-27-2021
 File Completed:Yes Ln:71 Max: 20.00, 72.50, 10.00  Min: 5.00, 5.00,- 20.00  Offset:no  Brks=0  TBCs: 422.835, 230.003, -26.088  Props: 1.000, 1.000, 1.000
Last Complete  |Cut Mode|  Elapsed: 00:00:59  ConsoleMvSpeed 10  FileEndSpeed 5    13:43:50  07-27-2021
 File Completed:Yes Ln:71 Max: 20.00, 72.50, 10.00  Min: 5.00, 5.00,- 20.00  Offset:no  Brks=0  TBCs: 422.835, 230.003, -26.088  Props: 1.000, 1.000, 1.000
Last Complete  |Cut Mode|  Elapsed: 00:00:59  ConsoleMvSpeed 10  FileEndSpeed 5    13:58:02  07-27-2021
 File Completed:Yes Ln:71 Max: 20.00, 72.50, 10.00  Min: 5.00, 5.00,- 20.00  Offset:no  Brks=0  TBCs: 422.835, 230.003, -26.088  Props: 1.000, 1.000, 1.000
Last Complete  |Cut Mode|  Elapsed: 00:00:58  ConsoleMvSpeed 10  FileEndSpeed 5    14:04:14  07-27-2021
 File Completed:Yes Ln:71 Max: 20.00, 72.50, 10.00  Min: 5.00, 5.00,- 20.00  Offset:no  Brks=0  TBCs: 422.835, 230.003, -26.088  Props: 1.000, 1.000, 1.000
Last Complete  |Cut Mode|  Elapsed: 00:00:59  ConsoleMvSpeed 10  FileEndSpeed 5    14:10:20  07-27-2021
 File Completed:Yes Ln:71 Max: 20.00, 72.50, 10.00  Min: 5.00, 5.00,- 20.00  Offset:no  Brks=0  TBCs: 422.835, 230.003, -26.088  Props: 1.000, 1.000, 1.000
Last Complete  |Cut Mode|  Elapsed: 00:00:58  ConsoleMvSpeed 10  FileEndSpeed 5    14:26:20  07-27-2021
 File Completed:Yes Ln:71 Max: 20.00, 72.50, 10.00  Min: 5.00, 5.00,- 20.00  Offset:no  Brks=0  TBCs: 422.835, 230.003, -26.088  Props: 1.000, 1.000, 1.000
Last Complete  |Cut Mode|  Elapsed: 00:00:58  ConsoleMvSpeed 10  FileEndSpeed 5    14:34:32  07-27-2021
 File Completed:Yes Ln:71 Max: 20.00, 72.50, 10.00  Min: 5.00, 5.00,- 20.00  Offset:no  Brks=0  TBCs: 422.835, 230.003, -26.088  Props: 1.000, 1.000, 1.000
Last Complete  |Cut Mode|  Elapsed: 00:00:59  ConsoleMvSpeed 10  FileEndSpeed 5    14:41:01  07-27-2021
 File Completed:Yes Ln:71 Max: 20.00, 72.50, 10.00  Min: 5.00, 5.00,- 20.00  Offset:no  Brks=0  TBCs: 422.835, 230.003, -26.088  Props: 1.000, 1.000, 1.000
Last Complete  |Cut Mode|  Elapsed: 00:00:58  ConsoleMvSpeed 10  FileEndSpeed 5    14:46:56  07-27-2021
 File Completed:Yes Ln:71 Max: 20.00, 72.50, 10.00  Min: 5.00, 5.00,- 20.00  Offset:no  Brks=0  TBCs: 422.835, 230.003, -26.088  Props: 1.000, 1.000, 1.000
Last Complete  |Cut Mode|  Elapsed: 00:00:59  ConsoleMvSpeed 10  FileEndSpeed 5    14:52:47  07-27-2021
 File Completed:Yes Ln:71 Max: 20.00, 72.50, 10.00  Min: 5.00, 5.00,- 20.00  Offset:no  Brks=0  TBCs: 422.835, 230.003, -26.088  Props: 1.000, 1.000, 1.000
Last Complete  |Cut Mode|  Elapsed: 00:00:58  ConsoleMvSpeed 10  FileEndSpeed 5    15:02:12  07-27-2021
 File Completed:Yes Ln:71 Max: 20.00, 72.50, 10.00  Min: 5.00, 5.00,- 20.00  Offset:no  Brks=0  TBCs: 422.835, 230.003, -26.088  Props: 1.000, 1.000, 1.000
Last Complete  |Cut Mode|  Elapsed: 00:00:58  ConsoleMvSpeed 10  FileEndSpeed 5    15:16:17  07-27-2021
 File Completed:Yes Ln:71 Max: 20.00, 72.50, 10.00  Min: 5.00, 5.00,- 20.00  Offset:no  Brks=0  TBCs: 422.835, 230.003, -26.088  Props: 1.000, 1.000, 1.000
Last Complete  |Cut Mode|  Elapsed: 00:00:59  ConsoleMvSpeed 10  FileEndSpeed 5    15:22:12  07-27-2021
 File Completed:Yes Ln:71 Max: 20.00, 72.50, 10.00  Min: 5.00, 5.00,- 20.00  Offset:no  Brks=0  TBCs: 422.835, 230.003, -26.088  Props: 1.000, 1.000, 1.000
Last Complete  |Cut Mode|  Elapsed: 00:00:58  ConsoleMvSpeed 10  FileEndSpeed 5    15:42:27  07-27-2021
 File Completed:Yes Ln:71 Max: 20.00, 72.50, 10.00  Min: 5.00, 5.00,- 20.00  Offset:no  Brks=0  TBCs: 422.835, 230.003, -26.088  Props: 1.000, 1.000, 1.000
Last Complete  |Cut Mode|  Elapsed: 00:00:58  ConsoleMvSpeed 10  FileEndSpeed 5    15:50:49  07-27-2021
 File Completed:Yes Ln:71 Max: 20.00, 72.50, 10.00  Min: 5.00, 5.00,- 20.00  Offset:no  Brks=0  TBCs: 422.835, 230.003, -26.088  Props: 1.000, 1.000, 1.000
Last Complete  |Cut Mode|  Elapsed: 00:00:58  ConsoleMvSpeed 10  FileEndSpeed 5    15:56:38  07-27-2021
 File Completed:Yes Ln:71 Max: 20.00, 72.50, 10.00  Min: 5.00, 5.00,- 20.00  Offset:no  Brks=0  TBCs: 422.835, 230.003, -26.088  Props: 1.000, 1.000, 1.000
Last Complete  |Cut Mode|  Elapsed: 00:00:59  ConsoleMvSpeed 10  FileEndSpeed 5    16:03:10  07-27-2021
 File Completed:Yes Ln:71 Max: 20.00, 72.50, 10.00  Min: 5.00, 5.00,- 20.00  Offset:no  Brks=0  TBCs: 422.835, 230.003, -26.088  Props: 1.000, 1.000, 1.000
Last Complete  |Cut Mode|  Elapsed: 00:00:59  ConsoleMvSpeed 10  FileEndSpeed 5    09:28:52  07-28-2021
 File Completed:Yes Ln:71 Max: 20.00, 72.50, 10.00  Min: 5.00, 5.00,- 20.00  Offset:no  Brks=0  TBCs: 422.835, 230.003, -26.088  Props: 1.000, 1.000, 1.000
Last Complete  |Cut Mode|  Elapsed: 00:00:59  ConsoleMvSpeed 10  FileEndSpeed 5    11:52:17  07-28-2021
 File Completed:Yes Ln:71 Max: 20.00, 72.50, 10.00  Min: 5.00, 5.00,- 20.00  Offset:no  Brks=0  TBCs: 422.835, 230.003, -26.088  Props: 1.000, 1.000, 1.000
Last Complete  |Cut Mode|  Elapsed: 00:00:58  ConsoleMvSpeed 10  FileEndSpeed 5    15:22:12  07-28-2021
 File Completed:Yes Ln:71 Max: 20.00, 72.50, 10.00  Min: 5.00, 5.00,- 20.00  Offset:no  Brks=0  TBCs: 422.835, 230.003, -26.088  Props: 1.000, 1.000, 1.000
