Last Complete  |Cut Mode|  Elapsed: 00:00:52  ConsoleMvSpeed 10  FileEndSpeed 10    10:46:44  08-24-2021
 File Completed:Yes Ln:71 Max: 20.00, 72.50, 10.00  Min: 5.00, 5.00,- 20.00  Offset:no  Brks=0  TBCs: 422.835, 230.003, -26.088  Props: 1.000, 1.000, 1.000
Last Complete  |Cut Mode|  Elapsed: 00:00:43  ConsoleMvSpeed 10  FileEndSpeed 10    11:11:52  08-24-2021
 File Completed:Yes Ln:71 Max: 20.00, 72.50, 10.00  Min: 5.00, 5.00,- 20.00  Offset:no  Brks=0  TBCs: 422.835, 230.003, -26.088  Props: 1.000, 1.000, 1.000
Last Complete  |Cut Mode|  Elapsed: 00:00:43  ConsoleMvSpeed 10  FileEndSpeed 10    11:36:27  08-24-2021
 File Completed:Yes Ln:71 Max: 20.00, 72.50, 10.00  Min: 5.00, 5.00,- 20.00  Offset:no  Brks=0  TBCs: 422.835, 230.003, -26.088  Props: 1.000, 1.000, 1.000
Last Complete  |Cut Mode|  Elapsed: 00:00:43  ConsoleMvSpeed 10  FileEndSpeed 10    12:01:14  08-24-2021
 File Completed:Yes Ln:71 Max: 20.00, 72.50, 10.00  Min: 5.00, 5.00,- 20.00  Offset:no  Brks=0  TBCs: 422.835, 230.003, -26.088  Props: 1.000, 1.000, 1.000
Last Not Complete Stopped@Line 15 |Cut Mode|  Elapsed: 00:00:06  ConsoleMvSpeed 10  FileEndSpeed 10    13:51:06  08-24-2021
 File Completed:No  Ln:15 Max: 5.00, 5.00, 10.00  Min: 5.00, 5.00,- 12.50  Offset:no  Brks=0  TBCs: 422.835, 230.003, -26.088  Props: 1.000, 1.000, 1.000
Last Complete  |Cut Mode|  Elapsed: 00:00:42  ConsoleMvSpeed 10  FileEndSpeed 10    13:52:15  08-24-2021
 File Completed:Yes Ln:71 Max: 20.00, 72.50, 10.00  Min: 5.00, 5.00,- 20.00  Offset:no  Brks=0  TBCs: 424.619, 225.349, -26.088  Props: 1.000, 1.000, 1.000
Last Complete  |Cut Mode|  Elapsed: 00:00:43  ConsoleMvSpeed 10  FileEndSpeed 10    14:42:31  08-24-2021
 File Completed:Yes Ln:71 Max: 20.00, 72.50, 10.00  Min: 5.00, 5.00,- 20.00  Offset:no  Brks=0  TBCs: 424.619, 225.349, -26.088  Props: 1.000, 1.000, 1.000
Last Complete  |Cut Mode|  Elapsed: 00:00:43  ConsoleMvSpeed 10  FileEndSpeed 10    15:06:54  08-24-2021
 File Completed:Yes Ln:71 Max: 20.00, 72.50, 10.00  Min: 5.00, 5.00,- 20.00  Offset:no  Brks=0  TBCs: 424.619, 225.349, -26.088  Props: 1.000, 1.000, 1.000
Last Complete  |Cut Mode|  Elapsed: 00:00:43  ConsoleMvSpeed 10  FileEndSpeed 10    15:31:39  08-24-2021
 File Completed:Yes Ln:71 Max: 20.00, 72.50, 10.00  Min: 5.00, 5.00,- 20.00  Offset:no  Brks=0  TBCs: 424.619, 225.349, -26.088  Props: 1.000, 1.000, 1.000
Last Complete  |Cut Mode|  Elapsed: 00:00:43  ConsoleMvSpeed 10  FileEndSpeed 10    17:43:38  09-21-2021
 File Completed:Yes Ln:71 Max: 20.00, 72.50, 10.00  Min: 5.00, 5.00,- 20.00  Offset:no  Brks=0  TBCs: 423.318, 227.076, -26.088  Props: 1.000, 1.000, 1.000
Last Complete  |Cut Mode|  Elapsed: 00:00:43  ConsoleMvSpeed 10  FileEndSpeed 10    17:50:07  09-21-2021
 File Completed:Yes Ln:71 Max: 20.00, 72.50, 10.00  Min: 5.00, 5.00,- 20.00  Offset:no  Brks=0  TBCs: 423.318, 227.076, -26.088  Props: 1.000, 1.000, 1.000
Last Complete  |Cut Mode|  Elapsed: 00:00:42  ConsoleMvSpeed 10  FileEndSpeed 10    10:50:36  09-29-2021
 File Completed:Yes Ln:71 Max: 20.00, 72.50, 10.00  Min: 5.00, 5.00,- 20.00  Offset:no  Brks=0  TBCs: 422.524, 228.505, -25.625  Props: 1.000, 1.000, 1.000
Last Complete  |Cut Mode|  Elapsed: 00:00:43  ConsoleMvSpeed 10  FileEndSpeed 10    11:17:30  09-29-2021
 File Completed:Yes Ln:71 Max: 20.00, 72.50, 10.00  Min: 5.00, 5.00,- 20.00  Offset:no  Brks=0  TBCs: 422.524, 228.505, -25.625  Props: 1.000, 1.000, 1.000
Last Not Complete Stopped@Line 15 |Cut Mode|  Elapsed: 00:00:13  ConsoleMvSpeed 10  FileEndSpeed 10    11:26:38  09-29-2021
 File Completed:No  Ln:15 Max: 5.00, 5.00, 10.00  Min: 5.00, 5.00,- 12.50  Offset:no  Brks=0  TBCs: 422.524, 228.505, -25.625  Props: 1.000, 1.000, 1.000
Last Complete  |Cut Mode|  Elapsed: 00:00:42  ConsoleMvSpeed 10  FileEndSpeed 10    11:32:21  09-29-2021
 File Completed:Yes Ln:71 Max: 20.00, 72.50, 10.00  Min: 5.00, 5.00,- 20.00  Offset:no  Brks=0  TBCs: 422.524, 228.505, -25.625  Props: 1.000, 1.000, 1.000
Last Complete  |Cut Mode|  Elapsed: 00:00:43  ConsoleMvSpeed 10  FileEndSpeed 10    14:46:20  09-29-2021
 File Completed:Yes Ln:95 Max: 20.00, 72.50, 10.00  Min: 5.00, 5.00,- 20.00  Offset:no  Brks=0  TBCs: 422.524, 228.505, -25.625  Props: 1.000, 1.000, 1.000
Last Complete  |Cut Mode|  Elapsed: 00:00:44  ConsoleMvSpeed 10  FileEndSpeed 10    15:10:48  09-29-2021
 File Completed:Yes Ln:95 Max: 20.00, 72.50, 10.00  Min: 5.00, 5.00,- 20.00  Offset:no  Brks=0  TBCs: 423.965, 227.711, -25.625  Props: 1.000, 1.000, 1.000
Last Not Complete Stopped@Line 1 |Cut Mode|  Elapsed: 00:00:02  ConsoleMvSpeed 10  FileEndSpeed 10    15:40:06  09-29-2021
 File Completed:No  Ln:1 Max: 5.00, 5.00, 10.00  Min: 0.00, 0.00, 10.00  Offset:no  Brks=1  TBCs: 422.378, 227.711, -25.625  Props: 1.000, 1.000, 1.000
Last Complete  |Cut Mode|  Elapsed: 00:00:43  ConsoleMvSpeed 10  FileEndSpeed 10    15:41:31  09-29-2021
 File Completed:Yes Ln:95 Max: 20.00, 72.50, 10.00  Min: 5.00, 5.00,- 20.00  Offset:no  Brks=0  TBCs: 422.378, 227.711, -25.625  Props: 1.000, 1.000, 1.000
