Last Not Complete Stopped@Line 14 |Cut Mode|  Elapsed: 00:00:09  ConsoleMvSpeed 10  FileEndSpeed 2.5    13:47:18  08-23-2021
 File Completed:No  Ln:14 Max: 78.11, 146.35, 10.00  Min: 5.00, 5.00, 10.00  Offset:no  Brks=1  TBCs: 422.835, 230.003, -26.088  Props: 1.000, 1.000, 1.000
Last Not Complete Stopped@Line 21 |Cut Mode|  Elapsed: 00:00:25  ConsoleMvSpeed 10  FileEndSpeed 2.5    13:50:55  08-23-2021
 File Completed:No  Ln:21 Max: 20.00, 10.00, 10.00  Min: 5.00, 5.00,- 12.50  Offset:no  Brks=1  TBCs: 422.835, 230.003, -26.088  Props: 1.000, 1.000, 1.000
Last Not Complete Stopped@Line 21 |Cut Mode|  Elapsed: 00:00:27  ConsoleMvSpeed 10  FileEndSpeed 2.5    16:51:43  08-23-2021
 File Completed:No  Ln:21 Max: 20.00, 10.00, 0.00  Min: 5.00, 5.00,- 12.50  Offset:no  Brks=1  TBCs: 422.835, 230.003, -26.088  Props: 1.000, 1.000, 1.000
Last Not Complete Stopped@Line 18 |Cut Mode|  Elapsed: 00:00:19  ConsoleMvSpeed 10  FileEndSpeed 2.5    16:53:29  08-23-2021
 File Completed:No  Ln:18 Max: 20.00, 5.00, 0.00  Min: 5.00, 5.00,- 12.50  Offset:no  Brks=1  TBCs: 422.835, 230.003, -26.088  Props: 1.000, 1.000, 1.000
Last Not Complete Stopped@Line 22 |Cut Mode|  Elapsed: 00:00:29  ConsoleMvSpeed 10  FileEndSpeed 2.5    16:54:12  08-23-2021
 File Completed:No  Ln:22 Max: 20.00, 10.00, 0.00  Min: 5.00, 5.00,- 12.50  Offset:no  Brks=1  TBCs: 422.835, 230.003, -26.088  Props: 1.000, 1.000, 1.000
Last Complete  |Cut Mode|  Elapsed: 00:01:29  ConsoleMvSpeed 10  FileEndSpeed 2.5    10:14:11  08-24-2021
 File Completed:Yes Ln:71 Max: 20.00, 72.50, 10.00  Min: 5.00, 5.00,- 20.00  Offset:no  Brks=0  TBCs: 422.835, 230.003, -26.088  Props: 1.000, 1.000, 1.000
Last Complete  |Cut Mode|  Elapsed: 00:01:29  ConsoleMvSpeed 10  FileEndSpeed 2.5    10:53:32  08-24-2021
 File Completed:Yes Ln:71 Max: 20.00, 72.50, 10.00  Min: 5.00, 5.00,- 20.00  Offset:no  Brks=0  TBCs: 422.835, 230.003, -26.088  Props: 1.000, 1.000, 1.000
Last Complete  |Cut Mode|  Elapsed: 00:01:29  ConsoleMvSpeed 10  FileEndSpeed 2.5    11:18:49  08-24-2021
 File Completed:Yes Ln:71 Max: 20.00, 72.50, 10.00  Min: 5.00, 5.00,- 20.00  Offset:no  Brks=0  TBCs: 422.835, 230.003, -26.088  Props: 1.000, 1.000, 1.000
Last Complete  |Cut Mode|  Elapsed: 00:01:29  ConsoleMvSpeed 10  FileEndSpeed 2.5    11:43:15  08-24-2021
 File Completed:Yes Ln:71 Max: 20.00, 72.50, 10.00  Min: 5.00, 5.00,- 20.00  Offset:no  Brks=0  TBCs: 422.835, 230.003, -26.088  Props: 1.000, 1.000, 1.000
Last Complete  |Cut Mode|  Elapsed: 00:01:30  ConsoleMvSpeed 10  FileEndSpeed 2.5    13:34:04  08-24-2021
 File Completed:Yes Ln:71 Max: 20.00, 72.50, 10.00  Min: 5.00, 5.00,- 20.00  Offset:no  Brks=0  TBCs: 422.835, 230.003, -26.088  Props: 1.000, 1.000, 1.000
Last Not Complete Stopped@Line 18 |Cut Mode|  Elapsed: 00:00:18  ConsoleMvSpeed 10  FileEndSpeed 2.5    13:57:27  08-24-2021
 File Completed:No  Ln:18 Max: 20.00, 5.00, 10.00  Min: 5.00, 5.00,- 12.50  Offset:no  Brks=1  TBCs: 424.619, 225.349, -26.088  Props: 1.000, 1.000, 1.000
Last Complete  |Cut Mode|  Elapsed: 00:01:32  ConsoleMvSpeed 10  FileEndSpeed 2.5    13:59:19  08-24-2021
 File Completed:Yes Ln:71 Max: 20.00, 72.50, 10.00  Min: 5.00, 5.00,- 20.00  Offset:no  Brks=0  TBCs: 424.619, 225.349, -26.088  Props: 1.000, 1.000, 1.000
Last Complete  |Cut Mode|  Elapsed: 00:01:30  ConsoleMvSpeed 10  FileEndSpeed 2.5    14:49:01  08-24-2021
 File Completed:Yes Ln:71 Max: 20.00, 72.50, 10.00  Min: 5.00, 5.00,- 20.00  Offset:no  Brks=0  TBCs: 424.619, 225.349, -26.088  Props: 1.000, 1.000, 1.000
Last Complete  |Cut Mode|  Elapsed: 00:01:29  ConsoleMvSpeed 10  FileEndSpeed 2.5    15:13:30  08-24-2021
 File Completed:Yes Ln:71 Max: 20.00, 72.50, 10.00  Min: 5.00, 5.00,- 20.00  Offset:no  Brks=0  TBCs: 424.619, 225.349, -26.088  Props: 1.000, 1.000, 1.000
Last Complete  |Cut Mode|  Elapsed: 00:01:30  ConsoleMvSpeed 10  FileEndSpeed 2.5    17:24:16  09-21-2021
 File Completed:Yes Ln:71 Max: 20.00, 72.50, 10.00  Min: 5.00, 5.00,- 20.00  Offset:no  Brks=0  TBCs: 423.318, 227.076, -26.088  Props: 1.000, 1.000, 1.000
Last Complete  |Cut Mode|  Elapsed: 00:01:27  ConsoleMvSpeed 10  FileEndSpeed 2.5    09:46:41  09-29-2021
 File Completed:Yes Ln:71 Max: 20.00, 72.50, 10.00  Min: 5.00, 5.00,- 20.00  Offset:no  Brks=0  TBCs: 422.524, 228.505, -25.625  Props: 1.000, 1.000, 1.000
Last Not Complete Stopped@Line 1 |Cut Mode|  Elapsed: 00:00:03  ConsoleMvSpeed 10  FileEndSpeed 2.5    10:56:11  09-29-2021
 File Completed:No  Ln:1 Max: 5.00, 5.00, 10.00  Min: 0.00, 0.00, 10.00  Offset:no  Brks=1  TBCs: 422.524, 228.505, -25.625  Props: 1.000, 1.000, 1.000
Last Complete  |Cut Mode|  Elapsed: 00:01:29  ConsoleMvSpeed 10  FileEndSpeed 2.5    10:57:56  09-29-2021
 File Completed:Yes Ln:71 Max: 20.00, 72.50, 10.00  Min: 5.00, 5.00,- 20.00  Offset:no  Brks=0  TBCs: 422.524, 228.505, -25.625  Props: 1.000, 1.000, 1.000
Last Complete  |Cut Mode|  Elapsed: 00:01:29  ConsoleMvSpeed 10  FileEndSpeed 2.5    14:27:59  09-29-2021
 File Completed:Yes Ln:95 Max: 20.00, 72.50, 10.00  Min: 5.00, 5.00,- 20.00  Offset:no  Brks=0  TBCs: 422.524, 228.505, -25.625  Props: 1.000, 1.000, 1.000
Last Complete  |Cut Mode|  Elapsed: 00:01:29  ConsoleMvSpeed 10  FileEndSpeed 2.5    14:53:16  09-29-2021
 File Completed:Yes Ln:95 Max: 20.00, 72.50, 10.00  Min: 5.00, 5.00,- 20.00  Offset:no  Brks=0  TBCs: 423.965, 227.711, -25.625  Props: 1.000, 1.000, 1.000
Last Complete  |Cut Mode|  Elapsed: 00:01:45  ConsoleMvSpeed 10  FileEndSpeed 2.5    13:58:13  10-05-2021
 File Completed:Yes Ln:95 Max: 20.00, 72.50, 10.00  Min: 5.00, 5.00,- 20.00  Offset:no  Brks=0  TBCs: 423.616, 226.905, -25.625  Props: 1.000, 1.000, 1.000
Last Complete  |Cut Mode|  Elapsed: 00:01:45  ConsoleMvSpeed 10  FileEndSpeed 2.5    14:30:53  10-05-2021
 File Completed:Yes Ln:95 Max: 20.00, 72.50, 10.00  Min: 5.00, 5.00,- 20.00  Offset:no  Brks=0  TBCs: 423.616, 226.905, -25.625  Props: 1.000, 1.000, 1.000
Last Complete  |Cut Mode|  Elapsed: 00:01:45  ConsoleMvSpeed 10  FileEndSpeed 2.5    14:58:22  10-05-2021
 File Completed:Yes Ln:95 Max: 20.00, 72.50, 10.00  Min: 5.00, 5.00,- 20.00  Offset:no  Brks=0  TBCs: 423.616, 226.905, -25.625  Props: 1.000, 1.000, 1.000
Last Complete  |Cut Mode|  Elapsed: 00:01:45  ConsoleMvSpeed 10  FileEndSpeed 2.5    15:24:05  10-05-2021
 File Completed:Yes Ln:95 Max: 20.00, 72.50, 10.00  Min: 5.00, 5.00,- 20.00  Offset:no  Brks=0  TBCs: 423.616, 226.905, -25.625  Props: 1.000, 1.000, 1.000
Last Not Complete Stopped@Line 23 |Cut Mode|  Elapsed: 00:00:25  ConsoleMvSpeed 10  FileEndSpeed 2.5    13:13:57  10-06-2021
 File Completed:No  Ln:23 Max: 20.00, 10.00, 10.00  Min: 5.00, 5.00,- 12.50  Offset:no  Brks=1  TBCs: 423.616, 226.905, -25.625  Props: 1.000, 1.000, 1.000
