Last Not Complete Stopped@Line 51 |Cut Mode|  Elapsed: 00:00:54  ConsoleMvSpeed 10  FileEndSpeed 5    09:49:11  03-03-2021
 File Completed:No  Ln:51 Max: 20.00, 72.50, 0.00  Min: 5.00, 5.00,- 20.00  Offset:no  Brks=1  TBCs: 406.268, 230.975, 9.034  Props: 1.000, 1.000, 1.000
Last Complete  |Cut Mode|  Elapsed: 00:01:06  ConsoleMvSpeed 10  FileEndSpeed 5    09:56:00  03-03-2021
 File Completed:Yes Ln:59 Max: 80.00, 150.00, 10.00  Min: 5.00, 5.00,- 20.00  Offset:no  Brks=0  TBCs: 406.268, 230.975, 9.034  Props: 1.000, 1.000, 1.000
Last Complete  |Cut Mode|  Elapsed: 00:01:11  ConsoleMvSpeed 10  FileEndSpeed 5    10:04:18  03-03-2021
 File Completed:Yes Ln:59 Max: 80.00, 150.00, 10.00  Min: 5.00, 5.00,- 20.00  Offset:no  Brks=0  TBCs: 403.042, 231.820, 8.532  Props: 1.000, 1.000, 1.000
Last Complete  |Cut Mode|  Elapsed: 00:01:06  ConsoleMvSpeed 10  FileEndSpeed 5    10:08:51  03-03-2021
 File Completed:Yes Ln:59 Max: 80.00, 150.00, 10.00  Min: 5.00, 5.00,- 20.00  Offset:no  Brks=0  TBCs: 403.042, 231.820, 8.532  Props: 1.000, 1.000, 1.000
Last Complete  |Cut Mode|  Elapsed: 00:01:06  ConsoleMvSpeed 10  FileEndSpeed 5    10:13:04  03-03-2021
 File Completed:Yes Ln:59 Max: 80.00, 150.00, 10.00  Min: 5.00, 5.00,- 20.00  Offset:no  Brks=0  TBCs: 403.042, 231.820, 8.532  Props: 1.000, 1.000, 1.000
Last Not Complete Stopped@Line 12 |Cut Mode|  Elapsed: 00:00:06  ConsoleMvSpeed 10  FileEndSpeed 5    10:26:40  03-03-2021
 File Completed:No  Ln:12 Max: 5.00, 5.00, 5.10  Min: 5.00, 5.00, 5.10  Offset:no  Brks=1  TBCs: 403.042, 231.820, 8.532  Props: 1.000, 1.000, 1.000
Last Complete  |Cut Mode|  Elapsed: 00:01:05  ConsoleMvSpeed 10  FileEndSpeed 5    10:27:54  03-03-2021
 File Completed:Yes Ln:59 Max: 80.00, 150.00, 10.00  Min: 5.00, 5.00,- 20.00  Offset:no  Brks=0  TBCs: 403.042, 231.820, 8.532  Props: 1.000, 1.000, 1.000
Last Complete  |Cut Mode|  Elapsed: 00:01:06  ConsoleMvSpeed 10  FileEndSpeed 5    10:32:21  03-03-2021
 File Completed:Yes Ln:59 Max: 80.00, 150.00, 10.00  Min: 5.00, 5.00,- 20.00  Offset:no  Brks=0  TBCs: 403.042, 231.820, 8.532  Props: 1.000, 1.000, 1.000
Last Complete  |Cut Mode|  Elapsed: 00:01:06  ConsoleMvSpeed 10  FileEndSpeed 5    10:37:42  03-03-2021
 File Completed:Yes Ln:59 Max: 80.00, 150.00, 10.00  Min: 5.00, 5.00,- 20.00  Offset:no  Brks=0  TBCs: 403.042, 231.820, 8.532  Props: 1.000, 1.000, 1.000
Last Complete  |Cut Mode|  Elapsed: 00:01:06  ConsoleMvSpeed 10  FileEndSpeed 5    10:40:46  03-03-2021
 File Completed:Yes Ln:59 Max: 80.00, 150.00, 10.00  Min: 5.00, 5.00,- 20.00  Offset:no  Brks=0  TBCs: 403.042, 231.820, 8.532  Props: 1.000, 1.000, 1.000
Last Not Complete Stopped@Line 19 |Cut Mode|  Elapsed: 00:00:22  ConsoleMvSpeed 10  FileEndSpeed 5    10:51:40  03-03-2021
 File Completed:No  Ln:19 Max: 20.00, 25.00, 10.00  Min: 5.00, 5.00,- 12.50  Offset:no  Brks=1  TBCs: 403.042, 231.820, 8.532  Props: 1.000, 1.000, 1.000
Last Complete  |Cut Mode|  Elapsed: 00:01:07  ConsoleMvSpeed 10  FileEndSpeed 5    10:57:19  03-03-2021
 File Completed:Yes Ln:59 Max: 80.00, 150.00, 10.00  Min: 5.00, 5.00,- 20.00  Offset:no  Brks=0  TBCs: 412.847, 232.099, 8.532  Props: 1.000, 1.000, 1.000
Last Complete  |Cut Mode|  Elapsed: 00:01:06  ConsoleMvSpeed 10  FileEndSpeed 5    11:01:21  03-03-2021
 File Completed:Yes Ln:59 Max: 80.00, 150.00, 10.00  Min: 5.00, 5.00,- 20.00  Offset:no  Brks=0  TBCs: 412.847, 232.099, 8.532  Props: 1.000, 1.000, 1.000
Last Complete  |Cut Mode|  Elapsed: 00:01:07  ConsoleMvSpeed 10  FileEndSpeed 5    11:05:07  03-03-2021
 File Completed:Yes Ln:59 Max: 80.00, 150.00, 10.00  Min: 5.00, 5.00,- 20.00  Offset:no  Brks=0  TBCs: 412.847, 229.692, 8.532  Props: 1.000, 1.000, 1.000
Last Complete  |Cut Mode|  Elapsed: 00:01:06  ConsoleMvSpeed 10  FileEndSpeed 5    11:07:48  03-03-2021
 File Completed:Yes Ln:59 Max: 80.00, 150.00, 10.00  Min: 5.00, 5.00,- 20.00  Offset:no  Brks=0  TBCs: 412.847, 229.692, 8.532  Props: 1.000, 1.000, 1.000
Last Complete  |Cut Mode|  Elapsed: 00:01:07  ConsoleMvSpeed 10  FileEndSpeed 5    11:09:55  03-03-2021
 File Completed:Yes Ln:59 Max: 80.00, 150.00, 10.00  Min: 5.00, 5.00,- 20.00  Offset:no  Brks=0  TBCs: 412.847, 229.692, 8.532  Props: 1.000, 1.000, 1.000
Last Complete  |Cut Mode|  Elapsed: 00:01:07  ConsoleMvSpeed 10  FileEndSpeed 5    11:19:36  03-03-2021
 File Completed:Yes Ln:59 Max: 80.00, 150.00, 10.00  Min: 5.00, 5.00,- 20.00  Offset:no  Brks=0  TBCs: 410.599, 229.692, 8.532  Props: 1.000, 1.000, 1.000
Last Not Complete Stopped@Line 17 |Cut Mode|  Elapsed: 00:00:20  ConsoleMvSpeed 10  FileEndSpeed 5    11:22:17  03-03-2021
 File Completed:No  Ln:17 Max: 20.00, 25.00, 10.00  Min: 5.00, 5.00,- 12.50  Offset:no  Brks=1  TBCs: 410.599, 229.692, 8.532  Props: 1.000, 1.000, 1.000
Last Complete  |Cut Mode|  Elapsed: 00:01:06  ConsoleMvSpeed 10  FileEndSpeed 5    11:24:47  03-03-2021
 File Completed:Yes Ln:59 Max: 80.00, 150.00, 10.00  Min: 5.00, 5.00,- 20.00  Offset:no  Brks=0  TBCs: 410.599, 229.692, 9.637  Props: 1.000, 1.000, 1.000
Last Complete  |Cut Mode|  Elapsed: 00:01:06  ConsoleMvSpeed 10  FileEndSpeed 5    11:29:38  03-03-2021
 File Completed:Yes Ln:59 Max: 80.00, 150.00, 10.00  Min: 5.00, 5.00,- 20.00  Offset:no  Brks=0  TBCs: 410.599, 229.692, 9.637  Props: 1.000, 1.000, 1.000
Last Complete  |Cut Mode|  Elapsed: 00:01:06  ConsoleMvSpeed 10  FileEndSpeed 5    11:33:23  03-03-2021
 File Completed:Yes Ln:59 Max: 80.00, 150.00, 10.00  Min: 5.00, 5.00,- 20.00  Offset:no  Brks=0  TBCs: 410.599, 229.692, 7.275  Props: 1.000, 1.000, 1.000
Last Complete  |Cut Mode|  Elapsed: 00:01:07  ConsoleMvSpeed 10  FileEndSpeed 5    11:36:08  03-03-2021
 File Completed:Yes Ln:59 Max: 80.00, 150.00, 10.00  Min: 5.00, 5.00,- 20.00  Offset:no  Brks=0  TBCs: 410.599, 229.692, 7.275  Props: 1.000, 1.000, 1.000
Last Complete  |Cut Mode|  Elapsed: 00:01:06  ConsoleMvSpeed 10  FileEndSpeed 5    11:48:49  03-03-2021
 File Completed:Yes Ln:59 Max: 80.00, 150.00, 10.00  Min: 5.00, 5.00,- 20.00  Offset:no  Brks=0  TBCs: 412.402, 232.963, 6.157  Props: 1.000, 1.000, 1.000
Last Complete  |Cut Mode|  Elapsed: 00:01:08  ConsoleMvSpeed 10  FileEndSpeed 5    11:52:53  03-03-2021
 File Completed:Yes Ln:59 Max: 80.00, 150.00, 10.00  Min: 5.00, 5.00,- 20.00  Offset:no  Brks=0  TBCs: 412.402, 232.963, 6.157  Props: 1.000, 1.000, 1.000
Last Complete  |Cut Mode|  Elapsed: 00:01:06  ConsoleMvSpeed 10  FileEndSpeed 5    11:56:17  03-03-2021
 File Completed:Yes Ln:59 Max: 80.00, 150.00, 10.00  Min: 5.00, 5.00,- 20.00  Offset:no  Brks=0  TBCs: 412.402, 232.963, 6.157  Props: 1.000, 1.000, 1.000
Last Not Complete Stopped@Line 1 |Cut Mode|  Elapsed: 00:00:06  ConsoleMvSpeed 10  FileEndSpeed 5    11:57:32  03-03-2021
 File Completed:No  Ln:1 Max: 80.00, 150.00, 10.00  Min: 5.00, 5.00, 10.00  Offset:no  Brks=1  TBCs: 412.402, 232.963, 6.157  Props: 1.000, 1.000, 1.000
Last Complete  |Cut Mode|  Elapsed: 00:01:06  ConsoleMvSpeed 10  FileEndSpeed 5    11:58:52  03-03-2021
 File Completed:Yes Ln:59 Max: 80.00, 150.00, 10.00  Min: 5.00, 5.00,- 20.00  Offset:no  Brks=0  TBCs: 412.402, 232.963, 6.157  Props: 1.000, 1.000, 1.000
Last Complete  |Cut Mode|  Elapsed: 00:01:06  ConsoleMvSpeed 10  FileEndSpeed 5    12:11:31  03-03-2021
 File Completed:Yes Ln:59 Max: 80.00, 150.00, 10.00  Min: 5.00, 5.00,- 20.00  Offset:no  Brks=0  TBCs: 412.046, 230.137, 8.748  Props: 1.000, 1.000, 1.000
Last Complete  |Cut Mode|  Elapsed: 00:01:05  ConsoleMvSpeed 10  FileEndSpeed 5    12:14:30  03-03-2021
 File Completed:Yes Ln:59 Max: 80.00, 150.00, 10.00  Min: 5.00, 5.00,- 20.00  Offset:no  Brks=0  TBCs: 412.046, 230.137, 8.748  Props: 1.000, 1.000, 1.000
Last Complete  |Cut Mode|  Elapsed: 00:01:13  ConsoleMvSpeed 10  FileEndSpeed 5    12:16:30  03-03-2021
 File Completed:Yes Ln:59 Max: 80.00, 150.00, 10.00  Min: 5.00, 5.00,- 20.00  Offset:no  Brks=0  TBCs: 412.046, 230.137, 8.748  Props: 1.000, 1.000, 1.000
Last Complete  |Cut Mode|  Elapsed: 00:01:07  ConsoleMvSpeed 10  FileEndSpeed 5    14:53:37  03-05-2021
 File Completed:Yes Ln:59 Max: 80.00, 150.00, 10.00  Min: 5.00, 5.00,- 20.00  Offset:no  Brks=0  TBCs: 411.919, 230.550, 9.535  Props: 1.000, 1.000, 1.000
Last Complete  |Cut Mode|  Elapsed: 00:01:06  ConsoleMvSpeed 10  FileEndSpeed 5    14:56:04  03-05-2021
 File Completed:Yes Ln:59 Max: 80.00, 150.00, 10.00  Min: 5.00, 5.00,- 20.00  Offset:no  Brks=0  TBCs: 411.919, 230.550, 9.535  Props: 1.000, 1.000, 1.000
Last Complete  |Cut Mode|  Elapsed: 00:01:06  ConsoleMvSpeed 10  FileEndSpeed 5    14:58:49  03-05-2021
 File Completed:Yes Ln:59 Max: 80.00, 150.00, 10.00  Min: 5.00, 5.00,- 20.00  Offset:no  Brks=0  TBCs: 411.919, 230.550, 9.535  Props: 1.000, 1.000, 1.000
Last Complete  |Cut Mode|  Elapsed: 00:01:06  ConsoleMvSpeed 10  FileEndSpeed 5    15:30:42  03-05-2021
 File Completed:Yes Ln:59 Max: 80.00, 150.00, 10.00  Min: 5.00, 5.00,- 20.00  Offset:no  Brks=0  TBCs: 411.856, 228.632, 9.916  Props: 1.000, 1.000, 1.000
Last Complete  |Cut Mode|  Elapsed: 00:01:06  ConsoleMvSpeed 10  FileEndSpeed 5    15:33:33  03-05-2021
 File Completed:Yes Ln:59 Max: 80.00, 150.00, 10.00  Min: 5.00, 5.00,- 20.00  Offset:no  Brks=0  TBCs: 411.856, 228.632, 9.916  Props: 1.000, 1.000, 1.000
Last Complete  |Cut Mode|  Elapsed: 00:01:06  ConsoleMvSpeed 10  FileEndSpeed 5    15:37:55  03-05-2021
 File Completed:Yes Ln:59 Max: 80.00, 150.00, 10.00  Min: 5.00, 5.00,- 20.00  Offset:no  Brks=0  TBCs: 411.856, 228.632, 9.916  Props: 1.000, 1.000, 1.000
Last Not Complete Stopped@Line 54 |Cut Mode|  Elapsed: 00:01:05  ConsoleMvSpeed 10  FileEndSpeed 5    15:39:46  03-05-2021
 File Completed:No  Ln:54 Max: 20.00, 72.50, 10.00  Min: 5.00, 5.00,- 20.00  Offset:no  Brks=1  TBCs: 411.856, 228.632, 9.916  Props: 1.000, 1.000, 1.000
Last Complete  |Cut Mode|  Elapsed: 00:01:06  ConsoleMvSpeed 10  FileEndSpeed 5    16:05:21  03-05-2021
 File Completed:Yes Ln:59 Max: 80.00, 150.00, 10.00  Min: 5.00, 5.00,- 20.00  Offset:no  Brks=0  TBCs: 411.056, 228.772, 8.583  Props: 1.000, 1.000, 1.000
Last Not Complete Stopped@Line 56 |Cut Mode|  Elapsed: 00:01:04  ConsoleMvSpeed 10  FileEndSpeed 5    16:07:44  03-05-2021
 File Completed:No  Ln:56 Max: 20.00, 72.50, 10.00  Min: 5.00, 5.00,- 20.00  Offset:no  Brks=1  TBCs: 411.056, 228.772, 8.583  Props: 1.000, 1.000, 1.000
Last Complete  |Cut Mode|  Elapsed: 00:01:06  ConsoleMvSpeed 10  FileEndSpeed 5    16:10:32  03-05-2021
 File Completed:Yes Ln:59 Max: 80.00, 150.00, 10.00  Min: 5.00, 5.00,- 20.00  Offset:no  Brks=0  TBCs: 416.593, 230.353, 8.767  Props: 1.000, 1.000, 1.000
Last Not Complete Stopped@Line 1 |Cut Mode|  Elapsed: 00:00:03  ConsoleMvSpeed 10  FileEndSpeed 5    16:11:46  03-05-2021
 File Completed:No  Ln:1 Max: 80.00, 150.00, 10.00  Min: 5.00, 5.00, 10.00  Offset:no  Brks=1  TBCs: 416.593, 230.353, 8.767  Props: 1.000, 1.000, 1.000
Last Complete  |Cut Mode|  Elapsed: 00:01:06  ConsoleMvSpeed 10  FileEndSpeed 5    16:13:13  03-05-2021
 File Completed:Yes Ln:59 Max: 80.00, 150.00, 10.00  Min: 5.00, 5.00,- 20.00  Offset:no  Brks=0  TBCs: 416.593, 230.353, 8.767  Props: 1.000, 1.000, 1.000
Last Complete  |Cut Mode|  Elapsed: 00:01:08  ConsoleMvSpeed 10  FileEndSpeed 5    16:15:32  03-05-2021
 File Completed:Yes Ln:59 Max: 80.00, 150.00, 10.00  Min: 5.00, 5.00,- 20.00  Offset:no  Brks=0  TBCs: 416.593, 230.353, 8.767  Props: 1.000, 1.000, 1.000
Last Not Complete Stopped@Line 1 |Cut Mode|  Elapsed: 00:00:13  ConsoleMvSpeed 10  FileEndSpeed 5    17:11:48  03-05-2021
 File Completed:No  Ln:1 Max: 5.00, 5.00, 0.00  Min: 0.00, 0.00,- 12.50  Offset:no  Brks=2  TBCs: 416.428, 229.375, 9.142  Props: 1.000, 1.000, 1.000
Last Complete  |Cut Mode|  Elapsed: 00:01:07  ConsoleMvSpeed 10  FileEndSpeed 5    17:12:57  03-05-2021
 File Completed:Yes Ln:59 Max: 80.00, 150.00, 10.00  Min: 5.00, 5.00,- 20.00  Offset:no  Brks=0  TBCs: 416.428, 229.375, 9.142  Props: 1.000, 1.000, 1.000
Last Complete  |Cut Mode|  Elapsed: 00:01:07  ConsoleMvSpeed 10  FileEndSpeed 5    17:18:33  03-05-2021
 File Completed:Yes Ln:59 Max: 80.00, 150.00, 10.00  Min: 5.00, 5.00,- 20.00  Offset:no  Brks=0  TBCs: 416.428, 229.375, 9.142  Props: 1.000, 1.000, 1.000
Last Complete  |Cut Mode|  Elapsed: 00:01:06  ConsoleMvSpeed 10  FileEndSpeed 5    17:24:22  03-05-2021
 File Completed:Yes Ln:59 Max: 80.00, 150.00, 10.00  Min: 5.00, 5.00,- 20.00  Offset:no  Brks=0  TBCs: 416.409, 229.572, 9.142  Props: 1.000, 1.000, 1.000
Last Complete  |Cut Mode|  Elapsed: 00:01:06  ConsoleMvSpeed 10  FileEndSpeed 5    17:29:23  03-05-2021
 File Completed:Yes Ln:59 Max: 80.00, 150.00, 10.00  Min: 5.00, 5.00,- 20.00  Offset:no  Brks=0  TBCs: 416.409, 229.572, 9.142  Props: 1.000, 1.000, 1.000
Last Complete  |Cut Mode|  Elapsed: 00:01:05  ConsoleMvSpeed 10  FileEndSpeed 5    17:35:01  03-05-2021
 File Completed:Yes Ln:59 Max: 80.00, 150.00, 10.00  Min: 5.00, 5.00,- 20.00  Offset:no  Brks=0  TBCs: 416.409, 229.572, 9.142  Props: 1.000, 1.000, 1.000
Last Complete  |Cut Mode|  Elapsed: 00:01:06  ConsoleMvSpeed 10  FileEndSpeed 5    10:01:23  03-08-2021
 File Completed:Yes Ln:59 Max: 80.00, 150.00, 10.00  Min: 5.00, 5.00,- 20.00  Offset:no  Brks=0  TBCs: 414.675, 230.124, 10.202  Props: 1.000, 1.000, 1.000
Last Complete  |Cut Mode|  Elapsed: 00:01:05  ConsoleMvSpeed 10  FileEndSpeed 5    10:06:58  03-08-2021
 File Completed:Yes Ln:59 Max: 80.00, 150.00, 10.00  Min: 5.00, 5.00,- 20.00  Offset:no  Brks=0  TBCs: 414.675, 230.124, 10.202  Props: 1.000, 1.000, 1.000
Last Complete  |Cut Mode|  Elapsed: 00:01:07  ConsoleMvSpeed 10  FileEndSpeed 5    10:12:55  03-08-2021
 File Completed:Yes Ln:59 Max: 80.00, 150.00, 10.00  Min: 5.00, 5.00,- 20.00  Offset:no  Brks=0  TBCs: 414.675, 230.124, 10.202  Props: 1.000, 1.000, 1.000
Last Complete  |Cut Mode|  Elapsed: 00:01:07  ConsoleMvSpeed 10  FileEndSpeed 5    10:18:34  03-08-2021
 File Completed:Yes Ln:59 Max: 80.00, 150.00, 10.00  Min: 5.00, 5.00,- 20.00  Offset:no  Brks=0  TBCs: 414.675, 230.124, 10.202  Props: 1.000, 1.000, 1.000
Last Complete  |Cut Mode|  Elapsed: 00:01:06  ConsoleMvSpeed 10  FileEndSpeed 5    10:44:59  03-08-2021
 File Completed:Yes Ln:59 Max: 80.00, 150.00, 10.00  Min: 5.00, 5.00,- 20.00  Offset:no  Brks=0  TBCs: 415.533, 230.562, 9.186  Props: 1.000, 1.000, 1.000
Last Complete  |Cut Mode|  Elapsed: 00:01:06  ConsoleMvSpeed 10  FileEndSpeed 5    10:50:03  03-08-2021
 File Completed:Yes Ln:59 Max: 80.00, 150.00, 10.00  Min: 5.00, 5.00,- 20.00  Offset:no  Brks=0  TBCs: 415.533, 230.562, 9.186  Props: 1.000, 1.000, 1.000
Last Complete  |Cut Mode|  Elapsed: 00:01:12  ConsoleMvSpeed 10  FileEndSpeed 5    10:54:48  03-08-2021
 File Completed:Yes Ln:59 Max: 80.00, 150.00, 10.00  Min: 5.00, 5.00,- 20.00  Offset:no  Brks=0  TBCs: 415.533, 230.562, 9.186  Props: 1.000, 1.000, 1.000
Last Complete  |Cut Mode|  Elapsed: 00:01:06  ConsoleMvSpeed 10  FileEndSpeed 5    11:18:21  03-10-2021
 File Completed:Yes Ln:59 Max: 80.00, 150.00, 10.00  Min: 5.00, 5.00,- 20.00  Offset:no  Brks=0  TBCs: 414.955, 231.077, 10.532  Props: 1.000, 1.000, 1.000
Last Not Complete Stopped@Line 1 |Cut Mode|  Elapsed: 00:00:01  ConsoleMvSpeed 10  FileEndSpeed 10    11:26:00  03-10-2021
 File Completed:No  Ln:1 Max: 0.00, 0.00, 0.00  Min: 0.00, 0.00, 0.00  Offset:no  Brks=1  TBCs: 415.729, 230.454, 8.151  Props: 1.000, 1.000, 1.000
Last Complete  |Cut Mode|  Elapsed: 00:01:06  ConsoleMvSpeed 10  FileEndSpeed 5    11:27:10  03-10-2021
 File Completed:Yes Ln:59 Max: 80.00, 150.00, 10.00  Min: 5.00, 5.00,- 20.00  Offset:no  Brks=0  TBCs: 415.729, 230.454, 8.151  Props: 1.000, 1.000, 1.000
Last Not Complete Stopped@Line 17 |Cut Mode|  Elapsed: 00:00:17  ConsoleMvSpeed 10  FileEndSpeed 5    11:38:47  03-10-2021
 File Completed:No  Ln:17 Max: 20.00, 25.00, 0.00  Min: 5.00, 5.00,- 12.50  Offset:no  Brks=1  TBCs: 415.209, 231.070, 8.545  Props: 1.000, 1.000, 1.000
Last Not Complete Stopped@Line 1 |Cut Mode|  Elapsed: 00:00:05  ConsoleMvSpeed 10  FileEndSpeed 5    11:39:44  03-10-2021
 File Completed:No  Ln:1 Max: 11.98, 10.00, 0.00  Min: 5.00, 5.00, 0.00  Offset:no  Brks=1  TBCs: 415.209, 231.070, 8.545  Props: 1.000, 1.000, 1.000
Last Complete  |Cut Mode|  Elapsed: 00:01:07  ConsoleMvSpeed 10  FileEndSpeed 5    11:41:01  03-10-2021
 File Completed:Yes Ln:59 Max: 80.00, 150.00, 10.00  Min: 5.00, 5.00,- 20.00  Offset:no  Brks=0  TBCs: 415.209, 231.070, 8.545  Props: 1.000, 1.000, 1.000
Last Complete  |Cut Mode|  Elapsed: 00:01:06  ConsoleMvSpeed 10  FileEndSpeed 5    11:49:40  03-10-2021
 File Completed:Yes Ln:59 Max: 80.00, 150.00, 10.00  Min: 5.00, 5.00,- 20.00  Offset:no  Brks=0  TBCs: 415.209, 231.070, 8.545  Props: 1.000, 1.000, 1.000
Last Complete  |Cut Mode|  Elapsed: 00:01:06  ConsoleMvSpeed 10  FileEndSpeed 5    12:29:28  03-10-2021
 File Completed:Yes Ln:59 Max: 80.00, 150.00, 10.00  Min: 5.00, 5.00,- 20.00  Offset:no  Brks=0  TBCs: 416.212, 230.435, 8.824  Props: 1.000, 1.000, 1.000
Last Complete  |Cut Mode|  Elapsed: 00:01:07  ConsoleMvSpeed 10  FileEndSpeed 5    12:36:20  03-10-2021
 File Completed:Yes Ln:59 Max: 80.00, 150.00, 10.00  Min: 5.00, 5.00,- 20.00  Offset:no  Brks=0  TBCs: 416.657, 230.277, 6.475  Props: 1.000, 1.000, 1.000
Last Complete  |Cut Mode|  Elapsed: 00:01:07  ConsoleMvSpeed 10  FileEndSpeed 5    12:42:48  03-10-2021
 File Completed:Yes Ln:59 Max: 80.00, 150.00, 10.00  Min: 5.00, 5.00,- 20.00  Offset:no  Brks=0  TBCs: 414.669, 230.099, 9.573  Props: 1.000, 1.000, 1.000
Last Complete  |Cut Mode|  Elapsed: 00:01:07  ConsoleMvSpeed 10  FileEndSpeed 5    12:48:44  03-10-2021
 File Completed:Yes Ln:59 Max: 80.00, 150.00, 10.00  Min: 5.00, 5.00,- 20.00  Offset:no  Brks=0  TBCs: 414.669, 230.099, 9.573  Props: 1.000, 1.000, 1.000
Last Complete  |Cut Mode|  Elapsed: 00:01:06  ConsoleMvSpeed 10  FileEndSpeed 5    12:53:52  03-10-2021
 File Completed:Yes Ln:59 Max: 80.00, 150.00, 10.00  Min: 5.00, 5.00,- 20.00  Offset:no  Brks=0  TBCs: 414.669, 230.099, 9.573  Props: 1.000, 1.000, 1.000
Last Complete  |Cut Mode|  Elapsed: 00:01:06  ConsoleMvSpeed 10  FileEndSpeed 5    14:48:08  03-10-2021
 File Completed:Yes Ln:59 Max: 80.00, 150.00, 10.00  Min: 5.00, 5.00,- 20.00  Offset:no  Brks=0  TBCs: 416.530, 231.864, 9.573  Props: 1.000, 1.000, 1.000
Last Complete  |Cut Mode|  Elapsed: 00:01:07  ConsoleMvSpeed 10  FileEndSpeed 5    14:57:31  03-10-2021
 File Completed:Yes Ln:59 Max: 80.00, 150.00, 10.00  Min: 5.00, 5.00,- 20.00  Offset:no  Brks=0  TBCs: 416.530, 231.864, 9.573  Props: 1.000, 1.000, 1.000
Last Complete  |Cut Mode|  Elapsed: 00:01:07  ConsoleMvSpeed 10  FileEndSpeed 5    15:03:23  03-10-2021
 File Completed:Yes Ln:59 Max: 80.00, 150.00, 10.00  Min: 5.00, 5.00,- 20.00  Offset:no  Brks=0  TBCs: 416.530, 231.864, 9.573  Props: 1.000, 1.000, 1.000
Last Complete  |Cut Mode|  Elapsed: 00:01:07  ConsoleMvSpeed 10  FileEndSpeed 5    15:10:35  03-10-2021
 File Completed:Yes Ln:59 Max: 80.00, 150.00, 10.00  Min: 5.00, 5.00,- 20.00  Offset:no  Brks=0  TBCs: 416.530, 231.864, 9.573  Props: 1.000, 1.000, 1.000
Last Complete  |Cut Mode|  Elapsed: 00:01:07  ConsoleMvSpeed 10  FileEndSpeed 5    15:17:06  03-10-2021
 File Completed:Yes Ln:59 Max: 80.00, 150.00, 10.00  Min: 5.00, 5.00,- 20.00  Offset:no  Brks=0  TBCs: 416.530, 231.864, 9.573  Props: 1.000, 1.000, 1.000
Last Not Complete Stopped@Line 23 |Cut Mode|  Elapsed: 00:00:30  ConsoleMvSpeed 10  FileEndSpeed 5    16:47:14  03-10-2021
 File Completed:No  Ln:23 Max: 20.00, 25.00, 0.00  Min: 5.00, 5.00,- 12.50  Offset:no  Brks=1  TBCs: 415.336, 229.654, 7.598  Props: 1.000, 1.000, 1.000
Last Not Complete Stopped@Line 23 |Cut Mode|  Elapsed: 00:00:03  ConsoleMvSpeed 10  FileEndSpeed 10    16:49:51  03-10-2021
 File Completed:No  Ln:23 Max: 15.53, 25.00, 406.40  Min: 15.53, 25.00,- 203.20  Offset:no  Brks=0  TBCs: 415.336, 229.654, 7.598  Props: 1.000, 1.000, 1.000
Last Not Complete Stopped@Line 54 |Cut Mode|  Elapsed: 00:01:06  ConsoleMvSpeed 10  FileEndSpeed 5    16:51:01  03-10-2021
 File Completed:No  Ln:54 Max: 20.00, 72.50, 3.60  Min: 5.00, 5.00,- 20.00  Offset:no  Brks=1  TBCs: 415.336, 229.654, 7.598  Props: 1.000, 1.000, 1.000
Last Complete  |Cut Mode|  Elapsed: 00:01:07  ConsoleMvSpeed 10  FileEndSpeed 5    16:57:42  03-10-2021
 File Completed:Yes Ln:59 Max: 80.00, 150.00, 10.00  Min: 5.00, 5.00,- 20.00  Offset:no  Brks=0  TBCs: 415.336, 229.654, 7.598  Props: 1.000, 1.000, 1.000
Last Complete  |Cut Mode|  Elapsed: 00:01:06  ConsoleMvSpeed 10  FileEndSpeed 5    17:03:57  03-10-2021
 File Completed:Yes Ln:59 Max: 80.00, 150.00, 10.00  Min: 5.00, 5.00,- 20.00  Offset:no  Brks=0  TBCs: 415.336, 229.654, 7.598  Props: 1.000, 1.000, 1.000
Last Complete  |Cut Mode|  Elapsed: 00:01:07  ConsoleMvSpeed 10  FileEndSpeed 5    17:29:53  03-10-2021
 File Completed:Yes Ln:59 Max: 80.00, 150.00, 10.00  Min: 5.00, 5.00,- 20.00  Offset:no  Brks=0  TBCs: 414.180, 229.800, 8.043  Props: 1.000, 1.000, 1.000
Last Complete  |Cut Mode|  Elapsed: 00:01:07  ConsoleMvSpeed 10  FileEndSpeed 5    17:37:34  03-10-2021
 File Completed:Yes Ln:59 Max: 80.00, 150.00, 10.00  Min: 5.00, 5.00,- 20.00  Offset:no  Brks=0  TBCs: 414.180, 229.800, 8.043  Props: 1.000, 1.000, 1.000
Last Complete  |Cut Mode|  Elapsed: 00:01:07  ConsoleMvSpeed 10  FileEndSpeed 5    17:42:01  03-10-2021
 File Completed:Yes Ln:59 Max: 80.00, 150.00, 10.00  Min: 5.00, 5.00,- 20.00  Offset:no  Brks=0  TBCs: 414.180, 229.800, 8.043  Props: 1.000, 1.000, 1.000
Last Complete  |Cut Mode|  Elapsed: 00:01:07  ConsoleMvSpeed 10  FileEndSpeed 5    17:47:16  03-10-2021
 File Completed:Yes Ln:59 Max: 80.00, 150.00, 10.00  Min: 5.00, 5.00,- 20.00  Offset:no  Brks=0  TBCs: 414.180, 229.800, 8.043  Props: 1.000, 1.000, 1.000
Last Complete  |Cut Mode|  Elapsed: 00:01:18  ConsoleMvSpeed 10  FileEndSpeed 5    13:37:51  03-24-2021
 File Completed:Yes Ln:59 Max: 80.00, 150.00, 10.00  Min: 5.00, 5.00,- 20.00  Offset:no  Brks=0  TBCs: 415.355, 233.191, 10.234  Props: 1.000, 1.000, 1.000
Last Not Complete Stopped@Line 1 |Cut Mode|  Elapsed: 00:00:01  ConsoleMvSpeed 10  FileEndSpeed 10    13:44:41  03-24-2021
 File Completed:No  Ln:1 Max: 0.00, 0.00, 0.00  Min: 0.00, 0.00, 0.00  Offset:no  Brks=1  TBCs: 416.580, 228.549, -26.755  Props: 1.000, 1.000, 1.000
Last Complete  |Cut Mode|  Elapsed: 00:01:07  ConsoleMvSpeed 10  FileEndSpeed 5    13:45:53  03-24-2021
 File Completed:Yes Ln:59 Max: 80.00, 150.00, 10.00  Min: 5.00, 5.00,- 20.00  Offset:no  Brks=0  TBCs: 416.580, 228.549, -26.755  Props: 1.000, 1.000, 1.000
