Last Not Complete Stopped@Line 67 |Cut Mode|  Elapsed: 00:00:51  ConsoleMvSpeed 10  FileEndSpeed 5    09:26:35  09-21-2021
 File Completed:No  Ln:67 Max: 20.00, 72.50, 10.00  Min: 5.00, 5.00,- 20.00  Offset:no  Brks=1  TBCs: 424.619, 225.349, -26.088  Props: 1.000, 1.000, 1.000
Last Complete  |Cut Mode|  Elapsed: 00:01:11  ConsoleMvSpeed 10  FileEndSpeed 5    09:44:31  09-21-2021
 File Completed:Yes Ln:81 Max: 20.00, 72.50, 10.00  Min: 5.00, 5.00,- 20.00  Offset:no  Brks=0  TBCs: 424.619, 225.349, -26.088  Props: 1.000, 1.000, 1.000
Last Not Complete Stopped@Line 67 |Cut Mode|  Elapsed: 00:00:59  ConsoleMvSpeed 10  FileEndSpeed 5    09:47:55  09-21-2021
 File Completed:No  Ln:67 Max: 20.00, 72.50, 10.00  Min: 5.00, 5.00,- 20.00  Offset:no  Brks=1  TBCs: 424.619, 225.349, -26.088  Props: 1.000, 1.000, 1.000
Last Complete  |Cut Mode|  Elapsed: 00:00:59  ConsoleMvSpeed 10  FileEndSpeed 5    09:59:34  09-21-2021
 File Completed:Yes Ln:81 Max: 20.00, 72.50, 10.00  Min: 5.00, 5.00,- 20.00  Offset:no  Brks=0  TBCs: 423.318, 227.076, -26.088  Props: 1.000, 1.000, 1.000
Last Complete  |Cut Mode|  Elapsed: 00:00:59  ConsoleMvSpeed 10  FileEndSpeed 5    10:05:51  09-21-2021
 File Completed:Yes Ln:81 Max: 20.00, 72.50, 10.00  Min: 5.00, 5.00,- 20.00  Offset:no  Brks=0  TBCs: 423.318, 227.076, -26.088  Props: 1.000, 1.000, 1.000
Last Complete  |Cut Mode|  Elapsed: 00:00:59  ConsoleMvSpeed 10  FileEndSpeed 5    10:12:49  09-21-2021
 File Completed:Yes Ln:81 Max: 20.00, 72.50, 10.00  Min: 5.00, 5.00,- 20.00  Offset:no  Brks=0  TBCs: 423.318, 227.076, -26.088  Props: 1.000, 1.000, 1.000
Last Complete  |Cut Mode|  Elapsed: 00:00:59  ConsoleMvSpeed 10  FileEndSpeed 5    10:19:12  09-21-2021
 File Completed:Yes Ln:81 Max: 20.00, 72.50, 10.00  Min: 5.00, 5.00,- 20.00  Offset:no  Brks=0  TBCs: 423.318, 227.076, -26.088  Props: 1.000, 1.000, 1.000
Last Complete  |Cut Mode|  Elapsed: 00:00:59  ConsoleMvSpeed 10  FileEndSpeed 5    10:25:33  09-21-2021
 File Completed:Yes Ln:81 Max: 20.00, 72.50, 10.00  Min: 5.00, 5.00,- 20.00  Offset:no  Brks=0  TBCs: 423.318, 227.076, -26.088  Props: 1.000, 1.000, 1.000
Last Complete  |Cut Mode|  Elapsed: 00:00:59  ConsoleMvSpeed 10  FileEndSpeed 5    10:31:41  09-21-2021
 File Completed:Yes Ln:81 Max: 20.00, 72.50, 10.00  Min: 5.00, 5.00,- 20.00  Offset:no  Brks=0  TBCs: 423.318, 227.076, -26.088  Props: 1.000, 1.000, 1.000
Last Complete  |Cut Mode|  Elapsed: 00:00:59  ConsoleMvSpeed 10  FileEndSpeed 5    10:50:31  09-21-2021
 File Completed:Yes Ln:81 Max: 20.00, 72.50, 10.00  Min: 5.00, 5.00,- 20.00  Offset:no  Brks=0  TBCs: 423.318, 227.076, -26.088  Props: 1.000, 1.000, 1.000
Last Complete  |Cut Mode|  Elapsed: 00:00:59  ConsoleMvSpeed 10  FileEndSpeed 5    10:57:08  09-21-2021
 File Completed:Yes Ln:81 Max: 20.00, 72.50, 10.00  Min: 5.00, 5.00,- 20.00  Offset:no  Brks=0  TBCs: 423.318, 227.076, -26.088  Props: 1.000, 1.000, 1.000
Last Not Complete Stopped@Line 1 |Cut Mode|  Elapsed: 00:00:05  ConsoleMvSpeed 10  FileEndSpeed 5    11:02:28  09-21-2021
 File Completed:No  Ln:1 Max: 80.00, 150.00, 10.00  Min: 5.00, 5.00, 10.00  Offset:no  Brks=1  TBCs: 423.318, 227.076, -26.088  Props: 1.000, 1.000, 1.000
Last Complete  |Cut Mode|  Elapsed: 00:00:59  ConsoleMvSpeed 10  FileEndSpeed 5    11:03:48  09-21-2021
 File Completed:Yes Ln:81 Max: 20.00, 72.50, 10.00  Min: 5.00, 5.00,- 20.00  Offset:no  Brks=0  TBCs: 423.318, 227.076, -26.088  Props: 1.000, 1.000, 1.000
Last Complete  |Cut Mode|  Elapsed: 00:00:59  ConsoleMvSpeed 10  FileEndSpeed 5    11:10:09  09-21-2021
 File Completed:Yes Ln:81 Max: 20.00, 72.50, 10.00  Min: 5.00, 5.00,- 20.00  Offset:no  Brks=0  TBCs: 423.318, 227.076, -26.088  Props: 1.000, 1.000, 1.000
Last Complete  |Cut Mode|  Elapsed: 00:00:59  ConsoleMvSpeed 10  FileEndSpeed 5    11:16:12  09-21-2021
 File Completed:Yes Ln:81 Max: 20.00, 72.50, 10.00  Min: 5.00, 5.00,- 20.00  Offset:no  Brks=0  TBCs: 423.318, 227.076, -26.088  Props: 1.000, 1.000, 1.000
Last Complete  |Cut Mode|  Elapsed: 00:00:59  ConsoleMvSpeed 10  FileEndSpeed 5    11:22:21  09-21-2021
 File Completed:Yes Ln:81 Max: 20.00, 72.50, 10.00  Min: 5.00, 5.00,- 20.00  Offset:no  Brks=0  TBCs: 423.318, 227.076, -26.088  Props: 1.000, 1.000, 1.000
Last Complete  |Cut Mode|  Elapsed: 00:00:58  ConsoleMvSpeed 10  FileEndSpeed 5    11:46:55  09-21-2021
 File Completed:Yes Ln:81 Max: 20.00, 72.50, 10.00  Min: 5.00, 5.00,- 20.00  Offset:no  Brks=0  TBCs: 423.318, 227.076, -26.088  Props: 1.000, 1.000, 1.000
Last Complete  |Cut Mode|  Elapsed: 00:00:58  ConsoleMvSpeed 10  FileEndSpeed 5    11:53:44  09-21-2021
 File Completed:Yes Ln:81 Max: 20.00, 72.50, 10.00  Min: 5.00, 5.00,- 20.00  Offset:no  Brks=0  TBCs: 423.318, 227.076, -26.088  Props: 1.000, 1.000, 1.000
Last Complete  |Cut Mode|  Elapsed: 00:00:59  ConsoleMvSpeed 10  FileEndSpeed 5    12:00:29  09-21-2021
 File Completed:Yes Ln:81 Max: 20.00, 72.50, 10.00  Min: 5.00, 5.00,- 20.00  Offset:no  Brks=0  TBCs: 423.318, 227.076, -26.088  Props: 1.000, 1.000, 1.000
Last Complete  |Cut Mode|  Elapsed: 00:00:59  ConsoleMvSpeed 10  FileEndSpeed 5    12:06:40  09-21-2021
 File Completed:Yes Ln:81 Max: 20.00, 72.50, 10.00  Min: 5.00, 5.00,- 20.00  Offset:no  Brks=0  TBCs: 423.318, 227.076, -26.088  Props: 1.000, 1.000, 1.000
Last Complete  |Cut Mode|  Elapsed: 00:00:58  ConsoleMvSpeed 10  FileEndSpeed 5    12:13:10  09-21-2021
 File Completed:Yes Ln:81 Max: 20.00, 72.50, 10.00  Min: 5.00, 5.00,- 20.00  Offset:no  Brks=0  TBCs: 423.318, 227.076, -26.088  Props: 1.000, 1.000, 1.000
Last Complete  |Cut Mode|  Elapsed: 00:00:59  ConsoleMvSpeed 10  FileEndSpeed 5    12:19:39  09-21-2021
 File Completed:Yes Ln:81 Max: 20.00, 72.50, 10.00  Min: 5.00, 5.00,- 20.00  Offset:no  Brks=0  TBCs: 423.318, 227.076, -26.088  Props: 1.000, 1.000, 1.000
Last Complete  |Cut Mode|  Elapsed: 00:00:59  ConsoleMvSpeed 10  FileEndSpeed 5    13:36:51  09-21-2021
 File Completed:Yes Ln:81 Max: 20.00, 72.50, 10.00  Min: 5.00, 5.00,- 20.00  Offset:no  Brks=0  TBCs: 423.318, 227.076, -26.088  Props: 1.000, 1.000, 1.000
Last Complete  |Cut Mode|  Elapsed: 00:00:59  ConsoleMvSpeed 10  FileEndSpeed 5    13:43:02  09-21-2021
 File Completed:Yes Ln:81 Max: 20.00, 72.50, 10.00  Min: 5.00, 5.00,- 20.00  Offset:no  Brks=0  TBCs: 423.318, 227.076, -26.088  Props: 1.000, 1.000, 1.000
Last Complete  |Cut Mode|  Elapsed: 00:00:59  ConsoleMvSpeed 10  FileEndSpeed 5    13:48:53  09-21-2021
 File Completed:Yes Ln:81 Max: 20.00, 72.50, 10.00  Min: 5.00, 5.00,- 20.00  Offset:no  Brks=0  TBCs: 423.318, 227.076, -26.088  Props: 1.000, 1.000, 1.000
Last Complete  |Cut Mode|  Elapsed: 00:00:59  ConsoleMvSpeed 10  FileEndSpeed 5    13:55:03  09-21-2021
 File Completed:Yes Ln:81 Max: 20.00, 72.50, 10.00  Min: 5.00, 5.00,- 20.00  Offset:no  Brks=0  TBCs: 423.318, 227.076, -26.088  Props: 1.000, 1.000, 1.000
Last Complete  |Cut Mode|  Elapsed: 00:00:58  ConsoleMvSpeed 10  FileEndSpeed 5    14:01:08  09-21-2021
 File Completed:Yes Ln:81 Max: 20.00, 72.50, 10.00  Min: 5.00, 5.00,- 20.00  Offset:no  Brks=0  TBCs: 423.318, 227.076, -26.088  Props: 1.000, 1.000, 1.000
Last Complete  |Cut Mode|  Elapsed: 00:00:59  ConsoleMvSpeed 10  FileEndSpeed 5    14:07:07  09-21-2021
 File Completed:Yes Ln:81 Max: 20.00, 72.50, 10.00  Min: 5.00, 5.00,- 20.00  Offset:no  Brks=0  TBCs: 423.318, 227.076, -26.088  Props: 1.000, 1.000, 1.000
Last Complete  |Cut Mode|  Elapsed: 00:00:59  ConsoleMvSpeed 10  FileEndSpeed 5    14:34:01  09-21-2021
 File Completed:Yes Ln:81 Max: 20.00, 72.50, 10.00  Min: 5.00, 5.00,- 20.00  Offset:no  Brks=0  TBCs: 423.318, 227.076, -26.088  Props: 1.000, 1.000, 1.000
Last Complete  |Cut Mode|  Elapsed: 00:00:59  ConsoleMvSpeed 10  FileEndSpeed 5    14:40:58  09-21-2021
 File Completed:Yes Ln:81 Max: 20.00, 72.50, 10.00  Min: 5.00, 5.00,- 20.00  Offset:no  Brks=0  TBCs: 423.318, 227.076, -26.088  Props: 1.000, 1.000, 1.000
Last Complete  |Cut Mode|  Elapsed: 00:00:59  ConsoleMvSpeed 10  FileEndSpeed 5    14:46:57  09-21-2021
 File Completed:Yes Ln:81 Max: 20.00, 72.50, 10.00  Min: 5.00, 5.00,- 20.00  Offset:no  Brks=0  TBCs: 423.318, 227.076, -26.088  Props: 1.000, 1.000, 1.000
Last Complete  |Cut Mode|  Elapsed: 00:00:58  ConsoleMvSpeed 10  FileEndSpeed 5    14:53:18  09-21-2021
 File Completed:Yes Ln:81 Max: 20.00, 72.50, 10.00  Min: 5.00, 5.00,- 20.00  Offset:no  Brks=0  TBCs: 423.318, 227.076, -26.088  Props: 1.000, 1.000, 1.000
Last Complete  |Cut Mode|  Elapsed: 00:00:59  ConsoleMvSpeed 10  FileEndSpeed 5    15:07:04  09-21-2021
 File Completed:Yes Ln:81 Max: 20.00, 72.50, 10.00  Min: 5.00, 5.00,- 20.00  Offset:no  Brks=0  TBCs: 423.318, 227.076, -26.088  Props: 1.000, 1.000, 1.000
Last Complete  |Cut Mode|  Elapsed: 00:00:59  ConsoleMvSpeed 10  FileEndSpeed 5    15:13:07  09-21-2021
 File Completed:Yes Ln:81 Max: 20.00, 72.50, 10.00  Min: 5.00, 5.00,- 20.00  Offset:no  Brks=0  TBCs: 423.318, 227.076, -26.088  Props: 1.000, 1.000, 1.000
Last Complete  |Cut Mode|  Elapsed: 00:00:59  ConsoleMvSpeed 10  FileEndSpeed 5    15:25:03  09-21-2021
 File Completed:Yes Ln:81 Max: 20.00, 72.50, 10.00  Min: 5.00, 5.00,- 20.00  Offset:no  Brks=0  TBCs: 423.318, 227.076, -26.088  Props: 1.000, 1.000, 1.000
Last Complete  |Cut Mode|  Elapsed: 00:00:59  ConsoleMvSpeed 10  FileEndSpeed 5    15:32:17  09-21-2021
 File Completed:Yes Ln:81 Max: 20.00, 72.50, 10.00  Min: 5.00, 5.00,- 20.00  Offset:no  Brks=0  TBCs: 423.318, 227.076, -26.088  Props: 1.000, 1.000, 1.000
Last Not Complete Stopped@Line 67 |Cut Mode|  Elapsed: 00:00:52  ConsoleMvSpeed 10  FileEndSpeed 5    15:38:14  09-21-2021
 File Completed:No  Ln:67 Max: 20.00, 72.50, 10.00  Min: 5.00, 5.00,- 20.00  Offset:no  Brks=1  TBCs: 423.318, 227.076, -26.088  Props: 1.000, 1.000, 1.000
Last Complete  |Cut Mode|  Elapsed: 00:00:58  ConsoleMvSpeed 10  FileEndSpeed 5    15:43:49  09-21-2021
 File Completed:Yes Ln:81 Max: 20.00, 72.50, 10.00  Min: 5.00, 5.00,- 20.00  Offset:no  Brks=0  TBCs: 423.318, 227.076, -26.088  Props: 1.000, 1.000, 1.000
Last Complete  |Cut Mode|  Elapsed: 00:00:58  ConsoleMvSpeed 10  FileEndSpeed 5    15:49:57  09-21-2021
 File Completed:Yes Ln:81 Max: 20.00, 72.50, 10.00  Min: 5.00, 5.00,- 20.00  Offset:no  Brks=0  TBCs: 423.318, 227.076, -26.088  Props: 1.000, 1.000, 1.000
Last Complete  |Cut Mode|  Elapsed: 00:00:59  ConsoleMvSpeed 10  FileEndSpeed 5    15:56:54  09-21-2021
 File Completed:Yes Ln:81 Max: 20.00, 72.50, 10.00  Min: 5.00, 5.00,- 20.00  Offset:no  Brks=0  TBCs: 423.318, 227.076, -26.088  Props: 1.000, 1.000, 1.000
Last Complete  |Cut Mode|  Elapsed: 00:00:59  ConsoleMvSpeed 10  FileEndSpeed 5    16:03:02  09-21-2021
 File Completed:Yes Ln:81 Max: 20.00, 72.50, 10.00  Min: 5.00, 5.00,- 20.00  Offset:no  Brks=0  TBCs: 423.318, 227.076, -26.088  Props: 1.000, 1.000, 1.000
