Last Not Complete Stopped@Line 43 |Cut Mode|  Elapsed: 00:00:18  ConsoleMvSpeed 10  FileEndSpeed 5.00    15:32:09  10-01-2021
 File Completed:No  Ln:43 Max: 0.00, 72.50, 0.00  Min: 0.00, 72.50, 0.00  Offset:no  Brks=0  TBCs: 422.378, 227.711, -25.625  Props: 1.000, 1.000, 1.000
Last Not Complete Stopped@Line 1 |Cut Mode|  Elapsed: 00:00:18  ConsoleMvSpeed 10  FileEndSpeed 10.00    15:34:22  10-01-2021
 File Completed:No  Ln:1 Max: 0.00, 72.50, 0.00  Min: 0.00, 72.50, 0.00  Offset:no  Brks=0  TBCs: 422.378, 227.711, -25.625  Props: 1.000, 1.000, 1.000
Last Not Complete Stopped@Line 1 |Cut Mode|  Elapsed: 00:00:18  ConsoleMvSpeed 10  FileEndSpeed 10.00    15:35:15  10-01-2021
 File Completed:No  Ln:1 Max: 0.00, 72.50, 0.00  Min: 0.00, 72.50, 0.00  Offset:no  Brks=0  TBCs: 422.378, 227.711, -25.625  Props: 1.000, 1.000, 1.000
Last Not Complete Stopped@Line 1 |Cut Mode|  Elapsed: 00:00:18  ConsoleMvSpeed 10  FileEndSpeed 10.00    15:35:39  10-01-2021
 File Completed:No  Ln:1 Max: 0.00, 72.50, 0.00  Min: 0.00, 72.50, 0.00  Offset:no  Brks=0  TBCs: 422.378, 227.711, -25.625  Props: 1.000, 1.000, 1.000
Last Not Complete Stopped@Line 49 |Cut Mode|  Elapsed: 00:00:27  ConsoleMvSpeed 10  FileEndSpeed 10.00    15:36:45  10-01-2021
 File Completed:No  Ln:49 Max: 0.00, 72.50, 0.00  Min: 0.00, 72.50,- 24.00  Offset:no  Brks=1  TBCs: 422.378, 227.711, -25.625  Props: 1.000, 1.000, 1.000
Last Complete  |Cut Mode|  Elapsed: 00:02:40  ConsoleMvSpeed 10  FileEndSpeed 10.00    15:41:04  10-01-2021
 File Completed:Yes Ln:97 Max: 80.00, 150.00, 10.00  Min: 0.00, 25.00,- 24.00  Offset:no  Brks=0  TBCs: 422.378, 227.711, -25.625  Props: 1.000, 1.000, 1.000
Last Not Complete Stopped@Line 96 |Cut Mode|  Elapsed: 00:00:56  ConsoleMvSpeed 10  FileEndSpeed 10.00    15:45:03  10-01-2021
 File Completed:No  Ln:96 Max: 0.00, 150.00, 10.00  Min: 0.00, 25.00,- 24.00  Offset:no  Brks=1  TBCs: 422.378, 227.711, -25.625  Props: 1.000, 1.000, 1.000
Last Not Complete Stopped@Line 70 |Cut Mode|  Elapsed: 00:00:46  ConsoleMvSpeed 10  FileEndSpeed 10.00    15:46:51  10-01-2021
 File Completed:No  Ln:70 Max: 0.00, 50.00, 10.00  Min: 0.00, 40.00,- 24.00  Offset:no  Brks=1  TBCs: 422.378, 227.711, -25.625  Props: 1.000, 1.000, 1.000
Last Not Complete Stopped@Line 96 |Cut Mode|  Elapsed: 00:00:41  ConsoleMvSpeed 10  FileEndSpeed 10.00    15:49:04  10-01-2021
 File Completed:No  Ln:96 Max: 0.00, 150.00, 10.00  Min: 0.00, 25.00,- 24.00  Offset:no  Brks=1  TBCs: 422.378, 227.711, -25.625  Props: 1.000, 1.000, 1.000
Last Not Complete Stopped@Line 96 |Cut Mode|  Elapsed: 00:01:21  ConsoleMvSpeed 10  FileEndSpeed 10.00    15:50:56  10-01-2021
 File Completed:No  Ln:96 Max: 0.00, 150.00, 10.00  Min: 0.00, 20.00,- 24.00  Offset:no  Brks=1  TBCs: 422.378, 227.711, -25.625  Props: 1.000, 1.000, 1.000
Last Not Complete Stopped@Line 97 |Cut Mode|  Elapsed: 00:01:16  ConsoleMvSpeed 10  FileEndSpeed 10.00    15:52:52  10-01-2021
 File Completed:No  Ln:97 Max: 80.00, 150.00, 10.00  Min: 0.00, 25.00,- 24.00  Offset:no  Brks=1  TBCs: 422.378, 227.711, -25.625  Props: 1.000, 1.000, 1.000
Last Complete  |Cut Mode|  Elapsed: 00:00:50  ConsoleMvSpeed 10  FileEndSpeed 10.00    15:54:17  10-01-2021
 File Completed:Yes Ln:60 Max: 80.00, 150.00, 10.00  Min: 64.95, 50.00,- 24.00  Offset:no  Brks=0  TBCs: 422.378, 227.711, -25.625  Props: 1.000, 1.000, 1.000
Last Complete  |Cut Mode|  Elapsed: 00:00:29  ConsoleMvSpeed 10  FileEndSpeed 10.00    15:55:34  10-01-2021
 File Completed:Yes Ln:60 Max: 80.00, 150.00, 10.00  Min: 12.00, 50.00,- 24.00  Offset:no  Brks=0  TBCs: 422.378, 227.711, -25.625  Props: 1.000, 1.000, 1.000
Last Not Complete Stopped@Line 43 |Cut Mode|  Elapsed: 00:00:08  ConsoleMvSpeed 10  FileEndSpeed 10.00    15:56:01  10-01-2021
 File Completed:No  Ln:43 Max: 80.00, 127.06, 10.00  Min: 80.00, 50.00, 10.00  Offset:no  Brks=1  TBCs: 422.378, 227.711, -25.625  Props: 1.000, 1.000, 1.000
Last Not Complete Stopped@Line 60 |Cut Mode|  Elapsed: 00:00:31  ConsoleMvSpeed 10  FileEndSpeed 10.00    15:57:01  10-01-2021
 File Completed:No  Ln:60 Max: 80.00, 150.00, 10.00  Min: 12.00, 50.00,- 24.00  Offset:no  Brks=1  TBCs: 422.378, 227.711, -25.625  Props: 1.000, 1.000, 1.000
Last Complete  |Cut Mode|  Elapsed: 00:00:31  ConsoleMvSpeed 10  FileEndSpeed 10.00    15:58:03  10-01-2021
 File Completed:Yes Ln:57 Max: 12.00, 53.00, 10.00  Min: 12.00, 50.00,- 24.00  Offset:no  Brks=0  TBCs: 422.378, 227.711, -25.625  Props: 1.000, 1.000, 1.000
Last Complete  |Cut Mode|  Elapsed: 00:00:29  ConsoleMvSpeed 10  FileEndSpeed 10.00    15:58:44  10-01-2021
 File Completed:Yes Ln:57 Max: 12.00, 53.00, 10.00  Min: 12.00, 50.00,- 24.00  Offset:no  Brks=0  TBCs: 422.378, 227.711, -25.625  Props: 1.000, 1.000, 1.000
Last Complete  |Cut Mode|  Elapsed: 00:00:20  ConsoleMvSpeed 10  FileEndSpeed 10.00    15:59:41  10-01-2021
 File Completed:Yes Ln:58 Max: 12.00, 53.00, 10.00  Min: 12.00, 50.00,- 24.00  Offset:no  Brks=0  TBCs: 422.378, 227.711, -25.625  Props: 1.000, 1.000, 1.000
Last Complete  |Cut Mode|  Elapsed: 00:00:36  ConsoleMvSpeed 10  FileEndSpeed 10.00    16:21:43  10-01-2021
 File Completed:Yes Ln:58 Max: 12.00, 53.00, 10.00  Min: 12.00, 50.00,- 24.00  Offset:no  Brks=0  TBCs: 422.378, 227.711, -25.625  Props: 1.000, 1.000, 1.000
Last Complete  |Cut Mode|  Elapsed: 00:00:36  ConsoleMvSpeed 10  FileEndSpeed 10.00    16:22:57  10-01-2021
 File Completed:Yes Ln:59 Max: 12.00, 53.00, 10.00  Min: 12.00, 50.00,- 24.00  Offset:no  Brks=0  TBCs: 422.378, 227.711, -25.625  Props: 1.000, 1.000, 1.000
Last Complete  |Cut Mode|  Elapsed: 00:00:43  ConsoleMvSpeed 10  FileEndSpeed 10.00    16:27:06  10-01-2021
 File Completed:Yes Ln:58 Max: 12.00, 53.00, 10.00  Min: 12.00, 50.00,- 24.00  Offset:no  Brks=0  TBCs: 422.378, 227.711, -25.625  Props: 1.000, 1.000, 1.000
Last Complete  |Cut Mode|  Elapsed: 00:00:23  ConsoleMvSpeed 10  FileEndSpeed 10.00    16:28:10  10-01-2021
 File Completed:Yes Ln:58 Max: 12.00, 53.00, 10.00  Min: 12.00, 50.00,- 24.00  Offset:no  Brks=0  TBCs: 422.378, 227.711, -25.625  Props: 1.000, 1.000, 1.000
Last Complete  |Cut Mode|  Elapsed: 00:00:17  ConsoleMvSpeed 10  FileEndSpeed 10.00    16:30:12  10-01-2021
 File Completed:Yes Ln:58 Max: 12.00, 53.00, 10.00  Min: 12.00, 50.00,- 24.00  Offset:no  Brks=0  TBCs: 422.378, 227.711, -25.625  Props: 1.000, 1.000, 1.000
Last Complete  |Cut Mode|  Elapsed: 00:00:16  ConsoleMvSpeed 10  FileEndSpeed 10.00    16:31:48  10-01-2021
 File Completed:Yes Ln:58 Max: 12.00, 53.00, 10.00  Min: 12.00, 50.00,- 24.00  Offset:no  Brks=0  TBCs: 422.378, 227.711, -25.625  Props: 1.000, 1.000, 1.000
Last Complete  |Cut Mode|  Elapsed: 00:00:18  ConsoleMvSpeed 10  FileEndSpeed 10.00    16:32:52  10-01-2021
 File Completed:Yes Ln:59 Max: 12.00, 53.00, 10.00  Min: 12.00, 50.00,- 24.00  Offset:no  Brks=0  TBCs: 422.378, 227.711, -25.625  Props: 1.000, 1.000, 1.000
Last Not Complete Stopped@Line 1 |Cut Mode|  Elapsed: 00:00:03  ConsoleMvSpeed 10  FileEndSpeed 10.00    16:33:48  10-01-2021
 File Completed:No  Ln:1 Max: 12.00, 53.00, 10.00  Min: 12.00, 50.00,- 24.00  Offset:no  Brks=1  TBCs: 422.378, 227.711, -25.625  Props: 1.000, 1.000, 1.000
Last Complete  |Cut Mode|  Elapsed: 00:00:17  ConsoleMvSpeed 10  FileEndSpeed 10.00    16:34:49  10-01-2021
 File Completed:Yes Ln:61 Max: 12.00, 53.00, 10.00  Min: 12.00, 50.00,- 24.00  Offset:no  Brks=0  TBCs: 422.378, 227.711, -25.625  Props: 1.000, 1.000, 1.000
Last Complete  |Cut Mode|  Elapsed: 00:00:16  ConsoleMvSpeed 10  FileEndSpeed 10.00    16:35:27  10-01-2021
 File Completed:Yes Ln:64 Max: 12.00, 53.00, 10.00  Min: 12.00, 50.00,- 24.00  Offset:no  Brks=0  TBCs: 422.378, 227.711, -25.625  Props: 1.000, 1.000, 1.000
Last Complete  |Cut Mode|  Elapsed: 00:00:31  ConsoleMvSpeed 10  FileEndSpeed 10    16:36:49  10-01-2021
 File Completed:Yes Ln:64 Max: 12.00, 53.00, 10.00  Min: 12.00, 50.00,- 24.00  Offset:no  Brks=0  TBCs: 422.378, 227.711, -25.625  Props: 1.000, 1.000, 1.000
Last Not Complete Stopped@Line 55 |Cut Mode|  Elapsed: 00:01:18  ConsoleMvSpeed 10  FileEndSpeed 10    16:40:20  10-01-2021
 File Completed:No  Ln:55 Max: 12.00, 62.00, 10.00  Min: 12.00, 50.00,- 24.00  Offset:no  Brks=1  TBCs: 422.378, 227.711, -25.625  Props: 1.000, 1.000, 1.000
Last Not Complete Stopped@Line 64 |Cut Mode|  Elapsed: 00:00:23  ConsoleMvSpeed 10  FileEndSpeed 10    16:41:23  10-01-2021
 File Completed:No  Ln:64 Max: 12.00, 150.00, 10.00  Min: 12.00, 50.00,- 24.00  Offset:no  Brks=1  TBCs: 422.378, 227.711, -25.625  Props: 1.000, 1.000, 1.000
Last Not Complete Stopped@Line 55 |Cut Mode|  Elapsed: 00:00:56  ConsoleMvSpeed 10  FileEndSpeed 10    16:43:15  10-01-2021
 File Completed:No  Ln:55 Max: 12.00, 56.00, 10.00  Min: 12.00, 50.00,- 24.00  Offset:no  Brks=1  TBCs: 422.378, 227.711, -25.625  Props: 1.000, 1.000, 1.000
Last Complete  |Cut Mode|  Elapsed: 00:00:15  ConsoleMvSpeed 10  FileEndSpeed 10    16:44:00  10-01-2021
 File Completed:Yes Ln:63 Max: 12.00, 53.00, 0.00  Min: 12.00, 50.00,- 24.00  Offset:no  Brks=0  TBCs: 422.378, 227.711, -25.625  Props: 1.000, 1.000, 1.000
Last Complete  |Cut Mode|  Elapsed: 00:00:12  ConsoleMvSpeed 10  FileEndSpeed 10    16:45:33  10-01-2021
 File Completed:Yes Ln:63 Max: 12.00, 53.00,- 20.00  Min: 12.00, 50.00,- 24.00  Offset:no  Brks=0  TBCs: 422.378, 227.711, -25.625  Props: 1.000, 1.000, 1.000
Last Complete  |Cut Mode|  Elapsed: 00:00:12  ConsoleMvSpeed 10  FileEndSpeed 10    16:46:23  10-01-2021
 File Completed:Yes Ln:63 Max: 12.00, 53.00,- 20.00  Min: 12.00, 50.00,- 24.00  Offset:no  Brks=0  TBCs: 422.378, 227.711, -25.625  Props: 1.000, 1.000, 1.000
Last Complete  |Cut Mode|  Elapsed: 00:00:20  ConsoleMvSpeed 10  FileEndSpeed 10    16:46:59  10-01-2021
 File Completed:Yes Ln:63 Max: 12.00, 53.00,- 20.00  Min: 12.00, 50.00,- 24.00  Offset:no  Brks=0  TBCs: 422.378, 227.711, -25.625  Props: 1.000, 1.000, 1.000
Last Complete  |Cut Mode|  Elapsed: 00:00:33  ConsoleMvSpeed 10  FileEndSpeed 10    16:47:49  10-01-2021
 File Completed:Yes Ln:63 Max: 12.00, 59.00,- 20.00  Min: 12.00, 50.00,- 24.00  Offset:no  Brks=0  TBCs: 422.378, 227.711, -25.625  Props: 1.000, 1.000, 1.000
Last Complete  |Cut Mode|  Elapsed: 00:03:21  ConsoleMvSpeed 10  FileEndSpeed 10    16:51:40  10-01-2021
 File Completed:Yes Ln:63 Max: 12.00, 71.00,- 4.00  Min: 12.00, 50.00,- 24.00  Offset:no  Brks=0  TBCs: 422.378, 227.711, -25.625  Props: 1.000, 1.000, 1.000
Last Complete  |Cut Mode|  Elapsed: 00:00:19  ConsoleMvSpeed 10  FileEndSpeed 10    16:52:34  10-01-2021
 File Completed:Yes Ln:63 Max: 12.00, 56.00,- 4.00  Min: 12.00, 50.00,- 24.00  Offset:no  Brks=0  TBCs: 422.378, 227.711, -25.625  Props: 1.000, 1.000, 1.000
Last Complete  |Cut Mode|  Elapsed: 00:00:19  ConsoleMvSpeed 10  FileEndSpeed 10    16:53:06  10-01-2021
 File Completed:Yes Ln:63 Max: 12.00, 56.00,- 20.00  Min: 12.00, 50.00,- 24.00  Offset:no  Brks=0  TBCs: 422.378, 227.711, -25.625  Props: 1.000, 1.000, 1.000
Last Complete  |Cut Mode|  Elapsed: 00:00:15  ConsoleMvSpeed 10  FileEndSpeed 10    16:53:55  10-01-2021
 File Completed:Yes Ln:63 Max: 12.00, 56.00,- 20.00  Min: 12.00, 50.00,- 24.00  Offset:no  Brks=0  TBCs: 422.378, 227.711, -25.625  Props: 1.000, 1.000, 1.000
Last Complete  |Cut Mode|  Elapsed: 00:00:21  ConsoleMvSpeed 10  FileEndSpeed 10    16:54:32  10-01-2021
 File Completed:Yes Ln:63 Max: 12.00, 56.00,- 20.00  Min: 12.00, 50.00,- 24.00  Offset:no  Brks=0  TBCs: 422.378, 227.711, -25.625  Props: 1.000, 1.000, 1.000
Last Not Complete Stopped@Line 55 |Cut Mode|  Elapsed: 00:00:24  ConsoleMvSpeed 10  FileEndSpeed 10    16:56:38  10-01-2021
 File Completed:No  Ln:55 Max: 12.00, 56.00, 0.00  Min: 12.00, 50.00,- 24.00  Offset:no  Brks=1  TBCs: 422.378, 227.711, -25.625  Props: 1.000, 1.000, 1.000
Last Complete  |Cut Mode|  Elapsed: 00:00:18  ConsoleMvSpeed 10  FileEndSpeed 10    16:57:09  10-01-2021
 File Completed:Yes Ln:63 Max: 12.00, 56.00, 0.00  Min: 12.00, 50.00,- 24.00  Offset:no  Brks=0  TBCs: 422.378, 227.711, -25.625  Props: 1.000, 1.000, 1.000
Last Complete  |Cut Mode|  Elapsed: 00:00:39  ConsoleMvSpeed 10  FileEndSpeed 10    16:59:00  10-01-2021
 File Completed:Yes Ln:115 Max: 12.00, 56.00, 0.00  Min: 12.00, 10.00,- 24.00  Offset:no  Brks=0  TBCs: 422.378, 227.711, -25.625  Props: 1.000, 1.000, 1.000
Last Not Complete Stopped@Line 62 |Cut Mode|  Elapsed: 00:00:24  ConsoleMvSpeed 10  FileEndSpeed 10    17:00:31  10-01-2021
 File Completed:No  Ln:62 Max: 12.00, 56.00, 0.00  Min: 12.00, 50.00,- 24.00  Offset:no  Brks=1  TBCs: 422.378, 227.711, -25.625  Props: 1.000, 1.000, 1.000
Last Complete  |Cut Mode|  Elapsed: 00:00:19  ConsoleMvSpeed 10  FileEndSpeed 10    17:01:18  10-01-2021
 File Completed:Yes Ln:63 Max: 12.00, 45.00, 0.00  Min: 12.00, 35.00,- 24.00  Offset:no  Brks=0  TBCs: 422.378, 227.711, -25.625  Props: 1.000, 1.000, 1.000
Last Complete  |Cut Mode|  Elapsed: 00:00:13  ConsoleMvSpeed 10  FileEndSpeed 10    17:05:32  10-01-2021
 File Completed:Yes Ln:63 Max: 12.00, 25.00,- 12.50  Min: 12.00, 5.00,- 20.00  Offset:no  Brks=0  TBCs: 422.378, 227.711, -25.625  Props: 1.000, 1.000, 1.000
Last Complete  |Cut Mode|  Elapsed: 00:02:49  ConsoleMvSpeed 10  FileEndSpeed 10    17:08:50  10-01-2021
 File Completed:Yes Ln:115 Max: 12.00, 71.00,- 4.00  Min: 12.00, 5.00,- 24.00  Offset:no  Brks=0  TBCs: 422.378, 227.711, -25.625  Props: 1.000, 1.000, 1.000
Last Not Complete Stopped@Line 73 |Cut Mode|  Elapsed: 00:02:11  ConsoleMvSpeed 10  FileEndSpeed 10    17:12:07  10-01-2021
 File Completed:No  Ln:73 Max: 12.00, 71.00, 0.00  Min: 12.00, 40.00,- 24.00  Offset:no  Brks=1  TBCs: 422.378, 227.711, -25.625  Props: 1.000, 1.000, 1.000
Last Complete  |Cut Mode|  Elapsed: 00:00:51  ConsoleMvSpeed 10  FileEndSpeed 10    17:14:12  10-01-2021
 File Completed:Yes Ln:106 Max: 12.00, 59.00, 0.00  Min: 12.00, 5.00,- 24.00  Offset:no  Brks=0  TBCs: 422.378, 227.711, -25.625  Props: 1.000, 1.000, 1.000
Last Complete  |Cut Mode|  Elapsed: 00:00:28  ConsoleMvSpeed 10  FileEndSpeed 10    17:16:09  10-01-2021
 File Completed:Yes Ln:106 Max: 12.00, 50.00,- 12.50  Min: 12.00, 25.00,- 24.00  Offset:no  Brks=0  TBCs: 422.378, 227.711, -25.625  Props: 1.000, 1.000, 1.000
Last Complete  |Cut Mode|  Elapsed: 00:00:21  ConsoleMvSpeed 10  FileEndSpeed 10    17:16:51  10-01-2021
 File Completed:Yes Ln:60 Max: 12.00, 45.00,- 12.50  Min: 12.00, 30.00,- 20.00  Offset:no  Brks=0  TBCs: 422.378, 227.711, -25.625  Props: 1.000, 1.000, 1.000
Last Complete  |Cut Mode|  Elapsed: 00:00:21  ConsoleMvSpeed 10  FileEndSpeed 10    17:18:07  10-01-2021
 File Completed:Yes Ln:64 Max: 12.00, 45.00,- 16.00  Min: 12.00, 30.00,- 20.00  Offset:no  Brks=0  TBCs: 422.378, 227.711, -25.625  Props: 1.000, 1.000, 1.000
Last Complete  |Cut Mode|  Elapsed: 00:00:21  ConsoleMvSpeed 10  FileEndSpeed 10    17:19:04  10-01-2021
 File Completed:Yes Ln:60 Max: 12.00, 45.00,- 16.00  Min: 12.00, 30.00,- 20.00  Offset:no  Brks=0  TBCs: 422.378, 227.711, -25.625  Props: 1.000, 1.000, 1.000
Last Complete  |Cut Mode|  Elapsed: 00:00:24  ConsoleMvSpeed 10  FileEndSpeed 10    17:19:38  10-01-2021
 File Completed:Yes Ln:60 Max: 12.00, 45.00,- 16.00  Min: 12.00, 30.00,- 20.00  Offset:no  Brks=0  TBCs: 422.378, 227.711, -25.625  Props: 1.000, 1.000, 1.000
Last Complete  |Cut Mode|  Elapsed: 00:00:09  ConsoleMvSpeed 10  FileEndSpeed 10    17:20:04  10-01-2021
 File Completed:Yes Ln:60 Max: 12.00, 45.00,- 16.00  Min: 12.00, 45.00,- 20.00  Offset:no  Brks=0  TBCs: 422.378, 227.711, -25.625  Props: 1.000, 1.000, 1.000
Last Complete  |Cut Mode|  Elapsed: 00:00:08  ConsoleMvSpeed 10  FileEndSpeed 10    17:20:31  10-01-2021
 File Completed:Yes Ln:61 Max: 12.00, 45.00,- 16.00  Min: 12.00, 45.00,- 20.00  Offset:no  Brks=0  TBCs: 422.378, 227.711, -25.625  Props: 1.000, 1.000, 1.000
Last Complete  |Cut Mode|  Elapsed: 00:00:09  ConsoleMvSpeed 10  FileEndSpeed 10    17:21:16  10-01-2021
 File Completed:Yes Ln:61 Max: 12.00, 45.00,- 14.00  Min: 12.00, 45.00,- 20.00  Offset:no  Brks=0  TBCs: 422.378, 227.711, -25.625  Props: 1.000, 1.000, 1.000
Last Complete  |Cut Mode|  Elapsed: 00:00:11  ConsoleMvSpeed 10  FileEndSpeed 10    17:21:48  10-01-2021
 File Completed:Yes Ln:61 Max: 12.00, 45.00,- 14.00  Min: 12.00, 45.00,- 20.00  Offset:no  Brks=0  TBCs: 422.378, 227.711, -25.625  Props: 1.000, 1.000, 1.000
Last Complete  |Cut Mode|  Elapsed: 00:00:12  ConsoleMvSpeed 10  FileEndSpeed 10    17:22:33  10-01-2021
 File Completed:Yes Ln:64 Max: 12.00, 45.00,- 16.00  Min: 12.00, 45.00,- 20.00  Offset:no  Brks=0  TBCs: 422.378, 227.711, -25.625  Props: 1.000, 1.000, 1.000
Last Complete  |Cut Mode|  Elapsed: 00:00:19  ConsoleMvSpeed 10  FileEndSpeed 10    17:23:05  10-01-2021
 File Completed:Yes Ln:64 Max: 12.00, 45.00,- 16.00  Min: 12.00, 40.00,- 20.00  Offset:no  Brks=0  TBCs: 422.378, 227.711, -25.625  Props: 1.000, 1.000, 1.000
