Last Not Complete Stopped@Line 1 |Cut Mode|  Elapsed: 00:00:02  ConsoleMvSpeed 2  FileEndSpeed 10    12:53:53  01-08-2021
 File Completed:No  Ln:1 Max: 49.00, 37.00, 0.00  Min:- 24.50,- 18.50, 0.00  Offset:no  Brks=0  TBCs: 10.256, 9.648, 1.030  Props: 1.000, 1.000, 1.000
Last Not Complete Stopped@Line 9 |Cut Mode|  Elapsed: 00:00:09  ConsoleMvSpeed 2  FileEndSpeed 10    12:54:50  01-08-2021
 File Completed:No  Ln:9 Max: 12.50, 5.00, 0.00  Min: 4.96, 1.98, 0.00  Offset:no  Brks=1  TBCs: 10.256, 9.648, 1.030  Props: 1.000, 1.000, 1.000
Last Complete  |Cut Mode|  Elapsed: 00:01:40  ConsoleMvSpeed 10  FileEndSpeed 10    13:00:24  01-08-2021
 File Completed:Yes Ln:103 Max: 22.50, 70.00, 0.00  Min: 7.50, 5.00,- 20.00  Offset:no  Brks=0  TBCs: 333.795, 262.217, 26.159  Props: 1.000, 1.000, 1.000
Last Not Complete Stopped@Line 1 |Cut Mode|  Elapsed: 00:00:07  ConsoleMvSpeed 10  FileEndSpeed 10    13:14:28  01-08-2021
 File Completed:No  Ln:1 Max: 25.47, 5.00, 2.88  Min: 12.50,- 166.84, 2.88  Offset:no  Brks=1  TBCs: 333.795, 262.217, 26.159  Props: 1.000, 1.000, 1.000
Last Complete  |Cut Mode|  Elapsed: 00:01:41  ConsoleMvSpeed 10  FileEndSpeed 10    13:18:20  01-08-2021
 File Completed:Yes Ln:104 Max: 22.50, 70.00, 2.88  Min: 7.50, 5.00,- 20.00  Offset:no  Brks=0  TBCs: 333.795, 262.217, 26.159  Props: 1.000, 1.000, 1.000
Last Complete  |Cut Mode|  Elapsed: 00:01:42  ConsoleMvSpeed 10  FileEndSpeed 10    13:20:13  01-08-2021
 File Completed:Yes Ln:104 Max: 22.50, 70.00,- 0.45  Min: 7.50, 5.00,- 20.00  Offset:no  Brks=0  TBCs: 333.795, 262.217, 26.159  Props: 1.000, 1.000, 1.000
Last Not Complete Stopped@Line 13 |Cut Mode|  Elapsed: 00:00:16  ConsoleMvSpeed 10  FileEndSpeed 10    13:26:28  01-08-2021
 File Completed:No  Ln:13 Max: 12.50, 70.00, 0.00  Min: 12.50, 5.00,- 20.00  Offset:no  Brks=1  TBCs: 353.645, 153.384, 8.614  Props: 1.000, 1.000, 1.000
Last Complete  |Cut Mode|  Elapsed: 00:01:41  ConsoleMvSpeed 10  FileEndSpeed 10    13:31:33  01-08-2021
 File Completed:Yes Ln:104 Max: 22.50, 70.00, 3.14  Min: 7.50, 5.00,- 20.00  Offset:no  Brks=0  TBCs: 353.645, 153.384, 8.614  Props: 1.000, 1.000, 1.000
Last Complete  |Cut Mode|  Elapsed: 00:01:41  ConsoleMvSpeed 10  FileEndSpeed 10    14:31:31  01-08-2021
 File Completed:Yes Ln:104 Max: 22.50, 70.00, 0.00  Min: 7.50, 5.00,- 20.00  Offset:no  Brks=0  TBCs: 377.541, 229.800, 10.075  Props: 1.000, 1.000, 1.000
Last Complete  |Cut Mode|  Elapsed: 00:01:35  ConsoleMvSpeed 10  FileEndSpeed 10    14:51:48  01-08-2021
 File Completed:Yes Ln:104 Max: 22.50, 70.00,- 0.45  Min: 7.50, 5.00,- 20.00  Offset:no  Brks=0  TBCs: 377.541, 229.800, 10.075  Props: 1.000, 1.000, 1.000
Last Complete  |Cut Mode|  Elapsed: 00:01:37  ConsoleMvSpeed 10  FileEndSpeed 10    15:00:36  01-08-2021
 File Completed:Yes Ln:107 Max: 80.00, 150.00, 10.00  Min: 7.50, 5.00,- 20.00  Offset:no  Brks=0  TBCs: 388.024, 229.800, 9.395  Props: 1.000, 1.000, 1.000
Last Not Complete Stopped@Line 11 |Cut Mode|  Elapsed: 00:00:15  ConsoleMvSpeed 10  FileEndSpeed 10    15:02:13  01-08-2021
 File Completed:No  Ln:11 Max: 40.11, 64.30, 10.00  Min: 12.50, 5.00, 10.00  Offset:no  Brks=1  TBCs: 388.024, 229.800, 9.395  Props: 1.000, 1.000, 1.000
Last Not Complete Stopped@Line 40 |Cut Mode|  Elapsed: 00:00:59  ConsoleMvSpeed 10  FileEndSpeed 10    15:03:42  01-08-2021
 File Completed:No  Ln:40 Max: 22.50, 70.00, 10.00  Min: 7.50, 5.00,- 20.00  Offset:no  Brks=1  TBCs: 388.024, 229.800, 9.395  Props: 1.000, 1.000, 1.000
Last Not Complete Stopped@Line 35 |Cut Mode|  Elapsed: 00:00:55  ConsoleMvSpeed 10  FileEndSpeed 10    15:05:20  01-08-2021
 File Completed:No  Ln:35 Max: 22.50, 70.00, 0.00  Min: 7.50, 5.00,- 20.00  Offset:no  Brks=1  TBCs: 388.024, 229.800, 9.395  Props: 1.000, 1.000, 1.000
Last Not Complete Stopped@Line 37 |Cut Mode|  Elapsed: 00:01:02  ConsoleMvSpeed 10  FileEndSpeed 10    15:43:42  01-08-2021
 File Completed:No  Ln:37 Max: 22.50, 70.00, 0.00  Min: 7.50, 5.00,- 20.00  Offset:no  Brks=1  TBCs: 388.024, 229.800, 9.395  Props: 1.000, 1.000, 1.000
Last Complete  |Cut Mode|  Elapsed: 00:01:39  ConsoleMvSpeed 10  FileEndSpeed 10    15:49:43  01-08-2021
 File Completed:Yes Ln:107 Max: 80.00, 150.00, 10.00  Min: 5.00, 5.00,- 20.00  Offset:no  Brks=0  TBCs: 388.024, 229.800, 9.395  Props: 1.000, 1.000, 1.000
Last Complete  |Cut Mode|  Elapsed: 00:01:45  ConsoleMvSpeed 10  FileEndSpeed 10    15:52:39  01-08-2021
 File Completed:Yes Ln:107 Max: 80.00, 150.00, 10.00  Min: 7.50, 5.00,- 22.50  Offset:no  Brks=0  TBCs: 388.024, 229.800, 9.395  Props: 1.000, 1.000, 1.000
Last Complete  |Cut Mode|  Elapsed: 00:01:33  ConsoleMvSpeed 10  FileEndSpeed 10    11:29:50  01-13-2021
 File Completed:Yes Ln:109 Max: 80.00, 150.00, 10.00  Min: 7.50, 5.00,- 22.50  Offset:no  Brks=0  TBCs: 388.355, 226.625, 10.335  Props: 1.000, 1.000, 1.000
Last Complete  |Cut Mode|  Elapsed: 00:01:30  ConsoleMvSpeed 10  FileEndSpeed 10    11:52:26  01-13-2021
 File Completed:Yes Ln:109 Max: 80.00, 150.00, 10.00  Min: 7.50, 5.00,- 22.50  Offset:no  Brks=0  TBCs: 389.345, 229.889, 12.691  Props: 1.000, 1.000, 1.000
Last Not Complete Stopped@Line 47 |Cut Mode|  Elapsed: 00:01:00  ConsoleMvSpeed 10  FileEndSpeed 10    12:18:27  01-13-2021
 File Completed:No  Ln:47 Max: 17.50, 70.00, 0.00  Min: 7.50, 5.00,- 22.50  Offset:no  Brks=1  TBCs: 389.567, 229.095, 10.075  Props: 1.000, 1.000, 1.000
Last Not Complete Stopped@Line 25 |Cut Mode|  Elapsed: 00:00:47  ConsoleMvSpeed 10  FileEndSpeed 10    12:20:56  01-13-2021
 File Completed:No  Ln:25 Max: 12.50, 70.00, 0.00  Min: 7.50, 5.00,- 22.50  Offset:no  Brks=1  TBCs: 389.567, 229.095, 10.075  Props: 1.000, 1.000, 1.000
Last Not Complete Stopped@Line 25 |Cut Mode|  Elapsed: 00:00:44  ConsoleMvSpeed 10  FileEndSpeed 10    12:26:02  01-13-2021
 File Completed:No  Ln:25 Max: 12.50, 70.00, 0.00  Min: 7.50, 5.00,- 22.50  Offset:no  Brks=1  TBCs: 389.567, 229.095, 10.075  Props: 1.000, 1.000, 1.000
Last Not Complete Stopped@Line 17 |Cut Mode|  Elapsed: 00:00:24  ConsoleMvSpeed 10  FileEndSpeed 10    12:27:45  01-13-2021
 File Completed:No  Ln:17 Max: 12.50, 70.00, 0.00  Min: 12.50, 5.00,- 22.50  Offset:no  Brks=1  TBCs: 389.567, 229.095, 10.075  Props: 1.000, 1.000, 1.000
Last Not Complete Stopped@Line 17 |Cut Mode|  Elapsed: 00:00:17  ConsoleMvSpeed 10  FileEndSpeed 10    12:31:07  01-13-2021
 File Completed:No  Ln:17 Max: 12.50, 70.00, 0.00  Min: 12.50, 5.00,- 22.50  Offset:no  Brks=1  TBCs: 389.567, 229.095, 10.075  Props: 1.000, 1.000, 1.000
Last Not Complete Stopped@Line 1 |Cut Mode|  Elapsed: 00:00:07  ConsoleMvSpeed 10  FileEndSpeed 10    12:32:47  01-13-2021
 File Completed:No  Ln:1 Max: 12.50, 40.39, 0.00  Min: 12.50, 5.00, 0.00  Offset:no  Brks=1  TBCs: 389.567, 229.095, 10.075  Props: 1.000, 1.000, 1.000
Last Not Complete Stopped@Line 15 |Cut Mode|  Elapsed: 00:00:20  ConsoleMvSpeed 10  FileEndSpeed 10    12:34:04  01-13-2021
 File Completed:No  Ln:15 Max: 12.50, 70.00, 0.00  Min: 12.50, 5.00,- 22.50  Offset:no  Brks=1  TBCs: 389.567, 229.095, 10.075  Props: 1.000, 1.000, 1.000
Last Not Complete Stopped@Line 1 |Cut Mode|  Elapsed: 00:00:03  ConsoleMvSpeed 10  FileEndSpeed 10    12:34:11  01-13-2021
 File Completed:No  Ln:1 Max: 12.50, 65.53, 0.00  Min: 12.50, 5.00, 0.00  Offset:no  Brks=1  TBCs: 389.567, 229.095, 10.075  Props: 1.000, 1.000, 1.000
Last Not Complete Stopped@Line 12 |Cut Mode|  Elapsed: 00:00:10  ConsoleMvSpeed 10  FileEndSpeed 10    12:35:44  01-13-2021
 File Completed:No  Ln:12 Max: 12.50, 15.91, 0.00  Min: 12.50, 5.00, 0.00  Offset:no  Brks=1  TBCs: 389.567, 229.095, 10.075  Props: 1.000, 1.000, 1.000
Last Not Complete Stopped@Line 1 |Cut Mode|  Elapsed: 00:00:06  ConsoleMvSpeed 10  FileEndSpeed 10    12:37:30  01-13-2021
 File Completed:No  Ln:1 Max: 12.50, 15.91, 0.00  Min: 12.50, 5.00, 0.00  Offset:no  Brks=1  TBCs: 389.567, 229.095, 10.075  Props: 1.000, 1.000, 1.000
Last Not Complete Stopped@Line 1 |Cut Mode|  Elapsed: 00:00:03  ConsoleMvSpeed 10  FileEndSpeed 10    12:38:00  01-13-2021
 File Completed:No  Ln:1 Max: 12.50, 15.91, 0.00  Min: 12.50, 5.00, 0.00  Offset:no  Brks=1  TBCs: 389.567, 229.095, 10.075  Props: 1.000, 1.000, 1.000
Last Complete  |Cut Mode|  Elapsed: 00:01:29  ConsoleMvSpeed 10  FileEndSpeed 10    12:40:17  01-13-2021
 File Completed:Yes Ln:141 Max: 80.00, 150.00, 10.00  Min: 7.50, 5.00,- 22.50  Offset:no  Brks=0  TBCs: 389.567, 229.095, 10.075  Props: 1.000, 1.000, 1.000
Last Complete  |Cut Mode|  Elapsed: 00:01:29  ConsoleMvSpeed 10  FileEndSpeed 10    10:10:22  02-10-2021
 File Completed:Yes Ln:141 Max: 80.00, 150.00, 10.00  Min: 7.50, 5.00,- 22.50  Offset:no  Brks=0  TBCs: 388.761, 227.806, 11.053  Props: 1.000, 1.000, 1.000
Last Not Complete Stopped@Line 60 |Cut Mode|  Elapsed: 00:01:29  ConsoleMvSpeed 10  FileEndSpeed 10    11:19:06  02-10-2021
 File Completed:No  Ln:60 Max: 17.50, 70.00, 0.00  Min: 7.50, 5.00,- 22.50  Offset:no  Brks=1  TBCs: 388.107, 227.806, 11.694  Props: 1.000, 1.000, 1.000
Last Not Complete Stopped@Line 17 |Cut Mode|  Elapsed: 00:00:28  ConsoleMvSpeed 10  FileEndSpeed 10    13:16:49  02-16-2021
 File Completed:No  Ln:17 Max: 12.50, 70.00, 0.00  Min: 12.50, 5.00,- 22.50  Offset:no  Brks=1  TBCs: 395.384, 230.435, 12.196  Props: 1.000, 1.000, 1.000
Last Complete  |Cut Mode|  Elapsed: 00:02:42  ConsoleMvSpeed 10  FileEndSpeed 5    18:06:24  02-22-2021
 File Completed:Yes Ln:141 Max: 80.00, 150.00, 10.00  Min: 7.50, 5.00,- 22.50  Offset:no  Brks=0  TBCs: 403.017, 227.229, 10.196  Props: 1.000, 1.000, 1.000
Last Complete  |Cut Mode|  Elapsed: 00:02:42  ConsoleMvSpeed 10  FileEndSpeed 5    18:12:59  02-22-2021
 File Completed:Yes Ln:141 Max: 80.00, 150.00, 10.00  Min: 7.50, 5.00,- 22.50  Offset:no  Brks=0  TBCs: 403.017, 227.229, 10.196  Props: 1.000, 1.000, 1.000
Last Complete  |Cut Mode|  Elapsed: 00:02:42  ConsoleMvSpeed 10  FileEndSpeed 5    18:28:56  02-22-2021
 File Completed:Yes Ln:141 Max: 80.00, 150.00, 10.00  Min: 7.50, 5.00,- 22.50  Offset:no  Brks=0  TBCs: 403.017, 227.229, 10.196  Props: 1.000, 1.000, 1.000
Last Complete  |Cut Mode|  Elapsed: 00:02:50  ConsoleMvSpeed 10  FileEndSpeed 5    15:19:42  01-24-2022
 File Completed:Yes Ln:141 Max: 80.00, 150.00, 10.00  Min: 7.50, 5.00,- 22.50  Offset:no  Brks=0  TBCs: 411.215, 253.537, -28.762  Props: 1.000, 1.000, 1.000
