Last Not Complete Stopped@Line 44 |Cut Mode|  Elapsed: 00:01:02  ConsoleMvSpeed 4.99999999999999  FileEndSpeed 10    15:17:33  04-08-2022
 File Completed:No  Ln:44 Max: 20.00, 5.60, 12.70  Min: 5.00, 5.00,- 22.50  Offset:no  Brks=1  TBCs: -48.755, -144.475, -22.631  Props: 1.000, 1.000, 1.000
Last Not Complete Stopped@Line 73 |Cut Mode|  Elapsed: 00:00:36  ConsoleMvSpeed 4.99999999999999  FileEndSpeed 10    15:18:23  04-08-2022
 File Completed:No  Ln:73 Max: 20.00, 5.60, 12.70  Min: 5.00, 5.00,- 22.50  Offset:no  Brks=1  TBCs: -48.755, -144.475, -22.631  Props: 1.000, 1.000, 1.000
Last Not Complete Stopped@Line 105 |Cut Mode|  Elapsed: 00:02:36  ConsoleMvSpeed 4.99999999999999  FileEndSpeed 4.99999999999999    15:23:14  04-08-2022
 File Completed:No  Ln:105 Max: 20.00, 11.35, 12.70  Min: 5.00, 5.00,- 22.50  Offset:no  Brks=1  TBCs: -48.755, -144.475, -22.631  Props: 1.000, 1.000, 1.000
Last Not Complete Stopped@Line 105 |Cut Mode|  Elapsed: 00:02:36  ConsoleMvSpeed 4.99999999999999  FileEndSpeed 4.99999999999999    15:23:15  04-08-2022
 File Completed:No  Ln:105 Max: 20.00, 11.35, 12.70  Min: 5.00, 5.00,- 22.50  Offset:no  Brks=0  TBCs: -48.755, -144.475, -22.631  Props: 1.000, 1.000, 1.000
Last Not Complete Stopped@Line 181 |Cut Mode|  Elapsed: 00:01:21  ConsoleMvSpeed 4.99999999999999  FileEndSpeed 10    15:26:36  04-08-2022
 File Completed:No  Ln:181 Max: 20.00, 17.25, 12.70  Min: 5.00, 5.00,- 22.50  Offset:no  Brks=1  TBCs: -66.319, -156.477, -45.606  Props: 1.000, 1.000, 1.000
Last Not Complete Stopped@Line 365 |Cut Mode|  Elapsed: 00:02:33  ConsoleMvSpeed 4.99999999999999  FileEndSpeed 10    15:31:55  04-08-2022
 File Completed:No  Ln:365 Max: 20.00, 29.50, 12.70  Min: 5.00, 5.00,- 22.50  Offset:no  Brks=1  TBCs: -66.319, -156.477, -45.606  Props: 1.000, 1.000, 1.000
Last Not Complete Stopped@Line 1 |Cut Mode|  Elapsed: 00:00:04  ConsoleMvSpeed 4.99999999999999  FileEndSpeed 10    15:33:22  04-08-2022
 File Completed:No  Ln:1 Max: 7.00, 28.90, 12.70  Min: 5.00, 5.00, 12.70  Offset:no  Brks=1  TBCs: -66.319, -156.477, -45.606  Props: 1.000, 1.000, 1.000
Last Not Complete Stopped@Line 15 |Cut Mode|  Elapsed: 00:00:13  ConsoleMvSpeed 4.99999999999999  FileEndSpeed 10    15:33:39  04-08-2022
 File Completed:No  Ln:15 Max: 5.00, 5.00, 12.70  Min: 5.00, 5.00,- 22.50  Offset:no  Brks=0  TBCs: -66.319, -156.477, -45.606  Props: 1.000, 1.000, 1.000
Last Complete  |Cut Mode|  Elapsed: 00:04:36  ConsoleMvSpeed 4.99999999999999  FileEndSpeed 10    15:39:30  04-08-2022
 File Completed:Yes Ln:975 Max: 17.50, 66.00, 10.00  Min: 7.50, 5.00,- 22.50  Offset:no  Brks=0  TBCs: -66.319, -156.477, -45.606  Props: 1.000, 1.000, 1.000
Last Complete  |Cut Mode|  Elapsed: 00:07:14  ConsoleMvSpeed 4.99999999999999  FileEndSpeed 10    09:49:47  04-12-2022
 File Completed:Yes Ln:975 Max: 17.50, 66.00, 10.00  Min: 7.50, 5.00,- 22.50  Offset:no  Brks=0  TBCs: -66.332, -160.858, -43.752  Props: 1.000, 1.000, 1.000
Last Complete  |Cut Mode|  Elapsed: 00:06:18  ConsoleMvSpeed 4.99999999999999  FileEndSpeed 10    11:05:15  04-12-2022
 File Completed:Yes Ln:977 Max: 17.50, 66.00, 10.00  Min: 7.50, 5.00,- 22.50  Offset:no  Brks=0  TBCs: -67.513, -160.058, -42.513  Props: 1.000, 1.000, 1.000
