Last Complete  |Cut Mode|  Elapsed: 00:05:15  ConsoleMvSpeed 4.99999999999999  FileEndSpeed 5    14:09:46  04-12-2022
 File Completed:Yes Ln:782 Max: 80.00, 150.00, 10.00  Min: 12.50, 3.75,- 22.50  Offset:no  Brks=0  TBCs: -67.513, -160.058, -42.513  Props: 1.000, 1.000, 1.000
Last Complete  |Cut Mode|  Elapsed: 00:05:15  ConsoleMvSpeed 4.99999999999999  FileEndSpeed 5    15:02:35  04-12-2022
 File Completed:Yes Ln:782 Max: 80.00, 150.00, 10.00  Min: 12.50, 3.75,- 22.50  Offset:no  Brks=0  TBCs: -67.513, -160.058, -42.513  Props: 1.000, 1.000, 1.000
Last Complete  |Cut Mode|  Elapsed: 00:05:15  ConsoleMvSpeed 4.99999999999999  FileEndSpeed 5    16:42:07  04-12-2022
 File Completed:Yes Ln:782 Max: 80.00, 150.00, 10.00  Min: 12.50, 3.75,- 22.50  Offset:no  Brks=0  TBCs: -67.513, -160.058, -42.513  Props: 1.000, 1.000, 1.000
Last Complete  |Cut Mode|  Elapsed: 00:05:13  ConsoleMvSpeed 4.99999999999999  FileEndSpeed 5    17:34:44  04-12-2022
 File Completed:Yes Ln:782 Max: 80.00, 150.00, 10.00  Min: 12.50, 3.75,- 22.50  Offset:no  Brks=0  TBCs: -67.513, -160.058, -42.513  Props: 1.000, 1.000, 1.000
Last Complete  |Cut Mode|  Elapsed: 00:05:15  ConsoleMvSpeed 4.99999999999999  FileEndSpeed 5    18:30:10  04-12-2022
 File Completed:Yes Ln:782 Max: 80.00, 150.00, 10.00  Min: 12.50, 3.75,- 22.50  Offset:no  Brks=0  TBCs: -67.513, -160.058, -42.513  Props: 1.000, 1.000, 1.000
Last Complete  |Cut Mode|  Elapsed: 00:05:14  ConsoleMvSpeed 4.99999999999999  FileEndSpeed 5    10:56:01  04-13-2022
 File Completed:Yes Ln:782 Max: 80.00, 150.00, 10.00  Min: 12.50, 3.75,- 22.50  Offset:no  Brks=0  TBCs: -67.513, -160.058, -42.513  Props: 1.000, 1.000, 1.000
Last Complete  |Cut Mode|  Elapsed: 00:05:14  ConsoleMvSpeed 4.99999999999999  FileEndSpeed 5    11:50:26  04-13-2022
 File Completed:Yes Ln:782 Max: 80.00, 150.00, 10.00  Min: 12.50, 3.75,- 22.50  Offset:no  Brks=0  TBCs: -68.904, -165.621, -42.513  Props: 1.000, 1.000, 1.000
Last Complete  |Cut Mode|  Elapsed: 00:05:16  ConsoleMvSpeed 4.99999999999999  FileEndSpeed 5    12:46:04  04-13-2022
 File Completed:Yes Ln:782 Max: 80.00, 150.00, 10.00  Min: 12.50, 3.75,- 22.50  Offset:no  Brks=0  TBCs: -68.904, -165.621, -42.513  Props: 1.000, 1.000, 1.000
Last Not Complete Stopped@Line 150 |Cut Mode|  Elapsed: 00:01:20  ConsoleMvSpeed 4.99999999999999  FileEndSpeed 5    10:56:08  04-26-2022
 File Completed:No  Ln:150 Max: 12.50, 67.50, 12.70  Min: 12.50, 3.75,- 22.50  Offset:no  Brks=1  TBCs: -20.365, -168.002, -71.571  Props: 1.000, 1.000, 1.000
Last Not Complete Stopped@Line 139 |Cut Mode|  Elapsed: 00:01:14  ConsoleMvSpeed 4.99999999999999  FileEndSpeed 5    11:00:48  04-26-2022
 File Completed:No  Ln:139 Max: 12.50, 65.00, 12.70  Min: 12.50, 6.25,- 22.50  Offset:no  Brks=1  TBCs: -20.365, -168.002, -71.571  Props: 1.000, 1.000, 1.000
Last Not Complete Stopped@Line 55 |Cut Mode|  Elapsed: 00:00:51  ConsoleMvSpeed 4.99999999999999  FileEndSpeed 5    11:02:34  04-26-2022
 File Completed:No  Ln:55 Max: 12.50, 65.00, 12.70  Min: 12.50, 7.50,- 20.00  Offset:no  Brks=1  TBCs: -20.365, -168.002, -71.571  Props: 1.000, 1.000, 1.000
Last Not Complete Stopped@Line 139 |Cut Mode|  Elapsed: 00:01:34  ConsoleMvSpeed 4.99999999999999  FileEndSpeed 5    11:05:19  04-26-2022
 File Completed:No  Ln:139 Max: 12.50, 63.75, 12.70  Min: 12.50, 7.50,- 22.50  Offset:no  Brks=1  TBCs: -20.365, -168.002, -71.571  Props: 1.000, 1.000, 1.000
Last Complete  |Cut Mode|  Elapsed: 00:01:42  ConsoleMvSpeed 4.99999999999999  FileEndSpeed 5    11:07:15  04-26-2022
 File Completed:Yes Ln:170 Max: 30.00, 180.00, 12.70  Min: 12.50, 7.50,- 20.00  Offset:no  Brks=0  TBCs: -20.365, -168.002, -71.571  Props: 1.000, 1.000, 1.000
Last Complete  |Cut Mode|  Elapsed: 00:01:55  ConsoleMvSpeed 4.99999999999999  FileEndSpeed 5    11:32:41  04-26-2022
 File Completed:Yes Ln:170 Max: 30.00, 180.00, 10.00  Min: 12.50, 7.50,- 20.00  Offset:no  Brks=0  TBCs: -20.365, -168.002, -71.571  Props: 1.000, 1.000, 1.000
Last Not Complete Stopped@Line 23 |Cut Mode|  Elapsed: 00:00:20  ConsoleMvSpeed 4.99999999999999  FileEndSpeed 5    11:44:25  04-26-2022
 File Completed:No  Ln:23 Max: 12.50, 180.00, 12.70  Min: 12.50, 7.50,- 20.00  Offset:no  Brks=1  TBCs: -20.365, -168.002, -71.571  Props: 1.000, 1.000, 1.000
Last Complete  |Cut Mode|  Elapsed: 00:01:54  ConsoleMvSpeed 4.99999999999999  FileEndSpeed 5    14:17:13  04-26-2022
 File Completed:Yes Ln:170 Max: 30.00, 180.00, 10.00  Min: 12.50, 7.50,- 20.00  Offset:no  Brks=0  TBCs: -20.365, -168.002, -69.628  Props: 1.000, 1.000, 1.000
Last Complete  |Cut Mode|  Elapsed: 00:01:55  ConsoleMvSpeed 4.99999999999999  FileEndSpeed 5    15:03:04  04-26-2022
 File Completed:Yes Ln:170 Max: 30.00, 180.00, 10.00  Min: 12.50, 7.50,- 20.00  Offset:no  Brks=0  TBCs: -20.365, -167.386, -69.628  Props: 1.000, 1.000, 1.000
Last Complete  |Cut Mode|  Elapsed: 00:01:54  ConsoleMvSpeed 4.99999999999999  FileEndSpeed 5    15:56:39  04-26-2022
 File Completed:Yes Ln:170 Max: 30.00, 180.00, 10.00  Min: 12.50, 7.50,- 20.00  Offset:no  Brks=0  TBCs: -20.365, -167.386, -69.628  Props: 1.000, 1.000, 1.000
Last Complete  |Cut Mode|  Elapsed: 00:01:54  ConsoleMvSpeed 4.99999999999999  FileEndSpeed 5    17:00:11  04-26-2022
 File Completed:Yes Ln:170 Max: 30.00, 180.00, 10.00  Min: 12.50, 7.50,- 20.00  Offset:no  Brks=0  TBCs: -20.365, -167.386, -69.628  Props: 1.000, 1.000, 1.000
Last Complete  |Cut Mode|  Elapsed: 00:01:55  ConsoleMvSpeed 4.99999999999999  FileEndSpeed 5    17:45:35  04-26-2022
 File Completed:Yes Ln:170 Max: 30.00, 180.00, 10.00  Min: 12.50, 7.50,- 20.00  Offset:no  Brks=0  TBCs: -20.365, -167.386, -69.628  Props: 1.000, 1.000, 1.000
Last Complete  |Cut Mode|  Elapsed: 00:01:55  ConsoleMvSpeed 4.99999999999999  FileEndSpeed 5    18:37:02  04-26-2022
 File Completed:Yes Ln:170 Max: 30.00, 180.00, 10.00  Min: 12.50, 7.50,- 20.00  Offset:no  Brks=0  TBCs: -20.365, -167.386, -69.628  Props: 1.000, 1.000, 1.000
Last Complete  |Cut Mode|  Elapsed: 00:01:54  ConsoleMvSpeed 4.99999999999999  FileEndSpeed 5    19:24:55  04-26-2022
 File Completed:Yes Ln:170 Max: 30.00, 180.00, 10.00  Min: 12.50, 7.50,- 20.00  Offset:no  Brks=0  TBCs: -20.365, -167.386, -69.628  Props: 1.000, 1.000, 1.000
Last Complete  |Cut Mode|  Elapsed: 00:01:54  ConsoleMvSpeed 4.99999999999999  FileEndSpeed 5    20:07:50  04-26-2022
 File Completed:Yes Ln:170 Max: 30.00, 180.00, 10.00  Min: 12.50, 7.50,- 20.00  Offset:no  Brks=0  TBCs: -20.365, -167.386, -69.628  Props: 1.000, 1.000, 1.000
Last Not Complete Stopped@Line 77 |Cut Mode|  Elapsed: 00:01:00  ConsoleMvSpeed 7.5  FileEndSpeed 5    15:06:30  04-27-2022
 File Completed:No  Ln:77 Max: 12.50, 67.50, 12.70  Min: 12.50, 7.50,- 20.00  Offset:no  Brks=1  TBCs: -20.365, -167.386, -69.628  Props: 1.000, 1.000, 1.000
Last Complete  |Cut Mode|  Elapsed: 00:01:54  ConsoleMvSpeed 7.5  FileEndSpeed 5    09:54:41  04-28-2022
 File Completed:Yes Ln:170 Max: 30.00, 180.00, 10.00  Min: 12.50, 7.50,- 20.00  Offset:no  Brks=0  TBCs: -21.069, -172.409, -60.306  Props: 1.000, 1.000, 1.000
Last Not Complete Stopped@Line 83 |Cut Mode|  Elapsed: 00:01:01  ConsoleMvSpeed 7.5  FileEndSpeed 5    10:02:41  04-28-2022
 File Completed:No  Ln:83 Max: 12.50, 62.25, 12.70  Min: 12.50, 7.25,- 20.50  Offset:no  Brks=1  TBCs: -21.069, -172.409, -60.306  Props: 1.000, 1.000, 1.000
Last Not Complete Stopped@Line 51 |Cut Mode|  Elapsed: 00:00:40  ConsoleMvSpeed 7.5  FileEndSpeed 5    10:04:58  04-28-2022
 File Completed:No  Ln:51 Max: 12.50, 56.67, 12.70  Min: 12.50, 7.50,- 20.50  Offset:no  Brks=1  TBCs: -21.069, -172.409, -60.306  Props: 1.000, 1.000, 1.000
Last Not Complete Stopped@Line 78 |Cut Mode|  Elapsed: 00:00:55  ConsoleMvSpeed 7.5  FileEndSpeed 5    10:06:11  04-28-2022
 File Completed:No  Ln:78 Max: 12.50, 64.50, 12.70  Min: 12.50, 7.25,- 20.50  Offset:no  Brks=1  TBCs: -21.069, -172.409, -60.306  Props: 1.000, 1.000, 1.000
Last Complete  |Cut Mode|  Elapsed: 00:01:47  ConsoleMvSpeed 7.5  FileEndSpeed 5    10:11:57  04-28-2022
 File Completed:Yes Ln:146 Max: 30.00, 180.00, 12.70  Min: 12.50, 7.50,- 20.50  Offset:no  Brks=0  TBCs: -21.069, -172.409, -60.306  Props: 1.000, 1.000, 1.000
Last Complete  |Cut Mode|  Elapsed: 00:01:48  ConsoleMvSpeed 7.5  FileEndSpeed 5    11:18:39  04-28-2022
 File Completed:Yes Ln:146 Max: 30.00, 180.00, 10.00  Min: 12.50, 7.50,- 20.50  Offset:no  Brks=0  TBCs: -21.349, -173.177, -47.905  Props: 1.000, 1.000, 1.000
Last Complete  |Cut Mode|  Elapsed: 00:01:48  ConsoleMvSpeed 7.5  FileEndSpeed 5    12:43:09  04-28-2022
 File Completed:Yes Ln:146 Max: 30.00, 180.00, 10.00  Min: 12.50, 7.50,- 20.50  Offset:no  Brks=0  TBCs: -22.047, -173.177, -48.349  Props: 1.000, 1.000, 1.000
Last Complete  |Cut Mode|  Elapsed: 00:01:49  ConsoleMvSpeed 7.5  FileEndSpeed 5    14:04:55  04-28-2022
 File Completed:Yes Ln:146 Max: 30.00, 180.00, 10.00  Min: 12.50, 7.50,- 20.50  Offset:no  Brks=0  TBCs: -21.349, -174.898, -47.949  Props: 1.000, 1.000, 1.000
Last Complete  |Cut Mode|  Elapsed: 00:01:49  ConsoleMvSpeed 7.5  FileEndSpeed 5    14:52:54  04-28-2022
 File Completed:Yes Ln:146 Max: 30.00, 180.00, 10.00  Min: 12.50, 7.50,- 20.50  Offset:no  Brks=0  TBCs: -21.349, -174.898, -47.949  Props: 1.000, 1.000, 1.000
Last Complete  |Cut Mode|  Elapsed: 00:01:49  ConsoleMvSpeed 7.5  FileEndSpeed 5    15:37:35  04-28-2022
 File Completed:Yes Ln:146 Max: 30.00, 180.00, 10.00  Min: 12.50, 7.50,- 20.50  Offset:no  Brks=0  TBCs: -21.349, -174.898, -47.949  Props: 1.000, 1.000, 1.000
Last Complete  |Cut Mode|  Elapsed: 00:01:48  ConsoleMvSpeed 7.5  FileEndSpeed 5    16:51:52  04-28-2022
 File Completed:Yes Ln:146 Max: 30.00, 180.00, 10.00  Min: 12.50, 7.50,- 20.50  Offset:no  Brks=0  TBCs: -22.035, -174.187, -47.949  Props: 1.000, 1.000, 1.000
Last Complete  |Cut Mode|  Elapsed: 00:01:48  ConsoleMvSpeed 7.5  FileEndSpeed 5    17:18:18  04-28-2022
 File Completed:Yes Ln:146 Max: 30.00, 180.00, 10.00  Min: 12.50, 7.50,- 20.50  Offset:no  Brks=0  TBCs: -22.035, -174.187, -47.949  Props: 1.000, 1.000, 1.000
Last Complete  |Cut Mode|  Elapsed: 00:01:49  ConsoleMvSpeed 7.5  FileEndSpeed 5    18:01:32  04-28-2022
 File Completed:Yes Ln:146 Max: 30.00, 180.00, 10.00  Min: 12.50, 7.50,- 20.50  Offset:no  Brks=0  TBCs: -22.035, -174.187, -47.949  Props: 1.000, 1.000, 1.000
Last Complete  |Cut Mode|  Elapsed: 00:01:49  ConsoleMvSpeed 10  FileEndSpeed 5    18:45:35  04-28-2022
 File Completed:Yes Ln:146 Max: 30.00, 180.00, 10.00  Min: 12.50, 7.50,- 20.50  Offset:no  Brks=0  TBCs: -22.035, -174.187, -47.949  Props: 1.000, 1.000, 1.000
Last Complete  |Cut Mode|  Elapsed: 00:01:49  ConsoleMvSpeed 10  FileEndSpeed 5    14:01:03  05-03-2022
 File Completed:Yes Ln:146 Max: 30.00, 180.00, 10.00  Min: 12.50, 7.50,- 20.50  Offset:no  Brks=0  TBCs: -22.035, -174.187, -47.949  Props: 1.000, 1.000, 1.000
Last Complete  |Cut Mode|  Elapsed: 00:01:49  ConsoleMvSpeed 10  FileEndSpeed 5    14:45:19  05-03-2022
 File Completed:Yes Ln:146 Max: 30.00, 180.00, 10.00  Min: 12.50, 7.50,- 20.50  Offset:no  Brks=0  TBCs: -22.035, -174.187, -47.949  Props: 1.000, 1.000, 1.000
