Last Complete  |Cut Mode|  Elapsed: 00:00:21  ConsoleMvSpeed 4.99999999999999  FileEndSpeed 10    14:10:57  04-12-2022
 File Completed:Yes Ln:64 Max: 12.50, 10.60, 10.00  Min: 5.00, 3.10,- 22.50  Offset:no  Brks=0  TBCs: -67.513, -160.058, -42.513  Props: 1.000, 1.000, 1.000
Last Complete  |Cut Mode|  Elapsed: 00:00:21  ConsoleMvSpeed 4.99999999999999  FileEndSpeed 10    15:04:30  04-12-2022
 File Completed:Yes Ln:64 Max: 12.50, 12.00, 10.00  Min: 12.00, 3.10,- 22.50  Offset:no  Brks=0  TBCs: -67.513, -160.058, -42.513  Props: 1.000, 1.000, 1.000
Last Complete  |Cut Mode|  Elapsed: 00:00:22  ConsoleMvSpeed 4.99999999999999  FileEndSpeed 10    16:43:34  04-12-2022
 File Completed:Yes Ln:64 Max: 12.50, 12.00, 10.00  Min: 12.00, 3.10,- 22.50  Offset:no  Brks=0  TBCs: -67.513, -160.058, -42.513  Props: 1.000, 1.000, 1.000
Last Complete  |Cut Mode|  Elapsed: 00:00:21  ConsoleMvSpeed 4.99999999999999  FileEndSpeed 10    17:36:04  04-12-2022
 File Completed:Yes Ln:64 Max: 12.50, 12.00, 10.00  Min: 12.00, 3.10,- 22.50  Offset:no  Brks=0  TBCs: -67.513, -160.058, -42.513  Props: 1.000, 1.000, 1.000
Last Complete  |Cut Mode|  Elapsed: 00:00:22  ConsoleMvSpeed 4.99999999999999  FileEndSpeed 10    18:31:32  04-12-2022
 File Completed:Yes Ln:64 Max: 12.50, 12.00, 10.00  Min: 12.00, 3.10,- 22.50  Offset:no  Brks=0  TBCs: -67.513, -160.058, -42.513  Props: 1.000, 1.000, 1.000
Last Complete  |Cut Mode|  Elapsed: 00:00:21  ConsoleMvSpeed 4.99999999999999  FileEndSpeed 10    10:57:56  04-13-2022
 File Completed:Yes Ln:64 Max: 12.50, 12.00, 10.00  Min: 12.00, 3.10,- 22.50  Offset:no  Brks=0  TBCs: -68.904, -165.621, -42.513  Props: 1.000, 1.000, 1.000
Last Complete  |Cut Mode|  Elapsed: 00:00:22  ConsoleMvSpeed 4.99999999999999  FileEndSpeed 10    11:54:40  04-13-2022
 File Completed:Yes Ln:64 Max: 12.50, 12.00, 10.00  Min: 12.00, 3.10,- 22.50  Offset:no  Brks=0  TBCs: -68.904, -165.621, -42.513  Props: 1.000, 1.000, 1.000
Last Complete  |Cut Mode|  Elapsed: 00:00:22  ConsoleMvSpeed 4.99999999999999  FileEndSpeed 10    12:47:52  04-13-2022
 File Completed:Yes Ln:64 Max: 12.50, 12.00, 10.00  Min: 12.00, 3.10,- 22.50  Offset:no  Brks=0  TBCs: -68.904, -165.621, -42.513  Props: 1.000, 1.000, 1.000
Last Not Complete Stopped@Line 40 |Cut Mode|  Elapsed: 00:00:18  ConsoleMvSpeed 4.99999999999999  FileEndSpeed 10    11:46:08  04-26-2022
 File Completed:No  Ln:40 Max: 12.50, 12.00, 12.70  Min: 12.00, 5.00,- 22.50  Offset:no  Brks=1  TBCs: -20.365, -168.002, -71.571  Props: 1.000, 1.000, 1.000
Last Not Complete Stopped@Line 19 |Cut Mode|  Elapsed: 00:00:09  ConsoleMvSpeed 4.99999999999999  FileEndSpeed 10    11:46:39  04-26-2022
 File Completed:No  Ln:19 Max: 12.50, 8.10,- 15.00  Min: 12.50, 5.00,- 22.50  Offset:no  Brks=0  TBCs: -20.365, -168.002, -71.571  Props: 1.000, 1.000, 1.000
Last Complete  |Cut Mode|  Elapsed: 00:00:22  ConsoleMvSpeed 4.99999999999999  FileEndSpeed 10    11:47:40  04-26-2022
 File Completed:Yes Ln:68 Max: 12.50, 10.45, 10.00  Min: 12.20, 2.95,- 22.50  Offset:no  Brks=0  TBCs: -20.365, -168.002, -69.628  Props: 1.000, 1.000, 1.000
Last Complete  |Cut Mode|  Elapsed: 00:00:20  ConsoleMvSpeed 4.99999999999999  FileEndSpeed 10    14:18:45  04-26-2022
 File Completed:Yes Ln:68 Max: 12.50, 12.00, 10.00  Min: 12.00, 2.95,- 22.50  Offset:no  Brks=0  TBCs: -20.365, -168.002, -69.628  Props: 1.000, 1.000, 1.000
Last Complete  |Cut Mode|  Elapsed: 00:00:21  ConsoleMvSpeed 4.99999999999999  FileEndSpeed 10    15:07:12  04-26-2022
 File Completed:Yes Ln:68 Max: 12.50, 12.00, 10.00  Min: 12.00, 2.95,- 22.50  Offset:no  Brks=0  TBCs: -20.365, -167.386, -69.628  Props: 1.000, 1.000, 1.000
Last Complete  |Cut Mode|  Elapsed: 00:00:21  ConsoleMvSpeed 4.99999999999999  FileEndSpeed 10    15:58:36  04-26-2022
 File Completed:Yes Ln:68 Max: 12.50, 12.00, 10.00  Min: 12.00, 2.95,- 22.50  Offset:no  Brks=0  TBCs: -20.365, -167.386, -69.628  Props: 1.000, 1.000, 1.000
Last Complete  |Cut Mode|  Elapsed: 00:00:21  ConsoleMvSpeed 4.99999999999999  FileEndSpeed 10    17:02:02  04-26-2022
 File Completed:Yes Ln:68 Max: 12.50, 12.00, 10.00  Min: 12.00, 2.95,- 22.50  Offset:no  Brks=0  TBCs: -20.365, -167.386, -69.628  Props: 1.000, 1.000, 1.000
Last Complete  |Cut Mode|  Elapsed: 00:00:21  ConsoleMvSpeed 4.99999999999999  FileEndSpeed 10    17:46:48  04-26-2022
 File Completed:Yes Ln:68 Max: 12.50, 12.00, 10.00  Min: 12.00, 2.95,- 22.50  Offset:no  Brks=0  TBCs: -20.365, -167.386, -69.628  Props: 1.000, 1.000, 1.000
Last Complete  |Cut Mode|  Elapsed: 00:00:21  ConsoleMvSpeed 4.99999999999999  FileEndSpeed 10    18:38:27  04-26-2022
 File Completed:Yes Ln:68 Max: 12.50, 12.00, 10.00  Min: 12.00, 2.95,- 22.50  Offset:no  Brks=0  TBCs: -20.365, -167.386, -69.628  Props: 1.000, 1.000, 1.000
Last Complete  |Cut Mode|  Elapsed: 00:00:24  ConsoleMvSpeed 4.99999999999999  FileEndSpeed 10    18:44:16  04-26-2022
 File Completed:Yes Ln:68 Max: 12.50, 62.62, 10.00  Min: 11.75, 2.95,- 22.50  Offset:no  Brks=0  TBCs: -20.365, -167.386, -69.628  Props: 1.000, 1.000, 1.000
Last Complete  |Cut Mode|  Elapsed: 00:00:20  ConsoleMvSpeed 4.99999999999999  FileEndSpeed 10    19:26:10  04-26-2022
 File Completed:Yes Ln:68 Max: 12.50, 12.00, 10.00  Min: 12.00, 2.95,- 22.50  Offset:no  Brks=0  TBCs: -20.365, -167.386, -69.628  Props: 1.000, 1.000, 1.000
Last Not Complete Stopped@Line 49 |Cut Mode|  Elapsed: 00:00:19  ConsoleMvSpeed 4.99999999999999  FileEndSpeed 10    20:09:27  04-26-2022
 File Completed:No  Ln:49 Max: 12.50, 12.00, 12.70  Min: 12.00, 2.95,- 22.50  Offset:no  Brks=1  TBCs: -20.365, -167.386, -69.628  Props: 1.000, 1.000, 1.000
