Last Complete  |Cut Mode|  Elapsed: 00:00:23  ConsoleMvSpeed 4.99999999999999  FileEndSpeed 10    13:57:20  04-12-2022
 File Completed:Yes Ln:64 Max: 12.50, 23.75, 10.00  Min: 12.12, 13.75,- 23.75  Offset:no  Brks=0  TBCs: -67.513, -160.058, -42.513  Props: 1.000, 1.000, 1.000
Last Complete  |Cut Mode|  Elapsed: 00:00:24  ConsoleMvSpeed 4.99999999999999  FileEndSpeed 10    14:51:45  04-12-2022
 File Completed:Yes Ln:64 Max: 12.50, 23.75, 10.00  Min: 12.12, 13.75,- 23.75  Offset:no  Brks=0  TBCs: -67.513, -160.058, -42.513  Props: 1.000, 1.000, 1.000
Last Complete  |Cut Mode|  Elapsed: 00:00:25  ConsoleMvSpeed 4.99999999999999  FileEndSpeed 10    16:31:16  04-12-2022
 File Completed:Yes Ln:74 Max: 12.50, 23.75, 10.00  Min: 12.12, 13.75,- 23.75  Offset:no  Brks=0  TBCs: -67.513, -160.058, -42.513  Props: 1.000, 1.000, 1.000
Last Complete  |Cut Mode|  Elapsed: 00:00:24  ConsoleMvSpeed 4.99999999999999  FileEndSpeed 10    17:24:08  04-12-2022
 File Completed:Yes Ln:74 Max: 12.50, 23.75, 10.00  Min: 12.12, 13.75,- 23.75  Offset:no  Brks=0  TBCs: -67.513, -160.058, -42.513  Props: 1.000, 1.000, 1.000
Last Complete  |Cut Mode|  Elapsed: 00:00:24  ConsoleMvSpeed 4.99999999999999  FileEndSpeed 10    18:19:27  04-12-2022
 File Completed:Yes Ln:74 Max: 12.50, 23.75, 10.00  Min: 12.12, 13.75,- 23.75  Offset:no  Brks=0  TBCs: -67.513, -160.058, -42.513  Props: 1.000, 1.000, 1.000
Last Complete  |Cut Mode|  Elapsed: 00:00:24  ConsoleMvSpeed 4.99999999999999  FileEndSpeed 10    10:45:30  04-13-2022
 File Completed:Yes Ln:74 Max: 12.50, 23.75, 10.00  Min: 12.12, 13.75,- 23.75  Offset:no  Brks=0  TBCs: -67.513, -160.058, -42.513  Props: 1.000, 1.000, 1.000
Last Complete  |Cut Mode|  Elapsed: 00:00:25  ConsoleMvSpeed 4.99999999999999  FileEndSpeed 10    11:39:57  04-13-2022
 File Completed:Yes Ln:74 Max: 12.50, 23.75, 10.00  Min: 12.12, 13.75,- 23.75  Offset:no  Brks=0  TBCs: -68.904, -165.621, -42.513  Props: 1.000, 1.000, 1.000
Last Complete  |Cut Mode|  Elapsed: 00:00:25  ConsoleMvSpeed 4.99999999999999  FileEndSpeed 10    12:35:21  04-13-2022
 File Completed:Yes Ln:74 Max: 12.50, 23.75, 10.00  Min: 12.12, 13.75,- 23.75  Offset:no  Brks=0  TBCs: -68.904, -165.621, -42.513  Props: 1.000, 1.000, 1.000
Last Complete  |Cut Mode|  Elapsed: 00:00:25  ConsoleMvSpeed 4.99999999999999  FileEndSpeed 10    10:27:26  04-26-2022
 File Completed:Yes Ln:74 Max: 12.50, 23.75, 10.00  Min: 12.12, 13.75,- 23.75  Offset:no  Brks=0  TBCs: -20.365, -168.002, -71.571  Props: 1.000, 1.000, 1.000
Last Complete  |Cut Mode|  Elapsed: 00:00:25  ConsoleMvSpeed 4.99999999999999  FileEndSpeed 10    11:10:12  04-26-2022
 File Completed:Yes Ln:74 Max: 12.50, 23.75, 10.00  Min: 12.12, 13.75,- 23.75  Offset:no  Brks=0  TBCs: -20.365, -168.002, -71.571  Props: 1.000, 1.000, 1.000
Last Complete  |Cut Mode|  Elapsed: 00:00:24  ConsoleMvSpeed 4.99999999999999  FileEndSpeed 10    14:09:38  04-26-2022
 File Completed:Yes Ln:74 Max: 12.50, 23.75, 10.00  Min: 12.12, 13.75,- 23.75  Offset:no  Brks=0  TBCs: -20.365, -168.002, -69.628  Props: 1.000, 1.000, 1.000
Last Complete  |Cut Mode|  Elapsed: 00:00:24  ConsoleMvSpeed 4.99999999999999  FileEndSpeed 10    14:55:51  04-26-2022
 File Completed:Yes Ln:74 Max: 12.50, 23.75, 10.00  Min: 12.12, 13.75,- 23.75  Offset:no  Brks=0  TBCs: -20.365, -167.386, -69.628  Props: 1.000, 1.000, 1.000
Last Complete  |Cut Mode|  Elapsed: 00:00:24  ConsoleMvSpeed 4.99999999999999  FileEndSpeed 10    15:49:23  04-26-2022
 File Completed:Yes Ln:74 Max: 12.50, 23.75, 10.00  Min: 12.12, 13.75,- 23.75  Offset:no  Brks=0  TBCs: -20.365, -167.386, -69.628  Props: 1.000, 1.000, 1.000
Last Complete  |Cut Mode|  Elapsed: 00:00:25  ConsoleMvSpeed 4.99999999999999  FileEndSpeed 10    16:53:05  04-26-2022
 File Completed:Yes Ln:74 Max: 12.50, 23.75, 10.00  Min: 12.12, 13.75,- 23.75  Offset:no  Brks=0  TBCs: -20.365, -167.386, -69.628  Props: 1.000, 1.000, 1.000
Last Complete  |Cut Mode|  Elapsed: 00:00:25  ConsoleMvSpeed 4.99999999999999  FileEndSpeed 10    17:38:29  04-26-2022
 File Completed:Yes Ln:74 Max: 12.50, 23.75, 10.00  Min: 12.12, 13.75,- 23.75  Offset:no  Brks=0  TBCs: -20.365, -167.386, -69.628  Props: 1.000, 1.000, 1.000
Last Complete  |Cut Mode|  Elapsed: 00:00:25  ConsoleMvSpeed 4.99999999999999  FileEndSpeed 10    18:28:24  04-26-2022
 File Completed:Yes Ln:74 Max: 12.50, 23.75, 10.00  Min: 12.12, 13.75,- 23.75  Offset:no  Brks=0  TBCs: -20.365, -167.386, -69.628  Props: 1.000, 1.000, 1.000
Last Complete  |Cut Mode|  Elapsed: 00:00:25  ConsoleMvSpeed 4.99999999999999  FileEndSpeed 10    19:17:39  04-26-2022
 File Completed:Yes Ln:74 Max: 12.50, 23.75, 10.00  Min: 12.12, 13.75,- 23.75  Offset:no  Brks=0  TBCs: -20.365, -167.386, -69.628  Props: 1.000, 1.000, 1.000
Last Complete  |Cut Mode|  Elapsed: 00:00:25  ConsoleMvSpeed 4.99999999999999  FileEndSpeed 10    20:00:05  04-26-2022
 File Completed:Yes Ln:74 Max: 12.50, 23.75, 10.00  Min: 12.12, 13.75,- 23.75  Offset:no  Brks=0  TBCs: -20.365, -167.386, -69.628  Props: 1.000, 1.000, 1.000
Last Complete  |Cut Mode|  Elapsed: 00:00:24  ConsoleMvSpeed 7.5  FileEndSpeed 10    15:00:56  04-27-2022
 File Completed:Yes Ln:74 Max: 12.50, 23.75, 10.00  Min: 12.12, 13.75,- 23.75  Offset:no  Brks=0  TBCs: -20.365, -167.386, -69.628  Props: 1.000, 1.000, 1.000
Last Complete  |Cut Mode|  Elapsed: 00:00:24  ConsoleMvSpeed 7.5  FileEndSpeed 10    09:48:08  04-28-2022
 File Completed:Yes Ln:66 Max: 12.50, 23.75, 10.00  Min: 12.12, 13.75,- 23.75  Offset:no  Brks=0  TBCs: -21.069, -172.409, -60.306  Props: 1.000, 1.000, 1.000
Last Not Complete Stopped@Line 17 |Cut Mode|  Elapsed: 00:00:10  ConsoleMvSpeed 7.5  FileEndSpeed 10    10:54:17  04-28-2022
 File Completed:No  Ln:17 Max: 12.50, 13.75, 10.00  Min: 12.50, 13.75,- 22.50  Offset:no  Brks=0  TBCs: -21.069, -172.409, -58.534  Props: 1.000, 1.000, 1.000
Last Complete  |Cut Mode|  Elapsed: 00:00:24  ConsoleMvSpeed 7.5  FileEndSpeed 10    10:59:47  04-28-2022
 File Completed:Yes Ln:66 Max: 12.50, 23.75, 10.00  Min: 12.12, 13.75,- 23.75  Offset:no  Brks=0  TBCs: -21.349, -173.177, -48.921  Props: 1.000, 1.000, 1.000
Last Complete  |Cut Mode|  Elapsed: 00:00:25  ConsoleMvSpeed 7.5  FileEndSpeed 10    12:34:24  04-28-2022
 File Completed:Yes Ln:66 Max: 12.50, 23.75, 10.00  Min: 12.12, 13.75,- 23.75  Offset:no  Brks=0  TBCs: -22.047, -173.177, -48.349  Props: 1.000, 1.000, 1.000
Last Complete  |Cut Mode|  Elapsed: 00:00:24  ConsoleMvSpeed 7.5  FileEndSpeed 10    13:56:43  04-28-2022
 File Completed:Yes Ln:66 Max: 12.50, 23.75, 10.00  Min: 12.12, 13.75,- 23.75  Offset:no  Brks=0  TBCs: -21.349, -174.898, -47.949  Props: 1.000, 1.000, 1.000
Last Complete  |Cut Mode|  Elapsed: 00:00:25  ConsoleMvSpeed 7.5  FileEndSpeed 10    14:45:55  04-28-2022
 File Completed:Yes Ln:66 Max: 12.50, 23.75, 10.00  Min: 12.12, 13.75,- 23.75  Offset:no  Brks=0  TBCs: -21.349, -174.898, -47.949  Props: 1.000, 1.000, 1.000
Last Complete  |Cut Mode|  Elapsed: 00:00:26  ConsoleMvSpeed 7.5  FileEndSpeed 10    15:30:31  04-28-2022
 File Completed:Yes Ln:66 Max: 12.50, 23.75, 10.00  Min: 12.12, 13.75,- 23.75  Offset:no  Brks=0  TBCs: -21.349, -174.898, -47.949  Props: 1.000, 1.000, 1.000
Last Complete  |Cut Mode|  Elapsed: 00:00:24  ConsoleMvSpeed 7.5  FileEndSpeed 10    16:44:37  04-28-2022
 File Completed:Yes Ln:66 Max: 12.50, 23.75, 10.00  Min: 12.12, 13.75,- 23.75  Offset:no  Brks=0  TBCs: -22.035, -174.187, -47.949  Props: 1.000, 1.000, 1.000
Last Complete  |Cut Mode|  Elapsed: 00:00:24  ConsoleMvSpeed 7.5  FileEndSpeed 10    17:11:13  04-28-2022
 File Completed:Yes Ln:66 Max: 12.50, 23.75, 10.00  Min: 12.12, 13.75,- 23.75  Offset:no  Brks=0  TBCs: -22.035, -174.187, -47.949  Props: 1.000, 1.000, 1.000
Last Complete  |Cut Mode|  Elapsed: 00:00:24  ConsoleMvSpeed 7.5  FileEndSpeed 10    17:54:34  04-28-2022
 File Completed:Yes Ln:66 Max: 12.50, 23.75, 10.00  Min: 12.12, 13.75,- 23.75  Offset:no  Brks=0  TBCs: -22.035, -174.187, -47.949  Props: 1.000, 1.000, 1.000
Last Complete  |Cut Mode|  Elapsed: 00:00:25  ConsoleMvSpeed 10  FileEndSpeed 10    18:38:36  04-28-2022
 File Completed:Yes Ln:66 Max: 12.50, 23.75, 10.00  Min: 12.12, 13.75,- 23.75  Offset:no  Brks=0  TBCs: -22.035, -174.187, -47.949  Props: 1.000, 1.000, 1.000
Last Complete  |Cut Mode|  Elapsed: 00:00:24  ConsoleMvSpeed 10  FileEndSpeed 10    13:54:03  05-03-2022
 File Completed:Yes Ln:66 Max: 12.50, 23.75, 10.00  Min: 12.12, 13.75,- 23.75  Offset:no  Brks=0  TBCs: -22.035, -174.187, -47.949  Props: 1.000, 1.000, 1.000
Last Complete  |Cut Mode|  Elapsed: 00:00:25  ConsoleMvSpeed 10  FileEndSpeed 10    14:38:19  05-03-2022
 File Completed:Yes Ln:66 Max: 12.50, 23.75, 10.00  Min: 12.12, 13.75,- 23.75  Offset:no  Brks=0  TBCs: -22.035, -174.187, -47.949  Props: 1.000, 1.000, 1.000
Last Complete  |Cut Mode|  Elapsed: 00:00:24  ConsoleMvSpeed 10  FileEndSpeed 10    15:39:40  05-03-2022
 File Completed:Yes Ln:66 Max: 12.50, 23.75, 10.00  Min: 12.12, 13.75,- 23.75  Offset:no  Brks=0  TBCs: -22.035, -174.187, -47.949  Props: 1.000, 1.000, 1.000
