Last Complete  |Cut Mode|  Elapsed: 00:00:24  ConsoleMvSpeed 4.99999999999999  FileEndSpeed 10    13:57:46  04-12-2022
 File Completed:Yes Ln:64 Max: 12.50, 35.00, 10.00  Min: 12.05, 25.00,- 23.75  Offset:no  Brks=0  TBCs: -67.513, -160.058, -42.513  Props: 1.000, 1.000, 1.000
Last Complete  |Cut Mode|  Elapsed: 00:00:25  ConsoleMvSpeed 4.99999999999999  FileEndSpeed 10    14:52:13  04-12-2022
 File Completed:Yes Ln:64 Max: 12.50, 35.00, 10.00  Min: 12.05, 25.00,- 23.75  Offset:no  Brks=0  TBCs: -67.513, -160.058, -42.513  Props: 1.000, 1.000, 1.000
Last Complete  |Cut Mode|  Elapsed: 00:00:24  ConsoleMvSpeed 4.99999999999999  FileEndSpeed 10    16:31:42  04-12-2022
 File Completed:Yes Ln:74 Max: 12.50, 35.00, 10.00  Min: 12.05, 25.00,- 23.75  Offset:no  Brks=0  TBCs: -67.513, -160.058, -42.513  Props: 1.000, 1.000, 1.000
Last Complete  |Cut Mode|  Elapsed: 00:00:25  ConsoleMvSpeed 4.99999999999999  FileEndSpeed 10    17:24:34  04-12-2022
 File Completed:Yes Ln:74 Max: 12.50, 35.00, 10.00  Min: 12.05, 25.00,- 23.75  Offset:no  Brks=0  TBCs: -67.513, -160.058, -42.513  Props: 1.000, 1.000, 1.000
Last Complete  |Cut Mode|  Elapsed: 00:00:25  ConsoleMvSpeed 4.99999999999999  FileEndSpeed 10    18:19:54  04-12-2022
 File Completed:Yes Ln:74 Max: 12.50, 35.00, 10.00  Min: 12.05, 25.00,- 23.75  Offset:no  Brks=0  TBCs: -67.513, -160.058, -42.513  Props: 1.000, 1.000, 1.000
Last Complete  |Cut Mode|  Elapsed: 00:00:25  ConsoleMvSpeed 4.99999999999999  FileEndSpeed 10    10:45:56  04-13-2022
 File Completed:Yes Ln:74 Max: 12.50, 35.00, 10.00  Min: 12.05, 25.00,- 23.75  Offset:no  Brks=0  TBCs: -67.513, -160.058, -42.513  Props: 1.000, 1.000, 1.000
Last Complete  |Cut Mode|  Elapsed: 00:00:25  ConsoleMvSpeed 4.99999999999999  FileEndSpeed 10    11:40:23  04-13-2022
 File Completed:Yes Ln:74 Max: 12.50, 35.00, 10.00  Min: 12.05, 25.00,- 23.75  Offset:no  Brks=0  TBCs: -68.904, -165.621, -42.513  Props: 1.000, 1.000, 1.000
Last Complete  |Cut Mode|  Elapsed: 00:00:25  ConsoleMvSpeed 4.99999999999999  FileEndSpeed 10    12:35:49  04-13-2022
 File Completed:Yes Ln:74 Max: 12.50, 35.00, 10.00  Min: 12.05, 25.00,- 23.75  Offset:no  Brks=0  TBCs: -68.904, -165.621, -42.513  Props: 1.000, 1.000, 1.000
Last Complete  |Cut Mode|  Elapsed: 00:00:25  ConsoleMvSpeed 4.99999999999999  FileEndSpeed 10    10:31:10  04-26-2022
 File Completed:Yes Ln:74 Max: 12.50, 35.00, 10.00  Min: 12.05, 25.00,- 23.75  Offset:no  Brks=0  TBCs: -20.365, -168.002, -71.571  Props: 1.000, 1.000, 1.000
Last Complete  |Cut Mode|  Elapsed: 00:00:24  ConsoleMvSpeed 4.99999999999999  FileEndSpeed 10    11:10:38  04-26-2022
 File Completed:Yes Ln:74 Max: 12.50, 35.00, 10.00  Min: 12.05, 25.00,- 23.75  Offset:no  Brks=0  TBCs: -20.365, -168.002, -71.571  Props: 1.000, 1.000, 1.000
Last Complete  |Cut Mode|  Elapsed: 00:00:24  ConsoleMvSpeed 4.99999999999999  FileEndSpeed 10    14:10:04  04-26-2022
 File Completed:Yes Ln:74 Max: 12.50, 35.00, 10.00  Min: 12.05, 25.00,- 23.75  Offset:no  Brks=0  TBCs: -20.365, -168.002, -69.628  Props: 1.000, 1.000, 1.000
Last Complete  |Cut Mode|  Elapsed: 00:00:24  ConsoleMvSpeed 4.99999999999999  FileEndSpeed 10    14:56:17  04-26-2022
 File Completed:Yes Ln:74 Max: 12.50, 35.00, 10.00  Min: 12.05, 25.00,- 23.75  Offset:no  Brks=0  TBCs: -20.365, -167.386, -69.628  Props: 1.000, 1.000, 1.000
Last Complete  |Cut Mode|  Elapsed: 00:00:24  ConsoleMvSpeed 4.99999999999999  FileEndSpeed 10    15:49:53  04-26-2022
 File Completed:Yes Ln:74 Max: 12.50, 35.00, 10.00  Min: 12.05, 25.00,- 23.75  Offset:no  Brks=0  TBCs: -20.365, -167.386, -69.628  Props: 1.000, 1.000, 1.000
Last Complete  |Cut Mode|  Elapsed: 00:00:24  ConsoleMvSpeed 4.99999999999999  FileEndSpeed 10    16:53:31  04-26-2022
 File Completed:Yes Ln:74 Max: 12.50, 35.00, 10.00  Min: 12.05, 25.00,- 23.75  Offset:no  Brks=0  TBCs: -20.365, -167.386, -69.628  Props: 1.000, 1.000, 1.000
Last Complete  |Cut Mode|  Elapsed: 00:00:24  ConsoleMvSpeed 4.99999999999999  FileEndSpeed 10    17:38:56  04-26-2022
 File Completed:Yes Ln:74 Max: 12.50, 35.00, 10.00  Min: 12.05, 25.00,- 23.75  Offset:no  Brks=0  TBCs: -20.365, -167.386, -69.628  Props: 1.000, 1.000, 1.000
Last Complete  |Cut Mode|  Elapsed: 00:00:26  ConsoleMvSpeed 4.99999999999999  FileEndSpeed 10    18:28:51  04-26-2022
 File Completed:Yes Ln:74 Max: 12.50, 35.00, 10.00  Min: 12.05, 25.00,- 23.75  Offset:no  Brks=0  TBCs: -20.365, -167.386, -69.628  Props: 1.000, 1.000, 1.000
Last Complete  |Cut Mode|  Elapsed: 00:00:24  ConsoleMvSpeed 4.99999999999999  FileEndSpeed 10    19:18:06  04-26-2022
 File Completed:Yes Ln:74 Max: 12.50, 35.00, 10.00  Min: 12.05, 25.00,- 23.75  Offset:no  Brks=0  TBCs: -20.365, -167.386, -69.628  Props: 1.000, 1.000, 1.000
Last Complete  |Cut Mode|  Elapsed: 00:00:25  ConsoleMvSpeed 4.99999999999999  FileEndSpeed 10    20:00:32  04-26-2022
 File Completed:Yes Ln:74 Max: 12.50, 35.00, 10.00  Min: 12.05, 25.00,- 23.75  Offset:no  Brks=0  TBCs: -20.365, -167.386, -69.628  Props: 1.000, 1.000, 1.000
Last Complete  |Cut Mode|  Elapsed: 00:00:22  ConsoleMvSpeed 7.5  FileEndSpeed 10    15:01:20  04-27-2022
 File Completed:Yes Ln:74 Max: 12.50, 35.00, 10.00  Min: 12.05, 25.00,- 23.75  Offset:no  Brks=0  TBCs: -20.365, -167.386, -69.628  Props: 1.000, 1.000, 1.000
Last Complete  |Cut Mode|  Elapsed: 00:00:23  ConsoleMvSpeed 7.5  FileEndSpeed 10    09:48:31  04-28-2022
 File Completed:Yes Ln:66 Max: 12.50, 35.00, 10.00  Min: 12.05, 25.00,- 23.75  Offset:no  Brks=0  TBCs: -21.069, -172.409, -60.306  Props: 1.000, 1.000, 1.000
Last Complete  |Cut Mode|  Elapsed: 00:00:22  ConsoleMvSpeed 7.5  FileEndSpeed 10    11:00:11  04-28-2022
 File Completed:Yes Ln:66 Max: 12.50, 35.00, 10.00  Min: 12.05, 25.00,- 23.75  Offset:no  Brks=0  TBCs: -21.349, -173.177, -48.921  Props: 1.000, 1.000, 1.000
Last Complete  |Cut Mode|  Elapsed: 00:00:24  ConsoleMvSpeed 7.5  FileEndSpeed 10    12:34:50  04-28-2022
 File Completed:Yes Ln:66 Max: 12.50, 35.00, 10.00  Min: 12.05, 25.00,- 23.75  Offset:no  Brks=0  TBCs: -22.047, -173.177, -48.349  Props: 1.000, 1.000, 1.000
Last Complete  |Cut Mode|  Elapsed: 00:00:25  ConsoleMvSpeed 7.5  FileEndSpeed 10    13:57:10  04-28-2022
 File Completed:Yes Ln:66 Max: 12.50, 35.00, 10.00  Min: 12.05, 25.00,- 23.75  Offset:no  Brks=0  TBCs: -21.349, -174.898, -47.949  Props: 1.000, 1.000, 1.000
Last Complete  |Cut Mode|  Elapsed: 00:00:25  ConsoleMvSpeed 7.5  FileEndSpeed 10    14:46:22  04-28-2022
 File Completed:Yes Ln:66 Max: 12.50, 35.00, 10.00  Min: 12.05, 25.00,- 23.75  Offset:no  Brks=0  TBCs: -21.349, -174.898, -47.949  Props: 1.000, 1.000, 1.000
Last Complete  |Cut Mode|  Elapsed: 00:00:25  ConsoleMvSpeed 7.5  FileEndSpeed 10    15:30:58  04-28-2022
 File Completed:Yes Ln:66 Max: 12.50, 35.00, 10.00  Min: 12.05, 25.00,- 23.75  Offset:no  Brks=0  TBCs: -21.349, -174.898, -47.949  Props: 1.000, 1.000, 1.000
Last Complete  |Cut Mode|  Elapsed: 00:00:25  ConsoleMvSpeed 7.5  FileEndSpeed 10    16:45:05  04-28-2022
 File Completed:Yes Ln:66 Max: 12.50, 35.00, 10.00  Min: 12.05, 25.00,- 23.75  Offset:no  Brks=0  TBCs: -22.035, -174.187, -47.949  Props: 1.000, 1.000, 1.000
Last Complete  |Cut Mode|  Elapsed: 00:00:24  ConsoleMvSpeed 7.5  FileEndSpeed 10    17:11:40  04-28-2022
 File Completed:Yes Ln:66 Max: 12.50, 35.00, 10.00  Min: 12.05, 25.00,- 23.75  Offset:no  Brks=0  TBCs: -22.035, -174.187, -47.949  Props: 1.000, 1.000, 1.000
Last Complete  |Cut Mode|  Elapsed: 00:00:24  ConsoleMvSpeed 7.5  FileEndSpeed 10    17:55:00  04-28-2022
 File Completed:Yes Ln:66 Max: 12.50, 35.00, 10.00  Min: 12.05, 25.00,- 23.75  Offset:no  Brks=0  TBCs: -22.035, -174.187, -47.949  Props: 1.000, 1.000, 1.000
Last Complete  |Cut Mode|  Elapsed: 00:00:24  ConsoleMvSpeed 10  FileEndSpeed 10    18:39:03  04-28-2022
 File Completed:Yes Ln:66 Max: 12.50, 35.00, 10.00  Min: 12.05, 25.00,- 23.75  Offset:no  Brks=0  TBCs: -22.035, -174.187, -47.949  Props: 1.000, 1.000, 1.000
Last Complete  |Cut Mode|  Elapsed: 00:00:25  ConsoleMvSpeed 10  FileEndSpeed 10    13:54:30  05-03-2022
 File Completed:Yes Ln:66 Max: 12.50, 35.00, 10.00  Min: 12.05, 25.00,- 23.75  Offset:no  Brks=0  TBCs: -22.035, -174.187, -47.949  Props: 1.000, 1.000, 1.000
Last Complete  |Cut Mode|  Elapsed: 00:00:25  ConsoleMvSpeed 10  FileEndSpeed 10    14:38:46  05-03-2022
 File Completed:Yes Ln:66 Max: 12.50, 35.00, 10.00  Min: 12.05, 25.00,- 23.75  Offset:no  Brks=0  TBCs: -22.035, -174.187, -47.949  Props: 1.000, 1.000, 1.000
Last Complete  |Cut Mode|  Elapsed: 00:00:24  ConsoleMvSpeed 10  FileEndSpeed 10    15:40:07  05-03-2022
 File Completed:Yes Ln:66 Max: 12.50, 35.00, 10.00  Min: 12.05, 25.00,- 23.75  Offset:no  Brks=0  TBCs: -22.035, -174.187, -47.949  Props: 1.000, 1.000, 1.000
Last Not Complete Stopped@Line 17 |Cut Mode|  Elapsed: 00:00:08  ConsoleMvSpeed 10  FileEndSpeed 10    15:44:44  05-10-2022
 File Completed:No  Ln:17 Max: 12.50, 25.00, 10.00  Min: 12.50, 25.00,- 22.50  Offset:no  Brks=0  TBCs: -22.035, -174.187, -47.949  Props: 1.000, 1.000, 1.000
