Last Complete  |Cut Mode|  Elapsed: 00:00:24  ConsoleMvSpeed 4.99999999999999  FileEndSpeed 10    13:56:54  04-12-2022
 File Completed:Yes Ln:64 Max: 12.50, 12.50, 10.00  Min: 12.20, 2.50,- 23.75  Offset:no  Brks=0  TBCs: -67.513, -160.058, -42.513  Props: 1.000, 1.000, 1.000
Last Complete  |Cut Mode|  Elapsed: 00:00:24  ConsoleMvSpeed 4.99999999999999  FileEndSpeed 10    14:51:18  04-12-2022
 File Completed:Yes Ln:64 Max: 12.50, 12.50, 10.00  Min: 12.20, 2.50,- 23.75  Offset:no  Brks=0  TBCs: -67.513, -160.058, -42.513  Props: 1.000, 1.000, 1.000
Last Complete  |Cut Mode|  Elapsed: 00:00:24  ConsoleMvSpeed 4.99999999999999  FileEndSpeed 10    16:28:25  04-12-2022
 File Completed:Yes Ln:64 Max: 12.50, 12.50, 10.00  Min: 12.20, 2.50,- 23.75  Offset:no  Brks=0  TBCs: -67.513, -160.058, -42.513  Props: 1.000, 1.000, 1.000
Last Complete  |Cut Mode|  Elapsed: 00:00:25  ConsoleMvSpeed 4.99999999999999  FileEndSpeed 10    17:23:41  04-12-2022
 File Completed:Yes Ln:74 Max: 12.50, 12.50, 10.00  Min: 12.20, 2.50,- 23.75  Offset:no  Brks=0  TBCs: -67.513, -160.058, -42.513  Props: 1.000, 1.000, 1.000
Last Complete  |Cut Mode|  Elapsed: 00:00:25  ConsoleMvSpeed 4.99999999999999  FileEndSpeed 10    18:18:59  04-12-2022
 File Completed:Yes Ln:74 Max: 12.50, 12.50, 10.00  Min: 12.20, 2.50,- 23.75  Offset:no  Brks=0  TBCs: -67.513, -160.058, -42.513  Props: 1.000, 1.000, 1.000
Last Complete  |Cut Mode|  Elapsed: 00:00:24  ConsoleMvSpeed 4.99999999999999  FileEndSpeed 10    10:45:03  04-13-2022
 File Completed:Yes Ln:74 Max: 12.50, 12.50, 10.00  Min: 12.20, 2.50,- 23.75  Offset:no  Brks=0  TBCs: -67.513, -160.058, -42.513  Props: 1.000, 1.000, 1.000
Last Complete  |Cut Mode|  Elapsed: 00:00:24  ConsoleMvSpeed 4.99999999999999  FileEndSpeed 10    11:39:30  04-13-2022
 File Completed:Yes Ln:74 Max: 12.50, 12.50, 10.00  Min: 12.20, 2.50,- 23.75  Offset:no  Brks=0  TBCs: -68.904, -165.621, -42.513  Props: 1.000, 1.000, 1.000
Last Complete  |Cut Mode|  Elapsed: 00:00:25  ConsoleMvSpeed 4.99999999999999  FileEndSpeed 10    12:34:52  04-13-2022
 File Completed:Yes Ln:74 Max: 12.50, 12.50, 10.00  Min: 12.20, 2.50,- 23.75  Offset:no  Brks=0  TBCs: -68.904, -165.621, -42.513  Props: 1.000, 1.000, 1.000
Last Complete  |Cut Mode|  Elapsed: 00:00:25  ConsoleMvSpeed 4.99999999999999  FileEndSpeed 10    10:24:02  04-26-2022
 File Completed:Yes Ln:74 Max: 12.50, 12.50, 10.00  Min: 12.20, 2.50,- 23.75  Offset:no  Brks=0  TBCs: -20.365, -168.002, -71.571  Props: 1.000, 1.000, 1.000
Last Complete  |Cut Mode|  Elapsed: 00:00:25  ConsoleMvSpeed 4.99999999999999  FileEndSpeed 10    10:49:14  04-26-2022
 File Completed:Yes Ln:74 Max: 12.50, 12.50, 10.00  Min: 12.20, 2.50,- 23.75  Offset:no  Brks=0  TBCs: -20.365, -168.002, -71.571  Props: 1.000, 1.000, 1.000
Last Complete  |Cut Mode|  Elapsed: 00:00:25  ConsoleMvSpeed 4.99999999999999  FileEndSpeed 10    11:09:23  04-26-2022
 File Completed:Yes Ln:74 Max: 12.50, 12.50, 10.00  Min: 12.20, 2.50,- 23.75  Offset:no  Brks=0  TBCs: -20.365, -168.002, -71.571  Props: 1.000, 1.000, 1.000
Last Complete  |Cut Mode|  Elapsed: 00:00:25  ConsoleMvSpeed 4.99999999999999  FileEndSpeed 10    14:09:12  04-26-2022
 File Completed:Yes Ln:74 Max: 12.50, 12.50, 10.00  Min: 12.20, 2.50,- 23.75  Offset:no  Brks=0  TBCs: -20.365, -168.002, -69.628  Props: 1.000, 1.000, 1.000
Last Complete  |Cut Mode|  Elapsed: 00:00:25  ConsoleMvSpeed 4.99999999999999  FileEndSpeed 10    14:55:23  04-26-2022
 File Completed:Yes Ln:74 Max: 12.50, 12.50, 10.00  Min: 12.20, 2.50,- 23.75  Offset:no  Brks=0  TBCs: -20.365, -167.386, -69.628  Props: 1.000, 1.000, 1.000
Last Complete  |Cut Mode|  Elapsed: 00:00:25  ConsoleMvSpeed 4.99999999999999  FileEndSpeed 10    15:48:57  04-26-2022
 File Completed:Yes Ln:74 Max: 12.50, 12.50, 10.00  Min: 12.20, 2.50,- 23.75  Offset:no  Brks=0  TBCs: -20.365, -167.386, -69.628  Props: 1.000, 1.000, 1.000
Last Complete  |Cut Mode|  Elapsed: 00:00:25  ConsoleMvSpeed 4.99999999999999  FileEndSpeed 10    16:52:38  04-26-2022
 File Completed:Yes Ln:74 Max: 12.50, 12.50, 10.00  Min: 12.20, 2.50,- 23.75  Offset:no  Brks=0  TBCs: -20.365, -167.386, -69.628  Props: 1.000, 1.000, 1.000
Last Complete  |Cut Mode|  Elapsed: 00:00:25  ConsoleMvSpeed 4.99999999999999  FileEndSpeed 10    17:38:03  04-26-2022
 File Completed:Yes Ln:74 Max: 12.50, 12.50, 10.00  Min: 12.20, 2.50,- 23.75  Offset:no  Brks=0  TBCs: -20.365, -167.386, -69.628  Props: 1.000, 1.000, 1.000
Last Complete  |Cut Mode|  Elapsed: 00:00:25  ConsoleMvSpeed 4.99999999999999  FileEndSpeed 10    18:27:55  04-26-2022
 File Completed:Yes Ln:74 Max: 12.50, 12.50, 10.00  Min: 12.20, 2.50,- 23.75  Offset:no  Brks=0  TBCs: -20.365, -167.386, -69.628  Props: 1.000, 1.000, 1.000
Last Complete  |Cut Mode|  Elapsed: 00:00:24  ConsoleMvSpeed 4.99999999999999  FileEndSpeed 10    19:17:11  04-26-2022
 File Completed:Yes Ln:74 Max: 12.50, 12.50, 10.00  Min: 12.20, 2.50,- 23.75  Offset:no  Brks=0  TBCs: -20.365, -167.386, -69.628  Props: 1.000, 1.000, 1.000
Last Complete  |Cut Mode|  Elapsed: 00:00:25  ConsoleMvSpeed 4.99999999999999  FileEndSpeed 10    19:59:35  04-26-2022
 File Completed:Yes Ln:74 Max: 12.50, 12.50, 10.00  Min: 12.20, 2.50,- 23.75  Offset:no  Brks=0  TBCs: -20.365, -167.386, -69.628  Props: 1.000, 1.000, 1.000
Last Complete  |Cut Mode|  Elapsed: 00:00:28  ConsoleMvSpeed 7.5  FileEndSpeed 10    15:00:31  04-27-2022
 File Completed:Yes Ln:74 Max: 12.50, 12.50, 10.00  Min: 12.20, 2.50,- 23.75  Offset:no  Brks=0  TBCs: -20.365, -167.386, -69.628  Props: 1.000, 1.000, 1.000
Last Complete  |Cut Mode|  Elapsed: 00:00:24  ConsoleMvSpeed 7.5  FileEndSpeed 10    09:47:44  04-28-2022
 File Completed:Yes Ln:66 Max: 12.50, 12.50, 10.00  Min: 12.20, 2.50,- 23.75  Offset:no  Brks=0  TBCs: -21.069, -172.409, -60.306  Props: 1.000, 1.000, 1.000
Last Complete  |Cut Mode|  Elapsed: 00:00:25  ConsoleMvSpeed 7.5  FileEndSpeed 10    10:52:27  04-28-2022
 File Completed:Yes Ln:66 Max: 12.50, 12.50, 10.00  Min: 12.20, 2.50,- 23.75  Offset:no  Brks=0  TBCs: -21.069, -172.409, -58.534  Props: 1.000, 1.000, 1.000
Last Complete  |Cut Mode|  Elapsed: 00:00:24  ConsoleMvSpeed 7.5  FileEndSpeed 10    12:33:57  04-28-2022
 File Completed:Yes Ln:66 Max: 12.50, 12.50, 10.00  Min: 12.20, 2.50,- 23.75  Offset:no  Brks=0  TBCs: -22.047, -173.177, -48.349  Props: 1.000, 1.000, 1.000
Last Complete  |Cut Mode|  Elapsed: 00:00:24  ConsoleMvSpeed 7.5  FileEndSpeed 10    13:56:17  04-28-2022
 File Completed:Yes Ln:66 Max: 12.50, 12.50, 10.00  Min: 12.20, 2.50,- 23.75  Offset:no  Brks=0  TBCs: -21.349, -174.898, -47.949  Props: 1.000, 1.000, 1.000
Last Complete  |Cut Mode|  Elapsed: 00:00:24  ConsoleMvSpeed 7.5  FileEndSpeed 10    14:45:28  04-28-2022
 File Completed:Yes Ln:66 Max: 12.50, 12.50, 10.00  Min: 12.20, 2.50,- 23.75  Offset:no  Brks=0  TBCs: -21.349, -174.898, -47.949  Props: 1.000, 1.000, 1.000
Last Complete  |Cut Mode|  Elapsed: 00:00:24  ConsoleMvSpeed 7.5  FileEndSpeed 10    15:30:03  04-28-2022
 File Completed:Yes Ln:66 Max: 12.50, 12.50, 10.00  Min: 12.20, 2.50,- 23.75  Offset:no  Brks=0  TBCs: -21.349, -174.898, -47.949  Props: 1.000, 1.000, 1.000
Last Complete  |Cut Mode|  Elapsed: 00:00:24  ConsoleMvSpeed 7.5  FileEndSpeed 10    16:44:11  04-28-2022
 File Completed:Yes Ln:66 Max: 12.50, 12.50, 10.00  Min: 12.20, 2.50,- 23.75  Offset:no  Brks=0  TBCs: -22.035, -174.187, -47.949  Props: 1.000, 1.000, 1.000
Last Complete  |Cut Mode|  Elapsed: 00:00:25  ConsoleMvSpeed 7.5  FileEndSpeed 10    17:10:46  04-28-2022
 File Completed:Yes Ln:66 Max: 12.50, 12.50, 10.00  Min: 12.20, 2.50,- 23.75  Offset:no  Brks=0  TBCs: -22.035, -174.187, -47.949  Props: 1.000, 1.000, 1.000
Last Complete  |Cut Mode|  Elapsed: 00:00:24  ConsoleMvSpeed 7.5  FileEndSpeed 10    17:54:08  04-28-2022
 File Completed:Yes Ln:66 Max: 12.50, 12.50, 10.00  Min: 12.20, 2.50,- 23.75  Offset:no  Brks=0  TBCs: -22.035, -174.187, -47.949  Props: 1.000, 1.000, 1.000
Last Complete  |Cut Mode|  Elapsed: 00:00:25  ConsoleMvSpeed 10  FileEndSpeed 10    18:38:09  04-28-2022
 File Completed:Yes Ln:66 Max: 12.50, 12.50, 10.00  Min: 12.20, 2.50,- 23.75  Offset:no  Brks=0  TBCs: -22.035, -174.187, -47.949  Props: 1.000, 1.000, 1.000
Last Complete  |Cut Mode|  Elapsed: 00:00:23  ConsoleMvSpeed 10  FileEndSpeed 10    13:53:36  05-03-2022
 File Completed:Yes Ln:66 Max: 12.50, 12.50, 10.00  Min: 12.20, 2.50,- 23.75  Offset:no  Brks=0  TBCs: -22.035, -174.187, -47.949  Props: 1.000, 1.000, 1.000
Last Complete  |Cut Mode|  Elapsed: 00:00:24  ConsoleMvSpeed 10  FileEndSpeed 10    14:37:52  05-03-2022
 File Completed:Yes Ln:66 Max: 12.50, 12.50, 10.00  Min: 12.20, 2.50,- 23.75  Offset:no  Brks=0  TBCs: -22.035, -174.187, -47.949  Props: 1.000, 1.000, 1.000
Last Complete  |Cut Mode|  Elapsed: 00:00:24  ConsoleMvSpeed 10  FileEndSpeed 10    15:39:14  05-03-2022
 File Completed:Yes Ln:66 Max: 12.50, 12.50, 10.00  Min: 12.20, 2.50,- 23.75  Offset:no  Brks=0  TBCs: -22.035, -174.187, -47.949  Props: 1.000, 1.000, 1.000
Last Complete  |Cut Mode|  Elapsed: 00:00:25  ConsoleMvSpeed 10  FileEndSpeed 10    15:44:33  05-10-2022
 File Completed:Yes Ln:66 Max: 12.50, 12.50, 10.00  Min: 12.20, 2.50,- 23.75  Offset:no  Brks=0  TBCs: -22.035, -174.187, -47.949  Props: 1.000, 1.000, 1.000
Last Not Complete Stopped@Line 54 |Cut Mode|  Elapsed: 00:00:27  ConsoleMvSpeed 10  FileEndSpeed 10    15:50:53  05-10-2022
 File Completed:No  Ln:54 Max: 12.50, 12.50, 12.70  Min: 12.20, 2.50,- 23.75  Offset:no  Brks=1  TBCs: -22.035, -174.187, -47.949  Props: 1.000, 1.000, 1.000
