Last Complete  |Cut Mode|  Elapsed: 00:00:30  ConsoleMvSpeed 4.99999999999999  FileEndSpeed 10    14:31:32  04-12-2022
 File Completed:Yes Ln:112 Max: 12.50, 37.00, 10.00  Min: 12.50, 25.20,- 22.50  Offset:no  Brks=0  TBCs: -67.513, -160.058, -42.513  Props: 1.000, 1.000, 1.000
Last Complete  |Cut Mode|  Elapsed: 00:00:30  ConsoleMvSpeed 4.99999999999999  FileEndSpeed 10    16:01:04  04-12-2022
 File Completed:Yes Ln:112 Max: 12.50, 37.00, 10.00  Min: 12.50, 25.20,- 22.50  Offset:no  Brks=0  TBCs: -67.513, -160.058, -42.513  Props: 1.000, 1.000, 1.000
Last Complete  |Cut Mode|  Elapsed: 00:00:30  ConsoleMvSpeed 4.99999999999999  FileEndSpeed 10    17:04:13  04-12-2022
 File Completed:Yes Ln:112 Max: 12.50, 37.00, 10.00  Min: 12.50, 25.20,- 22.50  Offset:no  Brks=0  TBCs: -67.513, -160.058, -42.513  Props: 1.000, 1.000, 1.000
Last Complete  |Cut Mode|  Elapsed: 00:00:30  ConsoleMvSpeed 4.99999999999999  FileEndSpeed 10    17:59:37  04-12-2022
 File Completed:Yes Ln:112 Max: 12.50, 37.00, 10.00  Min: 12.50, 25.20,- 22.50  Offset:no  Brks=0  TBCs: -67.513, -160.058, -42.513  Props: 1.000, 1.000, 1.000
Last Complete  |Cut Mode|  Elapsed: 00:00:33  ConsoleMvSpeed 4.99999999999999  FileEndSpeed 10    18:52:18  04-12-2022
 File Completed:Yes Ln:112 Max: 12.50, 37.00, 10.00  Min: 12.50, 25.20,- 22.50  Offset:no  Brks=0  TBCs: -67.513, -160.058, -42.513  Props: 1.000, 1.000, 1.000
Last Complete  |Cut Mode|  Elapsed: 00:00:30  ConsoleMvSpeed 4.99999999999999  FileEndSpeed 10    11:18:15  04-13-2022
 File Completed:Yes Ln:112 Max: 12.50, 37.00, 10.00  Min: 12.50, 25.20,- 22.50  Offset:no  Brks=0  TBCs: -68.904, -165.621, -42.513  Props: 1.000, 1.000, 1.000
Last Complete  |Cut Mode|  Elapsed: 00:00:31  ConsoleMvSpeed 4.99999999999999  FileEndSpeed 10    12:15:08  04-13-2022
 File Completed:Yes Ln:112 Max: 12.50, 37.00, 10.00  Min: 12.50, 25.20,- 22.50  Offset:no  Brks=0  TBCs: -68.904, -165.621, -42.513  Props: 1.000, 1.000, 1.000
Last Complete  |Cut Mode|  Elapsed: 00:00:30  ConsoleMvSpeed 4.99999999999999  FileEndSpeed 10    13:07:35  04-13-2022
 File Completed:Yes Ln:112 Max: 12.50, 37.00, 10.00  Min: 12.50, 25.20,- 22.50  Offset:no  Brks=0  TBCs: -68.904, -165.621, -42.513  Props: 1.000, 1.000, 1.000
Last Complete  |Cut Mode|  Elapsed: 00:00:30  ConsoleMvSpeed 4.99999999999999  FileEndSpeed 10    14:44:08  04-13-2022
 File Completed:Yes Ln:112 Max: 12.50, 37.00, 10.00  Min: 12.50, 25.20,- 22.50  Offset:no  Brks=0  TBCs: -68.904, -165.621, -42.513  Props: 1.000, 1.000, 1.000
Last Complete  |Cut Mode|  Elapsed: 00:00:30  ConsoleMvSpeed 4.99999999999999  FileEndSpeed 10    12:46:36  04-26-2022
 File Completed:Yes Ln:112 Max: 12.50, 37.00, 10.00  Min: 12.50, 25.20,- 22.50  Offset:no  Brks=0  TBCs: -20.365, -168.002, -69.628  Props: 1.000, 1.000, 1.000
Last Complete  |Cut Mode|  Elapsed: 00:00:30  ConsoleMvSpeed 4.99999999999999  FileEndSpeed 10    14:38:15  04-26-2022
 File Completed:Yes Ln:112 Max: 12.50, 37.00, 10.00  Min: 12.50, 25.20,- 22.50  Offset:no  Brks=0  TBCs: -20.365, -167.386, -69.628  Props: 1.000, 1.000, 1.000
Last Complete  |Cut Mode|  Elapsed: 00:00:30  ConsoleMvSpeed 4.99999999999999  FileEndSpeed 10    15:24:09  04-26-2022
 File Completed:Yes Ln:112 Max: 12.50, 37.00, 10.00  Min: 12.50, 25.20,- 22.50  Offset:no  Brks=0  TBCs: -20.365, -167.386, -69.628  Props: 1.000, 1.000, 1.000
Last Complete  |Cut Mode|  Elapsed: 00:00:30  ConsoleMvSpeed 4.99999999999999  FileEndSpeed 10    16:17:03  04-26-2022
 File Completed:Yes Ln:112 Max: 12.50, 37.00, 10.00  Min: 12.50, 25.20,- 22.50  Offset:no  Brks=0  TBCs: -20.365, -167.386, -69.628  Props: 1.000, 1.000, 1.000
Last Complete  |Cut Mode|  Elapsed: 00:00:30  ConsoleMvSpeed 4.99999999999999  FileEndSpeed 10    17:20:15  04-26-2022
 File Completed:Yes Ln:112 Max: 12.50, 37.00, 10.00  Min: 12.50, 25.20,- 22.50  Offset:no  Brks=0  TBCs: -20.365, -167.386, -69.628  Props: 1.000, 1.000, 1.000
Last Complete  |Cut Mode|  Elapsed: 00:00:30  ConsoleMvSpeed 4.99999999999999  FileEndSpeed 10    18:02:37  04-26-2022
 File Completed:Yes Ln:112 Max: 12.50, 37.00, 10.00  Min: 12.50, 25.20,- 22.50  Offset:no  Brks=0  TBCs: -20.365, -167.386, -69.628  Props: 1.000, 1.000, 1.000
Last Complete  |Cut Mode|  Elapsed: 00:00:29  ConsoleMvSpeed 4.99999999999999  FileEndSpeed 10    19:00:02  04-26-2022
 File Completed:Yes Ln:112 Max: 12.50, 37.00, 10.00  Min: 12.50, 25.20,- 22.50  Offset:no  Brks=0  TBCs: -20.365, -167.386, -69.628  Props: 1.000, 1.000, 1.000
Last Complete  |Cut Mode|  Elapsed: 00:00:29  ConsoleMvSpeed 4.99999999999999  FileEndSpeed 10    19:41:37  04-26-2022
 File Completed:Yes Ln:112 Max: 12.50, 37.00, 10.00  Min: 12.50, 25.20,- 22.50  Offset:no  Brks=0  TBCs: -20.365, -167.386, -69.628  Props: 1.000, 1.000, 1.000
Last Complete  |Cut Mode|  Elapsed: 00:00:30  ConsoleMvSpeed 4.99999999999999  FileEndSpeed 10    20:25:29  04-26-2022
 File Completed:Yes Ln:112 Max: 12.50, 37.00, 10.00  Min: 12.50, 25.20,- 22.50  Offset:no  Brks=0  TBCs: -20.365, -167.386, -69.628  Props: 1.000, 1.000, 1.000
Last Complete  |Cut Mode|  Elapsed: 00:00:28  ConsoleMvSpeed 7.5  FileEndSpeed 10    10:33:14  04-28-2022
 File Completed:Yes Ln:112 Max: 12.50, 37.00, 10.00  Min: 12.50, 25.20,- 22.50  Offset:no  Brks=0  TBCs: -21.069, -172.409, -58.534  Props: 1.000, 1.000, 1.000
Last Complete  |Cut Mode|  Elapsed: 00:00:30  ConsoleMvSpeed 7.5  FileEndSpeed 10    12:17:15  04-28-2022
 File Completed:Yes Ln:112 Max: 12.50, 37.00, 10.00  Min: 12.50, 25.20,- 22.50  Offset:no  Brks=0  TBCs: -22.047, -173.177, -48.349  Props: 1.000, 1.000, 1.000
Last Complete  |Cut Mode|  Elapsed: 00:00:30  ConsoleMvSpeed 7.5  FileEndSpeed 10    12:58:56  04-28-2022
 File Completed:Yes Ln:112 Max: 12.50, 37.00, 10.00  Min: 12.50, 25.20,- 22.50  Offset:no  Brks=0  TBCs: -22.047, -173.177, -48.349  Props: 1.000, 1.000, 1.000
Last Complete  |Cut Mode|  Elapsed: 00:00:30  ConsoleMvSpeed 7.5  FileEndSpeed 10    14:26:25  04-28-2022
 File Completed:Yes Ln:112 Max: 12.50, 37.00, 10.00  Min: 12.50, 25.20,- 22.50  Offset:no  Brks=0  TBCs: -21.349, -174.898, -47.949  Props: 1.000, 1.000, 1.000
Last Complete  |Cut Mode|  Elapsed: 00:00:30  ConsoleMvSpeed 7.5  FileEndSpeed 10    15:12:13  04-28-2022
 File Completed:Yes Ln:112 Max: 12.50, 37.00, 10.00  Min: 12.50, 25.20,- 22.50  Offset:no  Brks=0  TBCs: -21.349, -174.898, -47.949  Props: 1.000, 1.000, 1.000
Last Complete  |Cut Mode|  Elapsed: 00:00:30  ConsoleMvSpeed 7.5  FileEndSpeed 10    15:56:53  04-28-2022
 File Completed:Yes Ln:112 Max: 12.50, 37.00, 10.00  Min: 12.50, 25.20,- 22.50  Offset:no  Brks=0  TBCs: -21.349, -174.898, -47.949  Props: 1.000, 1.000, 1.000
Last Not Complete Stopped@Line 1 |Cut Mode|  Elapsed: 00:00:07  ConsoleMvSpeed 7.5  FileEndSpeed 10    17:34:28  04-28-2022
 File Completed:No  Ln:1 Max: 12.50, 25.20, 12.70  Min: 12.50, 13.70, 10.00  Offset:no  Brks=1  TBCs: -22.035, -174.187, -47.949  Props: 1.000, 1.000, 1.000
Last Complete  |Cut Mode|  Elapsed: 00:00:31  ConsoleMvSpeed 7.5  FileEndSpeed 10    17:35:40  04-28-2022
 File Completed:Yes Ln:112 Max: 12.50, 37.00, 10.00  Min: 12.50, 25.20,- 22.50  Offset:no  Brks=0  TBCs: -22.035, -174.187, -47.949  Props: 1.000, 1.000, 1.000
Last Complete  |Cut Mode|  Elapsed: 00:00:31  ConsoleMvSpeed 10  FileEndSpeed 10    18:20:23  04-28-2022
 File Completed:Yes Ln:112 Max: 12.50, 37.00, 10.00  Min: 12.50, 25.20,- 22.50  Offset:no  Brks=0  TBCs: -22.035, -174.187, -47.949  Props: 1.000, 1.000, 1.000
Last Complete  |Cut Mode|  Elapsed: 00:00:31  ConsoleMvSpeed 10  FileEndSpeed 10    19:02:24  04-28-2022
 File Completed:Yes Ln:112 Max: 12.50, 37.00, 10.00  Min: 12.50, 25.20,- 22.50  Offset:no  Brks=0  TBCs: -22.035, -174.187, -47.949  Props: 1.000, 1.000, 1.000
Last Complete  |Cut Mode|  Elapsed: 00:00:30  ConsoleMvSpeed 10  FileEndSpeed 10    14:20:35  05-03-2022
 File Completed:Yes Ln:112 Max: 12.50, 37.00, 10.00  Min: 12.50, 25.20,- 22.50  Offset:no  Brks=0  TBCs: -22.035, -174.187, -47.949  Props: 1.000, 1.000, 1.000
Last Complete  |Cut Mode|  Elapsed: 00:00:31  ConsoleMvSpeed 10  FileEndSpeed 10    15:05:04  05-03-2022
 File Completed:Yes Ln:112 Max: 12.50, 37.00, 10.00  Min: 12.50, 25.20,- 22.50  Offset:no  Brks=0  TBCs: -22.035, -174.187, -47.949  Props: 1.000, 1.000, 1.000
Last Complete  |Cut Mode|  Elapsed: 00:00:30  ConsoleMvSpeed 10  FileEndSpeed 10    15:52:24  05-03-2022
 File Completed:Yes Ln:112 Max: 12.50, 37.00, 10.00  Min: 12.50, 25.20,- 22.50  Offset:no  Brks=0  TBCs: -22.035, -174.187, -47.949  Props: 1.000, 1.000, 1.000
