Last Complete  |Cut Mode|  Elapsed: 00:00:31  ConsoleMvSpeed 4.99999999999999  FileEndSpeed 10    14:30:26  04-12-2022
 File Completed:Yes Ln:112 Max: 12.50, 13.70, 10.00  Min: 12.50, 2.50,- 22.50  Offset:no  Brks=0  TBCs: -67.513, -160.058, -42.513  Props: 1.000, 1.000, 1.000
Last Complete  |Cut Mode|  Elapsed: 00:00:30  ConsoleMvSpeed 4.99999999999999  FileEndSpeed 10    15:59:56  04-12-2022
 File Completed:Yes Ln:112 Max: 12.50, 13.70, 10.00  Min: 12.50, 2.50,- 22.50  Offset:no  Brks=0  TBCs: -67.513, -160.058, -42.513  Props: 1.000, 1.000, 1.000
Last Complete  |Cut Mode|  Elapsed: 00:00:31  ConsoleMvSpeed 4.99999999999999  FileEndSpeed 10    17:03:07  04-12-2022
 File Completed:Yes Ln:112 Max: 12.50, 13.70, 10.00  Min: 12.50, 2.50,- 22.50  Offset:no  Brks=0  TBCs: -67.513, -160.058, -42.513  Props: 1.000, 1.000, 1.000
Last Complete  |Cut Mode|  Elapsed: 00:00:30  ConsoleMvSpeed 4.99999999999999  FileEndSpeed 10    17:58:28  04-12-2022
 File Completed:Yes Ln:112 Max: 12.50, 13.70, 10.00  Min: 12.50, 2.50,- 22.50  Offset:no  Brks=0  TBCs: -67.513, -160.058, -42.513  Props: 1.000, 1.000, 1.000
Last Complete  |Cut Mode|  Elapsed: 00:00:30  ConsoleMvSpeed 4.99999999999999  FileEndSpeed 10    18:51:08  04-12-2022
 File Completed:Yes Ln:112 Max: 12.50, 13.70, 10.00  Min: 12.50, 2.50,- 22.50  Offset:no  Brks=0  TBCs: -67.513, -160.058, -42.513  Props: 1.000, 1.000, 1.000
Last Complete  |Cut Mode|  Elapsed: 00:00:31  ConsoleMvSpeed 4.99999999999999  FileEndSpeed 10    11:16:55  04-13-2022
 File Completed:Yes Ln:112 Max: 12.50, 13.70, 10.00  Min: 12.50, 2.50,- 22.50  Offset:no  Brks=0  TBCs: -68.904, -165.621, -42.513  Props: 1.000, 1.000, 1.000
Last Complete  |Cut Mode|  Elapsed: 00:00:30  ConsoleMvSpeed 4.99999999999999  FileEndSpeed 10    12:14:02  04-13-2022
 File Completed:Yes Ln:112 Max: 12.50, 13.70, 10.00  Min: 12.50, 2.50,- 22.50  Offset:no  Brks=0  TBCs: -68.904, -165.621, -42.513  Props: 1.000, 1.000, 1.000
Last Complete  |Cut Mode|  Elapsed: 00:00:30  ConsoleMvSpeed 4.99999999999999  FileEndSpeed 10    13:06:28  04-13-2022
 File Completed:Yes Ln:112 Max: 12.50, 13.70, 10.00  Min: 12.50, 2.50,- 22.50  Offset:no  Brks=0  TBCs: -68.904, -165.621, -42.513  Props: 1.000, 1.000, 1.000
Last Complete  |Cut Mode|  Elapsed: 00:00:31  ConsoleMvSpeed 4.99999999999999  FileEndSpeed 10    14:42:38  04-13-2022
 File Completed:Yes Ln:112 Max: 12.50, 13.70, 10.00  Min: 12.50, 2.50,- 22.50  Offset:no  Brks=0  TBCs: -68.904, -165.621, -42.513  Props: 1.000, 1.000, 1.000
Last Complete  |Cut Mode|  Elapsed: 00:00:30  ConsoleMvSpeed 4.99999999999999  FileEndSpeed 10    12:45:30  04-26-2022
 File Completed:Yes Ln:112 Max: 12.50, 13.70, 10.00  Min: 12.50, 2.50,- 22.50  Offset:no  Brks=0  TBCs: -20.365, -168.002, -69.628  Props: 1.000, 1.000, 1.000
Last Not Complete Stopped@Line 20 |Cut Mode|  Elapsed: 00:00:10  ConsoleMvSpeed 4.99999999999999  FileEndSpeed 10    14:36:14  04-26-2022
 File Completed:No  Ln:20 Max: 12.50, 2.50, 10.00  Min: 12.50, 2.50,- 22.50  Offset:no  Brks=0  TBCs: -20.365, -168.002, -69.628  Props: 1.000, 1.000, 1.000
Last Complete  |Cut Mode|  Elapsed: 00:00:29  ConsoleMvSpeed 4.99999999999999  FileEndSpeed 10    14:37:10  04-26-2022
 File Completed:Yes Ln:112 Max: 12.50, 13.70, 10.00  Min: 12.50, 2.50,- 22.50  Offset:no  Brks=0  TBCs: -20.365, -167.386, -69.628  Props: 1.000, 1.000, 1.000
Last Complete  |Cut Mode|  Elapsed: 00:00:31  ConsoleMvSpeed 4.99999999999999  FileEndSpeed 10    15:22:57  04-26-2022
 File Completed:Yes Ln:112 Max: 12.50, 13.70, 10.00  Min: 12.50, 2.50,- 22.50  Offset:no  Brks=0  TBCs: -20.365, -167.386, -69.628  Props: 1.000, 1.000, 1.000
Last Complete  |Cut Mode|  Elapsed: 00:00:30  ConsoleMvSpeed 4.99999999999999  FileEndSpeed 10    16:15:58  04-26-2022
 File Completed:Yes Ln:112 Max: 12.50, 13.70, 10.00  Min: 12.50, 2.50,- 22.50  Offset:no  Brks=0  TBCs: -20.365, -167.386, -69.628  Props: 1.000, 1.000, 1.000
Last Complete  |Cut Mode|  Elapsed: 00:00:30  ConsoleMvSpeed 4.99999999999999  FileEndSpeed 10    17:19:10  04-26-2022
 File Completed:Yes Ln:112 Max: 12.50, 13.70, 10.00  Min: 12.50, 2.50,- 22.50  Offset:no  Brks=0  TBCs: -20.365, -167.386, -69.628  Props: 1.000, 1.000, 1.000
Last Complete  |Cut Mode|  Elapsed: 00:00:30  ConsoleMvSpeed 4.99999999999999  FileEndSpeed 10    18:01:32  04-26-2022
 File Completed:Yes Ln:112 Max: 12.50, 13.70, 10.00  Min: 12.50, 2.50,- 22.50  Offset:no  Brks=0  TBCs: -20.365, -167.386, -69.628  Props: 1.000, 1.000, 1.000
Last Complete  |Cut Mode|  Elapsed: 00:00:30  ConsoleMvSpeed 4.99999999999999  FileEndSpeed 10    18:58:57  04-26-2022
 File Completed:Yes Ln:112 Max: 12.50, 13.70, 10.00  Min: 12.50, 2.50,- 22.50  Offset:no  Brks=0  TBCs: -20.365, -167.386, -69.628  Props: 1.000, 1.000, 1.000
Last Complete  |Cut Mode|  Elapsed: 00:00:30  ConsoleMvSpeed 4.99999999999999  FileEndSpeed 10    19:40:30  04-26-2022
 File Completed:Yes Ln:112 Max: 12.50, 13.70, 10.00  Min: 12.50, 2.50,- 22.50  Offset:no  Brks=0  TBCs: -20.365, -167.386, -69.628  Props: 1.000, 1.000, 1.000
Last Complete  |Cut Mode|  Elapsed: 00:00:31  ConsoleMvSpeed 4.99999999999999  FileEndSpeed 10    20:24:24  04-26-2022
 File Completed:Yes Ln:112 Max: 12.50, 13.70, 10.00  Min: 12.50, 2.50,- 22.50  Offset:no  Brks=0  TBCs: -20.365, -167.386, -69.628  Props: 1.000, 1.000, 1.000
Last Complete  |Cut Mode|  Elapsed: 00:00:31  ConsoleMvSpeed 7.5  FileEndSpeed 10    10:32:16  04-28-2022
 File Completed:Yes Ln:112 Max: 12.50, 13.70, 10.00  Min: 12.50, 2.50,- 22.50  Offset:no  Brks=0  TBCs: -21.069, -172.409, -58.534  Props: 1.000, 1.000, 1.000
Last Complete  |Cut Mode|  Elapsed: 00:00:30  ConsoleMvSpeed 7.5  FileEndSpeed 10    12:16:11  04-28-2022
 File Completed:Yes Ln:112 Max: 12.50, 13.70, 10.00  Min: 12.50, 2.50,- 22.50  Offset:no  Brks=0  TBCs: -22.047, -173.177, -48.349  Props: 1.000, 1.000, 1.000
Last Complete  |Cut Mode|  Elapsed: 00:00:30  ConsoleMvSpeed 7.5  FileEndSpeed 10    12:57:51  04-28-2022
 File Completed:Yes Ln:112 Max: 12.50, 13.70, 10.00  Min: 12.50, 2.50,- 22.50  Offset:no  Brks=0  TBCs: -22.047, -173.177, -48.349  Props: 1.000, 1.000, 1.000
Last Complete  |Cut Mode|  Elapsed: 00:00:30  ConsoleMvSpeed 7.5  FileEndSpeed 10    14:25:20  04-28-2022
 File Completed:Yes Ln:112 Max: 12.50, 13.70, 10.00  Min: 12.50, 2.50,- 22.50  Offset:no  Brks=0  TBCs: -21.349, -174.898, -47.949  Props: 1.000, 1.000, 1.000
Last Complete  |Cut Mode|  Elapsed: 00:00:30  ConsoleMvSpeed 7.5  FileEndSpeed 10    15:11:08  04-28-2022
 File Completed:Yes Ln:112 Max: 12.50, 13.70, 10.00  Min: 12.50, 2.50,- 22.50  Offset:no  Brks=0  TBCs: -21.349, -174.898, -47.949  Props: 1.000, 1.000, 1.000
Last Complete  |Cut Mode|  Elapsed: 00:00:30  ConsoleMvSpeed 7.5  FileEndSpeed 10    15:55:48  04-28-2022
 File Completed:Yes Ln:112 Max: 12.50, 13.70, 10.00  Min: 12.50, 2.50,- 22.50  Offset:no  Brks=0  TBCs: -21.349, -174.898, -47.949  Props: 1.000, 1.000, 1.000
Last Complete  |Cut Mode|  Elapsed: 00:00:31  ConsoleMvSpeed 7.5  FileEndSpeed 10    17:34:19  04-28-2022
 File Completed:Yes Ln:112 Max: 12.50, 13.70, 10.00  Min: 12.50, 2.50,- 22.50  Offset:no  Brks=0  TBCs: -22.035, -174.187, -47.949  Props: 1.000, 1.000, 1.000
Last Complete  |Cut Mode|  Elapsed: 00:00:31  ConsoleMvSpeed 10  FileEndSpeed 10    18:19:17  04-28-2022
 File Completed:Yes Ln:112 Max: 12.50, 13.70, 10.00  Min: 12.50, 2.50,- 22.50  Offset:no  Brks=0  TBCs: -22.035, -174.187, -47.949  Props: 1.000, 1.000, 1.000
Last Complete  |Cut Mode|  Elapsed: 00:00:30  ConsoleMvSpeed 10  FileEndSpeed 10    19:01:19  04-28-2022
 File Completed:Yes Ln:112 Max: 12.50, 13.70, 10.00  Min: 12.50, 2.50,- 22.50  Offset:no  Brks=0  TBCs: -22.035, -174.187, -47.949  Props: 1.000, 1.000, 1.000
Last Complete  |Cut Mode|  Elapsed: 00:00:30  ConsoleMvSpeed 10  FileEndSpeed 10    14:19:30  05-03-2022
 File Completed:Yes Ln:112 Max: 12.50, 13.70, 10.00  Min: 12.50, 2.50,- 22.50  Offset:no  Brks=0  TBCs: -22.035, -174.187, -47.949  Props: 1.000, 1.000, 1.000
Last Complete  |Cut Mode|  Elapsed: 00:00:30  ConsoleMvSpeed 10  FileEndSpeed 10    15:03:58  05-03-2022
 File Completed:Yes Ln:112 Max: 12.50, 13.70, 10.00  Min: 12.50, 2.50,- 22.50  Offset:no  Brks=0  TBCs: -22.035, -174.187, -47.949  Props: 1.000, 1.000, 1.000
Last Complete  |Cut Mode|  Elapsed: 00:00:31  ConsoleMvSpeed 10  FileEndSpeed 10    15:51:19  05-03-2022
 File Completed:Yes Ln:112 Max: 12.50, 13.70, 10.00  Min: 12.50, 2.50,- 22.50  Offset:no  Brks=0  TBCs: -22.035, -174.187, -47.949  Props: 1.000, 1.000, 1.000
