Last Complete  |Cut Mode|  Elapsed: 00:00:26  ConsoleMvSpeed 4.99999999999999  FileEndSpeed 10    14:22:40  04-12-2022
 File Completed:Yes Ln:102 Max: 12.50, 22.50, 10.00  Min: 12.50, 2.50,- 22.50  Offset:no  Brks=0  TBCs: -67.513, -160.058, -42.513  Props: 1.000, 1.000, 1.000
Last Complete  |Cut Mode|  Elapsed: 00:00:25  ConsoleMvSpeed 4.99999999999999  FileEndSpeed 10    15:17:03  04-12-2022
 File Completed:Yes Ln:102 Max: 12.50, 22.50, 10.00  Min: 12.50, 2.50,- 22.50  Offset:no  Brks=0  TBCs: -67.513, -160.058, -42.513  Props: 1.000, 1.000, 1.000
Last Complete  |Cut Mode|  Elapsed: 00:00:26  ConsoleMvSpeed 4.99999999999999  FileEndSpeed 10    16:55:38  04-12-2022
 File Completed:Yes Ln:102 Max: 12.50, 22.50, 10.00  Min: 12.50, 2.50,- 22.50  Offset:no  Brks=0  TBCs: -67.513, -160.058, -42.513  Props: 1.000, 1.000, 1.000
Last Complete  |Cut Mode|  Elapsed: 00:00:26  ConsoleMvSpeed 4.99999999999999  FileEndSpeed 10    17:47:45  04-12-2022
 File Completed:Yes Ln:102 Max: 12.50, 22.50, 10.00  Min: 12.50, 2.50,- 22.50  Offset:no  Brks=0  TBCs: -67.513, -160.058, -42.513  Props: 1.000, 1.000, 1.000
Last Complete  |Cut Mode|  Elapsed: 00:00:29  ConsoleMvSpeed 4.99999999999999  FileEndSpeed 10    18:43:17  04-12-2022
 File Completed:Yes Ln:102 Max: 12.50, 22.50, 10.00  Min: 12.50, 2.50,- 22.50  Offset:no  Brks=0  TBCs: -67.513, -160.058, -42.513  Props: 1.000, 1.000, 1.000
Last Complete  |Cut Mode|  Elapsed: 00:00:27  ConsoleMvSpeed 4.99999999999999  FileEndSpeed 10    11:09:25  04-13-2022
 File Completed:Yes Ln:102 Max: 12.50, 22.50, 10.00  Min: 12.50, 2.50,- 22.50  Offset:no  Brks=0  TBCs: -68.904, -165.621, -42.513  Props: 1.000, 1.000, 1.000
Last Complete  |Cut Mode|  Elapsed: 00:00:26  ConsoleMvSpeed 4.99999999999999  FileEndSpeed 10    12:06:50  04-13-2022
 File Completed:Yes Ln:102 Max: 12.50, 22.50, 10.00  Min: 12.50, 2.50,- 22.50  Offset:no  Brks=0  TBCs: -68.904, -165.621, -42.513  Props: 1.000, 1.000, 1.000
Last Complete  |Cut Mode|  Elapsed: 00:00:26  ConsoleMvSpeed 4.99999999999999  FileEndSpeed 10    12:59:10  04-13-2022
 File Completed:Yes Ln:102 Max: 12.50, 22.50, 10.00  Min: 12.50, 2.50,- 22.50  Offset:no  Brks=0  TBCs: -68.904, -165.621, -42.513  Props: 1.000, 1.000, 1.000
Last Complete  |Cut Mode|  Elapsed: 00:00:25  ConsoleMvSpeed 4.99999999999999  FileEndSpeed 10    14:27:17  04-13-2022
 File Completed:Yes Ln:102 Max: 12.50, 22.50, 10.00  Min: 12.50, 2.50,- 22.50  Offset:no  Brks=0  TBCs: -68.904, -165.621, -42.513  Props: 1.000, 1.000, 1.000
Last Complete  |Cut Mode|  Elapsed: 00:00:26  ConsoleMvSpeed 4.99999999999999  FileEndSpeed 10    14:35:18  04-13-2022
 File Completed:Yes Ln:102 Max: 12.50, 22.50, 10.00  Min: 12.50, 2.50,- 22.50  Offset:no  Brks=0  TBCs: -68.904, -165.621, -42.513  Props: 1.000, 1.000, 1.000
Last Complete  |Cut Mode|  Elapsed: 00:00:28  ConsoleMvSpeed 4.99999999999999  FileEndSpeed 10    12:35:51  04-26-2022
 File Completed:Yes Ln:102 Max: 12.50, 23.50, 10.00  Min: 12.50, 2.50,- 22.50  Offset:no  Brks=0  TBCs: -20.365, -168.002, -69.628  Props: 1.000, 1.000, 1.000
Last Complete  |Cut Mode|  Elapsed: 00:00:28  ConsoleMvSpeed 4.99999999999999  FileEndSpeed 10    14:29:00  04-26-2022
 File Completed:Yes Ln:102 Max: 12.50, 23.50, 10.00  Min: 12.50, 2.50,- 22.50  Offset:no  Brks=0  TBCs: -20.365, -168.002, -69.628  Props: 1.000, 1.000, 1.000
Last Complete  |Cut Mode|  Elapsed: 00:00:28  ConsoleMvSpeed 4.99999999999999  FileEndSpeed 10    15:15:44  04-26-2022
 File Completed:Yes Ln:102 Max: 12.50, 23.50, 10.00  Min: 12.50, 2.50,- 22.50  Offset:no  Brks=0  TBCs: -20.365, -167.386, -69.628  Props: 1.000, 1.000, 1.000
Last Complete  |Cut Mode|  Elapsed: 00:00:28  ConsoleMvSpeed 4.99999999999999  FileEndSpeed 10    16:07:44  04-26-2022
 File Completed:Yes Ln:102 Max: 12.50, 23.50, 10.00  Min: 12.50, 2.50,- 22.50  Offset:no  Brks=0  TBCs: -20.365, -167.386, -69.628  Props: 1.000, 1.000, 1.000
Last Complete  |Cut Mode|  Elapsed: 00:00:27  ConsoleMvSpeed 4.99999999999999  FileEndSpeed 10    17:11:31  04-26-2022
 File Completed:Yes Ln:102 Max: 12.50, 23.50, 10.00  Min: 12.50, 2.50,- 22.50  Offset:no  Brks=0  TBCs: -20.365, -167.386, -69.628  Props: 1.000, 1.000, 1.000
Last Complete  |Cut Mode|  Elapsed: 00:00:28  ConsoleMvSpeed 4.99999999999999  FileEndSpeed 10    17:55:10  04-26-2022
 File Completed:Yes Ln:102 Max: 12.50, 23.50, 10.00  Min: 12.50, 2.50,- 22.50  Offset:no  Brks=0  TBCs: -20.365, -167.386, -69.628  Props: 1.000, 1.000, 1.000
Last Complete  |Cut Mode|  Elapsed: 00:00:27  ConsoleMvSpeed 4.99999999999999  FileEndSpeed 10    18:53:13  04-26-2022
 File Completed:Yes Ln:102 Max: 12.50, 23.50, 10.00  Min: 12.50, 2.50,- 22.50  Offset:no  Brks=0  TBCs: -20.365, -167.386, -69.628  Props: 1.000, 1.000, 1.000
Last Complete  |Cut Mode|  Elapsed: 00:00:28  ConsoleMvSpeed 4.99999999999999  FileEndSpeed 10    19:34:52  04-26-2022
 File Completed:Yes Ln:102 Max: 12.50, 23.50, 10.00  Min: 12.50, 2.50,- 22.50  Offset:no  Brks=0  TBCs: -20.365, -167.386, -69.628  Props: 1.000, 1.000, 1.000
Last Complete  |Cut Mode|  Elapsed: 00:00:27  ConsoleMvSpeed 4.99999999999999  FileEndSpeed 10    20:19:03  04-26-2022
 File Completed:Yes Ln:102 Max: 12.50, 23.50, 10.00  Min: 12.50, 2.50,- 22.50  Offset:no  Brks=0  TBCs: -20.365, -167.386, -69.628  Props: 1.000, 1.000, 1.000
Last Complete  |Cut Mode|  Elapsed: 00:00:25  ConsoleMvSpeed 7.5  FileEndSpeed 10    10:24:02  04-28-2022
 File Completed:Yes Ln:102 Max: 12.50, 23.50, 10.00  Min: 12.50, 2.50,- 22.50  Offset:no  Brks=0  TBCs: -21.069, -172.409, -58.534  Props: 1.000, 1.000, 1.000
Last Complete  |Cut Mode|  Elapsed: 00:00:25  ConsoleMvSpeed 7.5  FileEndSpeed 10    12:08:31  04-28-2022
 File Completed:Yes Ln:78 Max: 12.50, 23.50, 10.00  Min: 12.50, 2.50,- 22.50  Offset:no  Brks=0  TBCs: -22.047, -173.177, -48.349  Props: 1.000, 1.000, 1.000
Last Complete  |Cut Mode|  Elapsed: 00:00:26  ConsoleMvSpeed 7.5  FileEndSpeed 10    12:52:32  04-28-2022
 File Completed:Yes Ln:78 Max: 12.50, 23.50, 10.00  Min: 12.50, 2.50,- 22.50  Offset:no  Brks=0  TBCs: -22.047, -173.177, -48.349  Props: 1.000, 1.000, 1.000
Last Complete  |Cut Mode|  Elapsed: 00:00:26  ConsoleMvSpeed 7.5  FileEndSpeed 10    14:19:45  04-28-2022
 File Completed:Yes Ln:78 Max: 12.50, 23.50, 10.00  Min: 12.50, 2.50,- 22.50  Offset:no  Brks=0  TBCs: -21.349, -174.898, -47.949  Props: 1.000, 1.000, 1.000
Last Complete  |Cut Mode|  Elapsed: 00:00:25  ConsoleMvSpeed 7.5  FileEndSpeed 10    15:05:39  04-28-2022
 File Completed:Yes Ln:78 Max: 12.50, 23.50, 10.00  Min: 12.50, 2.50,- 22.50  Offset:no  Brks=0  TBCs: -21.349, -174.898, -47.949  Props: 1.000, 1.000, 1.000
Last Complete  |Cut Mode|  Elapsed: 00:00:26  ConsoleMvSpeed 7.5  FileEndSpeed 10    15:50:26  04-28-2022
 File Completed:Yes Ln:78 Max: 12.50, 23.50, 10.00  Min: 12.50, 2.50,- 22.50  Offset:no  Brks=0  TBCs: -21.349, -174.898, -47.949  Props: 1.000, 1.000, 1.000
Last Complete  |Cut Mode|  Elapsed: 00:00:25  ConsoleMvSpeed 7.5  FileEndSpeed 10    17:29:02  04-28-2022
 File Completed:Yes Ln:78 Max: 12.50, 23.50, 10.00  Min: 12.50, 2.50,- 22.50  Offset:no  Brks=0  TBCs: -22.035, -174.187, -47.949  Props: 1.000, 1.000, 1.000
Last Not Complete Stopped@Line 1 |Cut Mode|  Elapsed: 00:00:14  ConsoleMvSpeed 7.5  FileEndSpeed 10    18:12:04  04-28-2022
 File Completed:No  Ln:1 Max: 12.50, 2.00, 12.70  Min: 2.00, 2.00, 0.00  Offset:no  Brks=1  TBCs: -22.035, -174.187, -47.949  Props: 1.000, 1.000, 1.000
Last Complete  |Cut Mode|  Elapsed: 00:00:25  ConsoleMvSpeed 10  FileEndSpeed 10    18:13:26  04-28-2022
 File Completed:Yes Ln:78 Max: 12.50, 23.50, 10.00  Min: 12.50, 2.50,- 22.50  Offset:no  Brks=0  TBCs: -22.035, -174.187, -47.949  Props: 1.000, 1.000, 1.000
Last Complete  |Cut Mode|  Elapsed: 00:00:26  ConsoleMvSpeed 10  FileEndSpeed 10    18:55:31  04-28-2022
 File Completed:Yes Ln:78 Max: 12.50, 23.50, 10.00  Min: 12.50, 2.50,- 22.50  Offset:no  Brks=0  TBCs: -22.035, -174.187, -47.949  Props: 1.000, 1.000, 1.000
Last Complete  |Cut Mode|  Elapsed: 00:00:25  ConsoleMvSpeed 10  FileEndSpeed 10    14:13:51  05-03-2022
 File Completed:Yes Ln:78 Max: 12.50, 23.50, 10.00  Min: 12.50, 2.50,- 22.50  Offset:no  Brks=0  TBCs: -22.035, -174.187, -47.949  Props: 1.000, 1.000, 1.000
Last Complete  |Cut Mode|  Elapsed: 00:00:26  ConsoleMvSpeed 10  FileEndSpeed 10    14:58:20  05-03-2022
 File Completed:Yes Ln:78 Max: 12.50, 23.50, 10.00  Min: 12.50, 2.50,- 22.50  Offset:no  Brks=0  TBCs: -22.035, -174.187, -47.949  Props: 1.000, 1.000, 1.000
Last Complete  |Cut Mode|  Elapsed: 00:00:26  ConsoleMvSpeed 10  FileEndSpeed 10    15:45:24  05-03-2022
 File Completed:Yes Ln:78 Max: 12.50, 23.50, 10.00  Min: 12.50, 2.50,- 22.50  Offset:no  Brks=0  TBCs: -22.035, -174.187, -47.949  Props: 1.000, 1.000, 1.000
