Last Complete  |Cut Mode|  Elapsed: 00:00:30  ConsoleMvSpeed 4.99999999999999  FileEndSpeed 10    14:32:38  04-12-2022
 File Completed:Yes Ln:112 Max: 12.50, 61.50, 10.00  Min: 12.50, 49.10,- 22.50  Offset:no  Brks=0  TBCs: -67.513, -160.058, -42.513  Props: 1.000, 1.000, 1.000
Last Complete  |Cut Mode|  Elapsed: 00:00:30  ConsoleMvSpeed 4.99999999999999  FileEndSpeed 10    16:02:11  04-12-2022
 File Completed:Yes Ln:112 Max: 12.50, 61.50, 10.00  Min: 12.50, 49.10,- 22.50  Offset:no  Brks=0  TBCs: -67.513, -160.058, -42.513  Props: 1.000, 1.000, 1.000
Last Complete  |Cut Mode|  Elapsed: 00:00:30  ConsoleMvSpeed 4.99999999999999  FileEndSpeed 10    17:05:26  04-12-2022
 File Completed:Yes Ln:112 Max: 12.50, 61.50, 10.00  Min: 12.50, 49.10,- 22.50  Offset:no  Brks=0  TBCs: -67.513, -160.058, -42.513  Props: 1.000, 1.000, 1.000
Last Complete  |Cut Mode|  Elapsed: 00:00:31  ConsoleMvSpeed 4.99999999999999  FileEndSpeed 10    18:00:43  04-12-2022
 File Completed:Yes Ln:112 Max: 12.50, 61.50, 10.00  Min: 12.50, 49.10,- 22.50  Offset:no  Brks=0  TBCs: -67.513, -160.058, -42.513  Props: 1.000, 1.000, 1.000
Last Complete  |Cut Mode|  Elapsed: 00:00:30  ConsoleMvSpeed 4.99999999999999  FileEndSpeed 10    18:53:26  04-12-2022
 File Completed:Yes Ln:112 Max: 12.50, 61.50, 10.00  Min: 12.50, 49.10,- 22.50  Offset:no  Brks=0  TBCs: -67.513, -160.058, -42.513  Props: 1.000, 1.000, 1.000
Last Complete  |Cut Mode|  Elapsed: 00:00:30  ConsoleMvSpeed 4.99999999999999  FileEndSpeed 10    11:19:37  04-13-2022
 File Completed:Yes Ln:112 Max: 12.50, 61.50, 10.00  Min: 12.50, 49.10,- 22.50  Offset:no  Brks=0  TBCs: -68.904, -165.621, -42.513  Props: 1.000, 1.000, 1.000
Last Complete  |Cut Mode|  Elapsed: 00:00:30  ConsoleMvSpeed 4.99999999999999  FileEndSpeed 10    12:16:12  04-13-2022
 File Completed:Yes Ln:112 Max: 12.50, 61.50, 10.00  Min: 12.50, 49.10,- 22.50  Offset:no  Brks=0  TBCs: -68.904, -165.621, -42.513  Props: 1.000, 1.000, 1.000
Last Complete  |Cut Mode|  Elapsed: 00:00:30  ConsoleMvSpeed 4.99999999999999  FileEndSpeed 10    13:08:44  04-13-2022
 File Completed:Yes Ln:112 Max: 12.50, 61.50, 10.00  Min: 12.50, 49.10,- 22.50  Offset:no  Brks=0  TBCs: -68.904, -165.621, -42.513  Props: 1.000, 1.000, 1.000
Last Complete  |Cut Mode|  Elapsed: 00:00:31  ConsoleMvSpeed 4.99999999999999  FileEndSpeed 10    14:45:13  04-13-2022
 File Completed:Yes Ln:112 Max: 12.50, 61.50, 10.00  Min: 12.50, 49.10,- 22.50  Offset:no  Brks=0  TBCs: -68.904, -165.621, -42.513  Props: 1.000, 1.000, 1.000
Last Complete  |Cut Mode|  Elapsed: 00:00:30  ConsoleMvSpeed 4.99999999999999  FileEndSpeed 10    12:47:45  04-26-2022
 File Completed:Yes Ln:112 Max: 12.50, 61.50, 10.00  Min: 12.50, 49.10,- 22.50  Offset:no  Brks=0  TBCs: -20.365, -168.002, -69.628  Props: 1.000, 1.000, 1.000
Last Complete  |Cut Mode|  Elapsed: 00:00:30  ConsoleMvSpeed 4.99999999999999  FileEndSpeed 10    14:39:21  04-26-2022
 File Completed:Yes Ln:112 Max: 12.50, 61.50, 10.00  Min: 12.50, 49.10,- 22.50  Offset:no  Brks=0  TBCs: -20.365, -167.386, -69.628  Props: 1.000, 1.000, 1.000
Last Complete  |Cut Mode|  Elapsed: 00:00:32  ConsoleMvSpeed 4.99999999999999  FileEndSpeed 10    15:25:20  04-26-2022
 File Completed:Yes Ln:112 Max: 12.50, 61.50, 10.00  Min: 12.50, 49.10,- 22.50  Offset:no  Brks=0  TBCs: -20.365, -167.386, -69.628  Props: 1.000, 1.000, 1.000
Last Complete  |Cut Mode|  Elapsed: 00:00:31  ConsoleMvSpeed 4.99999999999999  FileEndSpeed 10    16:18:10  04-26-2022
 File Completed:Yes Ln:112 Max: 12.50, 61.50, 10.00  Min: 12.50, 49.10,- 22.50  Offset:no  Brks=0  TBCs: -20.365, -167.386, -69.628  Props: 1.000, 1.000, 1.000
Last Complete  |Cut Mode|  Elapsed: 00:00:30  ConsoleMvSpeed 4.99999999999999  FileEndSpeed 10    17:21:23  04-26-2022
 File Completed:Yes Ln:112 Max: 12.50, 61.50, 10.00  Min: 12.50, 49.10,- 22.50  Offset:no  Brks=0  TBCs: -20.365, -167.386, -69.628  Props: 1.000, 1.000, 1.000
Last Complete  |Cut Mode|  Elapsed: 00:00:30  ConsoleMvSpeed 4.99999999999999  FileEndSpeed 10    18:03:43  04-26-2022
 File Completed:Yes Ln:112 Max: 12.50, 61.50, 10.00  Min: 12.50, 49.10,- 22.50  Offset:no  Brks=0  TBCs: -20.365, -167.386, -69.628  Props: 1.000, 1.000, 1.000
Last Not Complete Stopped@Line 20 |Cut Mode|  Elapsed: 00:00:11  ConsoleMvSpeed 4.99999999999999  FileEndSpeed 10    19:00:47  04-26-2022
 File Completed:No  Ln:20 Max: 12.50, 49.10, 12.70  Min: 12.50, 49.10,- 22.50  Offset:no  Brks=1  TBCs: -20.365, -167.386, -69.628  Props: 1.000, 1.000, 1.000
Last Complete  |Cut Mode|  Elapsed: 00:00:30  ConsoleMvSpeed 4.99999999999999  FileEndSpeed 10    19:01:21  04-26-2022
 File Completed:Yes Ln:112 Max: 12.50, 61.50, 12.70  Min: 12.50, 49.10,- 22.50  Offset:no  Brks=0  TBCs: -20.365, -167.386, -69.628  Props: 1.000, 1.000, 1.000
Last Complete  |Cut Mode|  Elapsed: 00:00:30  ConsoleMvSpeed 4.99999999999999  FileEndSpeed 10    19:42:47  04-26-2022
 File Completed:Yes Ln:112 Max: 12.50, 61.50, 10.00  Min: 12.50, 49.10,- 22.50  Offset:no  Brks=0  TBCs: -20.365, -167.386, -69.628  Props: 1.000, 1.000, 1.000
Last Complete  |Cut Mode|  Elapsed: 00:00:30  ConsoleMvSpeed 4.99999999999999  FileEndSpeed 10    20:26:34  04-26-2022
 File Completed:Yes Ln:112 Max: 12.50, 61.50, 10.00  Min: 12.50, 49.10,- 22.50  Offset:no  Brks=0  TBCs: -20.365, -167.386, -69.628  Props: 1.000, 1.000, 1.000
Last Complete  |Cut Mode|  Elapsed: 00:00:28  ConsoleMvSpeed 7.5  FileEndSpeed 10    10:34:37  04-28-2022
 File Completed:Yes Ln:112 Max: 12.50, 61.50, 10.00  Min: 12.50, 49.10,- 22.50  Offset:no  Brks=0  TBCs: -21.069, -172.409, -58.534  Props: 1.000, 1.000, 1.000
Last Complete  |Cut Mode|  Elapsed: 00:00:30  ConsoleMvSpeed 7.5  FileEndSpeed 10    12:18:20  04-28-2022
 File Completed:Yes Ln:112 Max: 12.50, 61.50, 10.00  Min: 12.50, 49.10,- 22.50  Offset:no  Brks=0  TBCs: -22.047, -173.177, -48.349  Props: 1.000, 1.000, 1.000
Last Complete  |Cut Mode|  Elapsed: 00:00:30  ConsoleMvSpeed 7.5  FileEndSpeed 10    13:00:00  04-28-2022
 File Completed:Yes Ln:112 Max: 12.50, 61.50, 10.00  Min: 12.50, 49.10,- 22.50  Offset:no  Brks=0  TBCs: -22.047, -173.177, -48.349  Props: 1.000, 1.000, 1.000
Last Complete  |Cut Mode|  Elapsed: 00:00:30  ConsoleMvSpeed 7.5  FileEndSpeed 10    14:27:30  04-28-2022
 File Completed:Yes Ln:112 Max: 12.50, 61.50, 10.00  Min: 12.50, 49.10,- 22.50  Offset:no  Brks=0  TBCs: -21.349, -174.898, -47.949  Props: 1.000, 1.000, 1.000
Last Complete  |Cut Mode|  Elapsed: 00:00:30  ConsoleMvSpeed 7.5  FileEndSpeed 10    15:13:17  04-28-2022
 File Completed:Yes Ln:112 Max: 12.50, 61.50, 10.00  Min: 12.50, 49.10,- 22.50  Offset:no  Brks=0  TBCs: -21.349, -174.898, -47.949  Props: 1.000, 1.000, 1.000
Last Complete  |Cut Mode|  Elapsed: 00:00:29  ConsoleMvSpeed 7.5  FileEndSpeed 10    15:57:58  04-28-2022
 File Completed:Yes Ln:112 Max: 12.50, 61.50, 10.00  Min: 12.50, 49.10,- 22.50  Offset:no  Brks=0  TBCs: -21.349, -174.898, -47.949  Props: 1.000, 1.000, 1.000
Last Complete  |Cut Mode|  Elapsed: 00:00:31  ConsoleMvSpeed 7.5  FileEndSpeed 10    17:36:45  04-28-2022
 File Completed:Yes Ln:112 Max: 12.50, 61.50, 10.00  Min: 12.50, 49.10,- 22.50  Offset:no  Brks=0  TBCs: -22.035, -174.187, -47.949  Props: 1.000, 1.000, 1.000
Last Complete  |Cut Mode|  Elapsed: 00:00:31  ConsoleMvSpeed 10  FileEndSpeed 10    18:21:31  04-28-2022
 File Completed:Yes Ln:112 Max: 12.50, 61.50, 10.00  Min: 12.50, 49.10,- 22.50  Offset:no  Brks=0  TBCs: -22.035, -174.187, -47.949  Props: 1.000, 1.000, 1.000
Last Complete  |Cut Mode|  Elapsed: 00:00:30  ConsoleMvSpeed 10  FileEndSpeed 10    19:03:29  04-28-2022
 File Completed:Yes Ln:112 Max: 12.50, 61.50, 10.00  Min: 12.50, 49.10,- 22.50  Offset:no  Brks=0  TBCs: -22.035, -174.187, -47.949  Props: 1.000, 1.000, 1.000
Last Complete  |Cut Mode|  Elapsed: 00:00:30  ConsoleMvSpeed 10  FileEndSpeed 10    14:21:39  05-03-2022
 File Completed:Yes Ln:112 Max: 12.50, 61.50, 10.00  Min: 12.50, 49.10,- 22.50  Offset:no  Brks=0  TBCs: -22.035, -174.187, -47.949  Props: 1.000, 1.000, 1.000
Last Complete  |Cut Mode|  Elapsed: 00:00:30  ConsoleMvSpeed 10  FileEndSpeed 10    15:06:11  05-03-2022
 File Completed:Yes Ln:112 Max: 12.50, 61.50, 10.00  Min: 12.50, 49.10,- 22.50  Offset:no  Brks=0  TBCs: -22.035, -174.187, -47.949  Props: 1.000, 1.000, 1.000
Last Not Complete Stopped@Line 20 |Cut Mode|  Elapsed: 00:00:07  ConsoleMvSpeed 10  FileEndSpeed 10    15:53:06  05-03-2022
 File Completed:No  Ln:20 Max: 12.50, 49.10, 10.00  Min: 12.50, 49.10,- 22.50  Offset:no  Brks=0  TBCs: -22.035, -174.187, -47.949  Props: 1.000, 1.000, 1.000
