Last Complete  |Cut Mode|  Elapsed: 00:00:30  ConsoleMvSpeed 4.99999999999999  FileEndSpeed 10    14:32:05  04-12-2022
 File Completed:Yes Ln:112 Max: 12.50, 49.10, 10.00  Min: 12.50, 37.00,- 22.50  Offset:no  Brks=0  TBCs: -67.513, -160.058, -42.513  Props: 1.000, 1.000, 1.000
Last Complete  |Cut Mode|  Elapsed: 00:00:29  ConsoleMvSpeed 4.99999999999999  FileEndSpeed 10    16:01:38  04-12-2022
 File Completed:Yes Ln:112 Max: 12.50, 49.10, 10.00  Min: 12.50, 37.00,- 22.50  Offset:no  Brks=0  TBCs: -67.513, -160.058, -42.513  Props: 1.000, 1.000, 1.000
Last Complete  |Cut Mode|  Elapsed: 00:00:30  ConsoleMvSpeed 4.99999999999999  FileEndSpeed 10    17:04:46  04-12-2022
 File Completed:Yes Ln:112 Max: 12.50, 49.10, 10.00  Min: 12.50, 37.00,- 22.50  Offset:no  Brks=0  TBCs: -67.513, -160.058, -42.513  Props: 1.000, 1.000, 1.000
Last Complete  |Cut Mode|  Elapsed: 00:00:30  ConsoleMvSpeed 4.99999999999999  FileEndSpeed 10    18:00:09  04-12-2022
 File Completed:Yes Ln:112 Max: 12.50, 49.10, 10.00  Min: 12.50, 37.00,- 22.50  Offset:no  Brks=0  TBCs: -67.513, -160.058, -42.513  Props: 1.000, 1.000, 1.000
Last Complete  |Cut Mode|  Elapsed: 00:00:30  ConsoleMvSpeed 4.99999999999999  FileEndSpeed 10    18:52:52  04-12-2022
 File Completed:Yes Ln:112 Max: 12.50, 49.10, 10.00  Min: 12.50, 37.00,- 22.50  Offset:no  Brks=0  TBCs: -67.513, -160.058, -42.513  Props: 1.000, 1.000, 1.000
Last Not Complete Stopped@Line 20 |Cut Mode|  Elapsed: 00:00:10  ConsoleMvSpeed 4.99999999999999  FileEndSpeed 10    11:18:27  04-13-2022
 File Completed:No  Ln:20 Max: 12.50, 37.00, 12.70  Min: 12.50, 37.00,- 22.50  Offset:no  Brks=1  TBCs: -68.904, -165.621, -42.513  Props: 1.000, 1.000, 1.000
Last Complete  |Cut Mode|  Elapsed: 00:00:31  ConsoleMvSpeed 4.99999999999999  FileEndSpeed 10    11:19:05  04-13-2022
 File Completed:Yes Ln:112 Max: 12.50, 49.10, 12.70  Min: 12.50, 37.00,- 22.50  Offset:no  Brks=0  TBCs: -68.904, -165.621, -42.513  Props: 1.000, 1.000, 1.000
Last Complete  |Cut Mode|  Elapsed: 00:00:30  ConsoleMvSpeed 4.99999999999999  FileEndSpeed 10    12:15:40  04-13-2022
 File Completed:Yes Ln:112 Max: 12.50, 49.10, 10.00  Min: 12.50, 37.00,- 22.50  Offset:no  Brks=0  TBCs: -68.904, -165.621, -42.513  Props: 1.000, 1.000, 1.000
Last Complete  |Cut Mode|  Elapsed: 00:00:30  ConsoleMvSpeed 4.99999999999999  FileEndSpeed 10    13:08:11  04-13-2022
 File Completed:Yes Ln:112 Max: 12.50, 49.10, 10.00  Min: 12.50, 37.00,- 22.50  Offset:no  Brks=0  TBCs: -68.904, -165.621, -42.513  Props: 1.000, 1.000, 1.000
Last Complete  |Cut Mode|  Elapsed: 00:00:30  ConsoleMvSpeed 4.99999999999999  FileEndSpeed 10    14:44:40  04-13-2022
 File Completed:Yes Ln:112 Max: 12.50, 49.10, 10.00  Min: 12.50, 37.00,- 22.50  Offset:no  Brks=0  TBCs: -68.904, -165.621, -42.513  Props: 1.000, 1.000, 1.000
Last Complete  |Cut Mode|  Elapsed: 00:00:30  ConsoleMvSpeed 4.99999999999999  FileEndSpeed 10    12:47:11  04-26-2022
 File Completed:Yes Ln:112 Max: 12.50, 49.10, 10.00  Min: 12.50, 37.00,- 22.50  Offset:no  Brks=0  TBCs: -20.365, -168.002, -69.628  Props: 1.000, 1.000, 1.000
Last Complete  |Cut Mode|  Elapsed: 00:00:30  ConsoleMvSpeed 4.99999999999999  FileEndSpeed 10    14:38:48  04-26-2022
 File Completed:Yes Ln:112 Max: 12.50, 49.10, 10.00  Min: 12.50, 37.00,- 22.50  Offset:no  Brks=0  TBCs: -20.365, -167.386, -69.628  Props: 1.000, 1.000, 1.000
Last Complete  |Cut Mode|  Elapsed: 00:00:31  ConsoleMvSpeed 4.99999999999999  FileEndSpeed 10    15:24:42  04-26-2022
 File Completed:Yes Ln:112 Max: 12.50, 49.10, 10.00  Min: 12.50, 37.00,- 22.50  Offset:no  Brks=0  TBCs: -20.365, -167.386, -69.628  Props: 1.000, 1.000, 1.000
Last Complete  |Cut Mode|  Elapsed: 00:00:30  ConsoleMvSpeed 4.99999999999999  FileEndSpeed 10    16:17:37  04-26-2022
 File Completed:Yes Ln:112 Max: 12.50, 49.10, 10.00  Min: 12.50, 37.00,- 22.50  Offset:no  Brks=0  TBCs: -20.365, -167.386, -69.628  Props: 1.000, 1.000, 1.000
Last Complete  |Cut Mode|  Elapsed: 00:00:30  ConsoleMvSpeed 4.99999999999999  FileEndSpeed 10    17:20:48  04-26-2022
 File Completed:Yes Ln:112 Max: 12.50, 49.10, 10.00  Min: 12.50, 37.00,- 22.50  Offset:no  Brks=0  TBCs: -20.365, -167.386, -69.628  Props: 1.000, 1.000, 1.000
Last Complete  |Cut Mode|  Elapsed: 00:00:30  ConsoleMvSpeed 4.99999999999999  FileEndSpeed 10    18:03:11  04-26-2022
 File Completed:Yes Ln:112 Max: 12.50, 49.10, 10.00  Min: 12.50, 37.00,- 22.50  Offset:no  Brks=0  TBCs: -20.365, -167.386, -69.628  Props: 1.000, 1.000, 1.000
Last Complete  |Cut Mode|  Elapsed: 00:00:30  ConsoleMvSpeed 4.99999999999999  FileEndSpeed 10    19:00:34  04-26-2022
 File Completed:Yes Ln:112 Max: 12.50, 49.10, 10.00  Min: 12.50, 37.00,- 22.50  Offset:no  Brks=0  TBCs: -20.365, -167.386, -69.628  Props: 1.000, 1.000, 1.000
Last Complete  |Cut Mode|  Elapsed: 00:00:30  ConsoleMvSpeed 4.99999999999999  FileEndSpeed 10    19:42:10  04-26-2022
 File Completed:Yes Ln:112 Max: 12.50, 49.10, 10.00  Min: 12.50, 37.00,- 22.50  Offset:no  Brks=0  TBCs: -20.365, -167.386, -69.628  Props: 1.000, 1.000, 1.000
Last Complete  |Cut Mode|  Elapsed: 00:00:30  ConsoleMvSpeed 4.99999999999999  FileEndSpeed 10    20:26:02  04-26-2022
 File Completed:Yes Ln:112 Max: 12.50, 49.10, 10.00  Min: 12.50, 37.00,- 22.50  Offset:no  Brks=0  TBCs: -20.365, -167.386, -69.628  Props: 1.000, 1.000, 1.000
Last Not Complete Stopped@Line 27 |Cut Mode|  Elapsed: 00:00:16  ConsoleMvSpeed 7.5  FileEndSpeed 10    10:33:31  04-28-2022
 File Completed:No  Ln:27 Max: 12.50, 37.53, 12.70  Min: 12.50, 37.00,- 22.50  Offset:no  Brks=1  TBCs: -21.069, -172.409, -58.534  Props: 1.000, 1.000, 1.000
Last Complete  |Cut Mode|  Elapsed: 00:00:30  ConsoleMvSpeed 7.5  FileEndSpeed 10    10:34:08  04-28-2022
 File Completed:Yes Ln:112 Max: 12.50, 49.10, 10.00  Min: 12.50, 37.00,- 22.50  Offset:no  Brks=0  TBCs: -21.069, -172.409, -58.534  Props: 1.000, 1.000, 1.000
Last Complete  |Cut Mode|  Elapsed: 00:00:30  ConsoleMvSpeed 7.5  FileEndSpeed 10    12:17:47  04-28-2022
 File Completed:Yes Ln:112 Max: 12.50, 49.10, 10.00  Min: 12.50, 37.00,- 22.50  Offset:no  Brks=0  TBCs: -22.047, -173.177, -48.349  Props: 1.000, 1.000, 1.000
Last Complete  |Cut Mode|  Elapsed: 00:00:29  ConsoleMvSpeed 7.5  FileEndSpeed 10    12:59:28  04-28-2022
 File Completed:Yes Ln:112 Max: 12.50, 49.10, 10.00  Min: 12.50, 37.00,- 22.50  Offset:no  Brks=0  TBCs: -22.047, -173.177, -48.349  Props: 1.000, 1.000, 1.000
Last Complete  |Cut Mode|  Elapsed: 00:00:30  ConsoleMvSpeed 7.5  FileEndSpeed 10    14:26:57  04-28-2022
 File Completed:Yes Ln:112 Max: 12.50, 49.10, 10.00  Min: 12.50, 37.00,- 22.50  Offset:no  Brks=0  TBCs: -21.349, -174.898, -47.949  Props: 1.000, 1.000, 1.000
Last Complete  |Cut Mode|  Elapsed: 00:00:30  ConsoleMvSpeed 7.5  FileEndSpeed 10    15:12:45  04-28-2022
 File Completed:Yes Ln:112 Max: 12.50, 49.10, 10.00  Min: 12.50, 37.00,- 22.50  Offset:no  Brks=0  TBCs: -21.349, -174.898, -47.949  Props: 1.000, 1.000, 1.000
Last Complete  |Cut Mode|  Elapsed: 00:00:30  ConsoleMvSpeed 7.5  FileEndSpeed 10    15:57:26  04-28-2022
 File Completed:Yes Ln:112 Max: 12.50, 49.10, 10.00  Min: 12.50, 37.00,- 22.50  Offset:no  Brks=0  TBCs: -21.349, -174.898, -47.949  Props: 1.000, 1.000, 1.000
Last Complete  |Cut Mode|  Elapsed: 00:00:30  ConsoleMvSpeed 7.5  FileEndSpeed 10    17:36:12  04-28-2022
 File Completed:Yes Ln:112 Max: 12.50, 49.10, 10.00  Min: 12.50, 37.00,- 22.50  Offset:no  Brks=0  TBCs: -22.035, -174.187, -47.949  Props: 1.000, 1.000, 1.000
Last Complete  |Cut Mode|  Elapsed: 00:00:32  ConsoleMvSpeed 10  FileEndSpeed 10    18:20:57  04-28-2022
 File Completed:Yes Ln:112 Max: 12.50, 49.10, 10.00  Min: 12.50, 37.00,- 22.50  Offset:no  Brks=0  TBCs: -22.035, -174.187, -47.949  Props: 1.000, 1.000, 1.000
Last Complete  |Cut Mode|  Elapsed: 00:00:30  ConsoleMvSpeed 10  FileEndSpeed 10    19:02:56  04-28-2022
 File Completed:Yes Ln:112 Max: 12.50, 49.10, 10.00  Min: 12.50, 37.00,- 22.50  Offset:no  Brks=0  TBCs: -22.035, -174.187, -47.949  Props: 1.000, 1.000, 1.000
Last Complete  |Cut Mode|  Elapsed: 00:00:30  ConsoleMvSpeed 10  FileEndSpeed 10    14:21:07  05-03-2022
 File Completed:Yes Ln:112 Max: 12.50, 49.10, 10.00  Min: 12.50, 37.00,- 22.50  Offset:no  Brks=0  TBCs: -22.035, -174.187, -47.949  Props: 1.000, 1.000, 1.000
Last Complete  |Cut Mode|  Elapsed: 00:00:32  ConsoleMvSpeed 10  FileEndSpeed 10    15:05:38  05-03-2022
 File Completed:Yes Ln:112 Max: 12.50, 49.10, 10.00  Min: 12.50, 37.00,- 22.50  Offset:no  Brks=0  TBCs: -22.035, -174.187, -47.949  Props: 1.000, 1.000, 1.000
Last Complete  |Cut Mode|  Elapsed: 00:00:30  ConsoleMvSpeed 10  FileEndSpeed 10    15:52:56  05-03-2022
 File Completed:Yes Ln:112 Max: 12.50, 49.10, 10.00  Min: 12.50, 37.00,- 22.50  Offset:no  Brks=0  TBCs: -22.035, -174.187, -47.949  Props: 1.000, 1.000, 1.000
