Last Complete  |Cut Mode|  Elapsed: 00:03:40  ConsoleMvSpeed 4.99999999999999  FileEndSpeed 5    14:28:40  04-12-2022
 File Completed:Yes Ln:530 Max: 80.00, 150.00, 10.00  Min: 12.50, 2.50,- 22.20  Offset:no  Brks=0  TBCs: -67.513, -160.058, -42.513  Props: 1.000, 1.000, 1.000
Last Complete  |Cut Mode|  Elapsed: 00:03:40  ConsoleMvSpeed 4.99999999999999  FileEndSpeed 5    15:24:47  04-12-2022
 File Completed:Yes Ln:530 Max: 80.00, 150.00, 10.00  Min: 12.50, 2.50,- 22.20  Offset:no  Brks=0  TBCs: -67.513, -160.058, -42.513  Props: 1.000, 1.000, 1.000
Last Complete  |Cut Mode|  Elapsed: 00:03:40  ConsoleMvSpeed 4.99999999999999  FileEndSpeed 5    17:01:33  04-12-2022
 File Completed:Yes Ln:530 Max: 80.00, 150.00, 10.00  Min: 12.50, 2.50,- 22.20  Offset:no  Brks=0  TBCs: -67.513, -160.058, -42.513  Props: 1.000, 1.000, 1.000
Last Complete  |Cut Mode|  Elapsed: 00:03:41  ConsoleMvSpeed 4.99999999999999  FileEndSpeed 5    17:53:41  04-12-2022
 File Completed:Yes Ln:530 Max: 80.00, 150.00, 10.00  Min: 12.50, 2.50,- 22.20  Offset:no  Brks=0  TBCs: -67.513, -160.058, -42.513  Props: 1.000, 1.000, 1.000
Last Complete  |Cut Mode|  Elapsed: 00:03:40  ConsoleMvSpeed 4.99999999999999  FileEndSpeed 5    18:49:31  04-12-2022
 File Completed:Yes Ln:530 Max: 80.00, 150.00, 10.00  Min: 12.50, 2.50,- 22.20  Offset:no  Brks=0  TBCs: -67.513, -160.058, -42.513  Props: 1.000, 1.000, 1.000
Last Complete  |Cut Mode|  Elapsed: 00:03:39  ConsoleMvSpeed 4.99999999999999  FileEndSpeed 5    11:15:21  04-13-2022
 File Completed:Yes Ln:530 Max: 80.00, 150.00, 10.00  Min: 12.50, 2.50,- 22.20  Offset:no  Brks=0  TBCs: -68.904, -165.621, -42.513  Props: 1.000, 1.000, 1.000
Last Complete  |Cut Mode|  Elapsed: 00:03:41  ConsoleMvSpeed 4.99999999999999  FileEndSpeed 5    12:12:46  04-13-2022
 File Completed:Yes Ln:530 Max: 80.00, 150.00, 10.00  Min: 12.50, 2.50,- 22.20  Offset:no  Brks=0  TBCs: -68.904, -165.621, -42.513  Props: 1.000, 1.000, 1.000
Last Complete  |Cut Mode|  Elapsed: 00:03:41  ConsoleMvSpeed 4.99999999999999  FileEndSpeed 5    13:05:12  04-13-2022
 File Completed:Yes Ln:530 Max: 80.00, 150.00, 10.00  Min: 12.50, 2.50,- 22.20  Offset:no  Brks=0  TBCs: -68.904, -165.621, -42.513  Props: 1.000, 1.000, 1.000
Last Complete  |Cut Mode|  Elapsed: 00:03:41  ConsoleMvSpeed 4.99999999999999  FileEndSpeed 5    14:33:17  04-13-2022
 File Completed:Yes Ln:530 Max: 80.00, 150.00, 10.00  Min: 12.50, 2.50,- 22.20  Offset:no  Brks=0  TBCs: -68.904, -165.621, -42.513  Props: 1.000, 1.000, 1.000
Last Complete  |Cut Mode|  Elapsed: 00:03:41  ConsoleMvSpeed 4.99999999999999  FileEndSpeed 5    14:41:15  04-13-2022
 File Completed:Yes Ln:530 Max: 80.00, 150.00, 10.00  Min: 12.50, 2.50,- 22.20  Offset:no  Brks=0  TBCs: -68.904, -165.621, -42.513  Props: 1.000, 1.000, 1.000
Last Not Complete Stopped@Line 88 |Cut Mode|  Elapsed: 00:01:04  ConsoleMvSpeed 4.99999999999999  FileEndSpeed 5    12:39:46  04-26-2022
 File Completed:No  Ln:88 Max: 12.50, 61.87, 12.70  Min: 12.50, 2.50,- 22.20  Offset:no  Brks=1  TBCs: -20.365, -168.002, -69.628  Props: 1.000, 1.000, 1.000
Last Complete  |Cut Mode|  Elapsed: 00:03:19  ConsoleMvSpeed 4.99999999999999  FileEndSpeed 5    12:43:32  04-26-2022
 File Completed:Yes Ln:410 Max: 30.00, 180.00, 12.70  Min: 12.50, 2.50,- 22.20  Offset:no  Brks=0  TBCs: -20.365, -168.002, -69.628  Props: 1.000, 1.000, 1.000
Last Complete  |Cut Mode|  Elapsed: 00:03:28  ConsoleMvSpeed 4.99999999999999  FileEndSpeed 5    14:35:00  04-26-2022
 File Completed:Yes Ln:410 Max: 30.00, 180.00, 10.00  Min: 12.50, 2.50,- 22.20  Offset:no  Brks=0  TBCs: -20.365, -168.002, -69.628  Props: 1.000, 1.000, 1.000
Last Complete  |Cut Mode|  Elapsed: 00:03:28  ConsoleMvSpeed 4.99999999999999  FileEndSpeed 5    15:21:34  04-26-2022
 File Completed:Yes Ln:410 Max: 30.00, 180.00, 10.00  Min: 12.50, 2.50,- 22.20  Offset:no  Brks=0  TBCs: -20.365, -167.386, -69.628  Props: 1.000, 1.000, 1.000
Last Complete  |Cut Mode|  Elapsed: 00:03:28  ConsoleMvSpeed 4.99999999999999  FileEndSpeed 5    16:13:36  04-26-2022
 File Completed:Yes Ln:410 Max: 30.00, 180.00, 10.00  Min: 12.50, 2.50,- 22.20  Offset:no  Brks=0  TBCs: -20.365, -167.386, -69.628  Props: 1.000, 1.000, 1.000
Last Complete  |Cut Mode|  Elapsed: 00:03:29  ConsoleMvSpeed 4.99999999999999  FileEndSpeed 5    17:17:22  04-26-2022
 File Completed:Yes Ln:410 Max: 30.00, 180.00, 10.00  Min: 12.50, 2.50,- 22.20  Offset:no  Brks=0  TBCs: -20.365, -167.386, -69.628  Props: 1.000, 1.000, 1.000
Last Complete  |Cut Mode|  Elapsed: 00:01:52  ConsoleMvSpeed 4.99999999999999  FileEndSpeed 5    18:00:09  04-26-2022
 File Completed:Yes Ln:170 Max: 30.00, 180.00, 10.00  Min: 12.50, 7.00,- 22.20  Offset:no  Brks=0  TBCs: -20.365, -167.386, -69.628  Props: 1.000, 1.000, 1.000
Last Complete  |Cut Mode|  Elapsed: 00:01:52  ConsoleMvSpeed 4.99999999999999  FileEndSpeed 5    18:57:26  04-26-2022
 File Completed:Yes Ln:170 Max: 30.00, 180.00, 10.00  Min: 12.50, 7.00,- 22.20  Offset:no  Brks=0  TBCs: -20.365, -167.386, -69.628  Props: 1.000, 1.000, 1.000
Last Complete  |Cut Mode|  Elapsed: 00:01:52  ConsoleMvSpeed 4.99999999999999  FileEndSpeed 5    19:39:12  04-26-2022
 File Completed:Yes Ln:170 Max: 30.00, 180.00, 10.00  Min: 12.50, 7.00,- 22.20  Offset:no  Brks=0  TBCs: -20.365, -167.386, -69.628  Props: 1.000, 1.000, 1.000
Last Complete  |Cut Mode|  Elapsed: 00:01:52  ConsoleMvSpeed 4.99999999999999  FileEndSpeed 5    20:23:12  04-26-2022
 File Completed:Yes Ln:170 Max: 30.00, 180.00, 10.00  Min: 12.50, 7.00,- 22.20  Offset:no  Brks=0  TBCs: -20.365, -167.386, -69.628  Props: 1.000, 1.000, 1.000
Last Complete  |Cut Mode|  Elapsed: 00:01:52  ConsoleMvSpeed 7.5  FileEndSpeed 5    10:29:56  04-28-2022
 File Completed:Yes Ln:170 Max: 30.00, 180.00, 10.00  Min: 12.50, 7.00,- 22.20  Offset:no  Brks=0  TBCs: -21.069, -172.409, -58.534  Props: 1.000, 1.000, 1.000
Last Complete  |Cut Mode|  Elapsed: 00:01:40  ConsoleMvSpeed 7.5  FileEndSpeed 5    12:14:49  04-28-2022
 File Completed:Yes Ln:146 Max: 30.00, 180.00, 10.00  Min: 12.50, 7.00,- 22.20  Offset:no  Brks=0  TBCs: -22.047, -173.177, -48.349  Props: 1.000, 1.000, 1.000
Last Complete  |Cut Mode|  Elapsed: 00:01:40  ConsoleMvSpeed 7.5  FileEndSpeed 5    12:56:22  04-28-2022
 File Completed:Yes Ln:146 Max: 30.00, 180.00, 10.00  Min: 12.50, 7.00,- 22.20  Offset:no  Brks=0  TBCs: -22.047, -173.177, -48.349  Props: 1.000, 1.000, 1.000
Last Complete  |Cut Mode|  Elapsed: 00:01:40  ConsoleMvSpeed 7.5  FileEndSpeed 5    14:23:36  04-28-2022
 File Completed:Yes Ln:146 Max: 30.00, 180.00, 10.00  Min: 12.50, 7.00,- 22.20  Offset:no  Brks=0  TBCs: -21.349, -174.898, -47.949  Props: 1.000, 1.000, 1.000
Last Complete  |Cut Mode|  Elapsed: 00:01:40  ConsoleMvSpeed 7.5  FileEndSpeed 5    15:09:31  04-28-2022
 File Completed:Yes Ln:146 Max: 30.00, 180.00, 10.00  Min: 12.50, 7.00,- 22.20  Offset:no  Brks=0  TBCs: -21.349, -174.898, -47.949  Props: 1.000, 1.000, 1.000
Last Complete  |Cut Mode|  Elapsed: 00:01:40  ConsoleMvSpeed 7.5  FileEndSpeed 5    15:54:16  04-28-2022
 File Completed:Yes Ln:146 Max: 30.00, 180.00, 10.00  Min: 12.50, 7.00,- 22.20  Offset:no  Brks=0  TBCs: -21.349, -174.898, -47.949  Props: 1.000, 1.000, 1.000
Last Complete  |Cut Mode|  Elapsed: 00:01:41  ConsoleMvSpeed 7.5  FileEndSpeed 5    17:32:58  04-28-2022
 File Completed:Yes Ln:146 Max: 30.00, 180.00, 10.00  Min: 12.50, 7.00,- 22.20  Offset:no  Brks=0  TBCs: -22.035, -174.187, -47.949  Props: 1.000, 1.000, 1.000
Last Complete  |Cut Mode|  Elapsed: 00:01:40  ConsoleMvSpeed 10  FileEndSpeed 5    18:17:25  04-28-2022
 File Completed:Yes Ln:146 Max: 30.00, 180.00, 10.00  Min: 12.50, 7.00,- 22.20  Offset:no  Brks=0  TBCs: -22.035, -174.187, -47.949  Props: 1.000, 1.000, 1.000
Last Complete  |Cut Mode|  Elapsed: 00:01:40  ConsoleMvSpeed 10  FileEndSpeed 5    18:59:22  04-28-2022
 File Completed:Yes Ln:146 Max: 30.00, 180.00, 10.00  Min: 12.50, 7.00,- 22.20  Offset:no  Brks=0  TBCs: -22.035, -174.187, -47.949  Props: 1.000, 1.000, 1.000
Last Complete  |Cut Mode|  Elapsed: 00:01:41  ConsoleMvSpeed 10  FileEndSpeed 5    14:17:42  05-03-2022
 File Completed:Yes Ln:146 Max: 30.00, 180.00, 10.00  Min: 12.50, 7.00,- 22.20  Offset:no  Brks=0  TBCs: -22.035, -174.187, -47.949  Props: 1.000, 1.000, 1.000
Last Complete  |Cut Mode|  Elapsed: 00:01:40  ConsoleMvSpeed 10  FileEndSpeed 5    15:02:14  05-03-2022
 File Completed:Yes Ln:146 Max: 30.00, 180.00, 10.00  Min: 12.50, 7.00,- 22.20  Offset:no  Brks=0  TBCs: -22.035, -174.187, -47.949  Props: 1.000, 1.000, 1.000
Last Complete  |Cut Mode|  Elapsed: 00:01:40  ConsoleMvSpeed 10  FileEndSpeed 5    15:49:20  05-03-2022
 File Completed:Yes Ln:146 Max: 30.00, 180.00, 10.00  Min: 12.50, 7.00,- 22.20  Offset:no  Brks=0  TBCs: -22.035, -174.187, -47.949  Props: 1.000, 1.000, 1.000
