Last Complete  |Cut Mode|  Elapsed: 00:00:29  ConsoleMvSpeed 4.99999999999999  FileEndSpeed 10    14:40:22  04-12-2022
 File Completed:Yes Ln:97 Max: 17.50, 17.25, 10.00  Min: 7.50, 16.35,- 22.50  Offset:no  Brks=0  TBCs: -67.513, -160.058, -42.513  Props: 1.000, 1.000, 1.000
Last Complete  |Cut Mode|  Elapsed: 00:00:29  ConsoleMvSpeed 4.99999999999999  FileEndSpeed 10    16:09:55  04-12-2022
 File Completed:Yes Ln:97 Max: 17.50, 17.25, 10.00  Min: 7.50, 16.35,- 22.50  Offset:no  Brks=0  TBCs: -67.513, -160.058, -42.513  Props: 1.000, 1.000, 1.000
Last Complete  |Cut Mode|  Elapsed: 00:00:29  ConsoleMvSpeed 4.99999999999999  FileEndSpeed 10    17:13:20  04-12-2022
 File Completed:Yes Ln:97 Max: 17.50, 17.25, 10.00  Min: 7.50, 16.35,- 22.50  Offset:no  Brks=0  TBCs: -67.513, -160.058, -42.513  Props: 1.000, 1.000, 1.000
Last Complete  |Cut Mode|  Elapsed: 00:00:29  ConsoleMvSpeed 4.99999999999999  FileEndSpeed 10    18:08:34  04-12-2022
 File Completed:Yes Ln:97 Max: 17.50, 17.25, 10.00  Min: 7.50, 16.35,- 22.50  Offset:no  Brks=0  TBCs: -67.513, -160.058, -42.513  Props: 1.000, 1.000, 1.000
Last Complete  |Cut Mode|  Elapsed: 00:00:28  ConsoleMvSpeed 4.99999999999999  FileEndSpeed 10    19:00:54  04-12-2022
 File Completed:Yes Ln:97 Max: 17.50, 17.25, 10.00  Min: 7.50, 16.35,- 22.50  Offset:no  Brks=0  TBCs: -67.513, -160.058, -42.513  Props: 1.000, 1.000, 1.000
Last Complete  |Cut Mode|  Elapsed: 00:00:30  ConsoleMvSpeed 4.99999999999999  FileEndSpeed 10    11:28:59  04-13-2022
 File Completed:Yes Ln:97 Max: 17.50, 17.25, 10.00  Min: 7.50, 16.35,- 22.50  Offset:no  Brks=0  TBCs: -68.904, -165.621, -42.513  Props: 1.000, 1.000, 1.000
Last Complete  |Cut Mode|  Elapsed: 00:00:29  ConsoleMvSpeed 4.99999999999999  FileEndSpeed 10    12:24:29  04-13-2022
 File Completed:Yes Ln:97 Max: 17.50, 17.25, 10.00  Min: 7.50, 16.35,- 22.50  Offset:no  Brks=0  TBCs: -68.904, -165.621, -42.513  Props: 1.000, 1.000, 1.000
Last Complete  |Cut Mode|  Elapsed: 00:00:28  ConsoleMvSpeed 4.99999999999999  FileEndSpeed 10    13:16:26  04-13-2022
 File Completed:Yes Ln:97 Max: 17.50, 17.25, 10.00  Min: 7.50, 16.35,- 22.50  Offset:no  Brks=0  TBCs: -68.904, -165.621, -42.513  Props: 1.000, 1.000, 1.000
Last Complete  |Cut Mode|  Elapsed: 00:00:29  ConsoleMvSpeed 4.99999999999999  FileEndSpeed 10    12:54:47  04-26-2022
 File Completed:Yes Ln:97 Max: 17.50, 17.25, 10.00  Min: 7.50, 16.35,- 22.50  Offset:no  Brks=0  TBCs: -20.365, -168.002, -69.628  Props: 1.000, 1.000, 1.000
Last Complete  |Cut Mode|  Elapsed: 00:00:29  ConsoleMvSpeed 4.99999999999999  FileEndSpeed 10    14:45:18  04-26-2022
 File Completed:Yes Ln:97 Max: 17.50, 17.25, 10.00  Min: 7.50, 16.35,- 22.50  Offset:no  Brks=0  TBCs: -20.365, -167.386, -69.628  Props: 1.000, 1.000, 1.000
Last Complete  |Cut Mode|  Elapsed: 00:00:29  ConsoleMvSpeed 4.99999999999999  FileEndSpeed 10    15:31:35  04-26-2022
 File Completed:Yes Ln:97 Max: 17.50, 17.25, 10.00  Min: 7.50, 16.35,- 22.50  Offset:no  Brks=0  TBCs: -20.365, -167.386, -69.628  Props: 1.000, 1.000, 1.000
Last Complete  |Cut Mode|  Elapsed: 00:00:28  ConsoleMvSpeed 4.99999999999999  FileEndSpeed 10    16:24:48  04-26-2022
 File Completed:Yes Ln:97 Max: 17.50, 17.25, 10.00  Min: 7.50, 16.35,- 22.50  Offset:no  Brks=0  TBCs: -20.365, -167.386, -69.628  Props: 1.000, 1.000, 1.000
Last Complete  |Cut Mode|  Elapsed: 00:00:29  ConsoleMvSpeed 4.99999999999999  FileEndSpeed 10    17:27:45  04-26-2022
 File Completed:Yes Ln:97 Max: 17.50, 17.25, 10.00  Min: 7.50, 16.35,- 22.50  Offset:no  Brks=0  TBCs: -20.365, -167.386, -69.628  Props: 1.000, 1.000, 1.000
Last Complete  |Cut Mode|  Elapsed: 00:00:28  ConsoleMvSpeed 4.99999999999999  FileEndSpeed 10    18:12:39  04-26-2022
 File Completed:Yes Ln:97 Max: 17.50, 17.25, 10.00  Min: 7.50, 16.35,- 22.50  Offset:no  Brks=0  TBCs: -20.365, -167.386, -69.628  Props: 1.000, 1.000, 1.000
Last Complete  |Cut Mode|  Elapsed: 00:00:28  ConsoleMvSpeed 4.99999999999999  FileEndSpeed 10    19:07:35  04-26-2022
 File Completed:Yes Ln:97 Max: 17.50, 17.25, 10.00  Min: 7.50, 16.35,- 22.50  Offset:no  Brks=0  TBCs: -20.365, -167.386, -69.628  Props: 1.000, 1.000, 1.000
Last Complete  |Cut Mode|  Elapsed: 00:00:29  ConsoleMvSpeed 4.99999999999999  FileEndSpeed 10    19:49:03  04-26-2022
 File Completed:Yes Ln:97 Max: 17.50, 17.25, 10.00  Min: 7.50, 16.35,- 22.50  Offset:no  Brks=0  TBCs: -20.365, -167.386, -69.628  Props: 1.000, 1.000, 1.000
Last Complete  |Cut Mode|  Elapsed: 00:00:29  ConsoleMvSpeed 4.99999999999999  FileEndSpeed 10    20:32:50  04-26-2022
 File Completed:Yes Ln:97 Max: 17.50, 17.25, 10.00  Min: 7.50, 16.35,- 22.50  Offset:no  Brks=0  TBCs: -20.365, -167.386, -69.628  Props: 1.000, 1.000, 1.000
Last Not Complete Stopped@Line 17 |Cut Mode|  Elapsed: 00:00:13  ConsoleMvSpeed 7.5  FileEndSpeed 10    10:41:35  04-28-2022
 File Completed:No  Ln:17 Max: 17.50, 11.35,- 22.50  Min: 17.50, 11.35,- 22.50  Offset:no  Brks=0  TBCs: -21.069, -172.409, -58.534  Props: 1.000, 1.000, 1.000
Last Complete  |Cut Mode|  Elapsed: 00:00:27  ConsoleMvSpeed 7.5  FileEndSpeed 10    10:42:12  04-28-2022
 File Completed:Yes Ln:97 Max: 17.50, 17.25, 10.00  Min: 7.50, 16.35,- 22.50  Offset:no  Brks=0  TBCs: -21.069, -172.409, -58.534  Props: 1.000, 1.000, 1.000
Last Complete  |Cut Mode|  Elapsed: 00:00:28  ConsoleMvSpeed 7.5  FileEndSpeed 10    12:24:37  04-28-2022
 File Completed:Yes Ln:97 Max: 17.50, 17.25, 10.00  Min: 7.50, 16.35,- 22.50  Offset:no  Brks=0  TBCs: -22.047, -173.177, -48.349  Props: 1.000, 1.000, 1.000
Last Complete  |Cut Mode|  Elapsed: 00:00:29  ConsoleMvSpeed 7.5  FileEndSpeed 10    13:07:06  04-28-2022
 File Completed:Yes Ln:97 Max: 17.50, 17.25, 10.00  Min: 7.50, 16.35,- 22.50  Offset:no  Brks=0  TBCs: -22.047, -173.177, -48.349  Props: 1.000, 1.000, 1.000
Last Complete  |Cut Mode|  Elapsed: 00:00:29  ConsoleMvSpeed 7.5  FileEndSpeed 10    14:34:48  04-28-2022
 File Completed:Yes Ln:97 Max: 17.50, 17.25, 10.00  Min: 7.50, 16.35,- 22.50  Offset:no  Brks=0  TBCs: -21.349, -174.898, -47.949  Props: 1.000, 1.000, 1.000
Last Complete  |Cut Mode|  Elapsed: 00:00:28  ConsoleMvSpeed 7.5  FileEndSpeed 10    15:19:49  04-28-2022
 File Completed:Yes Ln:97 Max: 17.50, 17.25, 10.00  Min: 7.50, 16.35,- 22.50  Offset:no  Brks=0  TBCs: -21.349, -174.898, -47.949  Props: 1.000, 1.000, 1.000
Last Complete  |Cut Mode|  Elapsed: 00:00:29  ConsoleMvSpeed 7.5  FileEndSpeed 10    16:05:12  04-28-2022
 File Completed:Yes Ln:97 Max: 17.50, 17.25, 10.00  Min: 7.50, 16.35,- 22.50  Offset:no  Brks=0  TBCs: -21.349, -174.898, -47.949  Props: 1.000, 1.000, 1.000
Last Complete  |Cut Mode|  Elapsed: 00:00:28  ConsoleMvSpeed 7.5  FileEndSpeed 10    17:43:47  04-28-2022
 File Completed:Yes Ln:97 Max: 17.50, 17.25, 10.00  Min: 7.50, 16.35,- 22.50  Offset:no  Brks=0  TBCs: -22.035, -174.187, -47.949  Props: 1.000, 1.000, 1.000
Last Complete  |Cut Mode|  Elapsed: 00:00:28  ConsoleMvSpeed 10  FileEndSpeed 10    18:28:28  04-28-2022
 File Completed:Yes Ln:97 Max: 17.50, 17.25, 10.00  Min: 7.50, 16.35,- 22.50  Offset:no  Brks=0  TBCs: -22.035, -174.187, -47.949  Props: 1.000, 1.000, 1.000
Last Complete  |Cut Mode|  Elapsed: 00:00:35  ConsoleMvSpeed 10  FileEndSpeed 10    19:11:24  04-28-2022
 File Completed:Yes Ln:97 Max: 17.50, 17.25, 10.00  Min: 7.50, 16.35,- 22.50  Offset:no  Brks=0  TBCs: -22.035, -174.187, -47.949  Props: 1.000, 1.000, 1.000
Last Complete  |Cut Mode|  Elapsed: 00:00:29  ConsoleMvSpeed 10  FileEndSpeed 10    14:28:03  05-03-2022
 File Completed:Yes Ln:97 Max: 17.50, 17.25, 10.00  Min: 7.50, 16.35,- 22.50  Offset:no  Brks=0  TBCs: -22.035, -174.187, -47.949  Props: 1.000, 1.000, 1.000
Last Complete  |Cut Mode|  Elapsed: 00:00:28  ConsoleMvSpeed 10  FileEndSpeed 10    15:12:33  05-03-2022
 File Completed:Yes Ln:97 Max: 17.50, 17.25, 10.00  Min: 7.50, 16.35,- 22.50  Offset:no  Brks=0  TBCs: -22.035, -174.187, -47.949  Props: 1.000, 1.000, 1.000
