Last Not Complete Stopped@Line 114 |Cut Mode|  Elapsed: 00:00:50  ConsoleMvSpeed 10  FileEndSpeed 5    10:56:55  10-01-2021
 File Completed:No  Ln:114 Max: 0.00, 53.00, 10.00  Min: 0.00, 50.00,- 24.00  Offset:no  Brks=1  TBCs: 422.378, 227.711, -25.625  Props: 1.000, 1.000, 1.000
Last Complete  |Cut Mode|  Elapsed: 00:02:51  ConsoleMvSpeed 10  FileEndSpeed 10    11:01:29  10-01-2021
 File Completed:Yes Ln:641 Max: 80.00, 150.00, 10.00  Min: 0.00, 5.00,- 24.00  Offset:no  Brks=0  TBCs: 422.378, 227.711, -25.625  Props: 1.000, 1.000, 1.000
Last Not Complete Stopped@Line 31 |Cut Mode|  Elapsed: 00:00:16  ConsoleMvSpeed 10  FileEndSpeed 10    11:05:22  10-01-2021
 File Completed:No  Ln:31 Max: 0.00, 50.00, 10.00  Min: 0.00, 50.00,- 24.00  Offset:no  Brks=1  TBCs: 422.378, 227.711, -25.625  Props: 1.000, 1.000, 1.000
Last Not Complete Stopped@Line 135 |Cut Mode|  Elapsed: 00:00:36  ConsoleMvSpeed 10  FileEndSpeed 10    16:55:40  10-01-2021
 File Completed:No  Ln:135 Max: 12.00, 56.00, 0.00  Min: 12.00, 50.00,- 24.00  Offset:no  Brks=1  TBCs: 422.378, 227.711, -25.625  Props: 1.000, 1.000, 1.000
Last Not Complete Stopped@Line 56 |Cut Mode|  Elapsed: 00:00:20  ConsoleMvSpeed 10  FileEndSpeed 10    09:25:05  10-05-2021
 File Completed:No  Ln:56 Max: 11.59, 50.00, 10.00  Min: 11.59, 50.00,- 24.00  Offset:no  Brks=1  TBCs: 423.616, 226.905, -25.625  Props: 1.000, 1.000, 1.000
Last Not Complete Stopped@Line 38 |Cut Mode|  Elapsed: 00:00:18  ConsoleMvSpeed 10  FileEndSpeed 10    09:26:01  10-05-2021
 File Completed:No  Ln:38 Max: 11.59, 50.00, 0.00  Min: 11.59, 50.00,- 24.00  Offset:no  Brks=1  TBCs: 423.616, 226.905, -25.625  Props: 1.000, 1.000, 1.000
Last Complete  |Cut Mode|  Elapsed: 00:02:39  ConsoleMvSpeed 10  FileEndSpeed 10    09:28:59  10-05-2021
 File Completed:Yes Ln:641 Max: 80.00, 150.00, 10.00  Min: 11.59, 5.00,- 24.00  Offset:no  Brks=0  TBCs: 423.616, 226.905, -25.625  Props: 1.000, 1.000, 1.000
Last Complete  |Cut Mode|  Elapsed: 00:02:53  ConsoleMvSpeed 10  FileEndSpeed 10    09:40:14  10-05-2021
 File Completed:Yes Ln:641 Max: 80.00, 150.00, 10.00  Min: 11.59, 5.00,- 24.00  Offset:no  Brks=0  TBCs: 423.616, 226.905, -25.625  Props: 1.000, 1.000, 1.000
Last Complete  |Cut Mode|  Elapsed: 00:02:53  ConsoleMvSpeed 10  FileEndSpeed 10    09:45:47  10-05-2021
 File Completed:Yes Ln:641 Max: 80.00, 150.00, 10.00  Min: 11.59, 5.00,- 24.00  Offset:no  Brks=0  TBCs: 423.616, 226.905, -25.625  Props: 1.000, 1.000, 1.000
Last Complete  |Cut Mode|  Elapsed: 00:02:53  ConsoleMvSpeed 10  FileEndSpeed 10    09:51:40  10-05-2021
 File Completed:Yes Ln:641 Max: 80.00, 150.00, 10.00  Min: 11.59, 5.00,- 24.00  Offset:no  Brks=0  TBCs: 423.616, 226.905, -25.625  Props: 1.000, 1.000, 1.000
Last Complete  |Cut Mode|  Elapsed: 00:02:53  ConsoleMvSpeed 10  FileEndSpeed 10    10:25:14  10-05-2021
 File Completed:Yes Ln:641 Max: 80.00, 150.00, 10.00  Min: 11.59, 5.00,- 24.00  Offset:no  Brks=0  TBCs: 423.616, 226.905, -25.625  Props: 1.000, 1.000, 1.000
Last Complete  |Cut Mode|  Elapsed: 00:02:53  ConsoleMvSpeed 10  FileEndSpeed 10    10:31:53  10-05-2021
 File Completed:Yes Ln:641 Max: 80.00, 150.00, 10.00  Min: 11.59, 5.00,- 24.00  Offset:no  Brks=0  TBCs: 423.616, 226.905, -25.625  Props: 1.000, 1.000, 1.000
Last Complete  |Cut Mode|  Elapsed: 00:02:42  ConsoleMvSpeed 10  FileEndSpeed 10    10:37:21  10-05-2021
 File Completed:Yes Ln:641 Max: 80.00, 150.00, 10.00  Min: 11.59, 5.00,- 24.00  Offset:no  Brks=0  TBCs: 423.616, 226.905, -25.625  Props: 1.000, 1.000, 1.000
Last Complete  |Cut Mode|  Elapsed: 00:02:42  ConsoleMvSpeed 10  FileEndSpeed 10    10:51:53  10-05-2021
 File Completed:Yes Ln:641 Max: 80.00, 150.00, 10.00  Min: 11.59, 5.00,- 24.00  Offset:no  Brks=0  TBCs: 423.616, 226.905, -25.625  Props: 1.000, 1.000, 1.000
Last Complete  |Cut Mode|  Elapsed: 00:02:41  ConsoleMvSpeed 10  FileEndSpeed 10    10:57:02  10-05-2021
 File Completed:Yes Ln:641 Max: 80.00, 150.00, 10.00  Min: 11.59, 5.00,- 24.00  Offset:no  Brks=0  TBCs: 423.616, 226.905, -25.625  Props: 1.000, 1.000, 1.000
Last Complete  |Cut Mode|  Elapsed: 00:02:42  ConsoleMvSpeed 10  FileEndSpeed 10    11:02:02  10-05-2021
 File Completed:Yes Ln:641 Max: 80.00, 150.00, 10.00  Min: 11.59, 5.00,- 24.00  Offset:no  Brks=0  TBCs: 423.616, 226.905, -25.625  Props: 1.000, 1.000, 1.000
Last Complete  |Cut Mode|  Elapsed: 00:02:42  ConsoleMvSpeed 10  FileEndSpeed 10    11:07:55  10-05-2021
 File Completed:Yes Ln:641 Max: 80.00, 150.00, 10.00  Min: 11.59, 5.00,- 24.00  Offset:no  Brks=0  TBCs: 423.616, 226.905, -25.625  Props: 1.000, 1.000, 1.000
Last Complete  |Cut Mode|  Elapsed: 00:02:41  ConsoleMvSpeed 10  FileEndSpeed 10    11:17:55  10-05-2021
 File Completed:Yes Ln:641 Max: 80.00, 150.00, 10.00  Min: 11.59, 5.00,- 24.00  Offset:no  Brks=0  TBCs: 423.616, 226.905, -25.625  Props: 1.000, 1.000, 1.000
Last Complete  |Cut Mode|  Elapsed: 00:02:42  ConsoleMvSpeed 10  FileEndSpeed 10    11:22:55  10-05-2021
 File Completed:Yes Ln:641 Max: 80.00, 150.00, 10.00  Min: 11.59, 5.00,- 24.00  Offset:no  Brks=0  TBCs: 423.616, 226.905, -25.625  Props: 1.000, 1.000, 1.000
Last Complete  |Cut Mode|  Elapsed: 00:02:42  ConsoleMvSpeed 10  FileEndSpeed 10    11:28:19  10-05-2021
 File Completed:Yes Ln:641 Max: 80.00, 150.00, 10.00  Min: 11.59, 5.00,- 24.00  Offset:no  Brks=0  TBCs: 423.616, 226.905, -25.625  Props: 1.000, 1.000, 1.000
Last Complete  |Cut Mode|  Elapsed: 00:02:41  ConsoleMvSpeed 10  FileEndSpeed 10    11:34:40  10-05-2021
 File Completed:Yes Ln:641 Max: 80.00, 150.00, 10.00  Min: 11.59, 5.00,- 24.00  Offset:no  Brks=0  TBCs: 423.616, 226.905, -25.625  Props: 1.000, 1.000, 1.000
Last Complete  |Cut Mode|  Elapsed: 00:02:42  ConsoleMvSpeed 10  FileEndSpeed 10    11:44:32  10-05-2021
 File Completed:Yes Ln:641 Max: 80.00, 150.00, 10.00  Min: 11.59, 5.00,- 24.00  Offset:no  Brks=0  TBCs: 423.616, 226.905, -25.625  Props: 1.000, 1.000, 1.000
Last Complete  |Cut Mode|  Elapsed: 00:02:42  ConsoleMvSpeed 10  FileEndSpeed 10    11:49:54  10-05-2021
 File Completed:Yes Ln:641 Max: 80.00, 150.00, 10.00  Min: 11.59, 5.00,- 24.00  Offset:no  Brks=0  TBCs: 423.616, 226.905, -25.625  Props: 1.000, 1.000, 1.000
Last Complete  |Cut Mode|  Elapsed: 00:02:41  ConsoleMvSpeed 10  FileEndSpeed 10    11:55:08  10-05-2021
 File Completed:Yes Ln:641 Max: 80.00, 150.00, 10.00  Min: 11.59, 5.00,- 24.00  Offset:no  Brks=0  TBCs: 423.616, 226.905, -25.625  Props: 1.000, 1.000, 1.000
Last Complete  |Cut Mode|  Elapsed: 00:02:42  ConsoleMvSpeed 10  FileEndSpeed 10    12:00:35  10-05-2021
 File Completed:Yes Ln:641 Max: 80.00, 150.00, 10.00  Min: 11.59, 5.00,- 24.00  Offset:no  Brks=0  TBCs: 423.616, 226.905, -25.625  Props: 1.000, 1.000, 1.000
Last Complete  |Cut Mode|  Elapsed: 00:02:42  ConsoleMvSpeed 10  FileEndSpeed 10    12:16:24  10-05-2021
 File Completed:Yes Ln:641 Max: 80.00, 150.00, 10.00  Min: 11.59, 5.00,- 24.00  Offset:no  Brks=0  TBCs: 423.616, 226.905, -25.625  Props: 1.000, 1.000, 1.000
Last Complete  |Cut Mode|  Elapsed: 00:02:42  ConsoleMvSpeed 10  FileEndSpeed 10    12:24:17  10-05-2021
 File Completed:Yes Ln:641 Max: 80.00, 150.00, 10.00  Min: 11.59, 5.00,- 24.00  Offset:no  Brks=0  TBCs: 423.616, 226.905, -25.625  Props: 1.000, 1.000, 1.000
Last Complete  |Cut Mode|  Elapsed: 00:02:41  ConsoleMvSpeed 10  FileEndSpeed 10    12:29:34  10-05-2021
 File Completed:Yes Ln:641 Max: 80.00, 150.00, 10.00  Min: 11.59, 5.00,- 24.00  Offset:no  Brks=0  TBCs: 423.616, 226.905, -25.625  Props: 1.000, 1.000, 1.000
Last Complete  |Cut Mode|  Elapsed: 00:02:42  ConsoleMvSpeed 10  FileEndSpeed 10    12:34:16  10-05-2021
 File Completed:Yes Ln:641 Max: 80.00, 150.00, 10.00  Min: 11.59, 5.00,- 24.00  Offset:no  Brks=0  TBCs: 423.616, 226.905, -25.625  Props: 1.000, 1.000, 1.000
Last Complete  |Cut Mode|  Elapsed: 00:02:53  ConsoleMvSpeed 10  FileEndSpeed 10    14:02:02  10-05-2021
 File Completed:Yes Ln:641 Max: 80.00, 150.00, 10.00  Min: 11.59, 5.00,- 24.00  Offset:no  Brks=0  TBCs: 423.616, 226.905, -25.625  Props: 1.000, 1.000, 1.000
Last Complete  |Cut Mode|  Elapsed: 00:02:53  ConsoleMvSpeed 10  FileEndSpeed 10    14:07:10  10-05-2021
 File Completed:Yes Ln:641 Max: 80.00, 150.00, 10.00  Min: 11.59, 5.00,- 24.00  Offset:no  Brks=0  TBCs: 423.616, 226.905, -25.625  Props: 1.000, 1.000, 1.000
Last Complete  |Cut Mode|  Elapsed: 00:02:53  ConsoleMvSpeed 10  FileEndSpeed 10    14:11:53  10-05-2021
 File Completed:Yes Ln:641 Max: 80.00, 150.00, 10.00  Min: 11.59, 5.00,- 24.00  Offset:no  Brks=0  TBCs: 423.616, 226.905, -25.625  Props: 1.000, 1.000, 1.000
Last Not Complete Stopped@Line 122 |Cut Mode|  Elapsed: 00:00:43  ConsoleMvSpeed 2.5  FileEndSpeed 10    14:22:19  10-05-2021
 File Completed:No  Ln:122 Max: 0.00, 56.00, 5.00  Min: 0.00, 50.00,- 24.00  Offset:no  Brks=1  TBCs: 423.616, 226.905, -25.625  Props: 1.000, 1.000, 1.000
Last Not Complete Stopped@Line 201 |Cut Mode|  Elapsed: 00:00:54  ConsoleMvSpeed 10  FileEndSpeed 10    14:23:40  10-05-2021
 File Completed:No  Ln:201 Max: 12.50, 59.00, 0.01  Min: 12.50, 50.00,- 24.00  Offset:no  Brks=1  TBCs: 423.616, 226.905, -25.625  Props: 1.000, 1.000, 1.000
Last Complete  |Cut Mode|  Elapsed: 00:02:50  ConsoleMvSpeed 10  FileEndSpeed 10    14:27:22  10-05-2021
 File Completed:Yes Ln:641 Max: 80.00, 150.00, 10.00  Min: 12.50, 5.00,- 24.00  Offset:no  Brks=0  TBCs: 423.616, 226.905, -25.625  Props: 1.000, 1.000, 1.000
Last Complete  |Cut Mode|  Elapsed: 00:02:52  ConsoleMvSpeed 10  FileEndSpeed 10    14:34:00  10-05-2021
 File Completed:Yes Ln:641 Max: 80.00, 150.00, 10.00  Min: 11.59, 5.00,- 24.00  Offset:no  Brks=0  TBCs: 423.616, 226.905, -25.625  Props: 1.000, 1.000, 1.000
Last Complete  |Cut Mode|  Elapsed: 00:02:53  ConsoleMvSpeed 10  FileEndSpeed 10    14:38:55  10-05-2021
 File Completed:Yes Ln:641 Max: 80.00, 150.00, 10.00  Min: 11.59, 5.00,- 24.00  Offset:no  Brks=0  TBCs: 423.616, 226.905, -25.625  Props: 1.000, 1.000, 1.000
Last Complete  |Cut Mode|  Elapsed: 00:02:52  ConsoleMvSpeed 10  FileEndSpeed 10    14:43:37  10-05-2021
 File Completed:Yes Ln:641 Max: 80.00, 150.00, 10.00  Min: 11.59, 5.00,- 24.00  Offset:no  Brks=0  TBCs: 423.616, 226.905, -25.625  Props: 1.000, 1.000, 1.000
Last Complete  |Cut Mode|  Elapsed: 00:02:53  ConsoleMvSpeed 10  FileEndSpeed 10    14:48:31  10-05-2021
 File Completed:Yes Ln:641 Max: 80.00, 150.00, 10.00  Min: 11.59, 5.00,- 24.00  Offset:no  Brks=0  TBCs: 423.616, 226.905, -25.625  Props: 1.000, 1.000, 1.000
Last Not Complete Stopped@Line 72 |Cut Mode|  Elapsed: 00:00:27  ConsoleMvSpeed 10  FileEndSpeed 10    14:50:36  10-05-2021
 File Completed:No  Ln:72 Max: 11.59, 53.00, 10.00  Min: 11.59, 50.00,- 24.00  Offset:no  Brks=1  TBCs: 423.616, 226.905, -25.625  Props: 1.000, 1.000, 1.000
Last Complete  |Cut Mode|  Elapsed: 00:02:53  ConsoleMvSpeed 10  FileEndSpeed 10    14:55:31  10-05-2021
 File Completed:Yes Ln:641 Max: 80.00, 150.00, 10.00  Min: 11.59, 5.00,- 24.00  Offset:no  Brks=0  TBCs: 423.616, 226.905, -25.625  Props: 1.000, 1.000, 1.000
Last Complete  |Cut Mode|  Elapsed: 00:02:53  ConsoleMvSpeed 10  FileEndSpeed 10    15:01:28  10-05-2021
 File Completed:Yes Ln:641 Max: 80.00, 150.00, 10.00  Min: 11.59, 5.00,- 24.00  Offset:no  Brks=0  TBCs: 423.616, 226.905, -25.625  Props: 1.000, 1.000, 1.000
Last Complete  |Cut Mode|  Elapsed: 00:02:53  ConsoleMvSpeed 10  FileEndSpeed 10    15:07:01  10-05-2021
 File Completed:Yes Ln:641 Max: 80.00, 150.00, 10.00  Min: 11.59, 5.00,- 24.00  Offset:no  Brks=0  TBCs: 423.616, 226.905, -25.625  Props: 1.000, 1.000, 1.000
Last Complete  |Cut Mode|  Elapsed: 00:02:53  ConsoleMvSpeed 10  FileEndSpeed 10    15:12:09  10-05-2021
 File Completed:Yes Ln:641 Max: 80.00, 150.00, 10.00  Min: 11.59, 5.00,- 24.00  Offset:no  Brks=0  TBCs: 423.616, 226.905, -25.625  Props: 1.000, 1.000, 1.000
Last Complete  |Cut Mode|  Elapsed: 00:02:52  ConsoleMvSpeed 10  FileEndSpeed 10    15:16:58  10-05-2021
 File Completed:Yes Ln:641 Max: 80.00, 150.00, 10.00  Min: 11.59, 5.00,- 24.00  Offset:no  Brks=0  TBCs: 423.616, 226.905, -25.625  Props: 1.000, 1.000, 1.000
Last Complete  |Cut Mode|  Elapsed: 00:02:52  ConsoleMvSpeed 10  FileEndSpeed 10    15:21:14  10-05-2021
 File Completed:Yes Ln:641 Max: 80.00, 150.00, 10.00  Min: 11.59, 5.00,- 24.00  Offset:no  Brks=0  TBCs: 423.616, 226.905, -25.625  Props: 1.000, 1.000, 1.000
Last Complete  |Cut Mode|  Elapsed: 00:02:53  ConsoleMvSpeed 10  FileEndSpeed 10    15:27:22  10-05-2021
 File Completed:Yes Ln:641 Max: 80.00, 150.00, 10.00  Min: 11.59, 5.00,- 24.00  Offset:no  Brks=0  TBCs: 423.616, 226.905, -25.625  Props: 1.000, 1.000, 1.000
Last Complete  |Cut Mode|  Elapsed: 00:02:53  ConsoleMvSpeed 10  FileEndSpeed 10    15:32:11  10-05-2021
 File Completed:Yes Ln:641 Max: 80.00, 150.00, 10.00  Min: 11.59, 5.00,- 24.00  Offset:no  Brks=0  TBCs: 423.616, 226.905, -25.625  Props: 1.000, 1.000, 1.000
Last Complete  |Cut Mode|  Elapsed: 00:02:52  ConsoleMvSpeed 10  FileEndSpeed 10    15:54:32  10-05-2021
 File Completed:Yes Ln:641 Max: 80.00, 150.00, 10.00  Min: 11.59, 5.00,- 24.00  Offset:no  Brks=0  TBCs: 423.616, 226.905, -25.625  Props: 1.000, 1.000, 1.000
Last Complete  |Cut Mode|  Elapsed: 00:02:53  ConsoleMvSpeed 10  FileEndSpeed 10    15:59:11  10-05-2021
 File Completed:Yes Ln:641 Max: 80.00, 150.00, 10.00  Min: 11.59, 5.00,- 24.00  Offset:no  Brks=0  TBCs: 423.616, 226.905, -25.625  Props: 1.000, 1.000, 1.000
Last Complete  |Cut Mode|  Elapsed: 00:02:53  ConsoleMvSpeed 10  FileEndSpeed 10    16:04:03  10-05-2021
 File Completed:Yes Ln:641 Max: 80.00, 150.00, 10.00  Min: 11.59, 5.00,- 24.00  Offset:no  Brks=0  TBCs: 423.616, 226.905, -25.625  Props: 1.000, 1.000, 1.000
Last Complete  |Cut Mode|  Elapsed: 00:02:53  ConsoleMvSpeed 10  FileEndSpeed 10    16:08:14  10-05-2021
 File Completed:Yes Ln:641 Max: 80.00, 150.00, 10.00  Min: 11.59, 5.00,- 24.00  Offset:no  Brks=0  TBCs: 423.616, 226.905, -25.625  Props: 1.000, 1.000, 1.000
Last Complete  |Cut Mode|  Elapsed: 00:02:53  ConsoleMvSpeed 10  FileEndSpeed 10    16:13:22  10-05-2021
 File Completed:Yes Ln:641 Max: 80.00, 150.00, 10.00  Min: 11.59, 5.00,- 24.00  Offset:no  Brks=0  TBCs: 423.616, 226.905, -25.625  Props: 1.000, 1.000, 1.000
Last Complete  |Cut Mode|  Elapsed: 00:02:53  ConsoleMvSpeed 10  FileEndSpeed 10    16:18:26  10-05-2021
 File Completed:Yes Ln:641 Max: 80.00, 150.00, 10.00  Min: 11.59, 5.00,- 24.00  Offset:no  Brks=0  TBCs: 423.616, 226.905, -25.625  Props: 1.000, 1.000, 1.000
Last Complete  |Cut Mode|  Elapsed: 00:02:52  ConsoleMvSpeed 10  FileEndSpeed 10    16:22:59  10-05-2021
 File Completed:Yes Ln:641 Max: 80.00, 150.00, 10.00  Min: 11.59, 5.00,- 24.00  Offset:no  Brks=0  TBCs: 423.616, 226.905, -25.625  Props: 1.000, 1.000, 1.000
Last Complete  |Cut Mode|  Elapsed: 00:02:53  ConsoleMvSpeed 10  FileEndSpeed 10    16:27:21  10-05-2021
 File Completed:Yes Ln:641 Max: 80.00, 150.00, 10.00  Min: 11.59, 5.00,- 24.00  Offset:no  Brks=0  TBCs: 423.616, 226.905, -25.625  Props: 1.000, 1.000, 1.000
Last Complete  |Cut Mode|  Elapsed: 00:02:53  ConsoleMvSpeed 10  FileEndSpeed 10    16:31:37  10-05-2021
 File Completed:Yes Ln:641 Max: 80.00, 150.00, 10.00  Min: 11.59, 5.00,- 24.00  Offset:no  Brks=0  TBCs: 423.616, 226.905, -25.625  Props: 1.000, 1.000, 1.000
Last Complete  |Cut Mode|  Elapsed: 00:02:53  ConsoleMvSpeed 10  FileEndSpeed 10    16:36:14  10-05-2021
 File Completed:Yes Ln:641 Max: 80.00, 150.00, 10.00  Min: 11.59, 5.00,- 24.00  Offset:no  Brks=0  TBCs: 423.616, 226.905, -25.625  Props: 1.000, 1.000, 1.000
Last Complete  |Cut Mode|  Elapsed: 00:02:53  ConsoleMvSpeed 10  FileEndSpeed 10    16:40:28  10-05-2021
 File Completed:Yes Ln:641 Max: 80.00, 150.00, 10.00  Min: 11.59, 5.00,- 24.00  Offset:no  Brks=0  TBCs: 423.616, 226.905, -25.625  Props: 1.000, 1.000, 1.000
Last Complete  |Cut Mode|  Elapsed: 00:02:52  ConsoleMvSpeed 10  FileEndSpeed 10    16:44:40  10-05-2021
 File Completed:Yes Ln:641 Max: 80.00, 150.00, 10.00  Min: 11.59, 5.00,- 24.00  Offset:no  Brks=0  TBCs: 423.616, 226.905, -25.625  Props: 1.000, 1.000, 1.000
