Last Not Complete Stopped@Line 292 |Cut Mode|  Elapsed: 00:01:30  ConsoleMvSpeed 10  FileEndSpeed 5    09:43:52  07-27-2021
 File Completed:No  Ln:292 Max: 11.59, 62.00, 0.00  Min: 11.59, 50.00,- 24.00  Offset:no  Brks=1  TBCs: 422.835, 230.003, -26.088  Props: 1.000, 1.000, 1.000
Last Not Complete Stopped@Line 97 |Cut Mode|  Elapsed: 00:00:38  ConsoleMvSpeed 10  FileEndSpeed 5    09:45:33  07-27-2021
 File Completed:No  Ln:97 Max: 11.59, 53.00, 4.98  Min: 11.59, 50.00,- 24.00  Offset:no  Brks=1  TBCs: 422.835, 230.003, -26.088  Props: 1.000, 1.000, 1.000
Last Not Complete Stopped@Line 556 |Cut Mode|  Elapsed: 00:03:06  ConsoleMvSpeed 10  FileEndSpeed 5    09:49:35  07-27-2021
 File Completed:No  Ln:556 Max: 11.59, 71.00, 9.17  Min: 11.59, 35.00,- 24.00  Offset:no  Brks=1  TBCs: 422.835, 230.003, -26.088  Props: 1.000, 1.000, 1.000
Last Not Complete Stopped@Line 189 |Cut Mode|  Elapsed: 00:01:10  ConsoleMvSpeed 10  FileEndSpeed 5    09:52:45  07-27-2021
 File Completed:No  Ln:189 Max: 11.59, 59.00, 0.01  Min: 11.59, 50.00,- 24.00  Offset:no  Brks=1  TBCs: 422.835, 230.003, -26.088  Props: 1.000, 1.000, 1.000
Last Not Complete Stopped@Line 66 |Cut Mode|  Elapsed: 00:00:25  ConsoleMvSpeed 10  FileEndSpeed 5    09:54:02  07-27-2021
 File Completed:No  Ln:66 Max: 11.59, 50.00, 0.00  Min: 11.59, 50.00,- 24.00  Offset:no  Brks=1  TBCs: 422.835, 230.003, -26.088  Props: 1.000, 1.000, 1.000
Last Not Complete Stopped@Line 33 |Cut Mode|  Elapsed: 00:00:20  ConsoleMvSpeed 10  FileEndSpeed 5    09:54:37  07-27-2021
 File Completed:No  Ln:33 Max: 11.59, 50.00, 0.00  Min: 11.59, 50.00,- 24.00  Offset:no  Brks=1  TBCs: 422.835, 230.003, -26.088  Props: 1.000, 1.000, 1.000
Last Not Complete Stopped@Line 94 |Cut Mode|  Elapsed: 00:00:36  ConsoleMvSpeed 10  FileEndSpeed 5    09:55:49  07-27-2021
 File Completed:No  Ln:94 Max: 11.59, 53.00, 0.00  Min: 11.59, 50.00,- 24.00  Offset:no  Brks=1  TBCs: 422.835, 230.003, -26.088  Props: 1.000, 1.000, 1.000
Last Not Complete Stopped@Line 47 |Cut Mode|  Elapsed: 00:00:20  ConsoleMvSpeed 10  FileEndSpeed 5    09:56:31  07-27-2021
 File Completed:No  Ln:47 Max: 11.59, 50.00, 0.00  Min: 11.59, 50.00,- 24.00  Offset:no  Brks=1  TBCs: 422.835, 230.003, -26.088  Props: 1.000, 1.000, 1.000
Last Not Complete Stopped@Line 96 |Cut Mode|  Elapsed: 00:00:36  ConsoleMvSpeed 10  FileEndSpeed 5    09:57:27  07-27-2021
 File Completed:No  Ln:96 Max: 11.59, 53.00, 0.00  Min: 11.59, 50.00,- 24.00  Offset:no  Brks=1  TBCs: 422.835, 230.003, -26.088  Props: 1.000, 1.000, 1.000
Last Not Complete Stopped@Line 86 |Cut Mode|  Elapsed: 00:00:34  ConsoleMvSpeed 10  FileEndSpeed 5    09:58:40  07-27-2021
 File Completed:No  Ln:86 Max: 11.59, 53.00, 0.00  Min: 11.59, 50.00,- 24.00  Offset:no  Brks=1  TBCs: 422.835, 230.003, -26.088  Props: 1.000, 1.000, 1.000
Last Not Complete Stopped@Line 58 |Cut Mode|  Elapsed: 00:00:22  ConsoleMvSpeed 10  FileEndSpeed 5    09:59:36  07-27-2021
 File Completed:No  Ln:58 Max: 11.59, 50.00, 0.00  Min: 11.59, 50.00,- 24.00  Offset:no  Brks=1  TBCs: 422.835, 230.003, -26.088  Props: 1.000, 1.000, 1.000
Last Complete  |Cut Mode|  Elapsed: 00:03:57  ConsoleMvSpeed 10  FileEndSpeed 5    10:03:54  07-27-2021
 File Completed:Yes Ln:729 Max: 80.00, 150.00, 10.00  Min: 11.59, 5.00,- 24.00  Offset:no  Brks=0  TBCs: 422.835, 230.003, -26.088  Props: 1.000, 1.000, 1.000
Last Complete  |Cut Mode|  Elapsed: 00:04:03  ConsoleMvSpeed 10  FileEndSpeed 5    10:11:51  07-27-2021
 File Completed:Yes Ln:729 Max: 80.00, 150.00, 10.00  Min: 11.59, 5.00,- 24.00  Offset:no  Brks=0  TBCs: 422.835, 230.003, -26.088  Props: 1.000, 1.000, 1.000
Last Not Complete Stopped@Line 689 |Cut Mode|  Elapsed: 00:03:47  ConsoleMvSpeed 10  FileEndSpeed 5    10:24:00  07-27-2021
 File Completed:No  Ln:689 Max: 11.59, 150.00, 10.00  Min: 11.59, 5.00,- 22.00  Offset:no  Brks=1  TBCs: 422.835, 230.003, -26.088  Props: 1.000, 1.000, 1.000
Last Not Complete Stopped@Line 1 |Cut Mode|  Elapsed: 00:00:04  ConsoleMvSpeed 10  FileEndSpeed 5    10:35:07  07-27-2021
 File Completed:No  Ln:1 Max: 11.59, 72.50, 10.00  Min: 11.59, 50.00,- 24.00  Offset:no  Brks=1  TBCs: 422.835, 230.003, -26.088  Props: 1.000, 1.000, 1.000
Last Complete  |Cut Mode|  Elapsed: 00:03:51  ConsoleMvSpeed 10  FileEndSpeed 5    10:39:06  07-27-2021
 File Completed:Yes Ln:695 Max: 80.00, 150.00, 10.00  Min: 11.59, 5.00,- 24.00  Offset:no  Brks=0  TBCs: 422.835, 230.003, -26.088  Props: 1.000, 1.000, 1.000
Last Complete  |Cut Mode|  Elapsed: 00:03:51  ConsoleMvSpeed 10  FileEndSpeed 5    10:45:36  07-27-2021
 File Completed:Yes Ln:695 Max: 80.00, 150.00, 10.00  Min: 11.59, 5.00,- 24.00  Offset:no  Brks=0  TBCs: 422.835, 230.003, -26.088  Props: 1.000, 1.000, 1.000
Last Complete  |Cut Mode|  Elapsed: 00:03:52  ConsoleMvSpeed 10  FileEndSpeed 5    10:55:54  07-27-2021
 File Completed:Yes Ln:695 Max: 80.00, 150.00, 10.00  Min: 11.59, 5.00,- 24.00  Offset:no  Brks=0  TBCs: 422.835, 230.003, -26.088  Props: 1.000, 1.000, 1.000
Last Complete  |Cut Mode|  Elapsed: 00:03:52  ConsoleMvSpeed 10  FileEndSpeed 5    11:14:41  07-27-2021
 File Completed:Yes Ln:695 Max: 80.00, 150.00, 10.00  Min: 11.59, 5.00,- 24.00  Offset:no  Brks=0  TBCs: 422.835, 230.003, -26.088  Props: 1.000, 1.000, 1.000
Last Complete  |Cut Mode|  Elapsed: 00:03:51  ConsoleMvSpeed 10  FileEndSpeed 5    11:20:34  07-27-2021
 File Completed:Yes Ln:695 Max: 80.00, 150.00, 10.00  Min: 11.59, 5.00,- 24.00  Offset:no  Brks=0  TBCs: 422.835, 230.003, -26.088  Props: 1.000, 1.000, 1.000
Last Complete  |Cut Mode|  Elapsed: 00:03:52  ConsoleMvSpeed 10  FileEndSpeed 5    11:26:17  07-27-2021
 File Completed:Yes Ln:695 Max: 80.00, 150.00, 10.00  Min: 11.59, 5.00,- 24.00  Offset:no  Brks=0  TBCs: 422.835, 230.003, -26.088  Props: 1.000, 1.000, 1.000
Last Complete  |Cut Mode|  Elapsed: 00:03:52  ConsoleMvSpeed 10  FileEndSpeed 5    11:32:00  07-27-2021
 File Completed:Yes Ln:695 Max: 80.00, 150.00, 10.00  Min: 11.59, 5.00,- 24.00  Offset:no  Brks=0  TBCs: 422.835, 230.003, -26.088  Props: 1.000, 1.000, 1.000
Last Complete  |Cut Mode|  Elapsed: 00:03:51  ConsoleMvSpeed 10  FileEndSpeed 5    11:38:02  07-27-2021
 File Completed:Yes Ln:695 Max: 80.00, 150.00, 10.00  Min: 11.59, 5.00,- 24.00  Offset:no  Brks=0  TBCs: 422.835, 230.003, -26.088  Props: 1.000, 1.000, 1.000
Last Complete  |Cut Mode|  Elapsed: 00:03:52  ConsoleMvSpeed 10  FileEndSpeed 5    11:44:33  07-27-2021
 File Completed:Yes Ln:695 Max: 80.00, 150.00, 10.00  Min: 11.59, 5.00,- 24.00  Offset:no  Brks=0  TBCs: 422.835, 230.003, -26.088  Props: 1.000, 1.000, 1.000
Last Complete  |Cut Mode|  Elapsed: 00:03:51  ConsoleMvSpeed 10  FileEndSpeed 5    12:01:35  07-27-2021
 File Completed:Yes Ln:695 Max: 80.00, 150.00, 10.00  Min: 11.59, 5.00,- 24.00  Offset:no  Brks=0  TBCs: 422.835, 230.003, -26.088  Props: 1.000, 1.000, 1.000
Last Complete  |Cut Mode|  Elapsed: 00:03:51  ConsoleMvSpeed 10  FileEndSpeed 5    12:07:36  07-27-2021
 File Completed:Yes Ln:695 Max: 80.00, 150.00, 10.00  Min: 11.59, 5.00,- 24.00  Offset:no  Brks=0  TBCs: 422.835, 230.003, -26.088  Props: 1.000, 1.000, 1.000
Last Complete  |Cut Mode|  Elapsed: 00:03:52  ConsoleMvSpeed 10  FileEndSpeed 5    12:13:25  07-27-2021
 File Completed:Yes Ln:695 Max: 80.00, 150.00, 10.00  Min: 11.59, 5.00,- 24.00  Offset:no  Brks=0  TBCs: 422.835, 230.003, -26.088  Props: 1.000, 1.000, 1.000
Last Complete  |Cut Mode|  Elapsed: 00:03:52  ConsoleMvSpeed 10  FileEndSpeed 5    12:19:35  07-27-2021
 File Completed:Yes Ln:695 Max: 80.00, 150.00, 10.00  Min: 11.59, 5.00,- 24.00  Offset:no  Brks=0  TBCs: 422.835, 230.003, -26.088  Props: 1.000, 1.000, 1.000
Last Complete  |Cut Mode|  Elapsed: 00:03:52  ConsoleMvSpeed 10  FileEndSpeed 5    12:25:30  07-27-2021
 File Completed:Yes Ln:695 Max: 80.00, 150.00, 10.00  Min: 11.59, 5.00,- 24.00  Offset:no  Brks=0  TBCs: 422.835, 230.003, -26.088  Props: 1.000, 1.000, 1.000
Last Complete  |Cut Mode|  Elapsed: 00:03:51  ConsoleMvSpeed 10  FileEndSpeed 5    12:31:20  07-27-2021
 File Completed:Yes Ln:695 Max: 80.00, 150.00, 10.00  Min: 11.59, 5.00,- 24.00  Offset:no  Brks=0  TBCs: 422.835, 230.003, -26.088  Props: 1.000, 1.000, 1.000
Last Complete  |Cut Mode|  Elapsed: 00:03:51  ConsoleMvSpeed 10  FileEndSpeed 5    13:36:20  07-27-2021
 File Completed:Yes Ln:695 Max: 80.00, 150.00, 10.00  Min: 11.59, 5.00,- 24.00  Offset:no  Brks=0  TBCs: 422.835, 230.003, -26.088  Props: 1.000, 1.000, 1.000
Last Complete  |Cut Mode|  Elapsed: 00:03:51  ConsoleMvSpeed 10  FileEndSpeed 5    13:42:11  07-27-2021
 File Completed:Yes Ln:695 Max: 80.00, 150.00, 10.00  Min: 11.59, 5.00,- 24.00  Offset:no  Brks=0  TBCs: 422.835, 230.003, -26.088  Props: 1.000, 1.000, 1.000
Last Complete  |Cut Mode|  Elapsed: 00:03:51  ConsoleMvSpeed 10  FileEndSpeed 5    13:48:10  07-27-2021
 File Completed:Yes Ln:695 Max: 80.00, 150.00, 10.00  Min: 11.59, 5.00,- 24.00  Offset:no  Brks=0  TBCs: 422.835, 230.003, -26.088  Props: 1.000, 1.000, 1.000
Last Complete  |Cut Mode|  Elapsed: 00:03:51  ConsoleMvSpeed 10  FileEndSpeed 5    14:02:42  07-27-2021
 File Completed:Yes Ln:695 Max: 80.00, 150.00, 10.00  Min: 11.59, 5.00,- 24.00  Offset:no  Brks=0  TBCs: 422.835, 230.003, -26.088  Props: 1.000, 1.000, 1.000
Last Complete  |Cut Mode|  Elapsed: 00:03:51  ConsoleMvSpeed 10  FileEndSpeed 5    14:08:27  07-27-2021
 File Completed:Yes Ln:695 Max: 80.00, 150.00, 10.00  Min: 11.59, 5.00,- 24.00  Offset:no  Brks=0  TBCs: 422.835, 230.003, -26.088  Props: 1.000, 1.000, 1.000
Last Complete  |Cut Mode|  Elapsed: 00:03:51  ConsoleMvSpeed 10  FileEndSpeed 5    14:14:47  07-27-2021
 File Completed:Yes Ln:695 Max: 80.00, 150.00, 10.00  Min: 11.59, 5.00,- 24.00  Offset:no  Brks=0  TBCs: 422.835, 230.003, -26.088  Props: 1.000, 1.000, 1.000
Last Complete  |Cut Mode|  Elapsed: 00:03:51  ConsoleMvSpeed 10  FileEndSpeed 5    14:30:27  07-27-2021
 File Completed:Yes Ln:695 Max: 80.00, 150.00, 10.00  Min: 11.59, 5.00,- 24.00  Offset:no  Brks=0  TBCs: 422.835, 230.003, -26.088  Props: 1.000, 1.000, 1.000
Last Complete  |Cut Mode|  Elapsed: 00:03:51  ConsoleMvSpeed 10  FileEndSpeed 5    14:38:36  07-27-2021
 File Completed:Yes Ln:695 Max: 80.00, 150.00, 10.00  Min: 11.59, 5.00,- 24.00  Offset:no  Brks=0  TBCs: 422.835, 230.003, -26.088  Props: 1.000, 1.000, 1.000
Last Complete  |Cut Mode|  Elapsed: 00:03:51  ConsoleMvSpeed 10  FileEndSpeed 5    14:45:08  07-27-2021
 File Completed:Yes Ln:695 Max: 80.00, 150.00, 10.00  Min: 11.59, 5.00,- 24.00  Offset:no  Brks=0  TBCs: 422.835, 230.003, -26.088  Props: 1.000, 1.000, 1.000
Last Complete  |Cut Mode|  Elapsed: 00:03:51  ConsoleMvSpeed 10  FileEndSpeed 5    14:51:05  07-27-2021
 File Completed:Yes Ln:695 Max: 80.00, 150.00, 10.00  Min: 11.59, 5.00,- 24.00  Offset:no  Brks=0  TBCs: 422.835, 230.003, -26.088  Props: 1.000, 1.000, 1.000
Last Complete  |Cut Mode|  Elapsed: 00:03:51  ConsoleMvSpeed 10  FileEndSpeed 5    14:56:58  07-27-2021
 File Completed:Yes Ln:695 Max: 80.00, 150.00, 10.00  Min: 11.59, 5.00,- 24.00  Offset:no  Brks=0  TBCs: 422.835, 230.003, -26.088  Props: 1.000, 1.000, 1.000
Last Complete  |Cut Mode|  Elapsed: 00:03:51  ConsoleMvSpeed 10  FileEndSpeed 5    15:06:20  07-27-2021
 File Completed:Yes Ln:695 Max: 80.00, 150.00, 10.00  Min: 11.59, 5.00,- 24.00  Offset:no  Brks=0  TBCs: 422.835, 230.003, -26.088  Props: 1.000, 1.000, 1.000
Last Complete  |Cut Mode|  Elapsed: 00:03:51  ConsoleMvSpeed 10  FileEndSpeed 5    15:20:25  07-27-2021
 File Completed:Yes Ln:695 Max: 80.00, 150.00, 10.00  Min: 11.59, 5.00,- 24.00  Offset:no  Brks=0  TBCs: 422.835, 230.003, -26.088  Props: 1.000, 1.000, 1.000
Last Complete  |Cut Mode|  Elapsed: 00:03:52  ConsoleMvSpeed 10  FileEndSpeed 5    15:26:15  07-27-2021
 File Completed:Yes Ln:695 Max: 80.00, 150.00, 10.00  Min: 11.59, 5.00,- 24.00  Offset:no  Brks=0  TBCs: 422.835, 230.003, -26.088  Props: 1.000, 1.000, 1.000
Last Complete  |Cut Mode|  Elapsed: 00:03:51  ConsoleMvSpeed 10  FileEndSpeed 5    15:46:30  07-27-2021
 File Completed:Yes Ln:695 Max: 80.00, 150.00, 10.00  Min: 11.59, 5.00,- 24.00  Offset:no  Brks=0  TBCs: 422.835, 230.003, -26.088  Props: 1.000, 1.000, 1.000
Last Complete  |Cut Mode|  Elapsed: 00:03:51  ConsoleMvSpeed 10  FileEndSpeed 5    15:54:56  07-27-2021
 File Completed:Yes Ln:695 Max: 80.00, 150.00, 10.00  Min: 11.59, 5.00,- 24.00  Offset:no  Brks=0  TBCs: 422.835, 230.003, -26.088  Props: 1.000, 1.000, 1.000
Last Complete  |Cut Mode|  Elapsed: 00:03:51  ConsoleMvSpeed 10  FileEndSpeed 5    16:01:09  07-27-2021
 File Completed:Yes Ln:695 Max: 80.00, 150.00, 10.00  Min: 11.59, 5.00,- 24.00  Offset:no  Brks=0  TBCs: 422.835, 230.003, -26.088  Props: 1.000, 1.000, 1.000
Last Complete  |Cut Mode|  Elapsed: 00:03:51  ConsoleMvSpeed 10  FileEndSpeed 5    16:07:21  07-27-2021
 File Completed:Yes Ln:695 Max: 80.00, 150.00, 10.00  Min: 11.59, 5.00,- 24.00  Offset:no  Brks=0  TBCs: 422.835, 230.003, -26.088  Props: 1.000, 1.000, 1.000
Last Complete  |Cut Mode|  Elapsed: 00:03:51  ConsoleMvSpeed 10  FileEndSpeed 5    09:32:59  07-28-2021
 File Completed:Yes Ln:695 Max: 80.00, 150.00, 10.00  Min: 11.59, 5.00,- 24.00  Offset:no  Brks=0  TBCs: 422.835, 230.003, -26.088  Props: 1.000, 1.000, 1.000
Last Complete  |Cut Mode|  Elapsed: 00:03:51  ConsoleMvSpeed 10  FileEndSpeed 5    11:56:42  07-28-2021
 File Completed:Yes Ln:695 Max: 80.00, 150.00, 10.00  Min: 11.59, 5.00,- 24.00  Offset:no  Brks=0  TBCs: 422.835, 230.003, -26.088  Props: 1.000, 1.000, 1.000
Last Complete  |Cut Mode|  Elapsed: 00:03:52  ConsoleMvSpeed 10  FileEndSpeed 5    15:26:28  07-28-2021
 File Completed:Yes Ln:695 Max: 80.00, 150.00, 10.00  Min: 11.59, 5.00,- 24.00  Offset:no  Brks=0  TBCs: 422.835, 230.003, -26.088  Props: 1.000, 1.000, 1.000
Last Not Complete Stopped@Line 109 |Cut Mode|  Elapsed: 00:00:44  ConsoleMvSpeed 10  FileEndSpeed 5    10:16:42  08-24-2021
 File Completed:No  Ln:109 Max: 11.59, 53.00, 10.00  Min: 11.59, 50.00,- 24.00  Offset:no  Brks=1  TBCs: 422.835, 230.003, -26.088  Props: 1.000, 1.000, 1.000
Last Complete  |Cut Mode|  Elapsed: 00:03:45  ConsoleMvSpeed 10  FileEndSpeed 5    10:20:57  08-24-2021
 File Completed:Yes Ln:695 Max: 80.00, 150.00, 10.00  Min: 11.59, 5.00,- 24.00  Offset:no  Brks=0  TBCs: 422.835, 230.003, -26.088  Props: 1.000, 1.000, 1.000
Last Complete  |Cut Mode|  Elapsed: 00:03:52  ConsoleMvSpeed 10  FileEndSpeed 5    10:31:55  08-24-2021
 File Completed:Yes Ln:695 Max: 80.00, 150.00, 10.00  Min: 11.59, 5.00,- 24.00  Offset:no  Brks=0  TBCs: 422.835, 230.003, -26.088  Props: 1.000, 1.000, 1.000
Last Complete  |Cut Mode|  Elapsed: 00:03:52  ConsoleMvSpeed 10  FileEndSpeed 5    10:43:53  08-24-2021
 File Completed:Yes Ln:695 Max: 80.00, 150.00, 10.00  Min: 11.59, 5.00,- 24.00  Offset:no  Brks=0  TBCs: 422.835, 230.003, -26.088  Props: 1.000, 1.000, 1.000
Last Complete  |Cut Mode|  Elapsed: 00:03:51  ConsoleMvSpeed 10  FileEndSpeed 5    10:50:51  08-24-2021
 File Completed:Yes Ln:695 Max: 80.00, 150.00, 10.00  Min: 11.59, 5.00,- 24.00  Offset:no  Brks=0  TBCs: 422.835, 230.003, -26.088  Props: 1.000, 1.000, 1.000
Last Complete  |Cut Mode|  Elapsed: 00:03:51  ConsoleMvSpeed 10  FileEndSpeed 5    10:57:43  08-24-2021
 File Completed:Yes Ln:695 Max: 80.00, 150.00, 10.00  Min: 11.59, 5.00,- 24.00  Offset:no  Brks=0  TBCs: 422.835, 230.003, -26.088  Props: 1.000, 1.000, 1.000
Last Complete  |Cut Mode|  Elapsed: 00:03:52  ConsoleMvSpeed 10  FileEndSpeed 5    11:04:16  08-24-2021
 File Completed:Yes Ln:695 Max: 80.00, 150.00, 10.00  Min: 11.59, 5.00,- 24.00  Offset:no  Brks=0  TBCs: 422.835, 230.003, -26.088  Props: 1.000, 1.000, 1.000
Last Complete  |Cut Mode|  Elapsed: 00:03:52  ConsoleMvSpeed 10  FileEndSpeed 5    11:10:15  08-24-2021
 File Completed:Yes Ln:695 Max: 80.00, 150.00, 10.00  Min: 11.59, 5.00,- 24.00  Offset:no  Brks=0  TBCs: 422.835, 230.003, -26.088  Props: 1.000, 1.000, 1.000
Last Complete  |Cut Mode|  Elapsed: 00:03:52  ConsoleMvSpeed 10  FileEndSpeed 5    11:16:04  08-24-2021
 File Completed:Yes Ln:695 Max: 80.00, 150.00, 10.00  Min: 11.59, 5.00,- 24.00  Offset:no  Brks=0  TBCs: 422.835, 230.003, -26.088  Props: 1.000, 1.000, 1.000
Last Complete  |Cut Mode|  Elapsed: 00:03:52  ConsoleMvSpeed 10  FileEndSpeed 5    11:23:01  08-24-2021
 File Completed:Yes Ln:695 Max: 80.00, 150.00, 10.00  Min: 11.59, 5.00,- 24.00  Offset:no  Brks=0  TBCs: 422.835, 230.003, -26.088  Props: 1.000, 1.000, 1.000
Last Complete  |Cut Mode|  Elapsed: 00:03:52  ConsoleMvSpeed 10  FileEndSpeed 5    11:28:55  08-24-2021
 File Completed:Yes Ln:695 Max: 80.00, 150.00, 10.00  Min: 11.59, 5.00,- 24.00  Offset:no  Brks=0  TBCs: 422.835, 230.003, -26.088  Props: 1.000, 1.000, 1.000
Last Complete  |Cut Mode|  Elapsed: 00:03:52  ConsoleMvSpeed 10  FileEndSpeed 5    11:34:51  08-24-2021
 File Completed:Yes Ln:695 Max: 80.00, 150.00, 10.00  Min: 11.59, 5.00,- 24.00  Offset:no  Brks=0  TBCs: 422.835, 230.003, -26.088  Props: 1.000, 1.000, 1.000
Last Complete  |Cut Mode|  Elapsed: 00:03:52  ConsoleMvSpeed 10  FileEndSpeed 5    11:40:38  08-24-2021
 File Completed:Yes Ln:695 Max: 80.00, 150.00, 10.00  Min: 11.59, 5.00,- 24.00  Offset:no  Brks=0  TBCs: 422.835, 230.003, -26.088  Props: 1.000, 1.000, 1.000
Last Complete  |Cut Mode|  Elapsed: 00:03:52  ConsoleMvSpeed 10  FileEndSpeed 5    11:47:29  08-24-2021
 File Completed:Yes Ln:695 Max: 80.00, 150.00, 10.00  Min: 11.59, 5.00,- 24.00  Offset:no  Brks=0  TBCs: 422.835, 230.003, -26.088  Props: 1.000, 1.000, 1.000
Last Complete  |Cut Mode|  Elapsed: 00:03:52  ConsoleMvSpeed 10  FileEndSpeed 5    11:53:29  08-24-2021
 File Completed:Yes Ln:695 Max: 80.00, 150.00, 10.00  Min: 11.59, 5.00,- 24.00  Offset:no  Brks=0  TBCs: 422.835, 230.003, -26.088  Props: 1.000, 1.000, 1.000
Last Complete  |Cut Mode|  Elapsed: 00:03:51  ConsoleMvSpeed 10  FileEndSpeed 5    11:59:36  08-24-2021
 File Completed:Yes Ln:695 Max: 80.00, 150.00, 10.00  Min: 11.59, 5.00,- 24.00  Offset:no  Brks=0  TBCs: 422.835, 230.003, -26.088  Props: 1.000, 1.000, 1.000
Last Complete  |Cut Mode|  Elapsed: 00:03:51  ConsoleMvSpeed 10  FileEndSpeed 5    12:05:20  08-24-2021
 File Completed:Yes Ln:695 Max: 80.00, 150.00, 10.00  Min: 11.59, 5.00,- 24.00  Offset:no  Brks=0  TBCs: 422.835, 230.003, -26.088  Props: 1.000, 1.000, 1.000
Last Not Complete Stopped@Line 86 |Cut Mode|  Elapsed: 00:00:43  ConsoleMvSpeed 10  FileEndSpeed 5    13:10:58  08-24-2021
 File Completed:No  Ln:86 Max: 11.59, 53.00, 10.00  Min: 11.59, 50.00,- 24.00  Offset:no  Brks=1  TBCs: 422.835, 230.003, -26.088  Props: 1.000, 1.000, 1.000
Last Complete  |Cut Mode|  Elapsed: 00:03:45  ConsoleMvSpeed 10  FileEndSpeed 5    13:14:58  08-24-2021
 File Completed:Yes Ln:695 Max: 80.00, 150.00, 10.00  Min: 11.59, 5.00,- 24.00  Offset:no  Brks=0  TBCs: 422.835, 230.003, -26.088  Props: 1.000, 1.000, 1.000
Last Complete  |Cut Mode|  Elapsed: 00:03:52  ConsoleMvSpeed 10  FileEndSpeed 5    13:22:03  08-24-2021
 File Completed:Yes Ln:695 Max: 80.00, 150.00, 10.00  Min: 11.59, 5.00,- 24.00  Offset:no  Brks=0  TBCs: 422.835, 230.003, -26.088  Props: 1.000, 1.000, 1.000
Last Complete  |Cut Mode|  Elapsed: 00:03:52  ConsoleMvSpeed 10  FileEndSpeed 5    13:38:19  08-24-2021
 File Completed:Yes Ln:695 Max: 80.00, 150.00, 10.00  Min: 11.59, 5.00,- 24.00  Offset:no  Brks=0  TBCs: 422.835, 230.003, -26.088  Props: 1.000, 1.000, 1.000
Last Complete  |Cut Mode|  Elapsed: 00:03:52  ConsoleMvSpeed 10  FileEndSpeed 5    13:44:23  08-24-2021
 File Completed:Yes Ln:695 Max: 80.00, 150.00, 10.00  Min: 11.59, 5.00,- 24.00  Offset:no  Brks=0  TBCs: 422.835, 230.003, -26.088  Props: 1.000, 1.000, 1.000
Last Complete  |Cut Mode|  Elapsed: 00:03:52  ConsoleMvSpeed 10  FileEndSpeed 5    13:50:11  08-24-2021
 File Completed:Yes Ln:695 Max: 80.00, 150.00, 10.00  Min: 11.59, 5.00,- 24.00  Offset:no  Brks=0  TBCs: 422.835, 230.003, -26.088  Props: 1.000, 1.000, 1.000
Last Complete  |Cut Mode|  Elapsed: 00:03:52  ConsoleMvSpeed 10  FileEndSpeed 5    13:56:24  08-24-2021
 File Completed:Yes Ln:695 Max: 80.00, 150.00, 10.00  Min: 11.59, 5.00,- 24.00  Offset:no  Brks=0  TBCs: 424.619, 225.349, -26.088  Props: 1.000, 1.000, 1.000
Last Complete  |Cut Mode|  Elapsed: 00:03:52  ConsoleMvSpeed 10  FileEndSpeed 5    14:03:32  08-24-2021
 File Completed:Yes Ln:695 Max: 80.00, 150.00, 10.00  Min: 11.59, 5.00,- 24.00  Offset:no  Brks=0  TBCs: 424.619, 225.349, -26.088  Props: 1.000, 1.000, 1.000
Last Complete  |Cut Mode|  Elapsed: 00:03:52  ConsoleMvSpeed 10  FileEndSpeed 5    14:09:24  08-24-2021
 File Completed:Yes Ln:695 Max: 80.00, 150.00, 10.00  Min: 11.59, 5.00,- 24.00  Offset:no  Brks=0  TBCs: 424.619, 225.349, -26.088  Props: 1.000, 1.000, 1.000
Last Complete  |Cut Mode|  Elapsed: 00:03:52  ConsoleMvSpeed 10  FileEndSpeed 5    14:40:58  08-24-2021
 File Completed:Yes Ln:695 Max: 80.00, 150.00, 10.00  Min: 11.59, 5.00,- 24.00  Offset:no  Brks=0  TBCs: 424.619, 225.349, -26.088  Props: 1.000, 1.000, 1.000
Last Complete  |Cut Mode|  Elapsed: 00:03:51  ConsoleMvSpeed 10  FileEndSpeed 5    14:46:45  08-24-2021
 File Completed:Yes Ln:695 Max: 80.00, 150.00, 10.00  Min: 11.59, 5.00,- 24.00  Offset:no  Brks=0  TBCs: 424.619, 225.349, -26.088  Props: 1.000, 1.000, 1.000
Last Complete  |Cut Mode|  Elapsed: 00:03:52  ConsoleMvSpeed 10  FileEndSpeed 5    14:53:20  08-24-2021
 File Completed:Yes Ln:695 Max: 80.00, 150.00, 10.00  Min: 11.59, 5.00,- 24.00  Offset:no  Brks=0  TBCs: 424.619, 225.349, -26.088  Props: 1.000, 1.000, 1.000
Last Complete  |Cut Mode|  Elapsed: 00:03:51  ConsoleMvSpeed 10  FileEndSpeed 5    14:59:35  08-24-2021
 File Completed:Yes Ln:695 Max: 80.00, 150.00, 10.00  Min: 11.59, 5.00,- 24.00  Offset:no  Brks=0  TBCs: 424.619, 225.349, -26.088  Props: 1.000, 1.000, 1.000
Last Complete  |Cut Mode|  Elapsed: 00:03:51  ConsoleMvSpeed 10  FileEndSpeed 5    15:05:21  08-24-2021
 File Completed:Yes Ln:695 Max: 80.00, 150.00, 10.00  Min: 11.59, 5.00,- 24.00  Offset:no  Brks=0  TBCs: 424.619, 225.349, -26.088  Props: 1.000, 1.000, 1.000
Last Complete  |Cut Mode|  Elapsed: 00:03:52  ConsoleMvSpeed 10  FileEndSpeed 5    15:11:06  08-24-2021
 File Completed:Yes Ln:695 Max: 80.00, 150.00, 10.00  Min: 11.59, 5.00,- 24.00  Offset:no  Brks=0  TBCs: 424.619, 225.349, -26.088  Props: 1.000, 1.000, 1.000
Last Complete  |Cut Mode|  Elapsed: 00:03:51  ConsoleMvSpeed 10  FileEndSpeed 5    15:17:45  08-24-2021
 File Completed:Yes Ln:695 Max: 80.00, 150.00, 10.00  Min: 11.59, 5.00,- 24.00  Offset:no  Brks=0  TBCs: 424.619, 225.349, -26.088  Props: 1.000, 1.000, 1.000
Last Complete  |Cut Mode|  Elapsed: 00:03:52  ConsoleMvSpeed 10  FileEndSpeed 5    15:23:49  08-24-2021
 File Completed:Yes Ln:695 Max: 80.00, 150.00, 10.00  Min: 11.59, 5.00,- 24.00  Offset:no  Brks=0  TBCs: 424.619, 225.349, -26.088  Props: 1.000, 1.000, 1.000
Last Complete  |Cut Mode|  Elapsed: 00:03:52  ConsoleMvSpeed 10  FileEndSpeed 5    15:29:48  08-24-2021
 File Completed:Yes Ln:695 Max: 80.00, 150.00, 10.00  Min: 11.59, 5.00,- 24.00  Offset:no  Brks=0  TBCs: 424.619, 225.349, -26.088  Props: 1.000, 1.000, 1.000
Last Complete  |Cut Mode|  Elapsed: 00:03:51  ConsoleMvSpeed 10  FileEndSpeed 5    15:35:51  08-24-2021
 File Completed:Yes Ln:695 Max: 80.00, 150.00, 10.00  Min: 11.59, 5.00,- 24.00  Offset:no  Brks=0  TBCs: 424.619, 225.349, -26.088  Props: 1.000, 1.000, 1.000
Last Complete  |Cut Mode|  Elapsed: 00:03:52  ConsoleMvSpeed 10  FileEndSpeed 5    17:05:08  08-24-2021
 File Completed:Yes Ln:695 Max: 80.00, 150.00, 10.00  Min: 11.59, 5.00,- 24.00  Offset:no  Brks=0  TBCs: 424.619, 225.349, -26.088  Props: 1.000, 1.000, 1.000
Last Complete  |Cut Mode|  Elapsed: 00:03:50  ConsoleMvSpeed 10  FileEndSpeed 5    17:15:20  08-24-2021
 File Completed:Yes Ln:695 Max: 80.00, 150.00, 11.70  Min: 12.79, 5.00,- 24.00  Offset:no  Brks=0  TBCs: 424.619, 225.349, -26.088  Props: 1.000, 1.000, 1.000
Last Complete  |Cut Mode|  Elapsed: 00:03:51  ConsoleMvSpeed 10  FileEndSpeed 5    17:21:42  08-24-2021
 File Completed:Yes Ln:695 Max: 80.00, 150.00, 10.00  Min: 11.59, 5.00,- 24.00  Offset:no  Brks=0  TBCs: 424.619, 225.349, -26.088  Props: 1.000, 1.000, 1.000
Last Complete  |Cut Mode|  Elapsed: 00:03:52  ConsoleMvSpeed 10  FileEndSpeed 5    17:27:39  08-24-2021
 File Completed:Yes Ln:695 Max: 80.00, 150.00, 10.00  Min: 11.59, 5.00,- 24.00  Offset:no  Brks=0  TBCs: 424.619, 225.349, -26.088  Props: 1.000, 1.000, 1.000
Last Complete  |Cut Mode|  Elapsed: 00:03:51  ConsoleMvSpeed 10  FileEndSpeed 5    17:33:25  08-24-2021
 File Completed:Yes Ln:695 Max: 80.00, 150.00, 10.00  Min: 11.59, 5.00,- 24.00  Offset:no  Brks=0  TBCs: 424.619, 225.349, -26.088  Props: 1.000, 1.000, 1.000
Last Complete  |Cut Mode|  Elapsed: 00:03:51  ConsoleMvSpeed 10  FileEndSpeed 5    17:39:43  08-24-2021
 File Completed:Yes Ln:695 Max: 80.00, 150.00, 10.00  Min: 11.59, 5.00,- 24.00  Offset:no  Brks=0  TBCs: 424.619, 225.349, -26.088  Props: 1.000, 1.000, 1.000
Last Complete  |Cut Mode|  Elapsed: 00:03:51  ConsoleMvSpeed 10  FileEndSpeed 5    17:45:36  08-24-2021
 File Completed:Yes Ln:695 Max: 80.00, 150.00, 10.00  Min: 11.59, 5.00,- 24.00  Offset:no  Brks=0  TBCs: 424.619, 225.349, -26.088  Props: 1.000, 1.000, 1.000
Last Complete  |Cut Mode|  Elapsed: 00:03:52  ConsoleMvSpeed 10  FileEndSpeed 5    17:54:42  08-24-2021
 File Completed:Yes Ln:695 Max: 80.00, 150.00, 10.00  Min: 11.59, 5.00,- 24.00  Offset:no  Brks=0  TBCs: 424.619, 225.349, -26.088  Props: 1.000, 1.000, 1.000
Last Complete  |Cut Mode|  Elapsed: 00:03:53  ConsoleMvSpeed 10  FileEndSpeed 5    10:03:52  09-21-2021
 File Completed:Yes Ln:695 Max: 80.00, 150.00, 10.00  Min: 11.59, 5.00,- 24.00  Offset:no  Brks=0  TBCs: 423.318, 227.076, -26.088  Props: 1.000, 1.000, 1.000
Last Complete  |Cut Mode|  Elapsed: 00:03:53  ConsoleMvSpeed 10  FileEndSpeed 5    10:09:57  09-21-2021
 File Completed:Yes Ln:695 Max: 80.00, 150.00, 10.00  Min: 11.59, 5.00,- 24.00  Offset:no  Brks=0  TBCs: 423.318, 227.076, -26.088  Props: 1.000, 1.000, 1.000
Last Complete  |Cut Mode|  Elapsed: 00:03:53  ConsoleMvSpeed 10  FileEndSpeed 5    10:16:56  09-21-2021
 File Completed:Yes Ln:695 Max: 80.00, 150.00, 10.00  Min: 11.59, 5.00,- 24.00  Offset:no  Brks=0  TBCs: 423.318, 227.076, -26.088  Props: 1.000, 1.000, 1.000
Last Complete  |Cut Mode|  Elapsed: 00:03:53  ConsoleMvSpeed 10  FileEndSpeed 5    10:23:23  09-21-2021
 File Completed:Yes Ln:695 Max: 80.00, 150.00, 10.00  Min: 11.59, 5.00,- 24.00  Offset:no  Brks=0  TBCs: 423.318, 227.076, -26.088  Props: 1.000, 1.000, 1.000
Last Complete  |Cut Mode|  Elapsed: 00:03:53  ConsoleMvSpeed 10  FileEndSpeed 5    10:29:39  09-21-2021
 File Completed:Yes Ln:695 Max: 80.00, 150.00, 10.00  Min: 11.59, 5.00,- 24.00  Offset:no  Brks=0  TBCs: 423.318, 227.076, -26.088  Props: 1.000, 1.000, 1.000
Last Complete  |Cut Mode|  Elapsed: 00:03:53  ConsoleMvSpeed 10  FileEndSpeed 5    10:35:50  09-21-2021
 File Completed:Yes Ln:695 Max: 80.00, 150.00, 10.00  Min: 11.59, 5.00,- 24.00  Offset:no  Brks=0  TBCs: 423.318, 227.076, -26.088  Props: 1.000, 1.000, 1.000
Last Complete  |Cut Mode|  Elapsed: 00:03:53  ConsoleMvSpeed 10  FileEndSpeed 5    10:54:39  09-21-2021
 File Completed:Yes Ln:695 Max: 80.00, 150.00, 10.00  Min: 11.59, 5.00,- 24.00  Offset:no  Brks=0  TBCs: 423.318, 227.076, -26.088  Props: 1.000, 1.000, 1.000
Last Complete  |Cut Mode|  Elapsed: 00:03:52  ConsoleMvSpeed 10  FileEndSpeed 5    11:01:16  09-21-2021
 File Completed:Yes Ln:695 Max: 80.00, 150.00, 10.00  Min: 11.59, 5.00,- 24.00  Offset:no  Brks=0  TBCs: 423.318, 227.076, -26.088  Props: 1.000, 1.000, 1.000
Last Complete  |Cut Mode|  Elapsed: 00:03:54  ConsoleMvSpeed 10  FileEndSpeed 5    11:08:02  09-21-2021
 File Completed:Yes Ln:695 Max: 80.00, 150.00, 10.00  Min: 11.59, 5.00,- 24.00  Offset:no  Brks=0  TBCs: 423.318, 227.076, -26.088  Props: 1.000, 1.000, 1.000
Last Complete  |Cut Mode|  Elapsed: 00:03:53  ConsoleMvSpeed 10  FileEndSpeed 5    11:14:14  09-21-2021
 File Completed:Yes Ln:695 Max: 80.00, 150.00, 10.00  Min: 11.59, 5.00,- 24.00  Offset:no  Brks=0  TBCs: 423.318, 227.076, -26.088  Props: 1.000, 1.000, 1.000
Last Complete  |Cut Mode|  Elapsed: 00:03:53  ConsoleMvSpeed 10  FileEndSpeed 5    11:20:20  09-21-2021
 File Completed:Yes Ln:695 Max: 80.00, 150.00, 10.00  Min: 11.59, 5.00,- 24.00  Offset:no  Brks=0  TBCs: 423.318, 227.076, -26.088  Props: 1.000, 1.000, 1.000
Last Complete  |Cut Mode|  Elapsed: 00:03:53  ConsoleMvSpeed 10  FileEndSpeed 5    11:26:32  09-21-2021
 File Completed:Yes Ln:695 Max: 80.00, 150.00, 10.00  Min: 11.59, 5.00,- 24.00  Offset:no  Brks=0  TBCs: 423.318, 227.076, -26.088  Props: 1.000, 1.000, 1.000
Last Complete  |Cut Mode|  Elapsed: 00:03:53  ConsoleMvSpeed 10  FileEndSpeed 5    11:51:05  09-21-2021
 File Completed:Yes Ln:695 Max: 80.00, 150.00, 10.00  Min: 11.59, 5.00,- 24.00  Offset:no  Brks=0  TBCs: 423.318, 227.076, -26.088  Props: 1.000, 1.000, 1.000
Last Complete  |Cut Mode|  Elapsed: 00:03:52  ConsoleMvSpeed 10  FileEndSpeed 5    11:58:02  09-21-2021
 File Completed:Yes Ln:695 Max: 80.00, 150.00, 10.00  Min: 11.59, 5.00,- 24.00  Offset:no  Brks=0  TBCs: 423.318, 227.076, -26.088  Props: 1.000, 1.000, 1.000
Last Complete  |Cut Mode|  Elapsed: 00:03:53  ConsoleMvSpeed 10  FileEndSpeed 5    12:04:39  09-21-2021
 File Completed:Yes Ln:695 Max: 80.00, 150.00, 10.00  Min: 11.59, 5.00,- 24.00  Offset:no  Brks=0  TBCs: 423.318, 227.076, -26.088  Props: 1.000, 1.000, 1.000
Last Complete  |Cut Mode|  Elapsed: 00:03:53  ConsoleMvSpeed 10  FileEndSpeed 5    12:10:56  09-21-2021
 File Completed:Yes Ln:695 Max: 80.00, 150.00, 10.00  Min: 11.59, 5.00,- 24.00  Offset:no  Brks=0  TBCs: 423.318, 227.076, -26.088  Props: 1.000, 1.000, 1.000
Last Complete  |Cut Mode|  Elapsed: 00:03:53  ConsoleMvSpeed 10  FileEndSpeed 5    12:17:24  09-21-2021
 File Completed:Yes Ln:695 Max: 80.00, 150.00, 10.00  Min: 11.59, 5.00,- 24.00  Offset:no  Brks=0  TBCs: 423.318, 227.076, -26.088  Props: 1.000, 1.000, 1.000
Last Complete  |Cut Mode|  Elapsed: 00:03:53  ConsoleMvSpeed 10  FileEndSpeed 5    12:23:49  09-21-2021
 File Completed:Yes Ln:695 Max: 80.00, 150.00, 10.00  Min: 11.59, 5.00,- 24.00  Offset:no  Brks=0  TBCs: 423.318, 227.076, -26.088  Props: 1.000, 1.000, 1.000
Last Complete  |Cut Mode|  Elapsed: 00:03:53  ConsoleMvSpeed 10  FileEndSpeed 5    13:41:09  09-21-2021
 File Completed:Yes Ln:695 Max: 80.00, 150.00, 10.00  Min: 11.59, 5.00,- 24.00  Offset:no  Brks=0  TBCs: 423.318, 227.076, -26.088  Props: 1.000, 1.000, 1.000
Last Complete  |Cut Mode|  Elapsed: 00:03:52  ConsoleMvSpeed 10  FileEndSpeed 5    13:47:13  09-21-2021
 File Completed:Yes Ln:695 Max: 80.00, 150.00, 10.00  Min: 11.59, 5.00,- 24.00  Offset:no  Brks=0  TBCs: 423.318, 227.076, -26.088  Props: 1.000, 1.000, 1.000
Last Complete  |Cut Mode|  Elapsed: 00:03:53  ConsoleMvSpeed 10  FileEndSpeed 5    13:53:18  09-21-2021
 File Completed:Yes Ln:695 Max: 80.00, 150.00, 10.00  Min: 11.59, 5.00,- 24.00  Offset:no  Brks=0  TBCs: 423.318, 227.076, -26.088  Props: 1.000, 1.000, 1.000
Last Complete  |Cut Mode|  Elapsed: 00:03:53  ConsoleMvSpeed 10  FileEndSpeed 5    13:59:19  09-21-2021
 File Completed:Yes Ln:695 Max: 80.00, 150.00, 10.00  Min: 11.59, 5.00,- 24.00  Offset:no  Brks=0  TBCs: 423.318, 227.076, -26.088  Props: 1.000, 1.000, 1.000
Last Complete  |Cut Mode|  Elapsed: 00:03:52  ConsoleMvSpeed 10  FileEndSpeed 5    14:05:21  09-21-2021
 File Completed:Yes Ln:695 Max: 80.00, 150.00, 10.00  Min: 11.59, 5.00,- 24.00  Offset:no  Brks=0  TBCs: 423.318, 227.076, -26.088  Props: 1.000, 1.000, 1.000
Last Complete  |Cut Mode|  Elapsed: 00:03:53  ConsoleMvSpeed 10  FileEndSpeed 5    14:11:22  09-21-2021
 File Completed:Yes Ln:695 Max: 80.00, 150.00, 10.00  Min: 11.59, 5.00,- 24.00  Offset:no  Brks=0  TBCs: 423.318, 227.076, -26.088  Props: 1.000, 1.000, 1.000
Last Complete  |Cut Mode|  Elapsed: 00:03:53  ConsoleMvSpeed 10  FileEndSpeed 5    14:38:12  09-21-2021
 File Completed:Yes Ln:695 Max: 80.00, 150.00, 10.00  Min: 11.59, 5.00,- 24.00  Offset:no  Brks=0  TBCs: 423.318, 227.076, -26.088  Props: 1.000, 1.000, 1.000
Last Complete  |Cut Mode|  Elapsed: 00:03:53  ConsoleMvSpeed 10  FileEndSpeed 5    14:45:07  09-21-2021
 File Completed:Yes Ln:695 Max: 80.00, 150.00, 10.00  Min: 11.59, 5.00,- 24.00  Offset:no  Brks=0  TBCs: 423.318, 227.076, -26.088  Props: 1.000, 1.000, 1.000
Last Complete  |Cut Mode|  Elapsed: 00:03:53  ConsoleMvSpeed 10  FileEndSpeed 5    14:51:13  09-21-2021
 File Completed:Yes Ln:695 Max: 80.00, 150.00, 10.00  Min: 11.59, 5.00,- 24.00  Offset:no  Brks=0  TBCs: 423.318, 227.076, -26.088  Props: 1.000, 1.000, 1.000
Last Complete  |Cut Mode|  Elapsed: 00:03:53  ConsoleMvSpeed 10  FileEndSpeed 5    14:57:40  09-21-2021
 File Completed:Yes Ln:695 Max: 80.00, 150.00, 10.00  Min: 11.59, 5.00,- 24.00  Offset:no  Brks=0  TBCs: 423.318, 227.076, -26.088  Props: 1.000, 1.000, 1.000
Last Complete  |Cut Mode|  Elapsed: 00:03:53  ConsoleMvSpeed 10  FileEndSpeed 5    15:11:16  09-21-2021
 File Completed:Yes Ln:695 Max: 80.00, 150.00, 10.00  Min: 11.59, 5.00,- 24.00  Offset:no  Brks=0  TBCs: 423.318, 227.076, -26.088  Props: 1.000, 1.000, 1.000
Last Complete  |Cut Mode|  Elapsed: 00:03:53  ConsoleMvSpeed 10  FileEndSpeed 5    15:17:20  09-21-2021
 File Completed:Yes Ln:695 Max: 80.00, 150.00, 10.00  Min: 11.59, 5.00,- 24.00  Offset:no  Brks=0  TBCs: 423.318, 227.076, -26.088  Props: 1.000, 1.000, 1.000
Last Complete  |Cut Mode|  Elapsed: 00:03:53  ConsoleMvSpeed 10  FileEndSpeed 5    15:29:16  09-21-2021
 File Completed:Yes Ln:695 Max: 80.00, 150.00, 10.00  Min: 11.59, 5.00,- 24.00  Offset:no  Brks=0  TBCs: 423.318, 227.076, -26.088  Props: 1.000, 1.000, 1.000
Last Complete  |Cut Mode|  Elapsed: 00:03:53  ConsoleMvSpeed 10  FileEndSpeed 5    15:36:24  09-21-2021
 File Completed:Yes Ln:695 Max: 80.00, 150.00, 10.00  Min: 11.59, 5.00,- 24.00  Offset:no  Brks=0  TBCs: 423.318, 227.076, -26.088  Props: 1.000, 1.000, 1.000
Last Complete  |Cut Mode|  Elapsed: 00:03:53  ConsoleMvSpeed 10  FileEndSpeed 5    15:48:00  09-21-2021
 File Completed:Yes Ln:695 Max: 80.00, 150.00, 10.00  Min: 11.59, 5.00,- 24.00  Offset:no  Brks=0  TBCs: 423.318, 227.076, -26.088  Props: 1.000, 1.000, 1.000
Last Complete  |Cut Mode|  Elapsed: 00:03:53  ConsoleMvSpeed 10  FileEndSpeed 5    15:54:09  09-21-2021
 File Completed:Yes Ln:695 Max: 80.00, 150.00, 10.00  Min: 11.59, 5.00,- 24.00  Offset:no  Brks=0  TBCs: 423.318, 227.076, -26.088  Props: 1.000, 1.000, 1.000
Last Complete  |Cut Mode|  Elapsed: 00:03:52  ConsoleMvSpeed 10  FileEndSpeed 5    16:01:14  09-21-2021
 File Completed:Yes Ln:695 Max: 80.00, 150.00, 10.00  Min: 11.59, 5.00,- 24.00  Offset:no  Brks=0  TBCs: 423.318, 227.076, -26.088  Props: 1.000, 1.000, 1.000
Last Complete  |Cut Mode|  Elapsed: 00:03:53  ConsoleMvSpeed 10  FileEndSpeed 5    16:08:22  09-21-2021
 File Completed:Yes Ln:695 Max: 80.00, 150.00, 10.00  Min: 11.59, 5.00,- 24.00  Offset:no  Brks=0  TBCs: 423.318, 227.076, -26.088  Props: 1.000, 1.000, 1.000
Last Complete  |Cut Mode|  Elapsed: 00:03:52  ConsoleMvSpeed 10  FileEndSpeed 5    17:28:26  09-21-2021
 File Completed:Yes Ln:695 Max: 80.00, 150.00, 10.00  Min: 11.59, 5.00,- 24.00  Offset:no  Brks=0  TBCs: 423.318, 227.076, -26.088  Props: 1.000, 1.000, 1.000
Last Complete  |Cut Mode|  Elapsed: 00:03:53  ConsoleMvSpeed 10  FileEndSpeed 5    17:34:36  09-21-2021
 File Completed:Yes Ln:695 Max: 80.00, 150.00, 10.00  Min: 11.59, 5.00,- 24.00  Offset:no  Brks=0  TBCs: 423.318, 227.076, -26.088  Props: 1.000, 1.000, 1.000
Last Complete  |Cut Mode|  Elapsed: 00:03:53  ConsoleMvSpeed 10  FileEndSpeed 5    17:41:28  09-21-2021
 File Completed:Yes Ln:695 Max: 80.00, 150.00, 10.00  Min: 11.59, 5.00,- 24.00  Offset:no  Brks=0  TBCs: 423.318, 227.076, -26.088  Props: 1.000, 1.000, 1.000
Last Complete  |Cut Mode|  Elapsed: 00:03:53  ConsoleMvSpeed 10  FileEndSpeed 5    17:47:46  09-21-2021
 File Completed:Yes Ln:695 Max: 80.00, 150.00, 10.00  Min: 11.59, 5.00,- 24.00  Offset:no  Brks=0  TBCs: 423.318, 227.076, -26.088  Props: 1.000, 1.000, 1.000
Last Complete  |Cut Mode|  Elapsed: 00:03:53  ConsoleMvSpeed 10  FileEndSpeed 5    17:54:20  09-21-2021
 File Completed:Yes Ln:695 Max: 80.00, 150.00, 10.00  Min: 11.59, 5.00,- 24.00  Offset:no  Brks=0  TBCs: 423.318, 227.076, -26.088  Props: 1.000, 1.000, 1.000
Last Complete  |Cut Mode|  Elapsed: 00:03:53  ConsoleMvSpeed 10  FileEndSpeed 5    18:01:13  09-21-2021
 File Completed:Yes Ln:695 Max: 80.00, 150.00, 10.00  Min: 11.59, 5.00,- 24.00  Offset:no  Brks=0  TBCs: 423.318, 227.076, -26.088  Props: 1.000, 1.000, 1.000
Last Complete  |Cut Mode|  Elapsed: 00:03:53  ConsoleMvSpeed 10  FileEndSpeed 5    18:07:16  09-21-2021
 File Completed:Yes Ln:695 Max: 80.00, 150.00, 10.00  Min: 11.59, 5.00,- 24.00  Offset:no  Brks=0  TBCs: 423.318, 227.076, -26.088  Props: 1.000, 1.000, 1.000
Last Complete  |Cut Mode|  Elapsed: 00:03:53  ConsoleMvSpeed 10  FileEndSpeed 5    18:13:22  09-21-2021
 File Completed:Yes Ln:695 Max: 80.00, 150.00, 10.00  Min: 11.59, 5.00,- 24.00  Offset:no  Brks=0  TBCs: 423.318, 227.076, -26.088  Props: 1.000, 1.000, 1.000
Last Complete  |Cut Mode|  Elapsed: 00:03:53  ConsoleMvSpeed 10  FileEndSpeed 5    18:19:15  09-21-2021
 File Completed:Yes Ln:695 Max: 80.00, 150.00, 10.00  Min: 11.59, 5.00,- 24.00  Offset:no  Brks=0  TBCs: 423.318, 227.076, -26.088  Props: 1.000, 1.000, 1.000
Last Complete  |Cut Mode|  Elapsed: 00:03:53  ConsoleMvSpeed 10  FileEndSpeed 5    18:25:11  09-21-2021
 File Completed:Yes Ln:695 Max: 80.00, 150.00, 10.00  Min: 11.59, 5.00,- 24.00  Offset:no  Brks=0  TBCs: 423.318, 227.076, -26.088  Props: 1.000, 1.000, 1.000
Last Complete  |Cut Mode|  Elapsed: 00:03:53  ConsoleMvSpeed 10  FileEndSpeed 5    13:45:27  09-22-2021
 File Completed:Yes Ln:695 Max: 80.00, 150.00, 10.00  Min: 11.59, 5.00,- 24.00  Offset:no  Brks=0  TBCs: 423.318, 227.076, -26.088  Props: 1.000, 1.000, 1.000
Last Complete  |Cut Mode|  Elapsed: 00:03:52  ConsoleMvSpeed 10  FileEndSpeed 5    13:52:41  09-22-2021
 File Completed:Yes Ln:695 Max: 80.00, 150.00, 10.00  Min: 11.59, 5.00,- 24.00  Offset:no  Brks=0  TBCs: 423.318, 227.076, -26.088  Props: 1.000, 1.000, 1.000
Last Complete  |Cut Mode|  Elapsed: 00:03:53  ConsoleMvSpeed 10  FileEndSpeed 5    14:00:18  09-22-2021
 File Completed:Yes Ln:695 Max: 80.00, 150.00, 10.00  Min: 11.59, 5.00,- 24.00  Offset:no  Brks=0  TBCs: 423.318, 227.076, -26.088  Props: 1.000, 1.000, 1.000
Last Complete  |Cut Mode|  Elapsed: 00:03:53  ConsoleMvSpeed 10  FileEndSpeed 5    14:07:17  09-22-2021
 File Completed:Yes Ln:695 Max: 80.00, 150.00, 10.00  Min: 11.59, 5.00,- 24.00  Offset:no  Brks=0  TBCs: 423.318, 227.076, -26.088  Props: 1.000, 1.000, 1.000
Last Complete  |Cut Mode|  Elapsed: 00:03:52  ConsoleMvSpeed 10  FileEndSpeed 5    14:33:49  09-22-2021
 File Completed:Yes Ln:695 Max: 80.00, 150.00, 10.00  Min: 11.59, 5.00,- 24.00  Offset:no  Brks=0  TBCs: 423.318, 227.076, -26.088  Props: 1.000, 1.000, 1.000
Last Complete  |Cut Mode|  Elapsed: 00:03:52  ConsoleMvSpeed 10  FileEndSpeed 5    14:40:39  09-22-2021
 File Completed:Yes Ln:695 Max: 80.00, 150.00, 10.00  Min: 11.59, 5.00,- 24.00  Offset:no  Brks=0  TBCs: 423.318, 227.076, -26.088  Props: 1.000, 1.000, 1.000
Last Complete  |Cut Mode|  Elapsed: 00:03:53  ConsoleMvSpeed 10  FileEndSpeed 5    14:47:21  09-22-2021
 File Completed:Yes Ln:695 Max: 80.00, 150.00, 10.00  Min: 11.59, 5.00,- 24.00  Offset:no  Brks=0  TBCs: 423.318, 227.076, -26.088  Props: 1.000, 1.000, 1.000
Last Complete  |Cut Mode|  Elapsed: 00:03:53  ConsoleMvSpeed 10  FileEndSpeed 5    14:54:11  09-22-2021
 File Completed:Yes Ln:695 Max: 80.00, 150.00, 10.00  Min: 11.59, 5.00,- 24.00  Offset:no  Brks=0  TBCs: 423.318, 227.076, -26.088  Props: 1.000, 1.000, 1.000
Last Complete  |Cut Mode|  Elapsed: 00:03:53  ConsoleMvSpeed 10  FileEndSpeed 5    15:27:28  09-22-2021
 File Completed:Yes Ln:695 Max: 80.00, 150.00, 10.00  Min: 11.59, 5.00,- 24.00  Offset:no  Brks=0  TBCs: 423.318, 227.076, -26.088  Props: 1.000, 1.000, 1.000
Last Complete  |Cut Mode|  Elapsed: 00:03:54  ConsoleMvSpeed 10  FileEndSpeed 5    15:37:11  09-22-2021
 File Completed:Yes Ln:695 Max: 80.00, 150.00, 10.00  Min: 11.59, 5.00,- 24.00  Offset:no  Brks=0  TBCs: 423.318, 227.076, -26.088  Props: 1.000, 1.000, 1.000
Last Complete  |Cut Mode|  Elapsed: 00:03:53  ConsoleMvSpeed 10  FileEndSpeed 5    15:44:06  09-22-2021
 File Completed:Yes Ln:695 Max: 80.00, 150.00, 10.00  Min: 11.59, 5.00,- 24.00  Offset:no  Brks=0  TBCs: 423.318, 227.076, -26.088  Props: 1.000, 1.000, 1.000
Last Complete  |Cut Mode|  Elapsed: 00:03:53  ConsoleMvSpeed 10  FileEndSpeed 5    15:50:16  09-22-2021
 File Completed:Yes Ln:695 Max: 80.00, 150.00, 10.00  Min: 11.59, 5.00,- 24.00  Offset:no  Brks=0  TBCs: 423.318, 227.076, -26.088  Props: 1.000, 1.000, 1.000
Last Complete  |Cut Mode|  Elapsed: 00:03:53  ConsoleMvSpeed 10  FileEndSpeed 5    16:05:48  09-22-2021
 File Completed:Yes Ln:695 Max: 80.00, 150.00, 10.00  Min: 11.59, 5.00,- 24.00  Offset:no  Brks=0  TBCs: 423.318, 227.076, -26.088  Props: 1.000, 1.000, 1.000
Last Complete  |Cut Mode|  Elapsed: 00:03:53  ConsoleMvSpeed 10  FileEndSpeed 5    16:12:24  09-22-2021
 File Completed:Yes Ln:695 Max: 80.00, 150.00, 10.00  Min: 11.59, 5.00,- 24.00  Offset:no  Brks=0  TBCs: 423.318, 227.076, -26.088  Props: 1.000, 1.000, 1.000
Last Complete  |Cut Mode|  Elapsed: 00:03:53  ConsoleMvSpeed 10  FileEndSpeed 5    16:22:15  09-22-2021
 File Completed:Yes Ln:695 Max: 80.00, 150.00, 10.00  Min: 11.59, 5.00,- 24.00  Offset:no  Brks=0  TBCs: 423.318, 227.076, -26.088  Props: 1.000, 1.000, 1.000
Last Complete  |Cut Mode|  Elapsed: 00:03:53  ConsoleMvSpeed 10  FileEndSpeed 5    16:40:37  09-22-2021
 File Completed:Yes Ln:695 Max: 80.00, 150.00, 10.00  Min: 11.59, 5.00,- 24.00  Offset:no  Brks=0  TBCs: 423.318, 227.076, -26.088  Props: 1.000, 1.000, 1.000
Last Complete  |Cut Mode|  Elapsed: 00:03:53  ConsoleMvSpeed 10  FileEndSpeed 5    16:47:07  09-22-2021
 File Completed:Yes Ln:695 Max: 80.00, 150.00, 10.00  Min: 11.59, 5.00,- 24.00  Offset:no  Brks=0  TBCs: 423.318, 227.076, -26.088  Props: 1.000, 1.000, 1.000
Last Complete  |Cut Mode|  Elapsed: 00:03:53  ConsoleMvSpeed 10  FileEndSpeed 5    17:02:25  09-22-2021
 File Completed:Yes Ln:695 Max: 80.00, 150.00, 10.00  Min: 11.59, 5.00,- 24.00  Offset:no  Brks=0  TBCs: 423.318, 227.076, -26.088  Props: 1.000, 1.000, 1.000
Last Complete  |Cut Mode|  Elapsed: 00:03:53  ConsoleMvSpeed 10  FileEndSpeed 5    17:26:03  09-22-2021
 File Completed:Yes Ln:695 Max: 80.00, 150.00, 10.00  Min: 11.59, 5.00,- 24.00  Offset:no  Brks=0  TBCs: 423.318, 227.076, -26.088  Props: 1.000, 1.000, 1.000
Last Complete  |Cut Mode|  Elapsed: 00:03:53  ConsoleMvSpeed 10  FileEndSpeed 5    17:32:54  09-22-2021
 File Completed:Yes Ln:695 Max: 80.00, 150.00, 10.00  Min: 11.59, 5.00,- 24.00  Offset:no  Brks=0  TBCs: 423.318, 227.076, -26.088  Props: 1.000, 1.000, 1.000
Last Complete  |Cut Mode|  Elapsed: 00:03:53  ConsoleMvSpeed 10  FileEndSpeed 5    17:39:28  09-22-2021
 File Completed:Yes Ln:695 Max: 80.00, 150.00, 10.00  Min: 11.59, 5.00,- 24.00  Offset:no  Brks=0  TBCs: 423.318, 227.076, -26.088  Props: 1.000, 1.000, 1.000
Last Complete  |Cut Mode|  Elapsed: 00:03:53  ConsoleMvSpeed 10  FileEndSpeed 5    17:46:22  09-22-2021
 File Completed:Yes Ln:695 Max: 80.00, 150.00, 10.00  Min: 11.59, 5.00,- 24.00  Offset:no  Brks=0  TBCs: 423.318, 227.076, -26.088  Props: 1.000, 1.000, 1.000
Last Complete  |Cut Mode|  Elapsed: 00:03:51  ConsoleMvSpeed 10  FileEndSpeed 5    09:50:51  09-29-2021
 File Completed:Yes Ln:695 Max: 80.00, 150.00, 10.00  Min: 11.59, 5.00,- 24.00  Offset:no  Brks=0  TBCs: 422.524, 228.505, -25.625  Props: 1.000, 1.000, 1.000
Last Not Complete Stopped@Line 378 |Cut Mode|  Elapsed: 00:02:16  ConsoleMvSpeed 10  FileEndSpeed 5    09:58:18  09-29-2021
 File Completed:No  Ln:378 Max: 11.59, 71.00, 10.00  Min: 11.59, 50.00,- 24.00  Offset:no  Brks=1  TBCs: 422.524, 228.505, -25.625  Props: 1.000, 1.000, 1.000
Last Complete  |Cut Mode|  Elapsed: 00:03:51  ConsoleMvSpeed 10  FileEndSpeed 5    10:11:19  09-29-2021
 File Completed:Yes Ln:695 Max: 80.00, 150.00, 10.00  Min: 11.59, 5.00,- 24.00  Offset:no  Brks=0  TBCs: 422.524, 228.505, -25.625  Props: 1.000, 1.000, 1.000
Last Complete  |Cut Mode|  Elapsed: 00:03:51  ConsoleMvSpeed 10  FileEndSpeed 5    10:48:53  09-29-2021
 File Completed:Yes Ln:695 Max: 80.00, 150.00, 10.00  Min: 11.59, 5.00,- 24.00  Offset:no  Brks=0  TBCs: 422.524, 228.505, -25.625  Props: 1.000, 1.000, 1.000
Last Complete  |Cut Mode|  Elapsed: 00:03:51  ConsoleMvSpeed 10  FileEndSpeed 5    10:54:49  09-29-2021
 File Completed:Yes Ln:695 Max: 80.00, 150.00, 10.00  Min: 11.59, 5.00,- 24.00  Offset:no  Brks=0  TBCs: 422.524, 228.505, -25.625  Props: 1.000, 1.000, 1.000
Last Complete  |Cut Mode|  Elapsed: 00:03:51  ConsoleMvSpeed 10  FileEndSpeed 5    11:02:33  09-29-2021
 File Completed:Yes Ln:695 Max: 80.00, 150.00, 10.00  Min: 11.59, 5.00,- 24.00  Offset:no  Brks=0  TBCs: 422.524, 228.505, -25.625  Props: 1.000, 1.000, 1.000
Last Complete  |Cut Mode|  Elapsed: 00:03:52  ConsoleMvSpeed 10  FileEndSpeed 5    11:09:06  09-29-2021
 File Completed:Yes Ln:695 Max: 80.00, 150.00, 10.00  Min: 11.59, 5.00,- 24.00  Offset:no  Brks=0  TBCs: 422.524, 228.505, -25.625  Props: 1.000, 1.000, 1.000
Last Complete  |Cut Mode|  Elapsed: 00:03:52  ConsoleMvSpeed 10  FileEndSpeed 5    11:15:21  09-29-2021
 File Completed:Yes Ln:695 Max: 80.00, 150.00, 10.00  Min: 11.59, 5.00,- 24.00  Offset:no  Brks=0  TBCs: 422.524, 228.505, -25.625  Props: 1.000, 1.000, 1.000
Last Complete  |Cut Mode|  Elapsed: 00:03:51  ConsoleMvSpeed 10  FileEndSpeed 5    11:21:45  09-29-2021
 File Completed:Yes Ln:695 Max: 80.00, 150.00, 10.00  Min: 11.59, 5.00,- 24.00  Offset:no  Brks=0  TBCs: 422.524, 228.505, -25.625  Props: 1.000, 1.000, 1.000
Last Complete  |Cut Mode|  Elapsed: 00:03:51  ConsoleMvSpeed 10  FileEndSpeed 5    11:36:35  09-29-2021
 File Completed:Yes Ln:695 Max: 80.00, 150.00, 10.00  Min: 11.59, 5.00,- 24.00  Offset:no  Brks=0  TBCs: 422.524, 228.505, -25.625  Props: 1.000, 1.000, 1.000
Last Complete  |Cut Mode|  Elapsed: 00:03:52  ConsoleMvSpeed 10  FileEndSpeed 5    14:17:20  09-29-2021
 File Completed:Yes Ln:695 Max: 80.00, 150.00, 10.00  Min: 5.00, 5.00,- 24.00  Offset:no  Brks=0  TBCs: 422.524, 228.505, -25.625  Props: 1.000, 1.000, 1.000
Last Complete  |Cut Mode|  Elapsed: 00:03:50  ConsoleMvSpeed 10  FileEndSpeed 5    14:32:13  09-29-2021
 File Completed:Yes Ln:695 Max: 80.00, 150.00, 10.00  Min: 11.59, 5.00,- 24.00  Offset:no  Brks=0  TBCs: 422.524, 228.505, -25.625  Props: 1.000, 1.000, 1.000
Last Complete  |Cut Mode|  Elapsed: 00:03:50  ConsoleMvSpeed 10  FileEndSpeed 5    14:38:33  09-29-2021
 File Completed:Yes Ln:695 Max: 80.00, 150.00, 10.00  Min: 11.59, 5.00,- 24.00  Offset:no  Brks=0  TBCs: 422.524, 228.505, -25.625  Props: 1.000, 1.000, 1.000
Last Complete  |Cut Mode|  Elapsed: 00:03:51  ConsoleMvSpeed 10  FileEndSpeed 5    14:44:25  09-29-2021
 File Completed:Yes Ln:695 Max: 80.00, 150.00, 10.00  Min: 11.59, 5.00,- 24.00  Offset:no  Brks=0  TBCs: 422.524, 228.505, -25.625  Props: 1.000, 1.000, 1.000
Last Complete  |Cut Mode|  Elapsed: 00:03:51  ConsoleMvSpeed 10  FileEndSpeed 5    14:50:26  09-29-2021
 File Completed:Yes Ln:695 Max: 80.00, 150.00, 10.00  Min: 11.59, 5.00,- 24.00  Offset:no  Brks=0  TBCs: 422.524, 228.505, -25.625  Props: 1.000, 1.000, 1.000
Last Complete  |Cut Mode|  Elapsed: 00:03:50  ConsoleMvSpeed 10  FileEndSpeed 5    14:57:22  09-29-2021
 File Completed:Yes Ln:695 Max: 80.00, 150.00, 10.00  Min: 11.59, 5.00,- 24.00  Offset:no  Brks=0  TBCs: 423.965, 227.711, -25.625  Props: 1.000, 1.000, 1.000
Last Complete  |Cut Mode|  Elapsed: 00:03:50  ConsoleMvSpeed 10  FileEndSpeed 5    15:03:35  09-29-2021
 File Completed:Yes Ln:695 Max: 80.00, 150.00, 10.00  Min: 11.59, 5.00,- 24.00  Offset:no  Brks=0  TBCs: 423.965, 227.711, -25.625  Props: 1.000, 1.000, 1.000
Last Complete  |Cut Mode|  Elapsed: 00:03:50  ConsoleMvSpeed 10  FileEndSpeed 5    15:09:16  09-29-2021
 File Completed:Yes Ln:695 Max: 80.00, 150.00, 10.00  Min: 11.59, 5.00,- 24.00  Offset:no  Brks=0  TBCs: 423.965, 227.711, -25.625  Props: 1.000, 1.000, 1.000
Last Complete  |Cut Mode|  Elapsed: 00:03:50  ConsoleMvSpeed 10  FileEndSpeed 5    15:14:58  09-29-2021
 File Completed:Yes Ln:695 Max: 80.00, 150.00, 10.00  Min: 11.59, 5.00,- 24.00  Offset:no  Brks=0  TBCs: 423.965, 227.711, -25.625  Props: 1.000, 1.000, 1.000
Last Complete  |Cut Mode|  Elapsed: 00:03:50  ConsoleMvSpeed 10  FileEndSpeed 5    15:21:11  09-29-2021
 File Completed:Yes Ln:695 Max: 80.00, 150.00, 10.00  Min: 11.59, 5.00,- 24.00  Offset:no  Brks=0  TBCs: 423.965, 227.711, -25.625  Props: 1.000, 1.000, 1.000
Last Complete  |Cut Mode|  Elapsed: 00:03:50  ConsoleMvSpeed 10  FileEndSpeed 5    15:27:11  09-29-2021
 File Completed:Yes Ln:695 Max: 80.00, 150.00, 10.00  Min: 11.59, 5.00,- 24.00  Offset:no  Brks=0  TBCs: 423.965, 227.711, -25.625  Props: 1.000, 1.000, 1.000
Last Complete  |Cut Mode|  Elapsed: 00:03:50  ConsoleMvSpeed 10  FileEndSpeed 5    15:33:13  09-29-2021
 File Completed:Yes Ln:695 Max: 80.00, 150.00, 10.00  Min: 11.59, 5.00,- 24.00  Offset:no  Brks=0  TBCs: 422.378, 227.711, -25.625  Props: 1.000, 1.000, 1.000
Last Complete  |Cut Mode|  Elapsed: 00:03:50  ConsoleMvSpeed 10  FileEndSpeed 5    15:39:01  09-29-2021
 File Completed:Yes Ln:695 Max: 80.00, 150.00, 10.00  Min: 11.59, 5.00,- 24.00  Offset:no  Brks=0  TBCs: 422.378, 227.711, -25.625  Props: 1.000, 1.000, 1.000
Last Complete  |Cut Mode|  Elapsed: 00:03:50  ConsoleMvSpeed 10  FileEndSpeed 5    15:45:36  09-29-2021
 File Completed:Yes Ln:695 Max: 80.00, 150.00, 10.00  Min: 11.59, 5.00,- 24.00  Offset:no  Brks=0  TBCs: 422.378, 227.711, -25.625  Props: 1.000, 1.000, 1.000
Last Complete  |Cut Mode|  Elapsed: 00:03:50  ConsoleMvSpeed 10  FileEndSpeed 5    15:52:31  09-29-2021
 File Completed:Yes Ln:695 Max: 80.00, 150.00, 10.00  Min: 11.59, 5.00,- 24.00  Offset:no  Brks=0  TBCs: 422.378, 227.711, -25.625  Props: 1.000, 1.000, 1.000
Last Complete  |Cut Mode|  Elapsed: 00:03:50  ConsoleMvSpeed 10  FileEndSpeed 5    15:58:11  09-29-2021
 File Completed:Yes Ln:695 Max: 80.00, 150.00, 10.00  Min: 11.59, 5.00,- 24.00  Offset:no  Brks=0  TBCs: 422.378, 227.711, -25.625  Props: 1.000, 1.000, 1.000
