Last Complete  |Cut Mode|  Elapsed: 00:00:22  ConsoleMvSpeed 4.99999999999999  FileEndSpeed 10    14:12:09  04-12-2022
 File Completed:Yes Ln:64 Max: 12.50, 45.55, 10.00  Min: 11.98, 33.60,- 22.50  Offset:no  Brks=0  TBCs: -67.513, -160.058, -42.513  Props: 1.000, 1.000, 1.000
Last Complete  |Cut Mode|  Elapsed: 00:00:21  ConsoleMvSpeed 4.99999999999999  FileEndSpeed 10    15:05:43  04-12-2022
 File Completed:Yes Ln:64 Max: 12.50, 45.55, 10.00  Min: 11.98, 33.60,- 22.50  Offset:no  Brks=0  TBCs: -67.513, -160.058, -42.513  Props: 1.000, 1.000, 1.000
Last Not Complete Stopped@Line 18 |Cut Mode|  Elapsed: 00:00:11  ConsoleMvSpeed 4.99999999999999  FileEndSpeed 10    16:44:36  04-12-2022
 File Completed:No  Ln:18 Max: 12.50, 39.50, 12.70  Min: 12.05, 33.60,- 15.00  Offset:no  Brks=1  TBCs: -67.513, -160.058, -42.513  Props: 1.000, 1.000, 1.000
Last Complete  |Cut Mode|  Elapsed: 00:00:21  ConsoleMvSpeed 4.99999999999999  FileEndSpeed 10    16:45:07  04-12-2022
 File Completed:Yes Ln:64 Max: 12.50, 45.55, 10.00  Min: 11.98, 38.05,- 22.50  Offset:no  Brks=0  TBCs: -67.513, -160.058, -42.513  Props: 1.000, 1.000, 1.000
Last Complete  |Cut Mode|  Elapsed: 00:00:21  ConsoleMvSpeed 4.99999999999999  FileEndSpeed 10    17:37:16  04-12-2022
 File Completed:Yes Ln:64 Max: 12.50, 45.55, 10.00  Min: 11.98, 33.60,- 22.50  Offset:no  Brks=0  TBCs: -67.513, -160.058, -42.513  Props: 1.000, 1.000, 1.000
Last Complete  |Cut Mode|  Elapsed: 00:00:21  ConsoleMvSpeed 4.99999999999999  FileEndSpeed 10    18:32:57  04-12-2022
 File Completed:Yes Ln:64 Max: 12.50, 45.55, 10.00  Min: 11.98, 33.60,- 22.50  Offset:no  Brks=0  TBCs: -67.513, -160.058, -42.513  Props: 1.000, 1.000, 1.000
Last Complete  |Cut Mode|  Elapsed: 00:00:21  ConsoleMvSpeed 4.99999999999999  FileEndSpeed 10    10:59:08  04-13-2022
 File Completed:Yes Ln:64 Max: 12.50, 45.55, 10.00  Min: 11.98, 33.60,- 22.50  Offset:no  Brks=0  TBCs: -68.904, -165.621, -42.513  Props: 1.000, 1.000, 1.000
Last Complete  |Cut Mode|  Elapsed: 00:00:21  ConsoleMvSpeed 4.99999999999999  FileEndSpeed 10    11:55:52  04-13-2022
 File Completed:Yes Ln:64 Max: 12.50, 45.55, 10.00  Min: 11.98, 33.60,- 22.50  Offset:no  Brks=0  TBCs: -68.904, -165.621, -42.513  Props: 1.000, 1.000, 1.000
Last Complete  |Cut Mode|  Elapsed: 00:00:22  ConsoleMvSpeed 4.99999999999999  FileEndSpeed 10    12:49:03  04-13-2022
 File Completed:Yes Ln:64 Max: 12.50, 45.55, 10.00  Min: 11.98, 33.60,- 22.50  Offset:no  Brks=0  TBCs: -68.904, -165.621, -42.513  Props: 1.000, 1.000, 1.000
Last Complete  |Cut Mode|  Elapsed: 00:00:24  ConsoleMvSpeed 4.99999999999999  FileEndSpeed 10    11:49:27  04-26-2022
 File Completed:Yes Ln:68 Max: 12.50, 45.29, 10.00  Min: 11.98, 25.88,- 22.50  Offset:no  Brks=0  TBCs: -20.365, -168.002, -69.628  Props: 1.000, 1.000, 1.000
Last Complete  |Cut Mode|  Elapsed: 00:00:21  ConsoleMvSpeed 4.99999999999999  FileEndSpeed 10    14:19:57  04-26-2022
 File Completed:Yes Ln:68 Max: 12.50, 45.29, 10.00  Min: 11.98, 25.88,- 22.50  Offset:no  Brks=0  TBCs: -20.365, -168.002, -69.628  Props: 1.000, 1.000, 1.000
Last Complete  |Cut Mode|  Elapsed: 00:00:21  ConsoleMvSpeed 4.99999999999999  FileEndSpeed 10    15:08:21  04-26-2022
 File Completed:Yes Ln:68 Max: 12.50, 45.29, 10.00  Min: 11.98, 25.88,- 22.50  Offset:no  Brks=0  TBCs: -20.365, -167.386, -69.628  Props: 1.000, 1.000, 1.000
Last Complete  |Cut Mode|  Elapsed: 00:00:22  ConsoleMvSpeed 4.99999999999999  FileEndSpeed 10    15:59:50  04-26-2022
 File Completed:Yes Ln:68 Max: 12.50, 45.29, 10.00  Min: 11.98, 25.88,- 22.50  Offset:no  Brks=0  TBCs: -20.365, -167.386, -69.628  Props: 1.000, 1.000, 1.000
Last Complete  |Cut Mode|  Elapsed: 00:00:21  ConsoleMvSpeed 4.99999999999999  FileEndSpeed 10    17:03:13  04-26-2022
 File Completed:Yes Ln:68 Max: 12.50, 45.29, 10.00  Min: 11.98, 25.88,- 22.50  Offset:no  Brks=0  TBCs: -20.365, -167.386, -69.628  Props: 1.000, 1.000, 1.000
Last Complete  |Cut Mode|  Elapsed: 00:00:21  ConsoleMvSpeed 4.99999999999999  FileEndSpeed 10    17:47:59  04-26-2022
 File Completed:Yes Ln:68 Max: 12.50, 45.29, 10.00  Min: 11.98, 25.88,- 22.50  Offset:no  Brks=0  TBCs: -20.365, -167.386, -69.628  Props: 1.000, 1.000, 1.000
Last Complete  |Cut Mode|  Elapsed: 00:00:21  ConsoleMvSpeed 4.99999999999999  FileEndSpeed 10    18:41:43  04-26-2022
 File Completed:Yes Ln:68 Max: 12.50, 45.29, 10.00  Min: 11.98, 25.88,- 22.50  Offset:no  Brks=0  TBCs: -20.365, -167.386, -69.628  Props: 1.000, 1.000, 1.000
Last Complete  |Cut Mode|  Elapsed: 00:00:25  ConsoleMvSpeed 4.99999999999999  FileEndSpeed 10    18:45:30  04-26-2022
 File Completed:Yes Ln:68 Max: 12.50, 45.29, 10.00  Min: 11.98, 25.88,- 22.50  Offset:no  Brks=0  TBCs: -20.365, -167.386, -69.628  Props: 1.000, 1.000, 1.000
Last Complete  |Cut Mode|  Elapsed: 00:00:21  ConsoleMvSpeed 4.99999999999999  FileEndSpeed 10    19:27:37  04-26-2022
 File Completed:Yes Ln:68 Max: 12.50, 45.29, 10.00  Min: 11.98, 25.88,- 22.50  Offset:no  Brks=0  TBCs: -20.365, -167.386, -69.628  Props: 1.000, 1.000, 1.000
Last Complete  |Cut Mode|  Elapsed: 00:00:21  ConsoleMvSpeed 4.99999999999999  FileEndSpeed 10    20:11:48  04-26-2022
 File Completed:Yes Ln:68 Max: 12.50, 45.29, 10.00  Min: 11.98, 25.88,- 22.50  Offset:no  Brks=0  TBCs: -20.365, -167.386, -69.628  Props: 1.000, 1.000, 1.000
Last Complete  |Cut Mode|  Elapsed: 00:00:19  ConsoleMvSpeed 7.5  FileEndSpeed 10    10:16:13  04-28-2022
 File Completed:Yes Ln:64 Max: 12.50, 45.29, 10.00  Min: 11.98, 25.88,- 22.50  Offset:no  Brks=0  TBCs: -21.069, -172.409, -58.534  Props: 1.000, 1.000, 1.000
Last Not Complete Stopped@Line 1 |Cut Mode|  Elapsed: 00:00:20  ConsoleMvSpeed 7.5  FileEndSpeed 10    11:23:03  04-28-2022
 File Completed:No  Ln:1 Max: 12.50, 33.38, 10.00  Min: 12.05, 14.26,- 22.50  Offset:no  Brks=0  TBCs: -22.047, -173.177, -48.349  Props: 1.000, 1.000, 1.000
Last Complete  |Cut Mode|  Elapsed: 00:00:20  ConsoleMvSpeed 7.5  FileEndSpeed 7.5    11:23:04  04-28-2022
 File Completed:Yes Ln:1 Max: 12.50, 33.38, 10.00  Min: 12.05, 14.26,- 22.50  Offset:no  Brks=0  TBCs: -22.047, -173.177, -48.349  Props: 1.000, 1.000, 1.000
Last Not Complete Stopped@Line 1 |Cut Mode|  Elapsed: 00:00:09  ConsoleMvSpeed 7.5  FileEndSpeed 7.5    11:25:53  04-28-2022
 File Completed:No  Ln:1 Max: 12.05, 939.80, 10.00  Min: 12.05, 12.00, 10.00  Offset:no  Brks=0  TBCs: -22.047, -173.177, -48.349  Props: 1.000, 1.000, 1.000
Last Complete  |Cut Mode|  Elapsed: 00:00:22  ConsoleMvSpeed 7.5  FileEndSpeed 10    11:26:31  04-28-2022
 File Completed:Yes Ln:64 Max: 12.50, 45.29, 10.00  Min: 11.98, 12.00,- 22.50  Offset:no  Brks=0  TBCs: -22.047, -173.177, -48.349  Props: 1.000, 1.000, 1.000
Last Complete  |Cut Mode|  Elapsed: 00:00:21  ConsoleMvSpeed 7.5  FileEndSpeed 10    12:45:35  04-28-2022
 File Completed:Yes Ln:64 Max: 12.50, 45.29, 10.00  Min: 11.98, 25.88,- 22.50  Offset:no  Brks=0  TBCs: -22.047, -173.177, -48.349  Props: 1.000, 1.000, 1.000
Last Complete  |Cut Mode|  Elapsed: 00:00:21  ConsoleMvSpeed 7.5  FileEndSpeed 10    14:12:16  04-28-2022
 File Completed:Yes Ln:64 Max: 12.50, 45.29, 10.00  Min: 11.98, 25.88,- 22.50  Offset:no  Brks=0  TBCs: -21.349, -174.898, -47.949  Props: 1.000, 1.000, 1.000
Last Complete  |Cut Mode|  Elapsed: 00:00:21  ConsoleMvSpeed 7.5  FileEndSpeed 10    14:57:51  04-28-2022
 File Completed:Yes Ln:64 Max: 12.50, 45.29, 10.00  Min: 11.98, 25.88,- 22.50  Offset:no  Brks=0  TBCs: -21.349, -174.898, -47.949  Props: 1.000, 1.000, 1.000
Last Complete  |Cut Mode|  Elapsed: 00:00:21  ConsoleMvSpeed 7.5  FileEndSpeed 10    15:42:23  04-28-2022
 File Completed:Yes Ln:64 Max: 12.50, 45.29, 10.00  Min: 11.98, 25.88,- 22.50  Offset:no  Brks=0  TBCs: -21.349, -174.898, -47.949  Props: 1.000, 1.000, 1.000
Last Complete  |Cut Mode|  Elapsed: 00:00:21  ConsoleMvSpeed 7.5  FileEndSpeed 10    16:55:40  04-28-2022
 File Completed:Yes Ln:64 Max: 12.50, 45.29, 10.00  Min: 11.98, 25.88,- 22.50  Offset:no  Brks=0  TBCs: -22.035, -174.187, -47.949  Props: 1.000, 1.000, 1.000
Last Complete  |Cut Mode|  Elapsed: 00:00:22  ConsoleMvSpeed 7.5  FileEndSpeed 10    17:21:45  04-28-2022
 File Completed:Yes Ln:64 Max: 12.50, 45.29, 10.00  Min: 11.98, 25.88,- 22.50  Offset:no  Brks=0  TBCs: -22.035, -174.187, -47.949  Props: 1.000, 1.000, 1.000
Last Complete  |Cut Mode|  Elapsed: 00:00:22  ConsoleMvSpeed 7.5  FileEndSpeed 10    18:04:28  04-28-2022
 File Completed:Yes Ln:64 Max: 12.50, 45.29, 10.00  Min: 11.98, 25.88,- 22.50  Offset:no  Brks=0  TBCs: -22.035, -174.187, -47.949  Props: 1.000, 1.000, 1.000
Last Complete  |Cut Mode|  Elapsed: 00:00:21  ConsoleMvSpeed 10  FileEndSpeed 10    18:48:16  04-28-2022
 File Completed:Yes Ln:64 Max: 12.50, 45.29, 10.00  Min: 11.98, 25.88,- 22.50  Offset:no  Brks=0  TBCs: -22.035, -174.187, -47.949  Props: 1.000, 1.000, 1.000
Last Complete  |Cut Mode|  Elapsed: 00:00:21  ConsoleMvSpeed 10  FileEndSpeed 10    14:04:05  05-03-2022
 File Completed:Yes Ln:64 Max: 12.50, 45.29, 10.00  Min: 11.98, 25.88,- 22.50  Offset:no  Brks=0  TBCs: -22.035, -174.187, -47.949  Props: 1.000, 1.000, 1.000
Last Complete  |Cut Mode|  Elapsed: 00:00:21  ConsoleMvSpeed 10  FileEndSpeed 10    14:51:07  05-03-2022
 File Completed:Yes Ln:64 Max: 12.50, 45.29, 10.00  Min: 11.98, 25.88,- 22.50  Offset:no  Brks=0  TBCs: -22.035, -174.187, -47.949  Props: 1.000, 1.000, 1.000
