Last Complete  |Cut Mode|  Elapsed: 00:04:16  ConsoleMvSpeed 4.99999999999999  FileEndSpeed 5    14:20:38  04-12-2022
 File Completed:Yes Ln:650 Max: 80.00, 150.00, 10.00  Min: 12.50, 5.30,- 22.50  Offset:no  Brks=0  TBCs: -67.513, -160.058, -42.513  Props: 1.000, 1.000, 1.000
Last Complete  |Cut Mode|  Elapsed: 00:04:16  ConsoleMvSpeed 4.99999999999999  FileEndSpeed 5    15:14:17  04-12-2022
 File Completed:Yes Ln:650 Max: 80.00, 150.00, 10.00  Min: 12.50, 5.30,- 22.50  Offset:no  Brks=0  TBCs: -67.513, -160.058, -42.513  Props: 1.000, 1.000, 1.000
Last Complete  |Cut Mode|  Elapsed: 00:04:15  ConsoleMvSpeed 4.99999999999999  FileEndSpeed 5    16:53:31  04-12-2022
 File Completed:Yes Ln:650 Max: 80.00, 150.00, 10.00  Min: 12.50, 5.30,- 22.50  Offset:no  Brks=0  TBCs: -67.513, -160.058, -42.513  Props: 1.000, 1.000, 1.000
Last Complete  |Cut Mode|  Elapsed: 00:04:16  ConsoleMvSpeed 4.99999999999999  FileEndSpeed 5    17:45:48  04-12-2022
 File Completed:Yes Ln:650 Max: 80.00, 150.00, 10.00  Min: 12.50, 5.30,- 22.50  Offset:no  Brks=0  TBCs: -67.513, -160.058, -42.513  Props: 1.000, 1.000, 1.000
Last Complete  |Cut Mode|  Elapsed: 00:04:16  ConsoleMvSpeed 4.99999999999999  FileEndSpeed 5    18:41:22  04-12-2022
 File Completed:Yes Ln:650 Max: 80.00, 150.00, 10.00  Min: 12.50, 5.30,- 22.50  Offset:no  Brks=0  TBCs: -67.513, -160.058, -42.513  Props: 1.000, 1.000, 1.000
Last Complete  |Cut Mode|  Elapsed: 00:04:15  ConsoleMvSpeed 4.99999999999999  FileEndSpeed 5    11:07:31  04-13-2022
 File Completed:Yes Ln:650 Max: 80.00, 150.00, 10.00  Min: 12.50, 5.30,- 22.50  Offset:no  Brks=0  TBCs: -68.904, -165.621, -42.513  Props: 1.000, 1.000, 1.000
Last Complete  |Cut Mode|  Elapsed: 00:04:17  ConsoleMvSpeed 4.99999999999999  FileEndSpeed 5    12:05:00  04-13-2022
 File Completed:Yes Ln:650 Max: 80.00, 150.00, 10.00  Min: 12.50, 5.30,- 22.50  Offset:no  Brks=0  TBCs: -68.904, -165.621, -42.513  Props: 1.000, 1.000, 1.000
Last Complete  |Cut Mode|  Elapsed: 00:04:17  ConsoleMvSpeed 4.99999999999999  FileEndSpeed 5    12:57:29  04-13-2022
 File Completed:Yes Ln:650 Max: 80.00, 150.00, 10.00  Min: 12.50, 5.30,- 22.50  Offset:no  Brks=0  TBCs: -68.904, -165.621, -42.513  Props: 1.000, 1.000, 1.000
Last Not Complete Stopped@Line 41 |Cut Mode|  Elapsed: 00:00:44  ConsoleMvSpeed 4.99999999999999  FileEndSpeed 5    12:30:58  04-26-2022
 File Completed:No  Ln:41 Max: 12.50, 69.50, 12.70  Min: 12.50, 6.55,- 17.50  Offset:no  Brks=1  TBCs: -20.365, -168.002, -69.628  Props: 1.000, 1.000, 1.000
Last Complete  |Cut Mode|  Elapsed: 00:01:22  ConsoleMvSpeed 4.99999999999999  FileEndSpeed 5    12:33:12  04-26-2022
 File Completed:Yes Ln:98 Max: 30.00, 180.00, 12.70  Min: 12.50, 6.55,- 18.50  Offset:no  Brks=0  TBCs: -20.365, -168.002, -69.628  Props: 1.000, 1.000, 1.000
Last Complete  |Cut Mode|  Elapsed: 00:01:28  ConsoleMvSpeed 4.99999999999999  FileEndSpeed 5    14:25:25  04-26-2022
 File Completed:Yes Ln:98 Max: 30.00, 180.00, 10.00  Min: 12.50, 6.55,- 18.50  Offset:no  Brks=0  TBCs: -20.365, -168.002, -69.628  Props: 1.000, 1.000, 1.000
Last Complete  |Cut Mode|  Elapsed: 00:01:28  ConsoleMvSpeed 4.99999999999999  FileEndSpeed 5    15:13:45  04-26-2022
 File Completed:Yes Ln:98 Max: 30.00, 180.00, 10.00  Min: 12.50, 6.55,- 18.50  Offset:no  Brks=0  TBCs: -20.365, -167.386, -69.628  Props: 1.000, 1.000, 1.000
Last Complete  |Cut Mode|  Elapsed: 00:01:28  ConsoleMvSpeed 4.99999999999999  FileEndSpeed 5    16:05:15  04-26-2022
 File Completed:Yes Ln:98 Max: 30.00, 180.00, 10.00  Min: 12.50, 6.55,- 18.50  Offset:no  Brks=0  TBCs: -20.365, -167.386, -69.628  Props: 1.000, 1.000, 1.000
Last Complete  |Cut Mode|  Elapsed: 00:01:28  ConsoleMvSpeed 4.99999999999999  FileEndSpeed 5    17:08:36  04-26-2022
 File Completed:Yes Ln:98 Max: 30.00, 180.00, 10.00  Min: 12.50, 6.55,- 18.50  Offset:no  Brks=0  TBCs: -20.365, -167.386, -69.628  Props: 1.000, 1.000, 1.000
Last Complete  |Cut Mode|  Elapsed: 00:01:28  ConsoleMvSpeed 4.99999999999999  FileEndSpeed 5    17:53:20  04-26-2022
 File Completed:Yes Ln:98 Max: 30.00, 180.00, 10.00  Min: 12.50, 6.55,- 18.50  Offset:no  Brks=0  TBCs: -20.365, -167.386, -69.628  Props: 1.000, 1.000, 1.000
Last Complete  |Cut Mode|  Elapsed: 00:01:27  ConsoleMvSpeed 4.99999999999999  FileEndSpeed 5    18:51:07  04-26-2022
 File Completed:Yes Ln:98 Max: 30.00, 180.00, 10.00  Min: 12.50, 6.55,- 18.50  Offset:no  Brks=0  TBCs: -20.365, -167.386, -69.628  Props: 1.000, 1.000, 1.000
Last Complete  |Cut Mode|  Elapsed: 00:01:28  ConsoleMvSpeed 4.99999999999999  FileEndSpeed 5    19:33:01  04-26-2022
 File Completed:Yes Ln:98 Max: 30.00, 180.00, 10.00  Min: 12.50, 6.55,- 18.50  Offset:no  Brks=0  TBCs: -20.365, -167.386, -69.628  Props: 1.000, 1.000, 1.000
Last Complete  |Cut Mode|  Elapsed: 00:01:28  ConsoleMvSpeed 4.99999999999999  FileEndSpeed 5    20:17:06  04-26-2022
 File Completed:Yes Ln:98 Max: 30.00, 180.00, 10.00  Min: 12.50, 6.55,- 18.50  Offset:no  Brks=0  TBCs: -20.365, -167.386, -69.628  Props: 1.000, 1.000, 1.000
Last Complete  |Cut Mode|  Elapsed: 00:01:29  ConsoleMvSpeed 7.5  FileEndSpeed 5    10:21:13  04-28-2022
 File Completed:Yes Ln:98 Max: 30.00, 180.00, 10.00  Min: 12.50, 6.55,- 18.50  Offset:no  Brks=0  TBCs: -21.069, -172.409, -58.534  Props: 1.000, 1.000, 1.000
Last Complete  |Cut Mode|  Elapsed: 00:01:28  ConsoleMvSpeed 7.5  FileEndSpeed 5    12:04:29  04-28-2022
 File Completed:Yes Ln:98 Max: 30.00, 180.00, 10.00  Min: 12.50, 6.55,- 18.50  Offset:no  Brks=0  TBCs: -22.047, -173.177, -48.349  Props: 1.000, 1.000, 1.000
Last Complete  |Cut Mode|  Elapsed: 00:01:24  ConsoleMvSpeed 7.5  FileEndSpeed 5    12:50:44  04-28-2022
 File Completed:Yes Ln:86 Max: 30.00, 180.00, 10.00  Min: 12.50, 6.55,- 18.50  Offset:no  Brks=0  TBCs: -22.047, -173.177, -48.349  Props: 1.000, 1.000, 1.000
Last Complete  |Cut Mode|  Elapsed: 00:01:24  ConsoleMvSpeed 7.5  FileEndSpeed 5    14:17:29  04-28-2022
 File Completed:Yes Ln:86 Max: 30.00, 180.00, 10.00  Min: 12.50, 6.55,- 18.50  Offset:no  Brks=0  TBCs: -21.349, -174.898, -47.949  Props: 1.000, 1.000, 1.000
Last Complete  |Cut Mode|  Elapsed: 00:01:24  ConsoleMvSpeed 7.5  FileEndSpeed 5    15:03:09  04-28-2022
 File Completed:Yes Ln:86 Max: 30.00, 180.00, 10.00  Min: 12.50, 6.55,- 18.50  Offset:no  Brks=0  TBCs: -21.349, -174.898, -47.949  Props: 1.000, 1.000, 1.000
Last Complete  |Cut Mode|  Elapsed: 00:01:24  ConsoleMvSpeed 7.5  FileEndSpeed 5    15:47:33  04-28-2022
 File Completed:Yes Ln:86 Max: 30.00, 180.00, 10.00  Min: 12.50, 6.55,- 18.50  Offset:no  Brks=0  TBCs: -21.349, -174.898, -47.949  Props: 1.000, 1.000, 1.000
Last Complete  |Cut Mode|  Elapsed: 00:01:23  ConsoleMvSpeed 7.5  FileEndSpeed 5    17:00:53  04-28-2022
 File Completed:Yes Ln:86 Max: 30.00, 180.00, 10.00  Min: 12.50, 6.55,- 18.50  Offset:no  Brks=0  TBCs: -22.035, -174.187, -47.949  Props: 1.000, 1.000, 1.000
Last Complete  |Cut Mode|  Elapsed: 00:01:23  ConsoleMvSpeed 7.5  FileEndSpeed 5    17:26:58  04-28-2022
 File Completed:Yes Ln:86 Max: 30.00, 180.00, 10.00  Min: 12.50, 6.55,- 18.50  Offset:no  Brks=0  TBCs: -22.035, -174.187, -47.949  Props: 1.000, 1.000, 1.000
Last Complete  |Cut Mode|  Elapsed: 00:01:24  ConsoleMvSpeed 7.5  FileEndSpeed 5    18:09:40  04-28-2022
 File Completed:Yes Ln:86 Max: 30.00, 180.00, 10.00  Min: 12.50, 6.55,- 18.50  Offset:no  Brks=0  TBCs: -22.035, -174.187, -47.949  Props: 1.000, 1.000, 1.000
Last Complete  |Cut Mode|  Elapsed: 00:01:24  ConsoleMvSpeed 10  FileEndSpeed 5    18:53:33  04-28-2022
 File Completed:Yes Ln:86 Max: 30.00, 180.00, 10.00  Min: 12.50, 6.55,- 18.50  Offset:no  Brks=0  TBCs: -22.035, -174.187, -47.949  Props: 1.000, 1.000, 1.000
Last Complete  |Cut Mode|  Elapsed: 00:01:23  ConsoleMvSpeed 10  FileEndSpeed 5    14:09:21  05-03-2022
 File Completed:Yes Ln:86 Max: 30.00, 180.00, 10.00  Min: 12.50, 6.55,- 18.50  Offset:no  Brks=0  TBCs: -22.035, -174.187, -47.949  Props: 1.000, 1.000, 1.000
Last Complete  |Cut Mode|  Elapsed: 00:01:16  ConsoleMvSpeed 10  FileEndSpeed 5    14:12:00  05-03-2022
 File Completed:Yes Ln:86 Max: 30.00, 180.00, 10.00  Min: 12.50, 6.55,- 19.50  Offset:no  Brks=0  TBCs: -22.035, -174.187, -47.949  Props: 1.000, 1.000, 1.000
Last Complete  |Cut Mode|  Elapsed: 00:01:23  ConsoleMvSpeed 10  FileEndSpeed 5    14:56:27  05-03-2022
 File Completed:Yes Ln:86 Max: 30.00, 180.00, 10.00  Min: 12.50, 6.55,- 19.50  Offset:no  Brks=0  TBCs: -22.035, -174.187, -47.949  Props: 1.000, 1.000, 1.000
