Last Complete  |Cut Mode|  Elapsed: 00:00:28  ConsoleMvSpeed 4.99999999999999  FileEndSpeed 10    14:01:46  04-12-2022
 File Completed:Yes Ln:134 Max: 14.00, 57.50, 10.00  Min: 11.00, 47.50,- 13.10  Offset:no  Brks=0  TBCs: -67.513, -160.058, -42.513  Props: 1.000, 1.000, 1.000
Last Complete  |Cut Mode|  Elapsed: 00:00:29  ConsoleMvSpeed 4.99999999999999  FileEndSpeed 10    14:56:15  04-12-2022
 File Completed:Yes Ln:134 Max: 14.00, 57.50, 10.00  Min: 11.00, 47.50,- 13.10  Offset:no  Brks=0  TBCs: -67.513, -160.058, -42.513  Props: 1.000, 1.000, 1.000
Last Complete  |Cut Mode|  Elapsed: 00:00:28  ConsoleMvSpeed 4.99999999999999  FileEndSpeed 10    16:35:51  04-12-2022
 File Completed:Yes Ln:134 Max: 14.00, 57.50, 10.00  Min: 11.00, 47.50,- 13.10  Offset:no  Brks=0  TBCs: -67.513, -160.058, -42.513  Props: 1.000, 1.000, 1.000
Last Complete  |Cut Mode|  Elapsed: 00:00:29  ConsoleMvSpeed 4.99999999999999  FileEndSpeed 10    17:28:34  04-12-2022
 File Completed:Yes Ln:134 Max: 14.00, 57.50, 10.00  Min: 11.00, 47.50,- 13.10  Offset:no  Brks=0  TBCs: -67.513, -160.058, -42.513  Props: 1.000, 1.000, 1.000
Last Complete  |Cut Mode|  Elapsed: 00:00:28  ConsoleMvSpeed 4.99999999999999  FileEndSpeed 10    18:23:57  04-12-2022
 File Completed:Yes Ln:134 Max: 14.00, 57.50, 10.00  Min: 11.00, 47.50,- 13.10  Offset:no  Brks=0  TBCs: -67.513, -160.058, -42.513  Props: 1.000, 1.000, 1.000
Last Complete  |Cut Mode|  Elapsed: 00:00:28  ConsoleMvSpeed 4.99999999999999  FileEndSpeed 10    10:49:49  04-13-2022
 File Completed:Yes Ln:134 Max: 14.00, 57.50, 10.00  Min: 11.00, 47.50,- 13.10  Offset:no  Brks=0  TBCs: -67.513, -160.058, -42.513  Props: 1.000, 1.000, 1.000
Last Complete  |Cut Mode|  Elapsed: 00:00:28  ConsoleMvSpeed 4.99999999999999  FileEndSpeed 10    11:44:16  04-13-2022
 File Completed:Yes Ln:134 Max: 14.00, 57.50, 10.00  Min: 11.00, 47.50,- 13.10  Offset:no  Brks=0  TBCs: -68.904, -165.621, -42.513  Props: 1.000, 1.000, 1.000
Last Complete  |Cut Mode|  Elapsed: 00:00:28  ConsoleMvSpeed 4.99999999999999  FileEndSpeed 10    12:39:51  04-13-2022
 File Completed:Yes Ln:134 Max: 14.00, 57.50, 10.00  Min: 11.00, 47.50,- 13.10  Offset:no  Brks=0  TBCs: -68.904, -165.621, -42.513  Props: 1.000, 1.000, 1.000
Last Complete  |Cut Mode|  Elapsed: 00:00:28  ConsoleMvSpeed 4.99999999999999  FileEndSpeed 10    10:53:38  04-26-2022
 File Completed:Yes Ln:128 Max: 14.00, 57.50, 10.00  Min: 11.00, 47.50,- 13.10  Offset:no  Brks=0  TBCs: -20.365, -168.002, -71.571  Props: 1.000, 1.000, 1.000
Last Complete  |Cut Mode|  Elapsed: 00:00:28  ConsoleMvSpeed 4.99999999999999  FileEndSpeed 10    11:29:49  04-26-2022
 File Completed:Yes Ln:128 Max: 14.00, 57.50, 10.00  Min: 11.00, 47.50,- 13.10  Offset:no  Brks=0  TBCs: -20.365, -168.002, -71.571  Props: 1.000, 1.000, 1.000
Last Complete  |Cut Mode|  Elapsed: 00:00:27  ConsoleMvSpeed 4.99999999999999  FileEndSpeed 10    14:14:02  04-26-2022
 File Completed:Yes Ln:128 Max: 14.00, 57.50, 10.00  Min: 11.00, 47.50,- 13.10  Offset:no  Brks=0  TBCs: -20.365, -168.002, -69.628  Props: 1.000, 1.000, 1.000
Last Complete  |Cut Mode|  Elapsed: 00:00:28  ConsoleMvSpeed 4.99999999999999  FileEndSpeed 10    15:00:13  04-26-2022
 File Completed:Yes Ln:128 Max: 14.00, 57.50, 10.00  Min: 11.00, 47.50,- 13.10  Offset:no  Brks=0  TBCs: -20.365, -167.386, -69.628  Props: 1.000, 1.000, 1.000
Last Complete  |Cut Mode|  Elapsed: 00:00:27  ConsoleMvSpeed 4.99999999999999  FileEndSpeed 10    15:53:49  04-26-2022
 File Completed:Yes Ln:128 Max: 14.00, 57.50, 10.00  Min: 11.00, 47.50,- 13.10  Offset:no  Brks=0  TBCs: -20.365, -167.386, -69.628  Props: 1.000, 1.000, 1.000
Last Complete  |Cut Mode|  Elapsed: 00:00:28  ConsoleMvSpeed 4.99999999999999  FileEndSpeed 10    16:57:25  04-26-2022
 File Completed:Yes Ln:128 Max: 14.00, 57.50, 10.00  Min: 11.00, 47.50,- 13.10  Offset:no  Brks=0  TBCs: -20.365, -167.386, -69.628  Props: 1.000, 1.000, 1.000
Last Complete  |Cut Mode|  Elapsed: 00:00:27  ConsoleMvSpeed 4.99999999999999  FileEndSpeed 10    17:42:49  04-26-2022
 File Completed:Yes Ln:128 Max: 14.00, 57.50, 10.00  Min: 11.00, 47.50,- 13.10  Offset:no  Brks=0  TBCs: -20.365, -167.386, -69.628  Props: 1.000, 1.000, 1.000
Last Complete  |Cut Mode|  Elapsed: 00:00:27  ConsoleMvSpeed 4.99999999999999  FileEndSpeed 10    18:32:54  04-26-2022
 File Completed:Yes Ln:128 Max: 14.00, 57.50, 10.00  Min: 11.00, 47.50,- 13.10  Offset:no  Brks=0  TBCs: -20.365, -167.386, -69.628  Props: 1.000, 1.000, 1.000
Last Complete  |Cut Mode|  Elapsed: 00:00:28  ConsoleMvSpeed 4.99999999999999  FileEndSpeed 10    19:22:09  04-26-2022
 File Completed:Yes Ln:128 Max: 14.00, 57.50, 10.00  Min: 11.00, 47.50,- 13.10  Offset:no  Brks=0  TBCs: -20.365, -167.386, -69.628  Props: 1.000, 1.000, 1.000
Last Complete  |Cut Mode|  Elapsed: 00:00:26  ConsoleMvSpeed 4.99999999999999  FileEndSpeed 10    20:05:05  04-26-2022
 File Completed:Yes Ln:128 Max: 14.00, 57.50, 10.00  Min: 11.00, 47.50,- 13.10  Offset:no  Brks=0  TBCs: -20.365, -167.386, -69.628  Props: 1.000, 1.000, 1.000
Last Complete  |Cut Mode|  Elapsed: 00:00:27  ConsoleMvSpeed 7.5  FileEndSpeed 10    14:44:50  04-27-2022
 File Completed:Yes Ln:128 Max: 14.00, 57.50, 10.00  Min: 11.00, 47.50,- 19.00  Offset:no  Brks=0  TBCs: -20.365, -167.386, -69.628  Props: 1.000, 1.000, 1.000
Last Complete  |Cut Mode|  Elapsed: 00:00:28  ConsoleMvSpeed 7.5  FileEndSpeed 10    14:48:22  04-27-2022
 File Completed:Yes Ln:128 Max: 14.00, 57.50, 10.00  Min: 11.00, 47.50,- 13.10  Offset:no  Brks=0  TBCs: -20.365, -167.386, -69.628  Props: 1.000, 1.000, 1.000
Last Complete  |Cut Mode|  Elapsed: 00:00:28  ConsoleMvSpeed 7.5  FileEndSpeed 10    14:49:05  04-27-2022
 File Completed:Yes Ln:128 Max: 14.00, 57.50, 10.00  Min: 11.00, 47.50,- 13.10  Offset:no  Brks=0  TBCs: -20.365, -167.386, -69.628  Props: 1.000, 1.000, 1.000
Last Complete  |Cut Mode|  Elapsed: 00:00:28  ConsoleMvSpeed 7.5  FileEndSpeed 10    14:54:32  04-27-2022
 File Completed:Yes Ln:128 Max: 14.00, 57.50, 10.00  Min: 11.00, 47.50,- 13.10  Offset:no  Brks=0  TBCs: -20.365, -167.386, -69.628  Props: 1.000, 1.000, 1.000
Last Complete  |Cut Mode|  Elapsed: 00:00:28  ConsoleMvSpeed 7.5  FileEndSpeed 10    14:55:32  04-27-2022
 File Completed:Yes Ln:128 Max: 14.00, 57.50, 10.00  Min: 11.00, 47.50,- 13.10  Offset:no  Brks=0  TBCs: -20.365, -167.386, -69.628  Props: 1.000, 1.000, 1.000
Last Complete  |Cut Mode|  Elapsed: 00:00:25  ConsoleMvSpeed 7.5  FileEndSpeed 10    15:04:55  04-27-2022
 File Completed:Yes Ln:128 Max: 14.00, 57.50, 10.00  Min: 11.00, 47.50,- 13.10  Offset:no  Brks=0  TBCs: -20.365, -167.386, -69.628  Props: 1.000, 1.000, 1.000
Last Complete  |Cut Mode|  Elapsed: 00:00:25  ConsoleMvSpeed 7.5  FileEndSpeed 10    09:51:52  04-28-2022
 File Completed:Yes Ln:128 Max: 14.00, 57.50, 10.00  Min: 11.00, 47.50,- 13.10  Offset:no  Brks=0  TBCs: -21.069, -172.409, -60.306  Props: 1.000, 1.000, 1.000
Last Complete  |Cut Mode|  Elapsed: 00:00:26  ConsoleMvSpeed 7.5  FileEndSpeed 10    11:03:37  04-28-2022
 File Completed:Yes Ln:128 Max: 14.00, 57.50, 10.00  Min: 11.00, 47.50,- 13.10  Offset:no  Brks=0  TBCs: -21.349, -173.177, -48.921  Props: 1.000, 1.000, 1.000
Last Complete  |Cut Mode|  Elapsed: 00:00:28  ConsoleMvSpeed 7.5  FileEndSpeed 10    12:38:43  04-28-2022
 File Completed:Yes Ln:128 Max: 14.00, 57.50, 10.00  Min: 11.00, 47.50,- 13.10  Offset:no  Brks=0  TBCs: -22.047, -173.177, -48.349  Props: 1.000, 1.000, 1.000
Last Complete  |Cut Mode|  Elapsed: 00:00:27  ConsoleMvSpeed 7.5  FileEndSpeed 10    14:00:59  04-28-2022
 File Completed:Yes Ln:128 Max: 14.00, 57.50, 10.00  Min: 11.00, 47.50,- 13.10  Offset:no  Brks=0  TBCs: -21.349, -174.898, -47.949  Props: 1.000, 1.000, 1.000
Last Complete  |Cut Mode|  Elapsed: 00:00:27  ConsoleMvSpeed 7.5  FileEndSpeed 10    14:50:14  04-28-2022
 File Completed:Yes Ln:128 Max: 14.00, 57.50, 10.00  Min: 11.00, 47.50,- 13.10  Offset:no  Brks=0  TBCs: -21.349, -174.898, -47.949  Props: 1.000, 1.000, 1.000
Last Complete  |Cut Mode|  Elapsed: 00:00:27  ConsoleMvSpeed 7.5  FileEndSpeed 10    15:34:51  04-28-2022
 File Completed:Yes Ln:128 Max: 14.00, 57.50, 10.00  Min: 11.00, 47.50,- 13.10  Offset:no  Brks=0  TBCs: -21.349, -174.898, -47.949  Props: 1.000, 1.000, 1.000
Last Complete  |Cut Mode|  Elapsed: 00:00:27  ConsoleMvSpeed 7.5  FileEndSpeed 10    16:48:59  04-28-2022
 File Completed:Yes Ln:128 Max: 14.00, 57.50, 10.00  Min: 11.00, 47.50,- 13.10  Offset:no  Brks=0  TBCs: -22.035, -174.187, -47.949  Props: 1.000, 1.000, 1.000
Last Complete  |Cut Mode|  Elapsed: 00:00:28  ConsoleMvSpeed 7.5  FileEndSpeed 10    17:15:31  04-28-2022
 File Completed:Yes Ln:128 Max: 14.00, 57.50, 10.00  Min: 11.00, 47.50,- 13.10  Offset:no  Brks=0  TBCs: -22.035, -174.187, -47.949  Props: 1.000, 1.000, 1.000
Last Complete  |Cut Mode|  Elapsed: 00:00:27  ConsoleMvSpeed 7.5  FileEndSpeed 10    17:58:53  04-28-2022
 File Completed:Yes Ln:128 Max: 14.00, 57.50, 10.00  Min: 11.00, 47.50,- 13.10  Offset:no  Brks=0  TBCs: -22.035, -174.187, -47.949  Props: 1.000, 1.000, 1.000
Last Complete  |Cut Mode|  Elapsed: 00:00:27  ConsoleMvSpeed 10  FileEndSpeed 10    18:42:54  04-28-2022
 File Completed:Yes Ln:128 Max: 14.00, 57.50, 10.00  Min: 11.00, 47.50,- 13.10  Offset:no  Brks=0  TBCs: -22.035, -174.187, -47.949  Props: 1.000, 1.000, 1.000
Last Complete  |Cut Mode|  Elapsed: 00:00:27  ConsoleMvSpeed 10  FileEndSpeed 10    13:58:22  05-03-2022
 File Completed:Yes Ln:128 Max: 14.00, 57.50, 10.00  Min: 11.00, 47.50,- 13.10  Offset:no  Brks=0  TBCs: -22.035, -174.187, -47.949  Props: 1.000, 1.000, 1.000
Last Complete  |Cut Mode|  Elapsed: 00:00:28  ConsoleMvSpeed 10  FileEndSpeed 10    14:42:38  05-03-2022
 File Completed:Yes Ln:128 Max: 14.00, 57.50, 10.00  Min: 11.00, 47.50,- 13.10  Offset:no  Brks=0  TBCs: -22.035, -174.187, -47.949  Props: 1.000, 1.000, 1.000
Last Not Complete Stopped@Line 17 |Cut Mode|  Elapsed: 00:00:08  ConsoleMvSpeed 10  FileEndSpeed 10    15:43:39  05-03-2022
 File Completed:No  Ln:17 Max: 12.50, 47.50, 10.00  Min: 12.50, 47.50,- 13.10  Offset:no  Brks=0  TBCs: -22.035, -174.187, -47.949  Props: 1.000, 1.000, 1.000
