Last Complete  |Cut Mode|  Elapsed: 00:00:21  ConsoleMvSpeed 4.99999999999999  FileEndSpeed 10    14:11:45  04-12-2022
 File Completed:Yes Ln:64 Max: 12.50, 33.60, 10.00  Min: 12.05, 21.95,- 22.50  Offset:no  Brks=0  TBCs: -67.513, -160.058, -42.513  Props: 1.000, 1.000, 1.000
Last Complete  |Cut Mode|  Elapsed: 00:00:22  ConsoleMvSpeed 4.99999999999999  FileEndSpeed 10    15:05:19  04-12-2022
 File Completed:Yes Ln:64 Max: 12.50, 33.60, 10.00  Min: 12.05, 21.95,- 22.50  Offset:no  Brks=0  TBCs: -67.513, -160.058, -42.513  Props: 1.000, 1.000, 1.000
Last Complete  |Cut Mode|  Elapsed: 00:00:22  ConsoleMvSpeed 4.99999999999999  FileEndSpeed 10    16:44:23  04-12-2022
 File Completed:Yes Ln:64 Max: 12.50, 33.60, 10.00  Min: 12.05, 21.95,- 22.50  Offset:no  Brks=0  TBCs: -67.513, -160.058, -42.513  Props: 1.000, 1.000, 1.000
Last Complete  |Cut Mode|  Elapsed: 00:00:22  ConsoleMvSpeed 4.99999999999999  FileEndSpeed 10    17:36:52  04-12-2022
 File Completed:Yes Ln:64 Max: 12.50, 33.60, 10.00  Min: 12.05, 21.95,- 22.50  Offset:no  Brks=0  TBCs: -67.513, -160.058, -42.513  Props: 1.000, 1.000, 1.000
Last Complete  |Cut Mode|  Elapsed: 00:00:22  ConsoleMvSpeed 4.99999999999999  FileEndSpeed 10    18:32:27  04-12-2022
 File Completed:Yes Ln:64 Max: 12.50, 33.60, 10.00  Min: 12.05, 21.95,- 22.50  Offset:no  Brks=0  TBCs: -67.513, -160.058, -42.513  Props: 1.000, 1.000, 1.000
Last Complete  |Cut Mode|  Elapsed: 00:00:21  ConsoleMvSpeed 4.99999999999999  FileEndSpeed 10    10:58:45  04-13-2022
 File Completed:Yes Ln:64 Max: 12.50, 33.60, 10.00  Min: 12.05, 21.95,- 22.50  Offset:no  Brks=0  TBCs: -68.904, -165.621, -42.513  Props: 1.000, 1.000, 1.000
Last Complete  |Cut Mode|  Elapsed: 00:00:22  ConsoleMvSpeed 4.99999999999999  FileEndSpeed 10    11:55:28  04-13-2022
 File Completed:Yes Ln:64 Max: 12.50, 33.60, 10.00  Min: 12.05, 21.95,- 22.50  Offset:no  Brks=0  TBCs: -68.904, -165.621, -42.513  Props: 1.000, 1.000, 1.000
Last Complete  |Cut Mode|  Elapsed: 00:00:22  ConsoleMvSpeed 4.99999999999999  FileEndSpeed 10    12:48:39  04-13-2022
 File Completed:Yes Ln:64 Max: 12.50, 33.60, 10.00  Min: 12.05, 21.95,- 22.50  Offset:no  Brks=0  TBCs: -68.904, -165.621, -42.513  Props: 1.000, 1.000, 1.000
Last Complete  |Cut Mode|  Elapsed: 00:00:23  ConsoleMvSpeed 4.99999999999999  FileEndSpeed 10    11:48:32  04-26-2022
 File Completed:Yes Ln:68 Max: 12.50, 33.38, 10.00  Min: 12.05, 14.26,- 22.50  Offset:no  Brks=0  TBCs: -20.365, -168.002, -69.628  Props: 1.000, 1.000, 1.000
Last Complete  |Cut Mode|  Elapsed: 00:00:21  ConsoleMvSpeed 4.99999999999999  FileEndSpeed 10    14:19:32  04-26-2022
 File Completed:Yes Ln:68 Max: 12.50, 33.38, 10.00  Min: 12.05, 14.26,- 22.50  Offset:no  Brks=0  TBCs: -20.365, -168.002, -69.628  Props: 1.000, 1.000, 1.000
Last Complete  |Cut Mode|  Elapsed: 00:00:21  ConsoleMvSpeed 4.99999999999999  FileEndSpeed 10    15:07:58  04-26-2022
 File Completed:Yes Ln:68 Max: 12.50, 33.38, 10.00  Min: 12.05, 14.26,- 22.50  Offset:no  Brks=0  TBCs: -20.365, -167.386, -69.628  Props: 1.000, 1.000, 1.000
Last Complete  |Cut Mode|  Elapsed: 00:00:21  ConsoleMvSpeed 4.99999999999999  FileEndSpeed 10    15:59:26  04-26-2022
 File Completed:Yes Ln:68 Max: 12.50, 33.38, 10.00  Min: 12.05, 14.26,- 22.50  Offset:no  Brks=0  TBCs: -20.365, -167.386, -69.628  Props: 1.000, 1.000, 1.000
Last Complete  |Cut Mode|  Elapsed: 00:00:21  ConsoleMvSpeed 4.99999999999999  FileEndSpeed 10    17:02:49  04-26-2022
 File Completed:Yes Ln:68 Max: 12.50, 33.38, 10.00  Min: 12.05, 14.26,- 22.50  Offset:no  Brks=0  TBCs: -20.365, -167.386, -69.628  Props: 1.000, 1.000, 1.000
Last Complete  |Cut Mode|  Elapsed: 00:00:21  ConsoleMvSpeed 4.99999999999999  FileEndSpeed 10    17:47:36  04-26-2022
 File Completed:Yes Ln:68 Max: 12.50, 33.38, 10.00  Min: 12.05, 14.26,- 22.50  Offset:no  Brks=0  TBCs: -20.365, -167.386, -69.628  Props: 1.000, 1.000, 1.000
Last Complete  |Cut Mode|  Elapsed: 00:00:21  ConsoleMvSpeed 4.99999999999999  FileEndSpeed 10    18:41:20  04-26-2022
 File Completed:Yes Ln:68 Max: 12.50, 33.38, 10.00  Min: 12.05, 14.26,- 22.50  Offset:no  Brks=0  TBCs: -20.365, -167.386, -69.628  Props: 1.000, 1.000, 1.000
Last Complete  |Cut Mode|  Elapsed: 00:00:21  ConsoleMvSpeed 4.99999999999999  FileEndSpeed 10    18:45:03  04-26-2022
 File Completed:Yes Ln:68 Max: 12.50, 33.38, 10.00  Min: 12.05, 14.26,- 22.50  Offset:no  Brks=0  TBCs: -20.365, -167.386, -69.628  Props: 1.000, 1.000, 1.000
Last Complete  |Cut Mode|  Elapsed: 00:00:21  ConsoleMvSpeed 4.99999999999999  FileEndSpeed 10    19:27:13  04-26-2022
 File Completed:Yes Ln:68 Max: 12.50, 33.38, 10.00  Min: 12.05, 14.26,- 22.50  Offset:no  Brks=0  TBCs: -20.365, -167.386, -69.628  Props: 1.000, 1.000, 1.000
Last Complete  |Cut Mode|  Elapsed: 00:00:21  ConsoleMvSpeed 4.99999999999999  FileEndSpeed 10    20:11:25  04-26-2022
 File Completed:Yes Ln:68 Max: 12.50, 33.38, 10.00  Min: 12.05, 14.26,- 22.50  Offset:no  Brks=0  TBCs: -20.365, -167.386, -69.628  Props: 1.000, 1.000, 1.000
Last Complete  |Cut Mode|  Elapsed: 00:00:21  ConsoleMvSpeed 7.5  FileEndSpeed 10    10:15:53  04-28-2022
 File Completed:Yes Ln:64 Max: 12.50, 33.38, 10.00  Min: 12.05, 14.26,- 22.50  Offset:no  Brks=0  TBCs: -21.069, -172.409, -58.534  Props: 1.000, 1.000, 1.000
Last Complete  |Cut Mode|  Elapsed: 00:00:19  ConsoleMvSpeed 7.5  FileEndSpeed 10    11:22:56  04-28-2022
 File Completed:Yes Ln:64 Max: 12.50, 33.38, 10.00  Min: 12.05, 14.26,- 22.50  Offset:no  Brks=0  TBCs: -22.047, -173.177, -48.349  Props: 1.000, 1.000, 1.000
Last Complete  |Cut Mode|  Elapsed: 00:00:21  ConsoleMvSpeed 7.5  FileEndSpeed 10    12:45:11  04-28-2022
 File Completed:Yes Ln:64 Max: 12.50, 33.38, 10.00  Min: 12.05, 14.26,- 22.50  Offset:no  Brks=0  TBCs: -22.047, -173.177, -48.349  Props: 1.000, 1.000, 1.000
Last Complete  |Cut Mode|  Elapsed: 00:00:21  ConsoleMvSpeed 7.5  FileEndSpeed 10    14:11:53  04-28-2022
 File Completed:Yes Ln:64 Max: 12.50, 33.38, 10.00  Min: 12.05, 14.26,- 22.50  Offset:no  Brks=0  TBCs: -21.349, -174.898, -47.949  Props: 1.000, 1.000, 1.000
Last Not Complete Stopped@Line 1 |Cut Mode|  Elapsed: 00:00:10  ConsoleMvSpeed 7.5  FileEndSpeed 10    14:56:07  04-28-2022
 File Completed:No  Ln:1 Max: 12.12, 14.26, 12.70  Min: 12.12, 14.26,- 15.00  Offset:no  Brks=1  TBCs: -21.349, -174.898, -47.949  Props: 1.000, 1.000, 1.000
Last Complete  |Cut Mode|  Elapsed: 00:00:21  ConsoleMvSpeed 7.5  FileEndSpeed 10    14:57:27  04-28-2022
 File Completed:Yes Ln:64 Max: 12.50, 33.38, 10.00  Min: 12.05, 14.26,- 22.50  Offset:no  Brks=0  TBCs: -21.349, -174.898, -47.949  Props: 1.000, 1.000, 1.000
Last Complete  |Cut Mode|  Elapsed: 00:00:21  ConsoleMvSpeed 7.5  FileEndSpeed 10    15:41:59  04-28-2022
 File Completed:Yes Ln:64 Max: 12.50, 33.38, 10.00  Min: 12.05, 14.26,- 22.50  Offset:no  Brks=0  TBCs: -21.349, -174.898, -47.949  Props: 1.000, 1.000, 1.000
Last Complete  |Cut Mode|  Elapsed: 00:00:22  ConsoleMvSpeed 7.5  FileEndSpeed 10    16:55:17  04-28-2022
 File Completed:Yes Ln:64 Max: 12.50, 33.38, 10.00  Min: 12.05, 14.26,- 22.50  Offset:no  Brks=0  TBCs: -22.035, -174.187, -47.949  Props: 1.000, 1.000, 1.000
Last Complete  |Cut Mode|  Elapsed: 00:00:21  ConsoleMvSpeed 7.5  FileEndSpeed 10    17:21:21  04-28-2022
 File Completed:Yes Ln:64 Max: 12.50, 33.38, 10.00  Min: 12.05, 14.26,- 22.50  Offset:no  Brks=0  TBCs: -22.035, -174.187, -47.949  Props: 1.000, 1.000, 1.000
Last Complete  |Cut Mode|  Elapsed: 00:00:21  ConsoleMvSpeed 7.5  FileEndSpeed 10    18:04:04  04-28-2022
 File Completed:Yes Ln:64 Max: 12.50, 33.38, 10.00  Min: 12.05, 14.26,- 22.50  Offset:no  Brks=0  TBCs: -22.035, -174.187, -47.949  Props: 1.000, 1.000, 1.000
Last Complete  |Cut Mode|  Elapsed: 00:00:21  ConsoleMvSpeed 10  FileEndSpeed 10    18:47:52  04-28-2022
 File Completed:Yes Ln:64 Max: 12.50, 33.38, 10.00  Min: 12.05, 14.26,- 22.50  Offset:no  Brks=0  TBCs: -22.035, -174.187, -47.949  Props: 1.000, 1.000, 1.000
Last Complete  |Cut Mode|  Elapsed: 00:00:21  ConsoleMvSpeed 10  FileEndSpeed 10    14:03:42  05-03-2022
 File Completed:Yes Ln:64 Max: 12.50, 33.38, 10.00  Min: 12.05, 14.26,- 22.50  Offset:no  Brks=0  TBCs: -22.035, -174.187, -47.949  Props: 1.000, 1.000, 1.000
Last Complete  |Cut Mode|  Elapsed: 00:00:22  ConsoleMvSpeed 10  FileEndSpeed 10    14:50:44  05-03-2022
 File Completed:Yes Ln:64 Max: 12.50, 33.38, 10.00  Min: 12.05, 14.26,- 22.50  Offset:no  Brks=0  TBCs: -22.035, -174.187, -47.949  Props: 1.000, 1.000, 1.000
