Last Complete  |Cut Mode|  Elapsed: 00:00:25  ConsoleMvSpeed 4.99999999999999  FileEndSpeed 10    14:14:56  04-12-2022
 File Completed:Yes Ln:111 Max: 15.00, 44.10, 10.00  Min: 10.00, 32.00,- 12.50  Offset:no  Brks=0  TBCs: -67.513, -160.058, -42.513  Props: 1.000, 1.000, 1.000
Last Complete  |Cut Mode|  Elapsed: 00:00:26  ConsoleMvSpeed 4.99999999999999  FileEndSpeed 10    15:08:31  04-12-2022
 File Completed:Yes Ln:111 Max: 15.00, 44.10, 10.00  Min: 10.00, 32.00,- 12.50  Offset:no  Brks=0  TBCs: -67.513, -160.058, -42.513  Props: 1.000, 1.000, 1.000
Last Complete  |Cut Mode|  Elapsed: 00:00:26  ConsoleMvSpeed 4.99999999999999  FileEndSpeed 10    16:47:51  04-12-2022
 File Completed:Yes Ln:111 Max: 15.00, 44.10, 10.00  Min: 10.00, 32.00,- 12.50  Offset:no  Brks=0  TBCs: -67.513, -160.058, -42.513  Props: 1.000, 1.000, 1.000
Last Complete  |Cut Mode|  Elapsed: 00:00:26  ConsoleMvSpeed 4.99999999999999  FileEndSpeed 10    17:40:10  04-12-2022
 File Completed:Yes Ln:111 Max: 15.00, 44.10, 10.00  Min: 10.00, 32.00,- 12.50  Offset:no  Brks=0  TBCs: -67.513, -160.058, -42.513  Props: 1.000, 1.000, 1.000
Last Complete  |Cut Mode|  Elapsed: 00:00:26  ConsoleMvSpeed 4.99999999999999  FileEndSpeed 10    18:35:40  04-12-2022
 File Completed:Yes Ln:111 Max: 15.00, 44.10, 10.00  Min: 10.00, 32.00,- 12.50  Offset:no  Brks=0  TBCs: -67.513, -160.058, -42.513  Props: 1.000, 1.000, 1.000
Last Complete  |Cut Mode|  Elapsed: 00:00:26  ConsoleMvSpeed 4.99999999999999  FileEndSpeed 10    11:01:50  04-13-2022
 File Completed:Yes Ln:111 Max: 15.00, 44.10, 10.00  Min: 10.00, 32.00,- 12.50  Offset:no  Brks=0  TBCs: -68.904, -165.621, -42.513  Props: 1.000, 1.000, 1.000
Last Complete  |Cut Mode|  Elapsed: 00:00:26  ConsoleMvSpeed 4.99999999999999  FileEndSpeed 10    11:59:22  04-13-2022
 File Completed:Yes Ln:111 Max: 15.00, 44.10, 10.00  Min: 10.00, 32.00,- 12.50  Offset:no  Brks=0  TBCs: -68.904, -165.621, -42.513  Props: 1.000, 1.000, 1.000
Last Complete  |Cut Mode|  Elapsed: 00:00:26  ConsoleMvSpeed 4.99999999999999  FileEndSpeed 10    12:51:51  04-13-2022
 File Completed:Yes Ln:111 Max: 15.00, 44.10, 10.00  Min: 10.00, 32.00,- 12.50  Offset:no  Brks=0  TBCs: -68.904, -165.621, -42.513  Props: 1.000, 1.000, 1.000
Last Complete  |Cut Mode|  Elapsed: 00:00:24  ConsoleMvSpeed 4.99999999999999  FileEndSpeed 10    12:28:56  04-26-2022
 File Completed:Yes Ln:99 Max: 15.00, 44.10, 10.00  Min: 10.00, 32.00,- 12.50  Offset:no  Brks=0  TBCs: -20.365, -168.002, -69.628  Props: 1.000, 1.000, 1.000
Last Complete  |Cut Mode|  Elapsed: 00:00:23  ConsoleMvSpeed 4.99999999999999  FileEndSpeed 10    14:22:38  04-26-2022
 File Completed:Yes Ln:99 Max: 15.00, 44.10, 10.00  Min: 10.00, 32.00,- 12.50  Offset:no  Brks=0  TBCs: -20.365, -168.002, -69.628  Props: 1.000, 1.000, 1.000
Last Complete  |Cut Mode|  Elapsed: 00:00:24  ConsoleMvSpeed 4.99999999999999  FileEndSpeed 10    15:10:58  04-26-2022
 File Completed:Yes Ln:99 Max: 15.00, 44.10, 10.00  Min: 10.00, 32.00,- 12.50  Offset:no  Brks=0  TBCs: -20.365, -167.386, -69.628  Props: 1.000, 1.000, 1.000
Last Complete  |Cut Mode|  Elapsed: 00:00:24  ConsoleMvSpeed 4.99999999999999  FileEndSpeed 10    16:02:28  04-26-2022
 File Completed:Yes Ln:99 Max: 15.00, 44.10, 10.00  Min: 10.00, 32.00,- 12.50  Offset:no  Brks=0  TBCs: -20.365, -167.386, -69.628  Props: 1.000, 1.000, 1.000
Last Complete  |Cut Mode|  Elapsed: 00:00:23  ConsoleMvSpeed 4.99999999999999  FileEndSpeed 10    17:05:50  04-26-2022
 File Completed:Yes Ln:99 Max: 15.00, 44.10, 10.00  Min: 10.00, 32.00,- 12.50  Offset:no  Brks=0  TBCs: -20.365, -167.386, -69.628  Props: 1.000, 1.000, 1.000
Last Complete  |Cut Mode|  Elapsed: 00:00:24  ConsoleMvSpeed 4.99999999999999  FileEndSpeed 10    17:50:32  04-26-2022
 File Completed:Yes Ln:99 Max: 15.00, 44.10, 10.00  Min: 10.00, 32.00,- 12.50  Offset:no  Brks=0  TBCs: -20.365, -167.386, -69.628  Props: 1.000, 1.000, 1.000
Last Not Complete Stopped@Line 19 |Cut Mode|  Elapsed: 00:00:10  ConsoleMvSpeed 4.99999999999999  FileEndSpeed 10    18:47:58  04-26-2022
 File Completed:No  Ln:19 Max: 12.50, 39.50, 12.70  Min: 10.00, 32.00,- 12.50  Offset:no  Brks=1  TBCs: -20.365, -167.386, -69.628  Props: 1.000, 1.000, 1.000
Last Complete  |Cut Mode|  Elapsed: 00:00:23  ConsoleMvSpeed 4.99999999999999  FileEndSpeed 10    18:48:25  04-26-2022
 File Completed:Yes Ln:99 Max: 15.00, 44.10, 10.00  Min: 10.00, 39.50,- 12.50  Offset:no  Brks=0  TBCs: -20.365, -167.386, -69.628  Props: 1.000, 1.000, 1.000
Last Complete  |Cut Mode|  Elapsed: 00:00:23  ConsoleMvSpeed 4.99999999999999  FileEndSpeed 10    19:30:18  04-26-2022
 File Completed:Yes Ln:99 Max: 15.00, 44.10, 10.00  Min: 10.00, 32.00,- 12.50  Offset:no  Brks=0  TBCs: -20.365, -167.386, -69.628  Props: 1.000, 1.000, 1.000
Last Complete  |Cut Mode|  Elapsed: 00:00:24  ConsoleMvSpeed 4.99999999999999  FileEndSpeed 10    20:14:22  04-26-2022
 File Completed:Yes Ln:99 Max: 15.00, 44.10, 10.00  Min: 10.00, 32.00,- 12.50  Offset:no  Brks=0  TBCs: -20.365, -167.386, -69.628  Props: 1.000, 1.000, 1.000
Last Complete  |Cut Mode|  Elapsed: 00:00:26  ConsoleMvSpeed 7.5  FileEndSpeed 10    10:18:35  04-28-2022
 File Completed:Yes Ln:99 Max: 15.00, 44.10, 10.00  Min: 10.00, 32.00,- 12.50  Offset:no  Brks=0  TBCs: -21.069, -172.409, -58.534  Props: 1.000, 1.000, 1.000
Last Complete  |Cut Mode|  Elapsed: 00:00:24  ConsoleMvSpeed 7.5  FileEndSpeed 10    12:01:48  04-28-2022
 File Completed:Yes Ln:99 Max: 15.00, 44.10, 10.00  Min: 10.00, 32.00,- 12.50  Offset:no  Brks=0  TBCs: -22.047, -173.177, -48.349  Props: 1.000, 1.000, 1.000
Last Complete  |Cut Mode|  Elapsed: 00:00:24  ConsoleMvSpeed 7.5  FileEndSpeed 10    12:48:08  04-28-2022
 File Completed:Yes Ln:99 Max: 15.00, 44.10, 10.00  Min: 10.00, 32.00,- 12.50  Offset:no  Brks=0  TBCs: -22.047, -173.177, -48.349  Props: 1.000, 1.000, 1.000
Last Complete  |Cut Mode|  Elapsed: 00:00:24  ConsoleMvSpeed 7.5  FileEndSpeed 10    14:14:51  04-28-2022
 File Completed:Yes Ln:99 Max: 15.00, 44.10, 10.00  Min: 10.00, 32.00,- 12.50  Offset:no  Brks=0  TBCs: -21.349, -174.898, -47.949  Props: 1.000, 1.000, 1.000
Last Complete  |Cut Mode|  Elapsed: 00:00:23  ConsoleMvSpeed 7.5  FileEndSpeed 10    15:00:26  04-28-2022
 File Completed:Yes Ln:99 Max: 15.00, 44.10, 10.00  Min: 10.00, 32.00,- 12.50  Offset:no  Brks=0  TBCs: -21.349, -174.898, -47.949  Props: 1.000, 1.000, 1.000
Last Complete  |Cut Mode|  Elapsed: 00:00:24  ConsoleMvSpeed 7.5  FileEndSpeed 10    15:44:57  04-28-2022
 File Completed:Yes Ln:99 Max: 15.00, 44.10, 10.00  Min: 10.00, 32.00,- 12.50  Offset:no  Brks=0  TBCs: -21.349, -174.898, -47.949  Props: 1.000, 1.000, 1.000
Last Complete  |Cut Mode|  Elapsed: 00:00:24  ConsoleMvSpeed 7.5  FileEndSpeed 10    16:58:15  04-28-2022
 File Completed:Yes Ln:99 Max: 15.00, 44.10, 10.00  Min: 10.00, 32.00,- 12.50  Offset:no  Brks=0  TBCs: -22.035, -174.187, -47.949  Props: 1.000, 1.000, 1.000
Last Complete  |Cut Mode|  Elapsed: 00:00:24  ConsoleMvSpeed 7.5  FileEndSpeed 10    17:24:20  04-28-2022
 File Completed:Yes Ln:99 Max: 15.00, 44.10, 10.00  Min: 10.00, 32.00,- 12.50  Offset:no  Brks=0  TBCs: -22.035, -174.187, -47.949  Props: 1.000, 1.000, 1.000
Last Complete  |Cut Mode|  Elapsed: 00:00:24  ConsoleMvSpeed 7.5  FileEndSpeed 10    18:07:03  04-28-2022
 File Completed:Yes Ln:99 Max: 15.00, 44.10, 10.00  Min: 10.00, 32.00,- 12.50  Offset:no  Brks=0  TBCs: -22.035, -174.187, -47.949  Props: 1.000, 1.000, 1.000
Last Complete  |Cut Mode|  Elapsed: 00:00:24  ConsoleMvSpeed 10  FileEndSpeed 10    18:50:52  04-28-2022
 File Completed:Yes Ln:99 Max: 15.00, 44.10, 10.00  Min: 10.00, 32.00,- 12.50  Offset:no  Brks=0  TBCs: -22.035, -174.187, -47.949  Props: 1.000, 1.000, 1.000
Last Complete  |Cut Mode|  Elapsed: 00:00:24  ConsoleMvSpeed 10  FileEndSpeed 10    14:06:40  05-03-2022
 File Completed:Yes Ln:99 Max: 15.00, 44.10, 10.00  Min: 10.00, 32.00,- 12.50  Offset:no  Brks=0  TBCs: -22.035, -174.187, -47.949  Props: 1.000, 1.000, 1.000
Last Complete  |Cut Mode|  Elapsed: 00:00:24  ConsoleMvSpeed 10  FileEndSpeed 10    14:53:42  05-03-2022
 File Completed:Yes Ln:99 Max: 15.00, 44.10, 10.00  Min: 10.00, 32.00,- 12.50  Offset:no  Brks=0  TBCs: -22.035, -174.187, -47.949  Props: 1.000, 1.000, 1.000
