Last Complete  |Cut Mode|  Elapsed: 00:00:27  ConsoleMvSpeed 4.99999999999999  FileEndSpeed 10    14:24:36  04-12-2022
 File Completed:Yes Ln:102 Max: 12.50, 72.50, 10.00  Min: 12.50, 52.50,- 22.50  Offset:no  Brks=0  TBCs: -67.513, -160.058, -42.513  Props: 1.000, 1.000, 1.000
Last Complete  |Cut Mode|  Elapsed: 00:00:30  ConsoleMvSpeed 4.99999999999999  FileEndSpeed 10    15:20:29  04-12-2022
 File Completed:Yes Ln:102 Max: 12.50, 72.50, 10.00  Min: 12.50, 52.50,- 22.50  Offset:no  Brks=0  TBCs: -67.513, -160.058, -42.513  Props: 1.000, 1.000, 1.000
Last Complete  |Cut Mode|  Elapsed: 00:00:26  ConsoleMvSpeed 4.99999999999999  FileEndSpeed 10    16:57:30  04-12-2022
 File Completed:Yes Ln:102 Max: 12.50, 72.50, 10.00  Min: 12.50, 52.50,- 22.50  Offset:no  Brks=0  TBCs: -67.513, -160.058, -42.513  Props: 1.000, 1.000, 1.000
Last Complete  |Cut Mode|  Elapsed: 00:00:25  ConsoleMvSpeed 4.99999999999999  FileEndSpeed 10    17:49:38  04-12-2022
 File Completed:Yes Ln:102 Max: 12.50, 72.50, 10.00  Min: 12.50, 52.50,- 22.50  Offset:no  Brks=0  TBCs: -67.513, -160.058, -42.513  Props: 1.000, 1.000, 1.000
Last Complete  |Cut Mode|  Elapsed: 00:00:26  ConsoleMvSpeed 4.99999999999999  FileEndSpeed 10    18:45:24  04-12-2022
 File Completed:Yes Ln:102 Max: 12.50, 72.50, 10.00  Min: 12.50, 52.50,- 22.50  Offset:no  Brks=0  TBCs: -67.513, -160.058, -42.513  Props: 1.000, 1.000, 1.000
Last Complete  |Cut Mode|  Elapsed: 00:00:25  ConsoleMvSpeed 4.99999999999999  FileEndSpeed 10    11:11:15  04-13-2022
 File Completed:Yes Ln:102 Max: 12.50, 72.50, 10.00  Min: 12.50, 52.50,- 22.50  Offset:no  Brks=0  TBCs: -68.904, -165.621, -42.513  Props: 1.000, 1.000, 1.000
Last Complete  |Cut Mode|  Elapsed: 00:00:26  ConsoleMvSpeed 4.99999999999999  FileEndSpeed 10    12:08:42  04-13-2022
 File Completed:Yes Ln:102 Max: 12.50, 72.50, 10.00  Min: 12.50, 52.50,- 22.50  Offset:no  Brks=0  TBCs: -68.904, -165.621, -42.513  Props: 1.000, 1.000, 1.000
Last Complete  |Cut Mode|  Elapsed: 00:00:25  ConsoleMvSpeed 4.99999999999999  FileEndSpeed 10    13:01:02  04-13-2022
 File Completed:Yes Ln:102 Max: 12.50, 72.50, 10.00  Min: 12.50, 52.50,- 22.50  Offset:no  Brks=0  TBCs: -68.904, -165.621, -42.513  Props: 1.000, 1.000, 1.000
Last Complete  |Cut Mode|  Elapsed: 00:00:26  ConsoleMvSpeed 4.99999999999999  FileEndSpeed 10    14:29:08  04-13-2022
 File Completed:Yes Ln:102 Max: 12.50, 72.50, 10.00  Min: 12.50, 52.50,- 22.50  Offset:no  Brks=0  TBCs: -68.904, -165.621, -42.513  Props: 1.000, 1.000, 1.000
Last Complete  |Cut Mode|  Elapsed: 00:00:26  ConsoleMvSpeed 4.99999999999999  FileEndSpeed 10    14:37:12  04-13-2022
 File Completed:Yes Ln:102 Max: 12.50, 72.50, 10.00  Min: 12.50, 52.50,- 22.50  Offset:no  Brks=0  TBCs: -68.904, -165.621, -42.513  Props: 1.000, 1.000, 1.000
Last Complete  |Cut Mode|  Elapsed: 00:00:27  ConsoleMvSpeed 4.99999999999999  FileEndSpeed 10    12:37:52  04-26-2022
 File Completed:Yes Ln:102 Max: 12.50, 71.00, 10.00  Min: 12.50, 50.00,- 22.50  Offset:no  Brks=0  TBCs: -20.365, -168.002, -69.628  Props: 1.000, 1.000, 1.000
Last Complete  |Cut Mode|  Elapsed: 00:00:28  ConsoleMvSpeed 4.99999999999999  FileEndSpeed 10    14:31:07  04-26-2022
 File Completed:Yes Ln:102 Max: 12.50, 71.00, 10.00  Min: 12.50, 50.00,- 22.50  Offset:no  Brks=0  TBCs: -20.365, -168.002, -69.628  Props: 1.000, 1.000, 1.000
Last Complete  |Cut Mode|  Elapsed: 00:00:27  ConsoleMvSpeed 4.99999999999999  FileEndSpeed 10    15:17:45  04-26-2022
 File Completed:Yes Ln:102 Max: 12.50, 71.00, 10.00  Min: 12.50, 50.00,- 22.50  Offset:no  Brks=0  TBCs: -20.365, -167.386, -69.628  Props: 1.000, 1.000, 1.000
Last Complete  |Cut Mode|  Elapsed: 00:00:28  ConsoleMvSpeed 4.99999999999999  FileEndSpeed 10    16:09:44  04-26-2022
 File Completed:Yes Ln:102 Max: 12.50, 71.00, 10.00  Min: 12.50, 50.00,- 22.50  Offset:no  Brks=0  TBCs: -20.365, -167.386, -69.628  Props: 1.000, 1.000, 1.000
Last Complete  |Cut Mode|  Elapsed: 00:00:28  ConsoleMvSpeed 4.99999999999999  FileEndSpeed 10    17:13:32  04-26-2022
 File Completed:Yes Ln:102 Max: 12.50, 71.00, 10.00  Min: 12.50, 50.00,- 22.50  Offset:no  Brks=0  TBCs: -20.365, -167.386, -69.628  Props: 1.000, 1.000, 1.000
Last Complete  |Cut Mode|  Elapsed: 00:00:28  ConsoleMvSpeed 4.99999999999999  FileEndSpeed 10    17:57:58  04-26-2022
 File Completed:Yes Ln:102 Max: 12.50, 71.00, 10.00  Min: 12.50, 50.00,- 22.50  Offset:no  Brks=0  TBCs: -20.365, -167.386, -69.628  Props: 1.000, 1.000, 1.000
Last Complete  |Cut Mode|  Elapsed: 00:00:27  ConsoleMvSpeed 4.99999999999999  FileEndSpeed 10    18:55:14  04-26-2022
 File Completed:Yes Ln:102 Max: 12.50, 71.00, 10.00  Min: 12.50, 50.00,- 22.50  Offset:no  Brks=0  TBCs: -20.365, -167.386, -69.628  Props: 1.000, 1.000, 1.000
Last Complete  |Cut Mode|  Elapsed: 00:00:28  ConsoleMvSpeed 4.99999999999999  FileEndSpeed 10    19:36:56  04-26-2022
 File Completed:Yes Ln:102 Max: 12.50, 71.00, 10.00  Min: 12.50, 50.00,- 22.50  Offset:no  Brks=0  TBCs: -20.365, -167.386, -69.628  Props: 1.000, 1.000, 1.000
Last Complete  |Cut Mode|  Elapsed: 00:00:28  ConsoleMvSpeed 4.99999999999999  FileEndSpeed 10    20:21:03  04-26-2022
 File Completed:Yes Ln:102 Max: 12.50, 71.00, 10.00  Min: 12.50, 50.00,- 22.50  Offset:no  Brks=0  TBCs: -20.365, -167.386, -69.628  Props: 1.000, 1.000, 1.000
Last Not Complete Stopped@Line 47 |Cut Mode|  Elapsed: 00:00:20  ConsoleMvSpeed 7.5  FileEndSpeed 10    10:26:59  04-28-2022
 File Completed:No  Ln:47 Max: 12.50, 71.00, 12.70  Min: 12.50, 50.00,- 22.50  Offset:no  Brks=1  TBCs: -21.069, -172.409, -58.534  Props: 1.000, 1.000, 1.000
Last Complete  |Cut Mode|  Elapsed: 00:00:27  ConsoleMvSpeed 7.5  FileEndSpeed 10    10:27:45  04-28-2022
 File Completed:Yes Ln:102 Max: 12.50, 71.00, 12.70  Min: 12.50, 61.87,- 22.50  Offset:no  Brks=0  TBCs: -21.069, -172.409, -58.534  Props: 1.000, 1.000, 1.000
Last Complete  |Cut Mode|  Elapsed: 00:00:26  ConsoleMvSpeed 7.5  FileEndSpeed 10    12:10:22  04-28-2022
 File Completed:Yes Ln:78 Max: 12.50, 71.00, 10.00  Min: 12.50, 50.00,- 22.50  Offset:no  Brks=0  TBCs: -22.047, -173.177, -48.349  Props: 1.000, 1.000, 1.000
Last Complete  |Cut Mode|  Elapsed: 00:00:26  ConsoleMvSpeed 7.5  FileEndSpeed 10    12:54:23  04-28-2022
 File Completed:Yes Ln:78 Max: 12.50, 71.00, 10.00  Min: 12.50, 50.00,- 22.50  Offset:no  Brks=0  TBCs: -22.047, -173.177, -48.349  Props: 1.000, 1.000, 1.000
Last Complete  |Cut Mode|  Elapsed: 00:00:26  ConsoleMvSpeed 7.5  FileEndSpeed 10    14:21:37  04-28-2022
 File Completed:Yes Ln:78 Max: 12.50, 71.00, 10.00  Min: 12.50, 50.00,- 22.50  Offset:no  Brks=0  TBCs: -21.349, -174.898, -47.949  Props: 1.000, 1.000, 1.000
Last Complete  |Cut Mode|  Elapsed: 00:00:25  ConsoleMvSpeed 7.5  FileEndSpeed 10    15:07:31  04-28-2022
 File Completed:Yes Ln:78 Max: 12.50, 71.00, 10.00  Min: 12.50, 50.00,- 22.50  Offset:no  Brks=0  TBCs: -21.349, -174.898, -47.949  Props: 1.000, 1.000, 1.000
Last Complete  |Cut Mode|  Elapsed: 00:00:25  ConsoleMvSpeed 7.5  FileEndSpeed 10    15:52:17  04-28-2022
 File Completed:Yes Ln:78 Max: 12.50, 71.00, 10.00  Min: 12.50, 50.00,- 22.50  Offset:no  Brks=0  TBCs: -21.349, -174.898, -47.949  Props: 1.000, 1.000, 1.000
Last Complete  |Cut Mode|  Elapsed: 00:00:26  ConsoleMvSpeed 7.5  FileEndSpeed 10    17:30:55  04-28-2022
 File Completed:Yes Ln:78 Max: 12.50, 71.00, 10.00  Min: 12.50, 50.00,- 22.50  Offset:no  Brks=0  TBCs: -22.035, -174.187, -47.949  Props: 1.000, 1.000, 1.000
Last Complete  |Cut Mode|  Elapsed: 00:00:25  ConsoleMvSpeed 10  FileEndSpeed 10    18:15:18  04-28-2022
 File Completed:Yes Ln:78 Max: 12.50, 71.00, 10.00  Min: 12.50, 50.00,- 22.50  Offset:no  Brks=0  TBCs: -22.035, -174.187, -47.949  Props: 1.000, 1.000, 1.000
Last Complete  |Cut Mode|  Elapsed: 00:00:26  ConsoleMvSpeed 10  FileEndSpeed 10    18:57:23  04-28-2022
 File Completed:Yes Ln:78 Max: 12.50, 71.00, 10.00  Min: 12.50, 50.00,- 22.50  Offset:no  Brks=0  TBCs: -22.035, -174.187, -47.949  Props: 1.000, 1.000, 1.000
Last Complete  |Cut Mode|  Elapsed: 00:00:25  ConsoleMvSpeed 10  FileEndSpeed 10    14:15:42  05-03-2022
 File Completed:Yes Ln:78 Max: 12.50, 71.00, 10.00  Min: 12.50, 50.00,- 22.50  Offset:no  Brks=0  TBCs: -22.035, -174.187, -47.949  Props: 1.000, 1.000, 1.000
Last Complete  |Cut Mode|  Elapsed: 00:00:26  ConsoleMvSpeed 10  FileEndSpeed 10    15:00:12  05-03-2022
 File Completed:Yes Ln:78 Max: 12.50, 71.00, 10.00  Min: 12.50, 50.00,- 22.50  Offset:no  Brks=0  TBCs: -22.035, -174.187, -47.949  Props: 1.000, 1.000, 1.000
Last Complete  |Cut Mode|  Elapsed: 00:00:26  ConsoleMvSpeed 10  FileEndSpeed 10    15:47:16  05-03-2022
 File Completed:Yes Ln:78 Max: 12.50, 71.00, 10.00  Min: 12.50, 50.00,- 22.50  Offset:no  Brks=0  TBCs: -22.035, -174.187, -47.949  Props: 1.000, 1.000, 1.000
