Last Complete  |Cut Mode|  Elapsed: 00:04:12  ConsoleMvSpeed 4.99999999999999  FileEndSpeed 5    14:37:47  04-12-2022
 File Completed:Yes Ln:638 Max: 80.00, 150.00, 10.00  Min: 12.50, 2.80,- 22.50  Offset:no  Brks=0  TBCs: -67.513, -160.058, -42.513  Props: 1.000, 1.000, 1.000
Last Complete  |Cut Mode|  Elapsed: 00:04:13  ConsoleMvSpeed 4.99999999999999  FileEndSpeed 5    16:07:20  04-12-2022
 File Completed:Yes Ln:638 Max: 80.00, 150.00, 10.00  Min: 12.50, 2.80,- 22.50  Offset:no  Brks=0  TBCs: -67.513, -160.058, -42.513  Props: 1.000, 1.000, 1.000
Last Complete  |Cut Mode|  Elapsed: 00:04:13  ConsoleMvSpeed 4.99999999999999  FileEndSpeed 5    17:10:36  04-12-2022
 File Completed:Yes Ln:638 Max: 80.00, 150.00, 10.00  Min: 12.50, 2.80,- 22.50  Offset:no  Brks=0  TBCs: -67.513, -160.058, -42.513  Props: 1.000, 1.000, 1.000
Last Complete  |Cut Mode|  Elapsed: 00:04:13  ConsoleMvSpeed 4.99999999999999  FileEndSpeed 5    18:05:59  04-12-2022
 File Completed:Yes Ln:638 Max: 80.00, 150.00, 10.00  Min: 12.50, 2.80,- 22.50  Offset:no  Brks=0  TBCs: -67.513, -160.058, -42.513  Props: 1.000, 1.000, 1.000
Last Complete  |Cut Mode|  Elapsed: 00:04:13  ConsoleMvSpeed 4.99999999999999  FileEndSpeed 5    18:58:36  04-12-2022
 File Completed:Yes Ln:638 Max: 80.00, 150.00, 10.00  Min: 12.50, 2.80,- 22.50  Offset:no  Brks=0  TBCs: -67.513, -160.058, -42.513  Props: 1.000, 1.000, 1.000
Last Complete  |Cut Mode|  Elapsed: 00:04:13  ConsoleMvSpeed 4.99999999999999  FileEndSpeed 5    11:24:45  04-13-2022
 File Completed:Yes Ln:638 Max: 80.00, 150.00, 10.00  Min: 12.50, 2.80,- 22.50  Offset:no  Brks=0  TBCs: -68.904, -165.621, -42.513  Props: 1.000, 1.000, 1.000
Last Complete  |Cut Mode|  Elapsed: 00:04:14  ConsoleMvSpeed 4.99999999999999  FileEndSpeed 5    12:21:19  04-13-2022
 File Completed:Yes Ln:638 Max: 80.00, 150.00, 10.00  Min: 12.50, 2.80,- 22.50  Offset:no  Brks=0  TBCs: -68.904, -165.621, -42.513  Props: 1.000, 1.000, 1.000
Last Complete  |Cut Mode|  Elapsed: 00:04:14  ConsoleMvSpeed 4.99999999999999  FileEndSpeed 5    13:13:56  04-13-2022
 File Completed:Yes Ln:638 Max: 80.00, 150.00, 10.00  Min: 12.50, 2.80,- 22.50  Offset:no  Brks=0  TBCs: -68.904, -165.621, -42.513  Props: 1.000, 1.000, 1.000
Last Complete  |Cut Mode|  Elapsed: 00:04:14  ConsoleMvSpeed 4.99999999999999  FileEndSpeed 5    14:50:25  04-13-2022
 File Completed:Yes Ln:638 Max: 80.00, 150.00, 10.00  Min: 12.50, 2.80,- 22.50  Offset:no  Brks=0  TBCs: -68.904, -165.621, -42.513  Props: 1.000, 1.000, 1.000
Last Complete  |Cut Mode|  Elapsed: 00:02:09  ConsoleMvSpeed 4.99999999999999  FileEndSpeed 5    12:52:00  04-26-2022
 File Completed:Yes Ln:158 Max: 30.00, 180.00, 10.00  Min: 12.50, 2.80,- 18.50  Offset:no  Brks=0  TBCs: -20.365, -168.002, -69.628  Props: 1.000, 1.000, 1.000
Last Complete  |Cut Mode|  Elapsed: 00:02:08  ConsoleMvSpeed 4.99999999999999  FileEndSpeed 5    14:42:33  04-26-2022
 File Completed:Yes Ln:158 Max: 30.00, 180.00, 10.00  Min: 12.50, 2.80,- 18.50  Offset:no  Brks=0  TBCs: -20.365, -167.386, -69.628  Props: 1.000, 1.000, 1.000
Last Complete  |Cut Mode|  Elapsed: 00:02:09  ConsoleMvSpeed 4.99999999999999  FileEndSpeed 5    15:28:24  04-26-2022
 File Completed:Yes Ln:158 Max: 30.00, 180.00, 10.00  Min: 12.50, 2.80,- 18.50  Offset:no  Brks=0  TBCs: -20.365, -167.386, -69.628  Props: 1.000, 1.000, 1.000
Last Complete  |Cut Mode|  Elapsed: 00:03:04  ConsoleMvSpeed 4.99999999999999  FileEndSpeed 5    16:22:10  04-26-2022
 File Completed:Yes Ln:278 Max: 30.00, 180.00, 10.00  Min: 12.50, 2.80,- 20.50  Offset:no  Brks=0  TBCs: -20.365, -167.386, -69.628  Props: 1.000, 1.000, 1.000
Last Complete  |Cut Mode|  Elapsed: 00:03:05  ConsoleMvSpeed 4.99999999999999  FileEndSpeed 5    17:25:23  04-26-2022
 File Completed:Yes Ln:278 Max: 30.00, 180.00, 10.00  Min: 12.50, 2.80,- 20.50  Offset:no  Brks=0  TBCs: -20.365, -167.386, -69.628  Props: 1.000, 1.000, 1.000
Last Complete  |Cut Mode|  Elapsed: 00:03:05  ConsoleMvSpeed 4.99999999999999  FileEndSpeed 5    18:07:43  04-26-2022
 File Completed:Yes Ln:278 Max: 30.00, 180.00, 10.00  Min: 12.50, 2.80,- 20.50  Offset:no  Brks=0  TBCs: -20.365, -167.386, -69.628  Props: 1.000, 1.000, 1.000
Last Complete  |Cut Mode|  Elapsed: 00:03:04  ConsoleMvSpeed 4.99999999999999  FileEndSpeed 5    19:05:18  04-26-2022
 File Completed:Yes Ln:278 Max: 30.00, 180.00, 10.00  Min: 12.50, 2.80,- 20.50  Offset:no  Brks=0  TBCs: -20.365, -167.386, -69.628  Props: 1.000, 1.000, 1.000
Last Complete  |Cut Mode|  Elapsed: 00:03:03  ConsoleMvSpeed 4.99999999999999  FileEndSpeed 5    19:46:43  04-26-2022
 File Completed:Yes Ln:278 Max: 30.00, 180.00, 10.00  Min: 12.50, 2.80,- 20.50  Offset:no  Brks=0  TBCs: -20.365, -167.386, -69.628  Props: 1.000, 1.000, 1.000
Last Complete  |Cut Mode|  Elapsed: 00:03:04  ConsoleMvSpeed 4.99999999999999  FileEndSpeed 5    20:30:35  04-26-2022
 File Completed:Yes Ln:278 Max: 30.00, 180.00, 10.00  Min: 12.50, 2.80,- 20.50  Offset:no  Brks=0  TBCs: -20.365, -167.386, -69.628  Props: 1.000, 1.000, 1.000
Last Not Complete Stopped@Line 23 |Cut Mode|  Elapsed: 00:00:15  ConsoleMvSpeed 7.5  FileEndSpeed 5    10:35:41  04-28-2022
 File Completed:No  Ln:23 Max: 12.50, 74.50, 12.70  Min: 12.50, 2.80,- 20.50  Offset:no  Brks=1  TBCs: -21.069, -172.409, -58.534  Props: 1.000, 1.000, 1.000
Last Complete  |Cut Mode|  Elapsed: 00:02:53  ConsoleMvSpeed 7.5  FileEndSpeed 5    10:39:23  04-28-2022
 File Completed:Yes Ln:266 Max: 30.00, 180.00, 12.70  Min: 12.50, 2.80,- 20.50  Offset:no  Brks=0  TBCs: -21.069, -172.409, -58.534  Props: 1.000, 1.000, 1.000
Last Complete  |Cut Mode|  Elapsed: 00:02:57  ConsoleMvSpeed 7.5  FileEndSpeed 5    12:22:04  04-28-2022
 File Completed:Yes Ln:266 Max: 30.00, 180.00, 10.00  Min: 12.50, 2.80,- 20.50  Offset:no  Brks=0  TBCs: -22.047, -173.177, -48.349  Props: 1.000, 1.000, 1.000
Last Complete  |Cut Mode|  Elapsed: 00:02:57  ConsoleMvSpeed 7.5  FileEndSpeed 5    13:04:01  04-28-2022
 File Completed:Yes Ln:266 Max: 30.00, 180.00, 10.00  Min: 12.50, 2.80,- 20.50  Offset:no  Brks=0  TBCs: -22.047, -173.177, -48.349  Props: 1.000, 1.000, 1.000
Last Complete  |Cut Mode|  Elapsed: 00:02:58  ConsoleMvSpeed 7.5  FileEndSpeed 5    14:31:20  04-28-2022
 File Completed:Yes Ln:266 Max: 30.00, 180.00, 10.00  Min: 12.50, 2.80,- 20.50  Offset:no  Brks=0  TBCs: -21.349, -174.898, -47.949  Props: 1.000, 1.000, 1.000
Last Complete  |Cut Mode|  Elapsed: 00:02:57  ConsoleMvSpeed 7.5  FileEndSpeed 5    15:17:07  04-28-2022
 File Completed:Yes Ln:266 Max: 30.00, 180.00, 10.00  Min: 12.50, 2.80,- 20.50  Offset:no  Brks=0  TBCs: -21.349, -174.898, -47.949  Props: 1.000, 1.000, 1.000
Last Complete  |Cut Mode|  Elapsed: 00:02:57  ConsoleMvSpeed 7.5  FileEndSpeed 5    16:01:49  04-28-2022
 File Completed:Yes Ln:266 Max: 30.00, 180.00, 10.00  Min: 12.50, 2.80,- 20.50  Offset:no  Brks=0  TBCs: -21.349, -174.898, -47.949  Props: 1.000, 1.000, 1.000
Last Complete  |Cut Mode|  Elapsed: 00:02:58  ConsoleMvSpeed 7.5  FileEndSpeed 5    17:40:34  04-28-2022
 File Completed:Yes Ln:266 Max: 30.00, 180.00, 10.00  Min: 12.50, 2.80,- 20.50  Offset:no  Brks=0  TBCs: -22.035, -174.187, -47.949  Props: 1.000, 1.000, 1.000
Last Complete  |Cut Mode|  Elapsed: 00:02:58  ConsoleMvSpeed 10  FileEndSpeed 5    18:25:28  04-28-2022
 File Completed:Yes Ln:266 Max: 30.00, 180.00, 10.00  Min: 12.50, 2.80,- 20.50  Offset:no  Brks=0  TBCs: -22.035, -174.187, -47.949  Props: 1.000, 1.000, 1.000
Last Complete  |Cut Mode|  Elapsed: 00:02:58  ConsoleMvSpeed 10  FileEndSpeed 5    19:07:19  04-28-2022
 File Completed:Yes Ln:266 Max: 30.00, 180.00, 10.00  Min: 12.50, 2.80,- 20.50  Offset:no  Brks=0  TBCs: -22.035, -174.187, -47.949  Props: 1.000, 1.000, 1.000
Last Complete  |Cut Mode|  Elapsed: 00:02:59  ConsoleMvSpeed 10  FileEndSpeed 5    14:25:31  05-03-2022
 File Completed:Yes Ln:266 Max: 30.00, 180.00, 10.00  Min: 12.50, 2.80,- 20.50  Offset:no  Brks=0  TBCs: -22.035, -174.187, -47.949  Props: 1.000, 1.000, 1.000
Last Complete  |Cut Mode|  Elapsed: 00:02:58  ConsoleMvSpeed 10  FileEndSpeed 5    15:10:03  05-03-2022
 File Completed:Yes Ln:266 Max: 30.00, 180.00, 10.00  Min: 12.50, 2.80,- 20.50  Offset:no  Brks=0  TBCs: -22.035, -174.187, -47.949  Props: 1.000, 1.000, 1.000
Last Complete  |Cut Mode|  Elapsed: 00:02:53  ConsoleMvSpeed 10  FileEndSpeed 5    15:56:28  05-03-2022
 File Completed:Yes Ln:266 Max: 30.00, 180.00, 10.00  Min: 12.50, 2.80,- 20.50  Offset:no  Brks=0  TBCs: -22.035, -174.187, -47.949  Props: 1.000, 1.000, 1.000
