Last Complete  |Cut Mode|  Elapsed: 00:00:26  ConsoleMvSpeed 4.99999999999999  FileEndSpeed 10    14:23:09  04-12-2022
 File Completed:Yes Ln:102 Max: 12.50, 35.00, 10.00  Min: 12.50, 15.00,- 22.50  Offset:no  Brks=0  TBCs: -67.513, -160.058, -42.513  Props: 1.000, 1.000, 1.000
Last Complete  |Cut Mode|  Elapsed: 00:00:33  ConsoleMvSpeed 4.99999999999999  FileEndSpeed 10    15:17:39  04-12-2022
 File Completed:Yes Ln:102 Max: 12.50, 35.00, 10.00  Min: 12.50, 15.00,- 22.50  Offset:no  Brks=0  TBCs: -67.513, -160.058, -42.513  Props: 1.000, 1.000, 1.000
Last Complete  |Cut Mode|  Elapsed: 00:00:26  ConsoleMvSpeed 4.99999999999999  FileEndSpeed 10    16:56:07  04-12-2022
 File Completed:Yes Ln:102 Max: 12.50, 35.00, 10.00  Min: 12.50, 15.00,- 22.50  Offset:no  Brks=0  TBCs: -67.513, -160.058, -42.513  Props: 1.000, 1.000, 1.000
Last Complete  |Cut Mode|  Elapsed: 00:00:26  ConsoleMvSpeed 4.99999999999999  FileEndSpeed 10    17:48:12  04-12-2022
 File Completed:Yes Ln:102 Max: 12.50, 35.00, 10.00  Min: 12.50, 15.00,- 22.50  Offset:no  Brks=0  TBCs: -67.513, -160.058, -42.513  Props: 1.000, 1.000, 1.000
Last Complete  |Cut Mode|  Elapsed: 00:00:27  ConsoleMvSpeed 4.99999999999999  FileEndSpeed 10    18:43:47  04-12-2022
 File Completed:Yes Ln:102 Max: 12.50, 35.00, 10.00  Min: 12.50, 15.00,- 22.50  Offset:no  Brks=0  TBCs: -67.513, -160.058, -42.513  Props: 1.000, 1.000, 1.000
Last Complete  |Cut Mode|  Elapsed: 00:00:26  ConsoleMvSpeed 4.99999999999999  FileEndSpeed 10    11:09:52  04-13-2022
 File Completed:Yes Ln:102 Max: 12.50, 35.00, 10.00  Min: 12.50, 15.00,- 22.50  Offset:no  Brks=0  TBCs: -68.904, -165.621, -42.513  Props: 1.000, 1.000, 1.000
Last Complete  |Cut Mode|  Elapsed: 00:00:25  ConsoleMvSpeed 4.99999999999999  FileEndSpeed 10    12:07:18  04-13-2022
 File Completed:Yes Ln:102 Max: 12.50, 35.00, 10.00  Min: 12.50, 15.00,- 22.50  Offset:no  Brks=0  TBCs: -68.904, -165.621, -42.513  Props: 1.000, 1.000, 1.000
Last Complete  |Cut Mode|  Elapsed: 00:00:25  ConsoleMvSpeed 4.99999999999999  FileEndSpeed 10    12:59:38  04-13-2022
 File Completed:Yes Ln:102 Max: 12.50, 35.00, 10.00  Min: 12.50, 15.00,- 22.50  Offset:no  Brks=0  TBCs: -68.904, -165.621, -42.513  Props: 1.000, 1.000, 1.000
Last Complete  |Cut Mode|  Elapsed: 00:00:26  ConsoleMvSpeed 4.99999999999999  FileEndSpeed 10    14:27:44  04-13-2022
 File Completed:Yes Ln:102 Max: 12.50, 35.00, 10.00  Min: 12.50, 15.00,- 22.50  Offset:no  Brks=0  TBCs: -68.904, -165.621, -42.513  Props: 1.000, 1.000, 1.000
Last Complete  |Cut Mode|  Elapsed: 00:00:26  ConsoleMvSpeed 4.99999999999999  FileEndSpeed 10    14:35:46  04-13-2022
 File Completed:Yes Ln:102 Max: 12.50, 35.00, 10.00  Min: 12.50, 15.00,- 22.50  Offset:no  Brks=0  TBCs: -68.904, -165.621, -42.513  Props: 1.000, 1.000, 1.000
Last Complete  |Cut Mode|  Elapsed: 00:00:28  ConsoleMvSpeed 4.99999999999999  FileEndSpeed 10    12:36:22  04-26-2022
 File Completed:Yes Ln:102 Max: 12.50, 35.38, 10.00  Min: 12.50, 14.38,- 22.50  Offset:no  Brks=0  TBCs: -20.365, -168.002, -69.628  Props: 1.000, 1.000, 1.000
Last Complete  |Cut Mode|  Elapsed: 00:00:28  ConsoleMvSpeed 4.99999999999999  FileEndSpeed 10    14:29:33  04-26-2022
 File Completed:Yes Ln:102 Max: 12.50, 35.38, 10.00  Min: 12.50, 14.38,- 22.50  Offset:no  Brks=0  TBCs: -20.365, -168.002, -69.628  Props: 1.000, 1.000, 1.000
Last Complete  |Cut Mode|  Elapsed: 00:00:28  ConsoleMvSpeed 4.99999999999999  FileEndSpeed 10    15:16:15  04-26-2022
 File Completed:Yes Ln:102 Max: 12.50, 35.38, 10.00  Min: 12.50, 14.38,- 22.50  Offset:no  Brks=0  TBCs: -20.365, -167.386, -69.628  Props: 1.000, 1.000, 1.000
Last Complete  |Cut Mode|  Elapsed: 00:00:27  ConsoleMvSpeed 4.99999999999999  FileEndSpeed 10    16:08:14  04-26-2022
 File Completed:Yes Ln:102 Max: 12.50, 35.38, 10.00  Min: 12.50, 14.38,- 22.50  Offset:no  Brks=0  TBCs: -20.365, -167.386, -69.628  Props: 1.000, 1.000, 1.000
Last Complete  |Cut Mode|  Elapsed: 00:00:27  ConsoleMvSpeed 4.99999999999999  FileEndSpeed 10    17:12:01  04-26-2022
 File Completed:Yes Ln:102 Max: 12.50, 35.38, 10.00  Min: 12.50, 14.38,- 22.50  Offset:no  Brks=0  TBCs: -20.365, -167.386, -69.628  Props: 1.000, 1.000, 1.000
Last Complete  |Cut Mode|  Elapsed: 00:00:28  ConsoleMvSpeed 4.99999999999999  FileEndSpeed 10    17:56:25  04-26-2022
 File Completed:Yes Ln:102 Max: 12.50, 35.38, 10.00  Min: 12.50, 14.38,- 22.50  Offset:no  Brks=0  TBCs: -20.365, -167.386, -69.628  Props: 1.000, 1.000, 1.000
Last Complete  |Cut Mode|  Elapsed: 00:00:28  ConsoleMvSpeed 4.99999999999999  FileEndSpeed 10    18:53:42  04-26-2022
 File Completed:Yes Ln:102 Max: 12.50, 35.38, 10.00  Min: 12.50, 14.38,- 22.50  Offset:no  Brks=0  TBCs: -20.365, -167.386, -69.628  Props: 1.000, 1.000, 1.000
Last Complete  |Cut Mode|  Elapsed: 00:00:28  ConsoleMvSpeed 4.99999999999999  FileEndSpeed 10    19:35:25  04-26-2022
 File Completed:Yes Ln:102 Max: 12.50, 35.38, 10.00  Min: 12.50, 14.38,- 22.50  Offset:no  Brks=0  TBCs: -20.365, -167.386, -69.628  Props: 1.000, 1.000, 1.000
Last Complete  |Cut Mode|  Elapsed: 00:00:27  ConsoleMvSpeed 4.99999999999999  FileEndSpeed 10    20:19:33  04-26-2022
 File Completed:Yes Ln:102 Max: 12.50, 35.38, 10.00  Min: 12.50, 14.38,- 22.50  Offset:no  Brks=0  TBCs: -20.365, -167.386, -69.628  Props: 1.000, 1.000, 1.000
Last Complete  |Cut Mode|  Elapsed: 00:00:39  ConsoleMvSpeed 7.5  FileEndSpeed 10    10:24:41  04-28-2022
 File Completed:Yes Ln:102 Max: 12.50, 35.38, 10.00  Min: 12.50, 14.38,- 22.50  Offset:no  Brks=0  TBCs: -21.069, -172.409, -58.534  Props: 1.000, 1.000, 1.000
Last Complete  |Cut Mode|  Elapsed: 00:00:27  ConsoleMvSpeed 7.5  FileEndSpeed 10    10:25:45  04-28-2022
 File Completed:Yes Ln:102 Max: 12.50, 35.38, 10.00  Min: 12.50, 26.25,- 22.50  Offset:no  Brks=0  TBCs: -21.069, -172.409, -58.534  Props: 1.000, 1.000, 1.000
Last Complete  |Cut Mode|  Elapsed: 00:00:25  ConsoleMvSpeed 7.5  FileEndSpeed 10    12:08:59  04-28-2022
 File Completed:Yes Ln:78 Max: 12.50, 35.38, 10.00  Min: 12.50, 14.38,- 22.50  Offset:no  Brks=0  TBCs: -22.047, -173.177, -48.349  Props: 1.000, 1.000, 1.000
Last Complete  |Cut Mode|  Elapsed: 00:00:26  ConsoleMvSpeed 7.5  FileEndSpeed 10    12:53:00  04-28-2022
 File Completed:Yes Ln:78 Max: 12.50, 35.38, 10.00  Min: 12.50, 14.38,- 22.50  Offset:no  Brks=0  TBCs: -22.047, -173.177, -48.349  Props: 1.000, 1.000, 1.000
Last Complete  |Cut Mode|  Elapsed: 00:00:26  ConsoleMvSpeed 7.5  FileEndSpeed 10    14:20:13  04-28-2022
 File Completed:Yes Ln:78 Max: 12.50, 35.38, 10.00  Min: 12.50, 14.38,- 22.50  Offset:no  Brks=0  TBCs: -21.349, -174.898, -47.949  Props: 1.000, 1.000, 1.000
Last Complete  |Cut Mode|  Elapsed: 00:00:25  ConsoleMvSpeed 7.5  FileEndSpeed 10    15:06:07  04-28-2022
 File Completed:Yes Ln:78 Max: 12.50, 35.38, 10.00  Min: 12.50, 14.38,- 22.50  Offset:no  Brks=0  TBCs: -21.349, -174.898, -47.949  Props: 1.000, 1.000, 1.000
Last Complete  |Cut Mode|  Elapsed: 00:00:26  ConsoleMvSpeed 7.5  FileEndSpeed 10    15:50:53  04-28-2022
 File Completed:Yes Ln:78 Max: 12.50, 35.38, 10.00  Min: 12.50, 14.38,- 22.50  Offset:no  Brks=0  TBCs: -21.349, -174.898, -47.949  Props: 1.000, 1.000, 1.000
Last Complete  |Cut Mode|  Elapsed: 00:00:25  ConsoleMvSpeed 7.5  FileEndSpeed 10    17:29:31  04-28-2022
 File Completed:Yes Ln:78 Max: 12.50, 35.38, 10.00  Min: 12.50, 14.38,- 22.50  Offset:no  Brks=0  TBCs: -22.035, -174.187, -47.949  Props: 1.000, 1.000, 1.000
Last Complete  |Cut Mode|  Elapsed: 00:00:14  ConsoleMvSpeed 10  FileEndSpeed 7.5    18:12:07  04-28-2022
 File Completed:Yes Ln:1 Max: 12.50, 2.00, 0.00  Min: 12.50, 2.00, 0.00  Offset:no  Brks=0  TBCs: -22.035, -174.187, -47.949  Props: 1.000, 1.000, 1.000
Last Complete  |Cut Mode|  Elapsed: 00:00:25  ConsoleMvSpeed 10  FileEndSpeed 10    18:13:54  04-28-2022
 File Completed:Yes Ln:78 Max: 12.50, 35.38, 10.00  Min: 12.50, 14.38,- 22.50  Offset:no  Brks=0  TBCs: -22.035, -174.187, -47.949  Props: 1.000, 1.000, 1.000
Last Complete  |Cut Mode|  Elapsed: 00:00:26  ConsoleMvSpeed 10  FileEndSpeed 10    18:55:59  04-28-2022
 File Completed:Yes Ln:78 Max: 12.50, 35.38, 10.00  Min: 12.50, 14.38,- 22.50  Offset:no  Brks=0  TBCs: -22.035, -174.187, -47.949  Props: 1.000, 1.000, 1.000
Last Complete  |Cut Mode|  Elapsed: 00:00:25  ConsoleMvSpeed 10  FileEndSpeed 10    14:14:18  05-03-2022
 File Completed:Yes Ln:78 Max: 12.50, 35.38, 10.00  Min: 12.50, 14.38,- 22.50  Offset:no  Brks=0  TBCs: -22.035, -174.187, -47.949  Props: 1.000, 1.000, 1.000
Last Complete  |Cut Mode|  Elapsed: 00:00:26  ConsoleMvSpeed 10  FileEndSpeed 10    14:58:48  05-03-2022
 File Completed:Yes Ln:78 Max: 12.50, 35.38, 10.00  Min: 12.50, 14.38,- 22.50  Offset:no  Brks=0  TBCs: -22.035, -174.187, -47.949  Props: 1.000, 1.000, 1.000
Last Complete  |Cut Mode|  Elapsed: 00:00:26  ConsoleMvSpeed 10  FileEndSpeed 10    15:45:52  05-03-2022
 File Completed:Yes Ln:78 Max: 12.50, 35.38, 10.00  Min: 12.50, 14.38,- 22.50  Offset:no  Brks=0  TBCs: -22.035, -174.187, -47.949  Props: 1.000, 1.000, 1.000
