Last Complete  |Cut Mode|  Elapsed: 00:00:26  ConsoleMvSpeed 4.99999999999999  FileEndSpeed 10    14:22:12  04-12-2022
 File Completed:Yes Ln:102 Max: 12.50, 10.00, 10.00  Min: 12.50, 2.50,- 22.50  Offset:no  Brks=0  TBCs: -67.513, -160.058, -42.513  Props: 1.000, 1.000, 1.000
Last Complete  |Cut Mode|  Elapsed: 00:00:26  ConsoleMvSpeed 4.99999999999999  FileEndSpeed 10    15:16:32  04-12-2022
 File Completed:Yes Ln:102 Max: 12.50, 12.00, 10.00  Min: 12.50, 2.50,- 22.50  Offset:no  Brks=0  TBCs: -67.513, -160.058, -42.513  Props: 1.000, 1.000, 1.000
Last Complete  |Cut Mode|  Elapsed: 00:00:25  ConsoleMvSpeed 4.99999999999999  FileEndSpeed 10    16:55:09  04-12-2022
 File Completed:Yes Ln:102 Max: 12.50, 12.00, 10.00  Min: 12.50, 2.50,- 22.50  Offset:no  Brks=0  TBCs: -67.513, -160.058, -42.513  Props: 1.000, 1.000, 1.000
Last Complete  |Cut Mode|  Elapsed: 00:00:26  ConsoleMvSpeed 4.99999999999999  FileEndSpeed 10    17:47:16  04-12-2022
 File Completed:Yes Ln:102 Max: 12.50, 12.00, 10.00  Min: 12.50, 2.50,- 22.50  Offset:no  Brks=0  TBCs: -67.513, -160.058, -42.513  Props: 1.000, 1.000, 1.000
Last Complete  |Cut Mode|  Elapsed: 00:00:25  ConsoleMvSpeed 4.99999999999999  FileEndSpeed 10    18:42:44  04-12-2022
 File Completed:Yes Ln:102 Max: 12.50, 12.00, 10.00  Min: 12.50, 2.50,- 22.50  Offset:no  Brks=0  TBCs: -67.513, -160.058, -42.513  Props: 1.000, 1.000, 1.000
Last Complete  |Cut Mode|  Elapsed: 00:00:26  ConsoleMvSpeed 4.99999999999999  FileEndSpeed 10    11:08:54  04-13-2022
 File Completed:Yes Ln:102 Max: 12.50, 12.00, 10.00  Min: 12.50, 2.50,- 22.50  Offset:no  Brks=0  TBCs: -68.904, -165.621, -42.513  Props: 1.000, 1.000, 1.000
Last Complete  |Cut Mode|  Elapsed: 00:00:26  ConsoleMvSpeed 4.99999999999999  FileEndSpeed 10    12:06:22  04-13-2022
 File Completed:Yes Ln:102 Max: 12.50, 12.00, 10.00  Min: 12.50, 2.50,- 22.50  Offset:no  Brks=0  TBCs: -68.904, -165.621, -42.513  Props: 1.000, 1.000, 1.000
Last Complete  |Cut Mode|  Elapsed: 00:00:26  ConsoleMvSpeed 4.99999999999999  FileEndSpeed 10    12:58:41  04-13-2022
 File Completed:Yes Ln:102 Max: 12.50, 12.00, 10.00  Min: 12.50, 2.50,- 22.50  Offset:no  Brks=0  TBCs: -68.904, -165.621, -42.513  Props: 1.000, 1.000, 1.000
Last Complete  |Cut Mode|  Elapsed: 00:00:25  ConsoleMvSpeed 4.99999999999999  FileEndSpeed 10    14:26:49  04-13-2022
 File Completed:Yes Ln:102 Max: 12.50, 12.00, 10.00  Min: 12.50, 2.50,- 22.50  Offset:no  Brks=0  TBCs: -68.904, -165.621, -42.513  Props: 1.000, 1.000, 1.000
Last Complete  |Cut Mode|  Elapsed: 00:00:25  ConsoleMvSpeed 4.99999999999999  FileEndSpeed 10    14:34:50  04-13-2022
 File Completed:Yes Ln:102 Max: 12.50, 12.00, 10.00  Min: 12.50, 2.50,- 22.50  Offset:no  Brks=0  TBCs: -68.904, -165.621, -42.513  Props: 1.000, 1.000, 1.000
Last Complete  |Cut Mode|  Elapsed: 00:00:28  ConsoleMvSpeed 4.99999999999999  FileEndSpeed 10    12:35:20  04-26-2022
 File Completed:Yes Ln:102 Max: 12.50, 12.00, 10.00  Min: 12.50, 2.50,- 22.50  Offset:no  Brks=0  TBCs: -20.365, -168.002, -69.628  Props: 1.000, 1.000, 1.000
Last Complete  |Cut Mode|  Elapsed: 00:00:28  ConsoleMvSpeed 4.99999999999999  FileEndSpeed 10    14:28:30  04-26-2022
 File Completed:Yes Ln:102 Max: 12.50, 12.00, 10.00  Min: 12.50, 2.50,- 22.50  Offset:no  Brks=0  TBCs: -20.365, -168.002, -69.628  Props: 1.000, 1.000, 1.000
Last Complete  |Cut Mode|  Elapsed: 00:00:28  ConsoleMvSpeed 4.99999999999999  FileEndSpeed 10    15:15:14  04-26-2022
 File Completed:Yes Ln:102 Max: 12.50, 12.00, 10.00  Min: 12.50, 2.50,- 22.50  Offset:no  Brks=0  TBCs: -20.365, -167.386, -69.628  Props: 1.000, 1.000, 1.000
Last Complete  |Cut Mode|  Elapsed: 00:00:28  ConsoleMvSpeed 4.99999999999999  FileEndSpeed 10    16:07:11  04-26-2022
 File Completed:Yes Ln:102 Max: 12.50, 12.00, 10.00  Min: 12.50, 2.50,- 22.50  Offset:no  Brks=0  TBCs: -20.365, -167.386, -69.628  Props: 1.000, 1.000, 1.000
Last Complete  |Cut Mode|  Elapsed: 00:00:28  ConsoleMvSpeed 4.99999999999999  FileEndSpeed 10    17:10:59  04-26-2022
 File Completed:Yes Ln:102 Max: 12.50, 12.00, 10.00  Min: 12.50, 2.50,- 22.50  Offset:no  Brks=0  TBCs: -20.365, -167.386, -69.628  Props: 1.000, 1.000, 1.000
Last Complete  |Cut Mode|  Elapsed: 00:00:28  ConsoleMvSpeed 4.99999999999999  FileEndSpeed 10    17:54:40  04-26-2022
 File Completed:Yes Ln:102 Max: 12.50, 12.00, 10.00  Min: 12.50, 2.50,- 22.50  Offset:no  Brks=0  TBCs: -20.365, -167.386, -69.628  Props: 1.000, 1.000, 1.000
Last Complete  |Cut Mode|  Elapsed: 00:00:28  ConsoleMvSpeed 4.99999999999999  FileEndSpeed 10    18:52:41  04-26-2022
 File Completed:Yes Ln:102 Max: 12.50, 12.00, 10.00  Min: 12.50, 2.50,- 22.50  Offset:no  Brks=0  TBCs: -20.365, -167.386, -69.628  Props: 1.000, 1.000, 1.000
Last Complete  |Cut Mode|  Elapsed: 00:00:28  ConsoleMvSpeed 4.99999999999999  FileEndSpeed 10    19:34:22  04-26-2022
 File Completed:Yes Ln:102 Max: 12.50, 12.00, 10.00  Min: 12.50, 2.50,- 22.50  Offset:no  Brks=0  TBCs: -20.365, -167.386, -69.628  Props: 1.000, 1.000, 1.000
Last Complete  |Cut Mode|  Elapsed: 00:00:30  ConsoleMvSpeed 4.99999999999999  FileEndSpeed 10    20:18:33  04-26-2022
 File Completed:Yes Ln:102 Max: 12.50, 12.00, 10.00  Min: 12.50, 2.50,- 22.50  Offset:no  Brks=0  TBCs: -20.365, -167.386, -69.628  Props: 1.000, 1.000, 1.000
Last Complete  |Cut Mode|  Elapsed: 00:00:28  ConsoleMvSpeed 7.5  FileEndSpeed 10    10:23:35  04-28-2022
 File Completed:Yes Ln:102 Max: 12.50, 13.61, 10.00  Min: 12.50, 2.50,- 22.50  Offset:no  Brks=0  TBCs: -21.069, -172.409, -58.534  Props: 1.000, 1.000, 1.000
Last Complete  |Cut Mode|  Elapsed: 00:00:25  ConsoleMvSpeed 7.5  FileEndSpeed 10    12:08:03  04-28-2022
 File Completed:Yes Ln:78 Max: 12.50, 12.00, 10.00  Min: 12.50, 2.50,- 22.50  Offset:no  Brks=0  TBCs: -22.047, -173.177, -48.349  Props: 1.000, 1.000, 1.000
Last Complete  |Cut Mode|  Elapsed: 00:00:25  ConsoleMvSpeed 7.5  FileEndSpeed 10    12:52:04  04-28-2022
 File Completed:Yes Ln:78 Max: 12.50, 12.00, 10.00  Min: 12.50, 2.50,- 22.50  Offset:no  Brks=0  TBCs: -22.047, -173.177, -48.349  Props: 1.000, 1.000, 1.000
Last Complete  |Cut Mode|  Elapsed: 00:00:25  ConsoleMvSpeed 7.5  FileEndSpeed 10    14:19:17  04-28-2022
 File Completed:Yes Ln:78 Max: 12.50, 12.00, 10.00  Min: 12.50, 2.50,- 22.50  Offset:no  Brks=0  TBCs: -21.349, -174.898, -47.949  Props: 1.000, 1.000, 1.000
Last Complete  |Cut Mode|  Elapsed: 00:00:25  ConsoleMvSpeed 7.5  FileEndSpeed 10    15:05:11  04-28-2022
 File Completed:Yes Ln:78 Max: 12.50, 12.00, 10.00  Min: 12.50, 2.50,- 22.50  Offset:no  Brks=0  TBCs: -21.349, -174.898, -47.949  Props: 1.000, 1.000, 1.000
Last Complete  |Cut Mode|  Elapsed: 00:00:26  ConsoleMvSpeed 7.5  FileEndSpeed 10    15:49:57  04-28-2022
 File Completed:Yes Ln:78 Max: 12.50, 12.00, 10.00  Min: 12.50, 2.50,- 22.50  Offset:no  Brks=0  TBCs: -21.349, -174.898, -47.949  Props: 1.000, 1.000, 1.000
Last Complete  |Cut Mode|  Elapsed: 00:00:25  ConsoleMvSpeed 7.5  FileEndSpeed 10    17:28:34  04-28-2022
 File Completed:Yes Ln:78 Max: 12.50, 12.00, 10.00  Min: 12.50, 2.50,- 22.50  Offset:no  Brks=0  TBCs: -22.035, -174.187, -47.949  Props: 1.000, 1.000, 1.000
Last Not Complete Stopped@Line 1 |Cut Mode|  Elapsed: 00:00:09  ConsoleMvSpeed 7.5  FileEndSpeed 10    18:11:28  04-28-2022
 File Completed:No  Ln:1 Max: 12.50, 12.00, 12.70  Min: 12.00, 12.00, 10.00  Offset:no  Brks=1  TBCs: -22.035, -174.187, -47.949  Props: 1.000, 1.000, 1.000
Last Complete  |Cut Mode|  Elapsed: 00:00:30  ConsoleMvSpeed 10  FileEndSpeed 10    18:12:58  04-28-2022
 File Completed:Yes Ln:78 Max: 12.50, 11.63, 12.70  Min: 12.50, 2.00,- 22.50  Offset:no  Brks=0  TBCs: -22.035, -174.187, -47.949  Props: 1.000, 1.000, 1.000
Last Complete  |Cut Mode|  Elapsed: 00:00:26  ConsoleMvSpeed 10  FileEndSpeed 10    18:55:03  04-28-2022
 File Completed:Yes Ln:78 Max: 12.50, 12.00, 10.00  Min: 12.50, 2.50,- 22.50  Offset:no  Brks=0  TBCs: -22.035, -174.187, -47.949  Props: 1.000, 1.000, 1.000
Last Complete  |Cut Mode|  Elapsed: 00:00:26  ConsoleMvSpeed 10  FileEndSpeed 10    14:13:23  05-03-2022
 File Completed:Yes Ln:78 Max: 12.50, 12.00, 10.00  Min: 12.50, 2.50,- 22.50  Offset:no  Brks=0  TBCs: -22.035, -174.187, -47.949  Props: 1.000, 1.000, 1.000
Last Complete  |Cut Mode|  Elapsed: 00:00:26  ConsoleMvSpeed 10  FileEndSpeed 10    14:57:52  05-03-2022
 File Completed:Yes Ln:78 Max: 12.50, 12.00, 10.00  Min: 12.50, 2.50,- 22.50  Offset:no  Brks=0  TBCs: -22.035, -174.187, -47.949  Props: 1.000, 1.000, 1.000
Last Complete  |Cut Mode|  Elapsed: 00:00:27  ConsoleMvSpeed 10  FileEndSpeed 10    15:44:56  05-03-2022
 File Completed:Yes Ln:78 Max: 12.50, 47.50, 13.40  Min: 12.50, 2.50,- 22.50  Offset:no  Brks=0  TBCs: -22.035, -174.187, -47.949  Props: 1.000, 1.000, 1.000
Last Complete  |Cut Mode|  Elapsed: 00:00:26  ConsoleMvSpeed 10  FileEndSpeed 10    15:52:04  05-10-2022
 File Completed:Yes Ln:78 Max: 12.50, 22.50, 10.00  Min: 12.50, 2.50,- 22.50  Offset:no  Brks=0  TBCs: -22.035, -174.187, -47.949  Props: 1.000, 1.000, 1.000
